TN:
SF:src/app.ts
FN:64,setHeaders
FN:98,shutdown
FNF:2
FNH:0
FNDA:0,setHeaders
FNDA:0,shutdown
DA:1,1
DA:2,1
DA:3,1
DA:4,1
DA:5,1
DA:6,1
DA:7,1
DA:8,1
DA:9,1
DA:10,1
DA:11,1
DA:12,1
DA:13,1
DA:14,1
DA:15,1
DA:16,1
DA:17,1
DA:18,1
DA:19,1
DA:20,1
DA:21,1
DA:22,1
DA:23,1
DA:24,1
DA:25,1
DA:26,1
DA:27,1
DA:28,1
DA:29,1
DA:30,1
DA:31,1
DA:32,0
DA:33,0
DA:34,0
DA:35,0
DA:36,0
DA:37,0
DA:38,1
DA:39,162
DA:40,0
DA:41,0
DA:42,0
DA:43,0
DA:44,0
DA:45,0
DA:46,162
DA:47,162
DA:48,1
DA:49,1
DA:50,1
DA:51,1
DA:52,1
DA:53,1
DA:54,1
DA:55,1
DA:56,1
DA:57,1
DA:58,1
DA:59,1
DA:60,1
DA:61,1
DA:62,1
DA:63,1
DA:64,1
DA:65,0
DA:66,0
DA:67,0
DA:68,0
DA:69,0
DA:70,1
DA:71,1
DA:72,1
DA:73,1
DA:74,1
DA:75,1
DA:76,1
DA:77,1
DA:78,1
DA:79,1
DA:80,1
DA:81,0
DA:82,1
DA:83,1
DA:84,1
DA:85,1
DA:86,1
DA:87,0
DA:88,0
DA:89,0
DA:90,0
DA:91,0
DA:92,0
DA:93,0
DA:94,0
DA:95,0
DA:96,0
DA:97,1
DA:98,0
DA:99,0
DA:100,0
DA:101,0
DA:102,0
DA:103,0
DA:104,0
DA:105,1
DA:106,1
DA:107,1
DA:108,1
DA:109,1
DA:110,0
DA:111,0
DA:112,0
DA:113,0
DA:114,1
DA:115,1
DA:116,1
DA:117,0
DA:118,0
DA:119,0
DA:120,0
DA:121,1
DA:122,1
DA:123,1
LF:123
LH:80
BRDA:27,0,0,0
BRDA:31,1,0,0
BRDA:86,2,0,0
BRDA:38,3,0,162
BRF:4
BRH:1
end_of_record
TN:
SF:src/createServer.ts
FN:8,createServer
FNF:1
FNH:1
FNDA:1,createServer
DA:1,1
DA:2,1
DA:3,1
DA:4,1
DA:5,1
DA:6,1
DA:7,1
DA:8,1
DA:9,1
DA:10,1
DA:11,1
DA:12,1
DA:13,1
DA:14,1
DA:15,1
DA:16,1
DA:17,1
DA:18,1
DA:19,1
LF:19
LH:19
BRDA:8,0,0,1
BRF:1
BRH:1
end_of_record
TN:
SF:src/config/config.ts
FN:42,getConfig
FNF:1
FNH:1
FNDA:1046,getConfig
DA:1,1
DA:2,1
DA:3,1
DA:4,1
DA:5,1
DA:6,1
DA:7,1
DA:8,1
DA:9,1
DA:10,1
DA:11,1
DA:12,1
DA:13,1
DA:14,1
DA:15,1
DA:16,1
DA:17,1
DA:18,1
DA:19,1
DA:20,1
DA:21,1
DA:22,1
DA:23,1
DA:24,1
DA:25,1
DA:26,1
DA:27,1
DA:28,1
DA:29,1
DA:30,1
DA:31,1
DA:32,1
DA:33,1
DA:34,1
DA:35,1
DA:36,1
DA:37,1
DA:38,1
DA:39,1
DA:40,1
DA:41,1
DA:42,1046
DA:43,1046
DA:44,1046
DA:45,1046
DA:46,1046
DA:47,1046
DA:48,1046
DA:49,1046
DA:50,1046
DA:51,1046
DA:52,1046
DA:53,1046
DA:54,1046
DA:55,1046
DA:56,1046
DA:57,1046
DA:58,1046
DA:59,1046
DA:60,1046
DA:61,1046
DA:62,1046
DA:63,1046
DA:64,1046
DA:65,1046
DA:66,1046
DA:67,1046
DA:68,1046
DA:69,1046
DA:70,1046
DA:71,1046
DA:72,1046
DA:73,1046
LF:73
LH:73
BRDA:42,0,0,1046
BRDA:45,1,0,0
BRDA:46,2,0,0
BRDA:47,3,0,0
BRDA:48,4,0,0
BRDA:49,5,0,0
BRDA:50,6,0,0
BRDA:51,7,0,0
BRDA:53,8,0,0
BRDA:54,9,0,0
BRDA:55,10,0,0
BRDA:56,11,0,0
BRDA:57,12,0,0
BRDA:58,13,0,0
BRDA:59,14,0,0
BRDA:60,15,0,0
BRDA:61,16,0,0
BRDA:61,17,0,0
BRDA:62,18,0,0
BRDA:63,19,0,0
BRDA:64,20,0,0
BRDA:65,21,0,0
BRDA:66,22,0,0
BRDA:67,23,0,0
BRDA:68,24,0,0
BRDA:70,25,0,0
BRDA:71,26,0,0
BRF:27
BRH:1
end_of_record
TN:
SF:src/config/currency_initial.ts
FNF:0
FNH:0
DA:1,1
DA:2,1
DA:3,1
DA:4,1
DA:5,1
DA:6,1
DA:7,1
DA:8,1
DA:9,1
DA:10,1
DA:11,1
DA:12,1
DA:13,1
DA:14,1
DA:15,1
DA:16,1
DA:17,1
DA:18,1
DA:19,1
DA:20,1
DA:21,1
DA:22,1
DA:23,1
DA:24,1
DA:25,1
DA:26,1
DA:27,1
DA:28,1
DA:29,1
DA:30,1
DA:31,1
DA:32,1
LF:32
LH:32
BRF:0
BRH:0
end_of_record
TN:
SF:src/config/dbConfig.ts
FNF:0
FNH:0
DA:1,1
DA:2,1
DA:3,1
DA:4,1
DA:5,1
DA:6,1
DA:7,1
DA:8,1
DA:9,1
DA:10,1
DA:11,1
LF:11
LH:11
BRF:0
BRH:0
end_of_record
TN:
SF:src/config/user_initial.ts
FNF:0
FNH:0
DA:1,1
DA:2,1
DA:3,1
DA:4,1
DA:5,1
DA:6,1
DA:7,1
DA:8,1
DA:9,1
DA:10,1
DA:11,1
DA:12,1
DA:13,1
DA:14,1
DA:15,1
DA:16,1
DA:17,1
DA:18,1
DA:19,1
DA:20,1
DA:21,1
DA:22,1
DA:23,1
DA:24,1
DA:25,1
DA:26,1
DA:27,1
DA:28,1
DA:29,1
DA:30,1
DA:31,1
DA:32,1
DA:33,1
DA:34,1
DA:35,1
DA:36,1
DA:37,1
DA:38,1
DA:39,1
DA:40,1
DA:41,1
DA:42,1
DA:43,1
DA:44,1
DA:45,1
DA:46,1
DA:47,1
DA:48,1
DA:49,1
DA:50,1
DA:51,1
DA:52,1
DA:53,1
DA:54,1
DA:55,1
DA:56,1
DA:57,1
DA:58,1
DA:59,1
DA:60,1
DA:61,1
DA:62,1
DA:63,1
DA:64,1
DA:65,1
DA:66,1
DA:67,1
DA:68,1
DA:69,1
DA:70,1
DA:71,1
DA:72,1
DA:73,1
DA:74,1
DA:75,1
DA:76,1
DA:77,1
DA:78,1
DA:79,1
DA:80,1
DA:81,1
DA:82,1
DA:83,1
DA:84,1
DA:85,1
DA:86,1
DA:87,1
DA:88,1
DA:89,1
DA:90,1
DA:91,1
DA:92,1
DA:93,1
DA:94,1
DA:95,1
DA:96,1
DA:97,1
DA:98,1
DA:99,1
DA:100,1
DA:101,1
DA:102,1
DA:103,1
DA:104,1
DA:105,1
DA:106,1
DA:107,1
DA:108,1
DA:109,1
DA:110,1
DA:111,1
DA:112,1
DA:113,1
DA:114,1
DA:115,1
DA:116,1
DA:117,1
DA:118,1
DA:119,1
DA:120,1
DA:121,1
DA:122,1
DA:123,1
DA:124,1
DA:125,1
DA:126,1
DA:127,1
DA:128,1
DA:129,1
DA:130,1
DA:131,1
DA:132,1
DA:133,1
DA:134,1
DA:135,1
DA:136,1
DA:137,1
DA:138,1
DA:139,1
DA:140,1
DA:141,1
DA:142,1
DA:143,1
DA:144,1
DA:145,1
DA:146,1
DA:147,1
DA:148,1
DA:149,1
DA:150,1
DA:151,1
DA:152,1
DA:153,1
DA:154,1
DA:155,1
DA:156,1
DA:157,1
DA:158,1
DA:159,1
DA:160,1
DA:161,1
DA:162,1
DA:163,1
DA:164,1
DA:165,1
DA:166,1
DA:167,1
DA:168,1
DA:169,1
DA:170,1
DA:171,1
DA:172,1
DA:173,1
DA:174,1
DA:175,1
DA:176,1
DA:177,1
DA:178,1
DA:179,1
DA:180,1
DA:181,1
DA:182,1
DA:183,1
DA:184,1
DA:185,1
DA:186,1
DA:187,1
DA:188,1
DA:189,1
DA:190,1
DA:191,1
DA:192,1
DA:193,1
DA:194,1
DA:195,1
DA:196,1
DA:197,1
DA:198,1
DA:199,1
DA:200,1
DA:201,1
DA:202,1
DA:203,1
DA:204,1
DA:205,1
DA:206,1
DA:207,1
DA:208,1
DA:209,1
DA:210,1
DA:211,1
DA:212,1
DA:213,1
DA:214,1
DA:215,1
DA:216,1
DA:217,1
DA:218,1
DA:219,1
DA:220,1
DA:221,1
DA:222,1
DA:223,1
DA:224,1
DA:225,1
DA:226,1
DA:227,1
DA:228,1
DA:229,1
DA:230,1
DA:231,1
DA:232,1
DA:233,1
DA:234,1
DA:235,1
DA:236,1
DA:237,1
DA:238,1
DA:239,1
DA:240,1
DA:241,1
DA:242,1
DA:243,1
DA:244,1
DA:245,1
DA:246,1
DA:247,1
DA:248,1
DA:249,1
DA:250,1
DA:251,1
DA:252,1
DA:253,1
DA:254,1
DA:255,1
DA:256,1
DA:257,1
DA:258,1
DA:259,1
DA:260,1
DA:261,1
DA:262,1
DA:263,1
DA:264,1
DA:265,1
DA:266,1
DA:267,1
DA:268,1
DA:269,1
DA:270,1
DA:271,1
DA:272,1
DA:273,1
DA:274,1
DA:275,1
DA:276,1
DA:277,1
DA:278,1
DA:279,1
DA:280,1
DA:281,1
DA:282,1
DA:283,1
DA:284,1
DA:285,1
DA:286,1
DA:287,1
DA:288,1
DA:289,1
DA:290,1
DA:291,1
DA:292,1
DA:293,1
DA:294,1
DA:295,1
DA:296,1
DA:297,1
DA:298,1
DA:299,1
DA:300,1
DA:301,1
DA:302,1
DA:303,1
DA:304,1
DA:305,1
DA:306,1
DA:307,1
DA:308,1
DA:309,1
DA:310,1
DA:311,1
DA:312,1
DA:313,1
DA:314,1
DA:315,1
DA:316,1
DA:317,1
DA:318,1
DA:319,1
DA:320,1
DA:321,1
DA:322,1
DA:323,1
DA:324,1
DA:325,1
DA:326,1
DA:327,1
DA:328,1
DA:329,1
DA:330,1
DA:331,1
DA:332,1
DA:333,1
DA:334,1
DA:335,1
DA:336,1
DA:337,1
DA:338,1
DA:339,1
DA:340,1
DA:341,1
DA:342,1
DA:343,1
DA:344,1
DA:345,1
DA:346,1
DA:347,1
DA:348,1
DA:349,1
DA:350,1
DA:351,1
DA:352,1
DA:353,1
DA:354,1
DA:355,1
DA:356,1
DA:357,1
DA:358,1
DA:359,1
DA:360,1
DA:361,1
DA:362,1
DA:363,1
DA:364,1
DA:365,1
DA:366,1
DA:367,1
DA:368,1
DA:369,1
DA:370,1
DA:371,1
DA:372,1
DA:373,1
DA:374,1
DA:375,1
DA:376,1
DA:377,1
DA:378,1
DA:379,1
DA:380,1
DA:381,1
DA:382,1
DA:383,1
DA:384,1
DA:385,1
DA:386,1
DA:387,1
DA:388,1
DA:389,1
DA:390,1
DA:391,1
DA:392,1
DA:393,1
DA:394,1
DA:395,1
DA:396,1
DA:397,1
DA:398,1
DA:399,1
DA:400,1
DA:401,1
DA:402,1
DA:403,1
DA:404,1
DA:405,1
DA:406,1
DA:407,1
DA:408,1
DA:409,1
DA:410,1
DA:411,1
DA:412,1
DA:413,1
DA:414,1
DA:415,1
DA:416,1
DA:417,1
DA:418,1
DA:419,1
DA:420,1
DA:421,1
DA:422,1
DA:423,1
DA:424,1
DA:425,1
DA:426,1
DA:427,1
DA:428,1
DA:429,1
DA:430,1
DA:431,1
DA:432,1
DA:433,1
DA:434,1
DA:435,1
DA:436,1
DA:437,1
DA:438,1
DA:439,1
DA:440,1
DA:441,1
DA:442,1
DA:443,1
DA:444,1
DA:445,1
DA:446,1
DA:447,1
DA:448,1
DA:449,1
DA:450,1
DA:451,1
DA:452,1
DA:453,1
DA:454,1
DA:455,1
DA:456,1
DA:457,1
DA:458,1
DA:459,1
DA:460,1
DA:461,1
DA:462,1
DA:463,1
DA:464,1
DA:465,1
DA:466,1
DA:467,1
DA:468,1
DA:469,1
DA:470,1
DA:471,1
DA:472,1
DA:473,1
DA:474,1
DA:475,1
DA:476,1
DA:477,1
DA:478,1
DA:479,1
DA:480,1
DA:481,1
DA:482,1
DA:483,1
DA:484,1
DA:485,1
DA:486,1
DA:487,1
DA:488,1
DA:489,1
DA:490,1
DA:491,1
DA:492,1
DA:493,1
DA:494,1
DA:495,1
DA:496,1
DA:497,1
DA:498,1
DA:499,1
DA:500,1
DA:501,1
DA:502,1
DA:503,1
DA:504,1
DA:505,1
DA:506,1
DA:507,1
DA:508,1
DA:509,1
DA:510,1
DA:511,1
DA:512,1
DA:513,1
DA:514,1
DA:515,1
DA:516,1
DA:517,1
DA:518,1
DA:519,1
DA:520,1
DA:521,1
DA:522,1
DA:523,1
DA:524,1
DA:525,1
DA:526,1
DA:527,1
DA:528,1
DA:529,1
DA:530,1
DA:531,1
DA:532,1
DA:533,1
DA:534,1
DA:535,1
LF:535
LH:535
BRF:0
BRH:0
end_of_record
TN:
SF:src/controllers/AccountController.ts
FN:14,get
FN:25,gets
FN:35,post
FN:51,delete
FN:63,patch
FNF:5
FNH:3
FNDA:66,get
FNDA:0,gets
FNDA:3,post
FNDA:0,delete
FNDA:1,patch
DA:1,1
DA:2,1
DA:3,1
DA:4,1
DA:5,1
DA:6,1
DA:7,1
DA:8,1
DA:9,1
DA:10,1
DA:11,1
DA:12,1
DA:13,1
DA:14,1
DA:15,66
DA:16,66
DA:17,66
DA:18,66
DA:19,66
DA:20,66
DA:21,0
DA:22,0
DA:23,0
DA:24,66
DA:25,1
DA:26,0
DA:27,0
DA:28,0
DA:29,0
DA:30,0
DA:31,0
DA:32,0
DA:33,0
DA:34,0
DA:35,1
DA:36,3
DA:37,3
DA:38,3
DA:39,3
DA:40,3
DA:41,3
DA:42,3
DA:43,3
DA:44,3
DA:45,3
DA:46,3
DA:47,0
DA:48,0
DA:49,0
DA:50,3
DA:51,1
DA:52,0
DA:53,0
DA:54,0
DA:55,0
DA:56,0
DA:57,0
DA:58,0
DA:59,0
DA:60,0
DA:61,0
DA:62,0
DA:63,1
DA:64,1
DA:65,1
DA:66,1
DA:67,1
DA:68,1
DA:69,0
DA:70,0
DA:71,1
DA:72,1
DA:73,1
DA:74,1
DA:75,1
DA:76,1
DA:77,1
DA:78,1
DA:79,0
DA:80,0
DA:81,0
DA:82,1
DA:83,1
LF:83
LH:52
BRDA:14,0,0,66
BRDA:17,1,0,0
BRDA:18,2,0,0
BRDA:20,3,0,0
BRDA:35,4,0,3
BRDA:39,5,0,0
BRDA:46,6,0,0
BRDA:63,7,0,1
BRDA:66,8,0,0
BRDA:68,9,0,0
BRDA:68,10,0,0
BRDA:68,11,0,0
BRDA:68,12,0,0
BRDA:71,13,0,0
BRDA:78,14,0,0
BRF:15
BRH:3
end_of_record
TN:
SF:src/controllers/AuthController.ts
FN:20,verify
FN:47,refresh
FN:62,logout
FN:90,login
FN:109,forget
FN:119,forgetRefresh
FN:129,forgetConfirm
FN:145,oauth
FN:176,forgetChange
FNF:9
FNH:8
FNDA:2,verify
FNDA:1,refresh
FNDA:1,logout
FNDA:3,login
FNDA:16,forget
FNDA:3,forgetRefresh
FNDA:16,forgetConfirm
FNDA:0,oauth
FNDA:3,forgetChange
DA:1,1
DA:2,1
DA:3,1
DA:4,1
DA:5,1
DA:6,1
DA:7,1
DA:8,1
DA:9,1
DA:10,1
DA:11,1
DA:12,1
DA:13,1
DA:14,1
DA:15,1
DA:16,1
DA:17,1
DA:18,1
DA:19,1
DA:20,1
DA:21,2
DA:22,2
DA:23,2
DA:24,2
DA:25,0
DA:26,0
DA:27,0
DA:28,0
DA:29,0
DA:30,0
DA:31,2
DA:32,2
DA:33,2
DA:34,2
DA:35,2
DA:36,2
DA:37,2
DA:38,2
DA:39,2
DA:40,2
DA:41,2
DA:42,0
DA:43,0
DA:44,0
DA:45,2
DA:46,1
DA:47,1
DA:48,1
DA:49,1
DA:50,1
DA:51,1
DA:52,1
DA:53,1
DA:54,1
DA:55,1
DA:56,1
DA:57,0
DA:58,0
DA:59,0
DA:60,1
DA:61,1
DA:62,1
DA:63,1
DA:64,1
DA:65,1
DA:66,1
DA:67,0
DA:68,0
DA:69,0
DA:70,0
DA:71,0
DA:72,0
DA:73,1
DA:74,1
DA:75,1
DA:76,1
DA:77,1
DA:78,1
DA:79,0
DA:80,0
DA:81,1
DA:82,1
DA:83,1
DA:84,1
DA:85,0
DA:86,0
DA:87,0
DA:88,1
DA:89,1
DA:90,1
DA:91,3
DA:92,3
DA:93,3
DA:94,3
DA:95,3
DA:96,3
DA:97,2
DA:98,2
DA:99,2
DA:100,2
DA:101,2
DA:102,2
DA:103,2
DA:104,3
DA:105,1
DA:106,1
DA:107,1
DA:108,3
DA:109,1
DA:110,16
DA:111,16
DA:112,16
DA:113,1
DA:114,16
DA:115,16
DA:116,16
DA:117,16
DA:118,1
DA:119,1
DA:120,3
DA:121,3
DA:122,3
DA:123,0
DA:124,3
DA:125,3
DA:126,3
DA:127,3
DA:128,1
DA:129,1
DA:130,16
DA:131,16
DA:132,16
DA:133,16
DA:134,16
DA:135,16
DA:136,12
DA:137,12
DA:138,12
DA:139,16
DA:140,4
DA:141,4
DA:142,4
DA:143,16
DA:144,1
DA:145,1
DA:146,0
DA:147,0
DA:148,0
DA:149,0
DA:150,0
DA:151,0
DA:152,0
DA:153,0
DA:154,0
DA:155,0
DA:156,0
DA:157,0
DA:158,0
DA:159,0
DA:160,0
DA:161,0
DA:162,0
DA:163,0
DA:164,0
DA:165,0
DA:166,0
DA:167,0
DA:168,0
DA:169,0
DA:170,0
DA:171,0
DA:172,0
DA:173,0
DA:174,0
DA:175,1
DA:176,1
DA:177,3
DA:178,3
DA:179,3
DA:180,3
DA:181,3
DA:182,3
DA:183,3
DA:184,3
DA:185,3
DA:186,0
DA:187,0
DA:188,0
DA:189,3
DA:190,1
LF:190
LH:134
BRDA:20,0,0,2
BRDA:24,1,0,0
BRDA:41,2,0,0
BRDA:47,3,0,1
BRDA:52,4,0,0
BRDA:56,5,0,0
BRDA:62,6,0,1
BRDA:66,7,0,0
BRDA:77,8,0,0
BRDA:78,9,0,0
BRDA:78,10,0,0
BRDA:84,11,0,0
BRDA:90,12,0,3
BRDA:97,13,0,2
BRDA:104,14,0,1
BRDA:109,15,0,16
BRDA:112,16,0,15
BRDA:112,17,0,1
BRDA:119,18,0,3
BRDA:122,19,0,0
BRDA:129,20,0,16
BRDA:136,21,0,12
BRDA:139,22,0,4
BRDA:176,23,0,3
BRDA:180,24,0,0
BRDA:185,25,0,0
BRF:26
BRH:14
end_of_record
TN:
SF:src/controllers/BalanceController.ts
FN:12,get
FNF:1
FNH:1
FNDA:10,get
DA:1,1
DA:2,1
DA:3,1
DA:4,1
DA:5,1
DA:6,1
DA:7,1
DA:8,1
DA:9,1
DA:10,1
DA:11,1
DA:12,1
DA:13,10
DA:14,10
DA:15,10
DA:16,10
DA:17,10
DA:18,10
DA:19,0
DA:20,0
DA:21,0
DA:22,10
DA:23,1
LF:23
LH:20
BRDA:12,0,0,10
BRDA:15,1,0,0
BRDA:18,2,0,0
BRF:3
BRH:1
end_of_record
TN:
SF:src/controllers/CategoryController.ts
FN:18,getStats
FN:35,get
FN:46,gets
FN:56,post
FN:71,delete
FN:99,patch
FNF:6
FNH:4
FNDA:0,getStats
FNDA:1,get
FNDA:0,gets
FNDA:1,post
FNDA:1,delete
FNDA:1,patch
DA:1,1
DA:2,1
DA:3,1
DA:4,1
DA:5,1
DA:6,1
DA:7,1
DA:8,1
DA:9,1
DA:10,1
DA:11,1
DA:12,1
DA:13,1
DA:14,1
DA:15,1
DA:16,1
DA:17,1
DA:18,1
DA:19,0
DA:20,0
DA:21,0
DA:22,0
DA:23,0
DA:24,0
DA:25,0
DA:26,0
DA:27,0
DA:28,0
DA:29,0
DA:30,0
DA:31,0
DA:32,0
DA:33,0
DA:34,0
DA:35,1
DA:36,1
DA:37,1
DA:38,1
DA:39,1
DA:40,0
DA:41,1
DA:42,1
DA:43,1
DA:44,1
DA:45,1
DA:46,1
DA:47,0
DA:48,0
DA:49,0
DA:50,0
DA:51,0
DA:52,0
DA:53,0
DA:54,0
DA:55,0
DA:56,1
DA:57,1
DA:58,1
DA:59,1
DA:60,1
DA:61,1
DA:62,1
DA:63,1
DA:64,1
DA:65,1
DA:66,1
DA:67,0
DA:68,0
DA:69,0
DA:70,1
DA:71,1
DA:72,1
DA:73,1
DA:74,1
DA:75,1
DA:76,1
DA:77,1
DA:78,1
DA:79,1
DA:80,1
DA:81,1
DA:82,1
DA:83,0
DA:84,0
DA:85,0
DA:86,0
DA:87,0
DA:88,0
DA:89,1
DA:90,1
DA:91,1
DA:92,1
DA:93,1
DA:94,0
DA:95,0
DA:96,0
DA:97,0
DA:98,1
DA:99,1
DA:100,1
DA:101,1
DA:102,1
DA:103,1
DA:104,1
DA:105,1
DA:106,1
DA:107,1
DA:108,1
DA:109,1
DA:110,1
DA:111,1
DA:112,0
DA:113,1
DA:114,1
DA:115,1
DA:116,1
DA:117,1
DA:118,1
LF:118
LH:78
BRDA:35,0,0,1
BRDA:38,1,0,0
BRDA:39,2,0,0
BRDA:40,3,0,0
BRDA:56,4,0,1
BRDA:60,5,0,0
BRDA:66,6,0,0
BRDA:71,7,0,1
BRDA:76,8,0,0
BRDA:77,9,0,0
BRDA:82,10,0,0
BRDA:93,11,0,0
BRDA:99,12,0,1
BRDA:102,13,0,0
BRDA:107,14,0,0
BRDA:107,15,0,0
BRDA:107,16,0,0
BRDA:112,17,0,0
BRF:18
BRH:4
end_of_record
TN:
SF:src/controllers/CurrencyController.ts
FN:13,gets
FN:23,get
FNF:2
FNH:2
FNDA:1,gets
FNDA:5,get
DA:1,1
DA:2,1
DA:3,1
DA:4,1
DA:5,1
DA:6,1
DA:7,1
DA:8,1
DA:9,1
DA:10,1
DA:11,1
DA:12,1
DA:13,1
DA:14,1
DA:15,1
DA:16,1
DA:17,1
DA:18,1
DA:19,0
DA:20,0
DA:21,0
DA:22,1
DA:23,1
DA:24,5
DA:25,5
DA:26,5
DA:27,5
DA:28,0
DA:29,0
DA:30,0
DA:31,0
DA:32,5
DA:33,5
DA:34,5
DA:35,0
DA:36,0
DA:37,0
DA:38,5
DA:39,1
LF:39
LH:29
BRDA:13,0,0,1
BRDA:18,1,0,0
BRDA:23,2,0,5
BRDA:27,3,0,0
BRDA:34,4,0,0
BRF:5
BRH:2
end_of_record
TN:
SF:src/controllers/EmailConfirmationController.ts
FN:14,verify
FN:29,resend
FNF:2
FNH:2
FNDA:16,verify
FNDA:1,resend
DA:1,1
DA:2,1
DA:3,1
DA:4,1
DA:5,1
DA:6,1
DA:7,1
DA:8,1
DA:9,1
DA:10,1
DA:11,1
DA:12,1
DA:13,1
DA:14,1
DA:15,16
DA:16,16
DA:17,16
DA:18,16
DA:19,16
DA:20,16
DA:21,16
DA:22,16
DA:23,16
DA:24,0
DA:25,0
DA:26,0
DA:27,16
DA:28,1
DA:29,1
DA:30,1
DA:31,1
DA:32,1
DA:33,1
DA:34,1
DA:35,1
DA:36,1
DA:37,0
DA:38,0
DA:39,0
DA:40,1
DA:41,1
LF:41
LH:35
BRDA:14,0,0,16
BRDA:19,1,0,0
BRDA:20,2,0,0
BRDA:23,3,0,0
BRDA:29,4,0,1
BRDA:32,5,0,0
BRDA:33,6,0,0
BRDA:36,7,0,0
BRF:8
BRH:2
end_of_record
TN:
SF:src/controllers/ExchangeRateController.ts
FN:13,get
FNF:1
FNH:1
FNDA:8,get
DA:1,1
DA:2,1
DA:3,1
DA:4,1
DA:5,1
DA:6,1
DA:7,1
DA:8,1
DA:9,1
DA:10,1
DA:11,1
DA:12,1
DA:13,1
DA:14,8
DA:15,8
DA:16,8
DA:17,8
DA:18,8
DA:19,0
DA:20,0
DA:21,0
DA:22,0
DA:23,8
DA:24,5
DA:25,8
DA:26,3
DA:27,3
DA:28,3
DA:29,8
DA:30,1
LF:30
LH:26
BRDA:13,0,0,8
BRDA:18,1,0,0
BRDA:24,2,0,5
BRDA:25,3,0,3
BRF:4
BRH:3
end_of_record
TN:
SF:src/controllers/IncomeController.ts
FN:18,getStats
FN:35,get
FN:46,gets
FN:56,post
FN:71,delete
FN:99,patch
FNF:6
FNH:5
FNDA:1,getStats
FNDA:1,get
FNDA:0,gets
FNDA:1,post
FNDA:1,delete
FNDA:1,patch
DA:1,1
DA:2,1
DA:3,1
DA:4,1
DA:5,1
DA:6,1
DA:7,1
DA:8,1
DA:9,1
DA:10,1
DA:11,1
DA:12,1
DA:13,1
DA:14,1
DA:15,1
DA:16,1
DA:17,1
DA:18,1
DA:19,1
DA:20,1
DA:21,1
DA:22,1
DA:23,1
DA:24,1
DA:25,1
DA:26,1
DA:27,1
DA:28,1
DA:29,1
DA:30,1
DA:31,0
DA:32,0
DA:33,0
DA:34,1
DA:35,1
DA:36,1
DA:37,1
DA:38,1
DA:39,1
DA:40,0
DA:41,1
DA:42,1
DA:43,1
DA:44,1
DA:45,1
DA:46,1
DA:47,0
DA:48,0
DA:49,0
DA:50,0
DA:51,0
DA:52,0
DA:53,0
DA:54,0
DA:55,0
DA:56,1
DA:57,1
DA:58,1
DA:59,1
DA:60,1
DA:61,1
DA:62,1
DA:63,1
DA:64,1
DA:65,1
DA:66,1
DA:67,0
DA:68,0
DA:69,0
DA:70,1
DA:71,1
DA:72,1
DA:73,1
DA:74,1
DA:75,1
DA:76,1
DA:77,1
DA:78,1
DA:79,1
DA:80,1
DA:81,1
DA:82,1
DA:83,0
DA:84,0
DA:85,0
DA:86,0
DA:87,0
DA:88,0
DA:89,1
DA:90,1
DA:91,1
DA:92,1
DA:93,1
DA:94,0
DA:95,0
DA:96,0
DA:97,0
DA:98,1
DA:99,1
DA:100,1
DA:101,1
DA:102,1
DA:103,1
DA:104,1
DA:105,1
DA:106,1
DA:107,1
DA:108,1
DA:109,1
DA:110,1
DA:111,0
DA:112,1
DA:113,1
DA:114,1
DA:115,1
DA:116,1
DA:117,1
LF:117
LH:90
BRDA:18,0,0,1
BRDA:21,1,0,0
BRDA:22,2,0,0
BRDA:23,3,0,0
BRDA:24,4,0,0
BRDA:30,5,0,0
BRDA:35,6,0,1
BRDA:38,7,0,0
BRDA:39,8,0,0
BRDA:40,9,0,0
BRDA:56,10,0,1
BRDA:60,11,0,0
BRDA:66,12,0,0
BRDA:71,13,0,1
BRDA:76,14,0,0
BRDA:77,15,0,0
BRDA:82,16,0,0
BRDA:93,17,0,0
BRDA:99,18,0,1
BRDA:102,19,0,0
BRDA:107,20,0,0
BRDA:107,21,0,0
BRDA:107,22,0,0
BRDA:111,23,0,0
BRF:24
BRH:5
end_of_record
TN:
SF:src/controllers/OverviewController.ts
FN:12,overview
FNF:1
FNH:1
FNDA:17,overview
DA:1,1
DA:2,1
DA:3,1
DA:4,1
DA:5,1
DA:6,1
DA:7,1
DA:8,1
DA:9,1
DA:10,1
DA:11,1
DA:12,1
DA:13,17
DA:14,17
DA:15,17
DA:16,17
DA:17,17
DA:18,0
DA:19,0
DA:20,0
DA:21,17
DA:22,1
LF:22
LH:19
BRDA:12,0,0,17
BRDA:15,1,0,0
BRDA:17,2,0,0
BRF:3
BRH:1
end_of_record
TN:
SF:src/controllers/ProfileController.ts
FN:16,get
FN:41,patch
FN:57,requestEmailChange
FN:72,refreshConfirmationCodeForEmailChange
FN:87,confirmEmailChange
FN:100,requestPasswordChange
FN:119,confirmPasswordChange
FN:133,refreshConfirmationCodeForPasswordChange
FNF:8
FNH:8
FNDA:16,get
FNDA:5,patch
FNDA:8,requestEmailChange
FNDA:2,refreshConfirmationCodeForEmailChange
FNDA:4,confirmEmailChange
FNDA:7,requestPasswordChange
FNDA:4,confirmPasswordChange
FNDA:2,refreshConfirmationCodeForPasswordChange
DA:1,1
DA:2,1
DA:3,1
DA:4,1
DA:5,1
DA:6,1
DA:7,1
DA:8,1
DA:9,1
DA:10,1
DA:11,1
DA:12,1
DA:13,1
DA:14,1
DA:15,1
DA:16,1
DA:17,16
DA:18,16
DA:19,16
DA:20,16
DA:21,16
DA:22,16
DA:23,0
DA:24,0
DA:25,0
DA:26,0
DA:27,0
DA:28,0
DA:29,16
DA:30,16
DA:31,16
DA:32,16
DA:33,16
DA:34,16
DA:35,16
DA:36,0
DA:37,0
DA:38,0
DA:39,16
DA:40,1
DA:41,1
DA:42,5
DA:43,5
DA:44,5
DA:45,5
DA:46,5
DA:47,1
DA:48,1
DA:49,4
DA:50,4
DA:51,5
DA:52,1
DA:53,1
DA:54,1
DA:55,5
DA:56,1
DA:57,1
DA:58,8
DA:59,8
DA:60,8
DA:61,8
DA:62,8
DA:63,8
DA:64,8
DA:65,8
DA:66,8
DA:67,0
DA:68,0
DA:69,0
DA:70,8
DA:71,1
DA:72,1
DA:73,2
DA:74,2
DA:75,2
DA:76,2
DA:77,2
DA:78,1
DA:79,1
DA:80,1
DA:81,1
DA:82,1
DA:83,1
DA:84,1
DA:85,2
DA:86,1
DA:87,1
DA:88,4
DA:89,4
DA:90,4
DA:91,4
DA:92,4
DA:93,2
DA:94,2
DA:95,2
DA:96,2
DA:97,2
DA:98,4
DA:99,1
DA:100,1
DA:101,7
DA:102,7
DA:103,7
DA:104,7
DA:105,7
DA:106,7
DA:107,7
DA:108,7
DA:109,7
DA:110,6
DA:111,6
DA:112,6
DA:113,7
DA:114,1
DA:115,1
DA:116,1
DA:117,7
DA:118,1
DA:119,1
DA:120,4
DA:121,4
DA:122,4
DA:123,4
DA:124,4
DA:125,4
DA:126,2
DA:127,2
DA:128,2
DA:129,2
DA:130,2
DA:131,2
DA:132,4
DA:133,1
DA:134,2
DA:135,2
DA:136,2
DA:137,2
DA:138,2
DA:139,2
DA:140,2
DA:141,2
DA:142,1
DA:143,1
DA:144,1
DA:145,1
DA:146,1
DA:147,1
DA:148,1
DA:149,2
DA:150,1
LF:150
LH:138
BRDA:16,0,0,16
BRDA:22,1,0,0
BRDA:35,2,0,0
BRDA:41,3,0,5
BRDA:46,4,0,3
BRDA:46,5,0,2
BRDA:46,6,0,1
BRDA:49,7,0,4
BRDA:51,8,0,1
BRDA:57,9,0,8
BRDA:66,10,0,0
BRDA:72,11,0,2
BRDA:78,12,0,1
BRDA:87,13,0,4
BRDA:93,14,0,2
BRDA:100,15,0,7
BRDA:110,16,0,6
BRDA:113,17,0,1
BRDA:119,18,0,4
BRDA:126,19,0,2
BRDA:133,20,0,2
BRDA:142,21,0,1
BRF:22
BRH:19
end_of_record
TN:
SF:src/controllers/RegisterController.ts
FN:12,signup
FNF:1
FNH:1
FNDA:16,signup
DA:1,1
DA:2,1
DA:3,1
DA:4,1
DA:5,1
DA:6,1
DA:7,1
DA:8,1
DA:9,1
DA:10,1
DA:11,1
DA:12,1
DA:13,16
DA:14,16
DA:15,16
DA:16,16
DA:17,16
DA:18,16
DA:19,16
DA:20,16
DA:21,16
DA:22,16
DA:23,16
DA:24,16
DA:25,16
DA:26,16
DA:27,16
DA:28,16
DA:29,16
DA:30,16
DA:31,16
DA:32,16
DA:33,16
DA:34,16
DA:35,16
DA:36,16
DA:37,16
DA:38,0
DA:39,0
DA:40,0
DA:41,16
DA:42,1
LF:42
LH:39
BRDA:12,0,0,16
BRDA:37,1,0,0
BRF:2
BRH:1
end_of_record
TN:
SF:src/controllers/StatsController.ts
FN:12,summary
FN:25,entityStats
FNF:2
FNH:0
FNDA:0,summary
FNDA:0,entityStats
DA:1,1
DA:2,1
DA:3,1
DA:4,1
DA:5,1
DA:6,1
DA:7,1
DA:8,1
DA:9,1
DA:10,1
DA:11,1
DA:12,1
DA:13,0
DA:14,0
DA:15,0
DA:16,0
DA:17,0
DA:18,0
DA:19,0
DA:20,0
DA:21,0
DA:22,0
DA:23,0
DA:24,0
DA:25,1
DA:26,0
DA:27,0
DA:28,0
DA:29,0
DA:30,0
DA:31,0
DA:32,0
DA:33,0
DA:34,0
DA:35,0
DA:36,0
DA:37,0
DA:38,0
DA:39,0
DA:40,0
DA:41,0
DA:42,0
DA:43,0
DA:44,0
DA:45,1
LF:45
LH:14
BRF:0
BRH:0
end_of_record
TN:
SF:src/controllers/TransactionController.ts
FN:13,delete
FN:26,get
FN:63,getAll
FN:115,create
FN:150,patch
FNF:5
FNH:5
FNDA:1,delete
FNDA:1,get
FNDA:2,getAll
FNDA:17,create
FNDA:7,patch
DA:1,1
DA:2,1
DA:3,1
DA:4,1
DA:5,1
DA:6,1
DA:7,1
DA:8,1
DA:9,1
DA:10,1
DA:11,1
DA:12,1
DA:13,1
DA:14,1
DA:15,1
DA:16,1
DA:17,1
DA:18,1
DA:19,1
DA:20,1
DA:21,1
DA:22,0
DA:23,0
DA:24,0
DA:25,1
DA:26,1
DA:27,1
DA:28,1
DA:29,1
DA:30,1
DA:31,1
DA:32,1
DA:33,1
DA:34,0
DA:35,1
DA:36,1
DA:37,1
DA:38,1
DA:39,1
DA:40,1
DA:41,1
DA:42,1
DA:43,1
DA:44,1
DA:45,1
DA:46,1
DA:47,1
DA:48,1
DA:49,1
DA:50,1
DA:51,1
DA:52,1
DA:53,1
DA:54,1
DA:55,1
DA:56,1
DA:57,1
DA:58,0
DA:59,0
DA:60,0
DA:61,1
DA:62,1
DA:63,1
DA:64,2
DA:65,2
DA:66,2
DA:67,2
DA:68,2
DA:69,2
DA:70,2
DA:71,2
DA:72,2
DA:73,2
DA:74,2
DA:75,2
DA:76,2
DA:77,1
DA:78,2
DA:79,2
DA:80,0
DA:81,0
DA:82,0
DA:83,0
DA:84,0
DA:85,0
DA:86,0
DA:87,0
DA:88,0
DA:89,0
DA:90,2
DA:91,1
DA:92,1
DA:93,1
DA:94,1
DA:95,2
DA:96,2
DA:97,2
DA:98,2
DA:99,2
DA:100,2
DA:101,2
DA:102,2
DA:103,2
DA:104,2
DA:105,1
DA:106,1
DA:107,1
DA:108,1
DA:109,2
DA:110,1
DA:111,1
DA:112,1
DA:113,2
DA:114,1
DA:115,1
DA:116,17
DA:117,17
DA:118,17
DA:119,17
DA:120,17
DA:121,17
DA:122,17
DA:123,17
DA:124,17
DA:125,17
DA:126,17
DA:127,17
DA:128,17
DA:129,17
DA:130,17
DA:131,17
DA:132,17
DA:133,17
DA:134,17
DA:135,17
DA:136,17
DA:137,17
DA:138,17
DA:139,17
DA:140,17
DA:141,17
DA:142,17
DA:143,17
DA:144,17
DA:145,0
DA:146,0
DA:147,0
DA:148,17
DA:149,1
DA:150,1
DA:151,7
DA:152,7
DA:153,7
DA:154,7
DA:155,7
DA:156,7
DA:157,7
DA:158,7
DA:159,7
DA:160,7
DA:161,7
DA:162,7
DA:163,7
DA:164,5
DA:165,7
DA:166,2
DA:167,2
DA:168,2
DA:169,7
DA:170,1
LF:170
LH:150
BRDA:13,0,0,1
BRDA:17,1,0,0
BRDA:21,2,0,0
BRDA:26,3,0,1
BRDA:30,4,0,0
BRDA:33,5,0,0
BRDA:40,6,0,0
BRDA:41,7,0,0
BRDA:42,8,0,0
BRDA:43,9,0,0
BRDA:44,10,0,0
BRDA:45,11,0,0
BRDA:46,12,0,0
BRDA:47,13,0,0
BRDA:48,14,0,0
BRDA:49,15,0,0
BRDA:50,16,0,0
BRDA:51,17,0,0
BRDA:52,18,0,0
BRDA:57,19,0,0
BRDA:63,20,0,2
BRDA:66,21,0,0
BRDA:67,22,0,0
BRDA:68,23,0,0
BRDA:70,24,0,0
BRDA:72,25,0,1
BRDA:72,26,0,1
BRDA:77,27,0,1
BRDA:78,28,0,0
BRDA:78,29,0,1
BRDA:78,30,0,1
BRDA:78,31,0,1
BRDA:78,32,0,0
BRDA:79,33,0,1
BRDA:79,34,0,0
BRDA:90,35,0,1
BRDA:109,36,0,1
BRDA:94,37,0,2
BRDA:95,38,0,0
BRDA:96,39,0,0
BRDA:97,40,0,0
BRDA:98,41,0,0
BRDA:99,42,0,0
BRDA:100,43,0,0
BRDA:101,44,0,0
BRDA:102,45,0,0
BRDA:103,46,0,0
BRDA:104,47,0,0
BRDA:115,48,0,17
BRDA:137,49,0,0
BRDA:144,50,0,0
BRDA:150,51,0,7
BRDA:154,52,0,0
BRDA:164,53,0,5
BRDA:165,54,0,2
BRF:55
BRH:17
end_of_record
TN:
SF:src/controllers/UserController.ts
FN:13,get
FNF:1
FNH:1
FNDA:16,get
DA:1,1
DA:2,1
DA:3,1
DA:4,1
DA:5,1
DA:6,1
DA:7,1
DA:8,1
DA:9,1
DA:10,1
DA:11,1
DA:12,1
DA:13,1
DA:14,16
DA:15,16
DA:16,16
DA:17,16
DA:18,16
DA:19,16
DA:20,16
DA:21,16
DA:22,16
DA:23,16
DA:24,16
DA:25,0
DA:26,0
DA:27,0
DA:28,16
DA:29,1
LF:29
LH:26
BRDA:13,0,0,16
BRDA:24,1,0,0
BRF:2
BRH:1
end_of_record
TN:
SF:src/helper/logger/Logger.ts
FN:13,Logger
FN:18,Of
FN:22,log
FN:43,info
FN:47,warn
FN:51,error
FN:55,debug
FNF:7
FNH:7
FNDA:1378,Logger
FNDA:1378,Of
FNDA:1299,log
FNDA:1194,info
FNDA:1,warn
FNDA:72,error
FNDA:32,debug
DA:1,1
DA:2,1
DA:3,1
DA:4,1
DA:5,1
DA:6,1
DA:7,1
DA:8,1
DA:9,1
DA:10,1
DA:11,1
DA:12,1
DA:13,1
DA:14,1378
DA:15,1378
DA:16,1378
DA:17,1
DA:18,1
DA:19,1378
DA:20,1378
DA:21,1
DA:22,1
DA:23,1299
DA:24,1299
DA:25,18
DA:26,0
DA:27,18
DA:28,18
DA:29,18
DA:30,0
DA:31,0
DA:32,18
DA:33,1299
DA:34,1299
DA:35,1299
DA:36,1299
DA:37,1299
DA:38,1299
DA:39,1299
DA:40,1299
DA:41,1299
DA:42,1
DA:43,1
DA:44,1194
DA:45,1194
DA:46,1
DA:47,1
DA:48,1
DA:49,1
DA:50,1
DA:51,1
DA:52,72
DA:53,72
DA:54,1
DA:55,1
DA:56,32
DA:57,32
DA:58,1
LF:58
LH:55
BRDA:13,0,0,1378
BRDA:18,1,0,1378
BRDA:22,2,0,1299
BRDA:24,3,0,18
BRDA:25,4,0,0
BRDA:29,5,0,0
BRDA:43,6,0,1194
BRDA:47,7,0,1
BRDA:51,8,0,72
BRDA:55,9,0,32
BRF:10
BRH:8
end_of_record
TN:
SF:src/helper/logger/LoggerBase.ts
FN:6,LoggerBase
FNF:1
FNH:1
FNDA:1346,LoggerBase
DA:1,1
DA:2,1
DA:3,1
DA:4,1
DA:5,1
DA:6,1
DA:7,1346
DA:8,1346
DA:9,1346
DA:10,1
LF:10
LH:10
BRDA:6,0,0,1346
BRDA:7,1,0,0
BRDA:7,2,0,0
BRF:3
BRH:1
end_of_record
TN:
SF:src/helper/logger/pino.ts
FNF:0
FNH:0
DA:1,1
DA:2,1
DA:3,1
DA:4,1
DA:5,1
DA:6,1
DA:7,1
DA:8,1
DA:9,1
DA:10,1
DA:11,1
DA:12,1
DA:13,1
DA:14,1
DA:15,1
DA:16,1
DA:17,1
LF:17
LH:17
BRDA:16,0,0,0
BRF:1
BRH:0
end_of_record
TN:
SF:src/helper/responseBuilder/ResponseBuilder.ts
FN:10,ResponseBuilder
FN:14,reset
FN:22,setStatus
FN:27,setErrors
FN:32,setError
FN:37,setData
FN:42,build
FNF:7
FNH:7
FNDA:230,ResponseBuilder
FNDA:370,reset
FNDA:140,setStatus
FNDA:10,setErrors
FNDA:51,setError
FNDA:78,setData
FNDA:140,build
DA:1,1
DA:2,1
DA:3,1
DA:4,1
DA:5,1
DA:6,1
DA:7,1
DA:8,1
DA:9,1
DA:10,1
DA:11,230
DA:12,230
DA:13,1
DA:14,1
DA:15,370
DA:16,370
DA:17,370
DA:18,370
DA:19,370
DA:20,370
DA:21,1
DA:22,1
DA:23,140
DA:24,140
DA:25,140
DA:26,1
DA:27,1
DA:28,10
DA:29,10
DA:30,10
DA:31,1
DA:32,1
DA:33,51
DA:34,51
DA:35,51
DA:36,1
DA:37,1
DA:38,78
DA:39,78
DA:40,78
DA:41,1
DA:42,1
DA:43,140
DA:44,140
DA:45,140
DA:46,140
DA:47,1
LF:47
LH:47
BRDA:10,0,0,230
BRDA:14,1,0,370
BRDA:22,2,0,140
BRDA:27,3,0,10
BRDA:32,4,0,51
BRDA:33,5,0,0
BRDA:37,6,0,78
BRDA:42,7,0,140
BRF:8
BRH:7
end_of_record
TN:
SF:src/middleware/checkCors.ts
FN:11,checkCors
FNF:1
FNH:1
FNDA:1,checkCors
DA:1,1
DA:2,1
DA:3,1
DA:4,1
DA:5,1
DA:6,1
DA:7,1
DA:8,1
DA:9,1
DA:10,1
DA:11,1
LF:11
LH:11
BRDA:11,0,0,1
BRDA:11,1,0,0
BRF:2
BRH:1
end_of_record
TN:
SF:src/middleware/tokenVerify.ts
FN:26,createTokenMiddleware
FN:114,secret
FN:118,extractToken
FN:124,secret
FN:128,extractToken
FN:135,secret
FN:139,extractToken
FNF:7
FNH:7
FNDA:3,createTokenMiddleware
FNDA:84,secret
FNDA:84,extractToken
FNDA:1,secret
FNDA:1,extractToken
FNDA:14,secret
FNDA:16,extractToken
DA:1,1
DA:2,1
DA:3,1
DA:4,1
DA:5,1
DA:6,1
DA:7,1
DA:8,1
DA:9,1
DA:10,1
DA:11,1
DA:12,1
DA:13,1
DA:14,1
DA:15,1
DA:16,1
DA:17,1
DA:18,1
DA:19,1
DA:20,1
DA:21,1
DA:22,1
DA:23,1
DA:24,1
DA:25,1
DA:26,3
DA:27,3
DA:28,101
DA:29,101
DA:30,101
DA:31,101
DA:32,1
DA:33,1
DA:34,1
DA:35,1
DA:36,1
DA:37,1
DA:38,100
DA:39,100
DA:40,100
DA:41,100
DA:42,100
DA:43,1
DA:44,1
DA:45,1
DA:46,1
DA:47,1
DA:48,1
DA:49,1
DA:50,1
DA:51,1
DA:52,1
DA:53,1
DA:54,100
DA:55,99
DA:56,101
DA:57,101
DA:58,101
DA:59,101
DA:60,101
DA:61,101
DA:62,101
DA:63,101
DA:64,101
DA:65,101
DA:66,0
DA:67,0
DA:68,0
DA:69,0
DA:70,0
DA:71,0
DA:72,87
DA:73,101
DA:74,0
DA:75,0
DA:76,0
DA:77,0
DA:78,0
DA:79,0
DA:80,87
DA:81,101
DA:82,81
DA:83,81
DA:84,81
DA:85,0
DA:86,0
DA:87,0
DA:88,0
DA:89,0
DA:90,0
DA:91,0
DA:92,0
DA:93,0
DA:94,0
DA:95,0
DA:96,81
DA:97,101
DA:98,6
DA:99,6
DA:100,87
DA:101,87
DA:102,87
DA:103,101
DA:104,12
DA:105,12
DA:106,12
DA:107,12
DA:108,12
DA:109,12
DA:110,3
DA:111,3
DA:112,1
DA:113,1
DA:114,1
DA:115,1
DA:116,1
DA:117,1
DA:118,1
DA:119,1
DA:120,1
DA:121,1
DA:122,1
DA:123,1
DA:124,1
DA:125,1
DA:126,1
DA:127,1
DA:128,1
DA:129,1
DA:130,1
DA:131,1
DA:132,1
DA:133,1
DA:134,1
DA:135,1
DA:136,1
DA:137,1
DA:138,1
DA:139,1
DA:140,1
DA:141,1
DA:142,1
DA:143,1
DA:144,1
LF:144
LH:121
BRDA:26,0,0,3
BRDA:27,1,0,101
BRDA:31,2,0,100
BRDA:31,3,0,1
BRDA:38,4,0,100
BRDA:42,5,0,1
BRDA:55,6,0,99
BRDA:56,7,0,0
BRDA:56,8,0,99
BRDA:61,9,0,99
BRDA:61,10,0,1
BRDA:61,11,0,98
BRDA:62,12,0,32
BRDA:62,13,0,67
BRDA:65,14,0,0
BRDA:72,15,0,87
BRDA:73,16,0,22
BRDA:73,17,0,0
BRDA:80,18,0,87
BRDA:81,19,0,81
BRDA:84,20,0,0
BRDA:84,21,0,0
BRDA:97,22,0,6
BRDA:100,23,0,87
BRDA:103,24,0,12
BRDA:114,25,0,84
BRDA:118,26,0,84
BRDA:124,27,0,1
BRDA:128,28,0,1
BRDA:128,29,0,0
BRDA:135,30,0,14
BRDA:139,31,0,16
BRF:32
BRH:26
end_of_record
TN:
SF:src/middleware/userIdVerify.ts
FN:9,userIdVerify
FNF:1
FNH:1
FNDA:54,userIdVerify
DA:1,1
DA:2,1
DA:3,1
DA:4,1
DA:5,1
DA:6,1
DA:7,1
DA:8,1
DA:9,1
DA:10,54
DA:11,54
DA:12,54
DA:13,54
DA:14,54
DA:15,54
DA:16,0
DA:17,0
DA:18,0
DA:19,0
DA:20,0
DA:21,0
DA:22,54
DA:23,54
DA:24,54
DA:25,1
DA:26,1
LF:26
LH:20
BRDA:9,0,0,54
BRDA:12,1,0,0
BRDA:13,2,0,0
BRDA:14,3,0,0
BRDA:14,4,0,0
BRDA:15,5,0,0
BRF:6
BRH:1
end_of_record
TN:
SF:src/middleware/userStatusVerify.ts
FN:10,userStatusVerify
FNF:1
FNH:1
FNDA:6,userStatusVerify
DA:1,1
DA:2,1
DA:3,1
DA:4,1
DA:5,1
DA:6,1
DA:7,1
DA:8,1
DA:9,1
DA:10,1
DA:11,80
DA:12,80
DA:13,32
DA:14,32
DA:15,32
DA:16,32
DA:17,32
DA:18,32
DA:19,32
DA:20,32
DA:21,32
DA:22,48
DA:23,48
DA:24,48
DA:25,1
DA:26,1
LF:26
LH:26
BRDA:10,0,0,6
BRDA:10,1,0,80
BRDA:12,2,0,0
BRDA:12,3,0,32
BRDA:22,4,0,48
BRF:5
BRH:4
end_of_record
TN:
SF:src/repositories/DatabaseConnection.ts
FN:19,instance
FN:23,DatabaseConnection
FN:46,engine
FN:54,close
FN:57,transaction
FNF:5
FNH:4
FNDA:614,instance
FNDA:1,DatabaseConnection
FNDA:584,engine
FNDA:0,close
FNDA:16,transaction
DA:1,1
DA:2,1
DA:3,1
DA:4,1
DA:5,1
DA:6,1
DA:7,1
DA:8,1
DA:9,1
DA:10,1
DA:11,1
DA:12,1
DA:13,1
DA:14,1
DA:15,1
DA:16,1
DA:17,1
DA:18,1
DA:19,1
DA:20,614
DA:21,614
DA:22,1
DA:23,1
DA:24,1
DA:25,1
DA:26,1
DA:27,1
DA:28,1
DA:29,1
DA:30,1
DA:31,1
DA:32,1
DA:33,1
DA:34,1
DA:35,1
DA:36,1
DA:37,1
DA:38,1
DA:39,1
DA:40,1
DA:41,1
DA:42,1
DA:43,1
DA:44,1
DA:45,1
DA:46,1
DA:47,584
DA:48,584
DA:49,584
DA:50,0
DA:51,0
DA:52,584
DA:53,1
DA:54,1
DA:55,0
DA:56,0
DA:57,1
DA:58,16
DA:59,16
DA:60,1
LF:60
LH:56
BRDA:19,0,0,614
BRDA:20,1,0,1
BRDA:23,2,0,1
BRDA:33,3,0,0
BRDA:46,4,0,584
BRDA:49,5,0,0
BRDA:57,6,0,16
BRF:7
BRH:5
end_of_record
TN:
SF:src/repositories/DatabaseConnectionBuilder.ts
FN:5,build
FNF:1
FNH:1
FNDA:613,build
DA:1,1
DA:2,1
DA:3,1
DA:4,1
DA:5,1
DA:6,613
DA:7,613
DA:8,1
LF:8
LH:8
BRDA:5,0,0,613
BRF:1
BRH:1
end_of_record
TN:
SF:src/repositories/UnitOfWork.ts
FN:11,UnitOfWork
FN:17,start
FN:24,commit
FN:34,rollback
FN:43,getTransaction
FNF:5
FNH:5
FNDA:16,UnitOfWork
FNDA:16,start
FNDA:16,commit
FNDA:2,rollback
FNDA:16,getTransaction
DA:1,1
DA:2,1
DA:3,1
DA:4,1
DA:5,1
DA:6,1
DA:7,1
DA:8,1
DA:9,1
DA:10,1
DA:11,1
DA:12,16
DA:13,16
DA:14,16
DA:15,16
DA:16,1
DA:17,1
DA:18,16
DA:19,16
DA:20,16
DA:21,16
DA:22,16
DA:23,1
DA:24,1
DA:25,16
DA:26,16
DA:27,16
DA:28,16
DA:29,16
DA:30,0
DA:31,0
DA:32,16
DA:33,1
DA:34,1
DA:35,2
DA:36,2
DA:37,2
DA:38,2
DA:39,0
DA:40,0
DA:41,2
DA:42,1
DA:43,1
DA:44,16
DA:45,16
DA:46,16
DA:47,16
DA:48,0
DA:49,0
DA:50,0
DA:51,16
DA:52,1
LF:52
LH:45
BRDA:11,0,0,16
BRDA:17,1,0,16
BRDA:24,2,0,16
BRDA:29,3,0,0
BRDA:34,4,0,2
BRDA:38,5,0,0
BRDA:43,6,0,16
BRDA:47,7,0,0
BRF:8
BRH:5
end_of_record
TN:
SF:src/repositories/keyValueStore/KeyValueStore.ts
FN:23,instance
FN:28,KeyValueStore
FN:53,key
FN:57,connect
FN:63,disconnect
FN:67,set
FN:76,get
FN:81,delete
FN:85,exists
FNF:9
FNH:5
FNDA:127,instance
FNDA:1,KeyValueStore
FNDA:104,key
FNDA:0,connect
FNDA:0,disconnect
FNDA:4,set
FNDA:0,get
FNDA:0,delete
FNDA:100,exists
DA:1,1
DA:2,1
DA:3,1
DA:4,1
DA:5,1
DA:6,1
DA:7,1
DA:8,1
DA:9,1
DA:10,1
DA:11,1
DA:12,1
DA:13,1
DA:14,1
DA:15,1
DA:16,1
DA:17,1
DA:18,1
DA:19,1
DA:20,1
DA:21,1
DA:22,1
DA:23,1
DA:24,127
DA:25,127
DA:26,1
DA:27,1
DA:28,1
DA:29,1
DA:30,1
DA:31,1
DA:32,1
DA:33,1
DA:34,1
DA:35,1
DA:36,1
DA:37,1
DA:38,1
DA:39,1
DA:40,1
DA:41,1
DA:42,1
DA:43,1
DA:44,1
DA:45,0
DA:46,1
DA:47,1
DA:48,1
DA:49,0
DA:50,1
DA:51,1
DA:52,1
DA:53,1
DA:54,104
DA:55,104
DA:56,1
DA:57,1
DA:58,0
DA:59,0
DA:60,0
DA:61,0
DA:62,1
DA:63,1
DA:64,0
DA:65,0
DA:66,1
DA:67,1
DA:68,4
DA:69,4
DA:70,4
DA:71,4
DA:72,0
DA:73,0
DA:74,4
DA:75,1
DA:76,1
DA:77,0
DA:78,0
DA:79,0
DA:80,1
DA:81,1
DA:82,0
DA:83,0
DA:84,1
DA:85,1
DA:86,100
DA:87,100
DA:88,100
DA:89,1
DA:90,1
DA:91,1
LF:91
LH:76
BRDA:6,0,0,1
BRDA:23,1,0,127
BRDA:24,2,0,1
BRDA:28,3,0,1
BRDA:40,4,0,1
BRDA:53,5,0,104
BRDA:67,6,0,4
BRDA:71,7,0,0
BRDA:85,8,0,100
BRF:9
BRH:8
end_of_record
TN:
SF:src/repositories/keyValueStore/KeyValueStoreBuilder.ts
FN:5,build
FNF:1
FNH:1
FNDA:127,build
DA:1,1
DA:2,1
DA:3,1
DA:4,1
DA:5,1
DA:6,127
DA:7,127
DA:8,127
DA:9,127
DA:10,127
DA:11,127
DA:12,1
LF:12
LH:12
BRDA:5,0,0,127
BRF:1
BRH:1
end_of_record
TN:
SF:src/routes/account.ts
FNF:0
FNH:0
DA:1,1
DA:2,1
DA:3,1
DA:4,1
DA:5,1
DA:6,1
DA:7,1
DA:8,1
DA:9,1
DA:10,1
DA:11,1
DA:12,1
DA:13,1
DA:14,1
DA:15,1
DA:16,1
DA:17,1
DA:18,1
DA:19,1
DA:20,1
DA:21,1
DA:22,1
DA:23,1
DA:24,1
DA:25,1
DA:26,1
DA:27,1
DA:28,1
DA:29,1
DA:30,1
DA:31,1
DA:32,1
DA:33,1
DA:34,1
DA:35,1
DA:36,1
DA:37,1
DA:38,1
DA:39,1
DA:40,1
DA:41,1
DA:42,1
DA:43,1
DA:44,1
DA:45,1
DA:46,1
DA:47,1
DA:48,1
DA:49,1
DA:50,1
LF:50
LH:50
BRF:0
BRH:0
end_of_record
TN:
SF:src/routes/auth.ts
FNF:0
FNH:0
DA:1,1
DA:2,1
DA:3,1
DA:4,1
DA:5,1
DA:6,1
DA:7,1
DA:8,1
DA:9,1
DA:10,1
DA:11,1
DA:12,1
DA:13,1
DA:14,1
DA:15,1
DA:16,1
DA:17,1
DA:18,1
DA:19,1
DA:20,1
DA:21,1
DA:22,1
DA:23,1
DA:24,1
DA:25,1
DA:26,1
DA:27,1
DA:28,1
DA:29,1
DA:30,1
DA:31,1
DA:32,1
DA:33,1
DA:34,1
DA:35,1
DA:36,1
DA:37,1
DA:38,1
DA:39,1
DA:40,1
DA:41,1
DA:42,1
DA:43,1
DA:44,1
DA:45,1
DA:46,1
DA:47,1
DA:48,1
DA:49,1
DA:50,1
DA:51,1
DA:52,1
DA:53,1
DA:54,1
DA:55,1
DA:56,1
DA:57,1
DA:58,1
DA:59,1
DA:60,1
DA:61,1
DA:62,1
DA:63,1
DA:64,1
DA:65,1
DA:66,1
DA:67,1
DA:68,1
DA:69,1
DA:70,1
DA:71,1
DA:72,1
DA:73,1
DA:74,1
DA:75,1
DA:76,1
DA:77,1
DA:78,1
DA:79,1
DA:80,1
DA:81,1
DA:82,1
DA:83,1
DA:84,1
DA:85,1
DA:86,1
DA:87,1
LF:87
LH:87
BRF:0
BRH:0
end_of_record
TN:
SF:src/routes/balance.ts
FNF:0
FNH:0
DA:1,1
DA:2,1
DA:3,1
DA:4,1
DA:5,1
DA:6,1
DA:7,1
DA:8,1
DA:9,1
DA:10,1
DA:11,1
LF:11
LH:11
BRF:0
BRH:0
end_of_record
TN:
SF:src/routes/category.ts
FNF:0
FNH:0
DA:1,1
DA:2,1
DA:3,1
DA:4,1
DA:5,1
DA:6,1
DA:7,1
DA:8,1
DA:9,1
DA:10,1
DA:11,1
DA:12,1
DA:13,1
DA:14,1
DA:15,1
DA:16,1
DA:17,1
DA:18,1
DA:19,1
DA:20,1
DA:21,1
DA:22,1
DA:23,1
DA:24,1
DA:25,1
DA:26,1
DA:27,1
DA:28,1
DA:29,1
DA:30,1
DA:31,1
DA:32,1
DA:33,1
DA:34,1
DA:35,1
DA:36,1
DA:37,1
DA:38,1
DA:39,1
DA:40,1
DA:41,1
DA:42,1
DA:43,1
DA:44,1
DA:45,1
DA:46,1
DA:47,1
DA:48,1
DA:49,1
DA:50,1
DA:51,1
DA:52,1
DA:53,1
DA:54,1
DA:55,1
DA:56,1
DA:57,1
DA:58,1
LF:58
LH:58
BRF:0
BRH:0
end_of_record
TN:
SF:src/routes/currency.ts
FNF:0
FNH:0
DA:1,1
DA:2,1
DA:3,1
DA:4,1
DA:5,1
DA:6,1
DA:7,1
DA:8,1
DA:9,1
DA:10,1
DA:11,1
DA:12,1
DA:13,1
DA:14,1
DA:15,1
DA:16,1
DA:17,1
DA:18,1
DA:19,1
DA:20,1
DA:21,1
DA:22,1
LF:22
LH:22
BRF:0
BRH:0
end_of_record
TN:
SF:src/routes/emailConfirmation.ts
FNF:0
FNH:0
DA:1,1
DA:2,1
DA:3,1
DA:4,1
DA:5,1
DA:6,1
DA:7,1
DA:8,1
DA:9,1
DA:10,1
DA:11,1
DA:12,1
DA:13,1
DA:14,1
DA:15,1
DA:16,1
DA:17,1
DA:18,1
DA:19,1
DA:20,1
DA:21,1
DA:22,1
DA:23,1
DA:24,1
DA:25,1
DA:26,1
DA:27,1
DA:28,1
DA:29,1
DA:30,1
DA:31,1
DA:32,1
DA:33,1
LF:33
LH:33
BRF:0
BRH:0
end_of_record
TN:
SF:src/routes/exchangeRates.ts
FNF:0
FNH:0
DA:1,1
DA:2,1
DA:3,1
DA:4,1
DA:5,1
DA:6,1
DA:7,1
DA:8,1
DA:9,1
DA:10,1
DA:11,1
DA:12,1
DA:13,1
DA:14,1
DA:15,1
DA:16,1
DA:17,1
DA:18,1
DA:19,1
DA:20,1
DA:21,1
LF:21
LH:21
BRF:0
BRH:0
end_of_record
TN:
SF:src/routes/income.ts
FNF:0
FNH:0
DA:1,1
DA:2,1
DA:3,1
DA:4,1
DA:5,1
DA:6,1
DA:7,1
DA:8,1
DA:9,1
DA:10,1
DA:11,1
DA:12,1
DA:13,1
DA:14,1
DA:15,1
DA:16,1
DA:17,1
DA:18,1
DA:19,1
DA:20,1
DA:21,1
DA:22,1
DA:23,1
DA:24,1
DA:25,1
DA:26,1
DA:27,1
DA:28,1
DA:29,1
DA:30,1
DA:31,1
DA:32,1
DA:33,1
DA:34,1
DA:35,1
DA:36,1
DA:37,1
DA:38,1
DA:39,1
DA:40,1
DA:41,1
DA:42,1
DA:43,1
DA:44,1
DA:45,1
DA:46,1
DA:47,1
DA:48,1
DA:49,1
DA:50,1
DA:51,1
DA:52,1
DA:53,1
DA:54,1
DA:55,1
DA:56,1
DA:57,1
DA:58,1
LF:58
LH:58
BRF:0
BRH:0
end_of_record
TN:
SF:src/routes/overview.ts
FNF:0
FNH:0
DA:1,1
DA:2,1
DA:3,1
DA:4,1
DA:5,1
DA:6,1
DA:7,1
DA:8,1
DA:9,1
DA:10,1
DA:11,1
LF:11
LH:11
BRF:0
BRH:0
end_of_record
TN:
SF:src/routes/profile.ts
FNF:0
FNH:0
DA:1,1
DA:2,1
DA:3,1
DA:4,1
DA:5,1
DA:6,1
DA:7,1
DA:8,1
DA:9,1
DA:10,1
DA:11,1
DA:12,1
DA:13,1
DA:14,1
DA:15,1
DA:16,1
DA:17,1
DA:18,1
DA:19,1
DA:20,1
DA:21,1
DA:22,1
DA:23,1
DA:24,1
DA:25,1
DA:26,1
DA:27,1
DA:28,1
DA:29,1
DA:30,1
DA:31,1
DA:32,1
DA:33,1
DA:34,1
DA:35,1
DA:36,1
DA:37,1
DA:38,1
DA:39,1
DA:40,1
DA:41,1
DA:42,1
DA:43,1
DA:44,1
DA:45,1
DA:46,1
DA:47,1
DA:48,1
DA:49,1
DA:50,1
DA:51,1
DA:52,1
DA:53,1
DA:54,1
DA:55,1
DA:56,1
DA:57,1
DA:58,1
DA:59,1
DA:60,1
DA:61,1
DA:62,1
DA:63,1
DA:64,1
DA:65,1
DA:66,1
DA:67,1
DA:68,1
DA:69,1
DA:70,1
DA:71,1
DA:72,1
DA:73,1
DA:74,1
LF:74
LH:74
BRF:0
BRH:0
end_of_record
TN:
SF:src/routes/register.ts
FNF:0
FNH:0
DA:1,1
DA:2,1
DA:3,1
DA:4,1
DA:5,1
DA:6,1
DA:7,1
DA:8,1
DA:9,1
DA:10,1
DA:11,1
DA:12,1
DA:13,1
DA:14,1
DA:15,1
DA:16,1
DA:17,1
DA:18,1
DA:19,1
DA:20,1
DA:21,1
DA:22,1
DA:23,1
DA:24,1
LF:24
LH:24
BRF:0
BRH:0
end_of_record
TN:
SF:src/routes/stats.ts
FNF:0
FNH:0
DA:1,1
DA:2,1
DA:3,1
DA:4,1
DA:5,1
DA:6,1
DA:7,1
DA:8,1
DA:9,1
DA:10,1
DA:11,1
DA:12,1
DA:13,1
DA:14,1
DA:15,1
DA:16,1
DA:17,1
DA:18,1
DA:19,1
DA:20,1
DA:21,1
DA:22,1
DA:23,1
LF:23
LH:23
BRF:0
BRH:0
end_of_record
TN:
SF:src/routes/transaction.ts
FNF:0
FNH:0
DA:1,1
DA:2,1
DA:3,1
DA:4,1
DA:5,1
DA:6,1
DA:7,1
DA:8,1
DA:9,1
DA:10,1
DA:11,1
DA:12,1
DA:13,1
DA:14,1
DA:15,1
DA:16,1
DA:17,1
DA:18,1
DA:19,1
DA:20,1
DA:21,1
DA:22,1
DA:23,1
DA:24,1
DA:25,1
DA:26,1
DA:27,1
DA:28,1
DA:29,1
DA:30,1
DA:31,1
DA:32,1
DA:33,1
DA:34,1
DA:35,1
DA:36,1
DA:37,1
DA:38,1
DA:39,1
DA:40,1
DA:41,1
DA:42,1
DA:43,1
DA:44,1
DA:45,1
DA:46,1
DA:47,1
DA:48,1
DA:49,1
DA:50,1
DA:51,1
DA:52,1
DA:53,1
DA:54,1
DA:55,1
DA:56,1
DA:57,1
DA:58,1
DA:59,1
DA:60,1
DA:61,1
DA:62,1
DA:63,1
DA:64,1
DA:65,1
DA:66,1
DA:67,1
DA:68,1
DA:69,1
DA:70,1
DA:71,1
DA:72,1
DA:73,1
DA:74,1
DA:75,1
DA:76,1
DA:77,1
DA:78,1
DA:79,1
LF:79
LH:79
BRF:0
BRH:0
end_of_record
TN:
SF:src/routes/user.ts
FNF:0
FNH:0
DA:1,1
DA:2,1
DA:3,1
DA:4,1
DA:5,1
DA:6,1
DA:7,1
DA:8,1
DA:9,1
DA:10,1
DA:11,1
DA:12,1
DA:13,1
DA:14,1
DA:15,1
DA:16,1
DA:17,1
DA:18,1
DA:19,1
DA:20,1
DA:21,1
DA:22,1
DA:23,1
DA:24,1
DA:25,1
DA:26,1
DA:27,1
DA:28,1
DA:29,1
DA:30,1
DA:31,1
DA:32,1
DA:33,1
DA:34,1
DA:35,1
DA:36,1
DA:37,1
DA:38,1
DA:39,1
DA:40,1
DA:41,1
DA:42,1
DA:43,1
DA:44,1
DA:45,1
DA:46,1
DA:47,1
DA:48,1
DA:49,1
DA:50,1
DA:51,1
DA:52,1
DA:53,1
DA:54,1
DA:55,1
DA:56,1
DA:57,1
DA:58,1
DA:59,1
DA:60,1
DA:61,1
DA:62,1
DA:63,1
DA:64,1
DA:65,1
DA:66,1
DA:67,1
DA:68,1
DA:69,1
DA:70,1
DA:71,1
DA:72,1
DA:73,1
DA:74,1
DA:75,1
DA:76,1
LF:76
LH:76
BRF:0
BRH:0
end_of_record
TN:
SF:src/services/StatsOrchestrator/StatsOrchestratorService.ts
FN:127,StatsOrchestratorService
FN:148,create
FN:236,patch
FN:385,delete
FN:441,summary
FN:444,entityStats
FNF:6
FNH:4
FNDA:24,StatsOrchestratorService
FNDA:17,create
FNDA:5,patch
FNDA:1,delete
FNDA:0,summary
FNDA:0,entityStats
DA:1,1
DA:2,1
DA:3,1
DA:4,1
DA:5,1
DA:6,1
DA:7,1
DA:8,1
DA:9,1
DA:10,1
DA:11,1
DA:12,1
DA:13,1
DA:14,1
DA:15,1
DA:16,1
DA:17,1
DA:18,1
DA:19,1
DA:20,1
DA:21,1
DA:22,1
DA:23,1
DA:24,1
DA:25,1
DA:26,1
DA:27,1
DA:28,1
DA:29,1
DA:30,1
DA:31,1
DA:32,1
DA:33,1
DA:34,1
DA:35,1
DA:36,1
DA:37,1
DA:38,1
DA:39,1
DA:40,1
DA:41,1
DA:42,1
DA:43,1
DA:44,1
DA:45,1
DA:46,1
DA:47,1
DA:48,1
DA:49,1
DA:50,1
DA:51,1
DA:52,1
DA:53,1
DA:54,1
DA:55,1
DA:56,1
DA:57,1
DA:58,1
DA:59,1
DA:60,1
DA:61,1
DA:62,1
DA:63,1
DA:64,1
DA:65,1
DA:66,1
DA:67,1
DA:68,1
DA:69,1
DA:70,1
DA:71,1
DA:72,1
DA:73,1
DA:74,1
DA:75,1
DA:76,1
DA:77,1
DA:78,1
DA:79,1
DA:80,1
DA:81,1
DA:82,1
DA:83,1
DA:84,1
DA:85,1
DA:86,1
DA:87,1
DA:88,1
DA:89,1
DA:90,1
DA:91,1
DA:92,1
DA:93,1
DA:94,1
DA:95,1
DA:96,1
DA:97,1
DA:98,1
DA:99,1
DA:100,1
DA:101,1
DA:102,1
DA:103,1
DA:104,1
DA:105,1
DA:106,1
DA:107,1
DA:108,1
DA:109,1
DA:110,1
DA:111,1
DA:112,1
DA:113,1
DA:114,1
DA:115,1
DA:116,1
DA:117,1
DA:118,1
DA:119,1
DA:120,1
DA:121,1
DA:122,1
DA:123,1
DA:124,1
DA:125,1
DA:126,1
DA:127,1
DA:128,24
DA:129,24
DA:130,24
DA:131,24
DA:132,24
DA:133,24
DA:134,24
DA:135,24
DA:136,24
DA:137,24
DA:138,24
DA:139,24
DA:140,24
DA:141,24
DA:142,24
DA:143,24
DA:144,24
DA:145,24
DA:146,24
DA:147,1
DA:148,1
DA:149,17
DA:150,17
DA:151,17
DA:152,0
DA:153,0
DA:154,0
DA:155,0
DA:156,0
DA:157,0
DA:158,0
DA:159,0
DA:160,0
DA:161,0
DA:162,0
DA:163,0
DA:164,0
DA:165,0
DA:166,0
DA:167,0
DA:168,0
DA:169,0
DA:170,0
DA:171,0
DA:172,0
DA:173,0
DA:174,17
DA:175,0
DA:176,0
DA:177,0
DA:178,0
DA:179,0
DA:180,0
DA:181,0
DA:182,0
DA:183,0
DA:184,0
DA:185,0
DA:186,0
DA:187,0
DA:188,0
DA:189,0
DA:190,0
DA:191,0
DA:192,0
DA:193,0
DA:194,0
DA:195,0
DA:196,0
DA:197,17
DA:198,17
DA:199,17
DA:200,17
DA:201,17
DA:202,17
DA:203,17
DA:204,17
DA:205,17
DA:206,17
DA:207,17
DA:208,17
DA:209,17
DA:210,17
DA:211,17
DA:212,17
DA:213,17
DA:214,17
DA:215,17
DA:216,17
DA:217,17
DA:218,17
DA:219,17
DA:220,17
DA:221,17
DA:222,0
DA:223,0
DA:224,17
DA:225,17
DA:226,17
DA:227,0
DA:228,0
DA:229,0
DA:230,0
DA:231,0
DA:232,0
DA:233,17
DA:234,17
DA:235,1
DA:236,1
DA:237,5
DA:238,5
DA:239,5
DA:240,0
DA:241,0
DA:242,0
DA:243,0
DA:244,0
DA:245,0
DA:246,0
DA:247,0
DA:248,0
DA:249,0
DA:250,0
DA:251,0
DA:252,0
DA:253,0
DA:254,0
DA:255,0
DA:256,0
DA:257,0
DA:258,0
DA:259,0
DA:260,0
DA:261,0
DA:262,0
DA:263,0
DA:264,0
DA:265,0
DA:266,0
DA:267,0
DA:268,0
DA:269,0
DA:270,0
DA:271,0
DA:272,0
DA:273,0
DA:274,0
DA:275,0
DA:276,0
DA:277,0
DA:278,0
DA:279,0
DA:280,0
DA:281,0
DA:282,5
DA:283,0
DA:284,0
DA:285,0
DA:286,0
DA:287,0
DA:288,0
DA:289,0
DA:290,0
DA:291,0
DA:292,0
DA:293,0
DA:294,0
DA:295,0
DA:296,0
DA:297,0
DA:298,0
DA:299,0
DA:300,0
DA:301,0
DA:302,0
DA:303,0
DA:304,0
DA:305,0
DA:306,0
DA:307,0
DA:308,0
DA:309,0
DA:310,0
DA:311,0
DA:312,0
DA:313,0
DA:314,0
DA:315,0
DA:316,0
DA:317,0
DA:318,0
DA:319,0
DA:320,0
DA:321,0
DA:322,0
DA:323,0
DA:324,0
DA:325,5
DA:326,5
DA:327,5
DA:328,5
DA:329,5
DA:330,2
DA:331,5
DA:332,3
DA:333,3
DA:334,3
DA:335,3
DA:336,3
DA:337,3
DA:338,3
DA:339,3
DA:340,3
DA:341,3
DA:342,3
DA:343,3
DA:344,3
DA:345,3
DA:346,3
DA:347,3
DA:348,3
DA:349,3
DA:350,3
DA:351,3
DA:352,3
DA:353,3
DA:354,3
DA:355,3
DA:356,3
DA:357,3
DA:358,3
DA:359,3
DA:360,3
DA:361,3
DA:362,3
DA:363,3
DA:364,3
DA:365,3
DA:366,3
DA:367,3
DA:368,3
DA:369,3
DA:370,3
DA:371,0
DA:372,0
DA:373,3
DA:374,5
DA:375,5
DA:376,5
DA:377,0
DA:378,0
DA:379,0
DA:380,0
DA:381,0
DA:382,0
DA:383,5
DA:384,5
DA:385,1
DA:386,1
DA:387,1
DA:388,1
DA:389,1
DA:390,1
DA:391,1
DA:392,1
DA:393,1
DA:394,1
DA:395,1
DA:396,1
DA:397,1
DA:398,1
DA:399,0
DA:400,0
DA:401,1
DA:402,1
DA:403,1
DA:404,0
DA:405,0
DA:406,0
DA:407,0
DA:408,0
DA:409,0
DA:410,0
DA:411,0
DA:412,0
DA:413,0
DA:414,0
DA:415,0
DA:416,0
DA:417,0
DA:418,1
DA:419,0
DA:420,0
DA:421,0
DA:422,0
DA:423,0
DA:424,0
DA:425,0
DA:426,0
DA:427,0
DA:428,0
DA:429,0
DA:430,0
DA:431,0
DA:432,1
DA:433,0
DA:434,0
DA:435,0
DA:436,0
DA:437,0
DA:438,0
DA:439,1
DA:440,1
DA:441,1
DA:442,0
DA:443,0
DA:444,1
DA:445,0
DA:446,0
DA:447,0
DA:448,0
DA:449,0
DA:450,0
DA:451,0
DA:452,0
DA:453,0
DA:454,0
DA:455,0
DA:456,0
DA:457,0
DA:458,0
DA:459,0
DA:460,0
DA:461,0
DA:462,0
DA:463,0
DA:464,0
DA:465,0
DA:466,0
DA:467,0
DA:468,0
DA:469,0
DA:470,0
DA:471,0
DA:472,0
DA:473,0
DA:474,0
DA:475,0
DA:476,0
DA:477,0
DA:478,0
DA:479,0
DA:480,0
DA:481,0
DA:482,0
DA:483,0
DA:484,0
DA:485,0
DA:486,0
DA:487,0
DA:488,0
DA:489,0
DA:490,0
DA:491,0
DA:492,0
DA:493,0
DA:494,0
DA:495,0
DA:496,0
DA:497,0
DA:498,0
DA:499,0
DA:500,0
DA:501,0
DA:502,0
DA:503,0
DA:504,0
DA:505,0
DA:506,0
DA:507,0
DA:508,0
DA:509,0
DA:510,0
DA:511,0
DA:512,0
DA:513,0
DA:514,0
DA:515,0
DA:516,0
DA:517,0
DA:518,1
LF:518
LH:264
BRDA:127,0,0,24
BRDA:148,1,0,17
BRDA:151,2,0,0
BRDA:174,3,0,0
BRDA:221,4,0,0
BRDA:226,5,0,0
BRDA:165,6,0,51
BRDA:188,7,0,48
BRDA:219,8,0,68
BRDA:236,9,0,5
BRDA:239,10,0,0
BRDA:282,11,0,0
BRDA:327,12,0,3
BRDA:328,13,0,3
BRDA:329,14,0,2
BRDA:330,15,0,0
BRDA:330,16,0,0
BRDA:331,17,0,3
BRDA:370,18,0,0
BRDA:376,19,0,0
BRDA:274,20,0,18
BRDA:317,21,0,24
BRDA:368,22,0,18
BRDA:385,23,0,1
BRDA:398,24,0,0
BRDA:403,25,0,0
BRDA:418,26,0,0
BRDA:432,27,0,0
BRDA:396,28,0,3
BRDA:411,29,0,9
BRDA:425,30,0,3
BRF:31
BRH:17
end_of_record
TN:
SF:src/services/StatsOrchestrator/StatsOrchestratorServiceBuilder.ts
FN:11,build
FNF:1
FNH:1
FNDA:24,build
DA:1,1
DA:2,1
DA:3,1
DA:4,1
DA:5,1
DA:6,1
DA:7,1
DA:8,1
DA:9,1
DA:10,1
DA:11,1
DA:12,24
DA:13,24
DA:14,24
DA:15,24
DA:16,24
DA:17,24
DA:18,24
DA:19,24
DA:20,24
DA:21,24
DA:22,1
LF:22
LH:22
BRDA:11,0,0,24
BRDA:12,1,0,0
BRF:2
BRH:1
end_of_record
TN:
SF:src/services/account/AccountDataAccess.ts
FN:24,AccountDataAccess
FN:28,createAccounts
FN:64,getAccounts
FN:90,getAccount
FN:133,patchAccount
FN:174,deleteAccount
FNF:6
FNH:5
FNDA:16,AccountDataAccess
FNDA:16,createAccounts
FNDA:17,getAccounts
FNDA:102,getAccount
FNDA:54,patchAccount
FNDA:0,deleteAccount
DA:1,1
DA:2,1
DA:3,1
DA:4,1
DA:5,1
DA:6,1
DA:7,1
DA:8,1
DA:9,1
DA:10,1
DA:11,1
DA:12,1
DA:13,1
DA:14,1
DA:15,1
DA:16,1
DA:17,1
DA:18,1
DA:19,1
DA:20,1
DA:21,1
DA:22,1
DA:23,1
DA:24,1
DA:25,16
DA:26,16
DA:27,16
DA:28,1
DA:29,16
DA:30,16
DA:31,16
DA:32,32
DA:33,32
DA:34,32
DA:35,32
DA:36,32
DA:37,32
DA:38,32
DA:39,16
DA:40,16
DA:41,16
DA:42,32
DA:43,32
DA:44,32
DA:45,32
DA:46,32
DA:47,32
DA:48,16
DA:49,16
DA:50,16
DA:51,16
DA:52,16
DA:53,16
DA:54,16
DA:55,0
DA:56,0
DA:57,0
DA:58,0
DA:59,0
DA:60,0
DA:61,0
DA:62,16
DA:63,1
DA:64,1
DA:65,17
DA:66,17
DA:67,17
DA:68,17
DA:69,17
DA:70,17
DA:71,17
DA:72,17
DA:73,17
DA:74,0
DA:75,17
DA:76,17
DA:77,17
DA:78,17
DA:79,17
DA:80,17
DA:81,0
DA:82,0
DA:83,0
DA:84,0
DA:85,0
DA:86,0
DA:87,0
DA:88,17
DA:89,1
DA:90,1
DA:91,102
DA:92,102
DA:93,102
DA:94,102
DA:95,102
DA:96,102
DA:97,102
DA:98,102
DA:99,102
DA:100,102
DA:101,102
DA:102,102
DA:103,102
DA:104,102
DA:105,102
DA:106,102
DA:107,102
DA:108,102
DA:109,102
DA:110,102
DA:111,102
DA:112,0
DA:113,0
DA:114,0
DA:115,0
DA:116,102
DA:117,102
DA:118,102
DA:119,102
DA:120,102
DA:121,102
DA:122,0
DA:123,0
DA:124,0
DA:125,0
DA:126,0
DA:127,0
DA:128,0
DA:129,0
DA:130,0
DA:131,102
DA:132,1
DA:133,1
DA:134,54
DA:135,54
DA:136,54
DA:137,54
DA:138,54
DA:139,54
DA:140,54
DA:141,54
DA:142,54
DA:143,54
DA:144,54
DA:145,54
DA:146,54
DA:147,54
DA:148,54
DA:149,54
DA:150,54
DA:151,54
DA:152,54
DA:153,54
DA:154,0
DA:155,0
DA:156,0
DA:157,0
DA:158,54
DA:159,54
DA:160,54
DA:161,54
DA:162,54
DA:163,54
DA:164,0
DA:165,0
DA:166,0
DA:167,0
DA:168,0
DA:169,0
DA:170,0
DA:171,0
DA:172,0
DA:173,54
DA:174,1
DA:175,0
DA:176,0
DA:177,0
DA:178,0
DA:179,0
DA:180,0
DA:181,0
DA:182,0
DA:183,0
DA:184,0
DA:185,0
DA:186,0
DA:187,0
DA:188,0
DA:189,0
DA:190,0
DA:191,0
DA:192,0
DA:193,0
DA:194,0
DA:195,0
DA:196,0
DA:197,0
DA:198,0
DA:199,1
LF:199
LH:134
BRDA:24,0,0,16
BRDA:28,1,0,16
BRDA:31,2,0,32
BRDA:39,3,0,0
BRDA:54,4,0,0
BRDA:41,5,0,32
BRDA:64,6,0,17
BRDA:73,7,0,0
BRDA:79,8,0,0
BRDA:79,9,0,0
BRDA:80,10,0,0
BRDA:90,11,0,102
BRDA:111,12,0,0
BRDA:121,13,0,0
BRDA:133,14,0,54
BRDA:150,15,0,0
BRDA:153,16,0,0
BRDA:163,17,0,0
BRF:18
BRH:7
end_of_record
TN:
SF:src/services/account/AccountOrchestrationService.ts
FN:21,AccountOrchestrationService
FN:39,create
FN:65,patch
FN:82,delete
FN:108,updateBalance
FN:117,withTransaction
FNF:6
FNH:5
FNDA:4,AccountOrchestrationService
FNDA:3,create
FNDA:1,patch
FNDA:0,delete
FNDA:1,updateBalance
FNDA:4,withTransaction
DA:1,1
DA:2,1
DA:3,1
DA:4,1
DA:5,1
DA:6,1
DA:7,1
DA:8,1
DA:9,1
DA:10,1
DA:11,1
DA:12,1
DA:13,1
DA:14,1
DA:15,1
DA:16,1
DA:17,1
DA:18,1
DA:19,1
DA:20,1
DA:21,1
DA:22,4
DA:23,4
DA:24,4
DA:25,4
DA:26,4
DA:27,4
DA:28,4
DA:29,4
DA:30,4
DA:31,4
DA:32,4
DA:33,4
DA:34,4
DA:35,4
DA:36,4
DA:37,4
DA:38,1
DA:39,1
DA:40,3
DA:41,3
DA:42,3
DA:43,3
DA:44,0
DA:45,0
DA:46,0
DA:47,0
DA:48,3
DA:49,0
DA:50,0
DA:51,0
DA:52,0
DA:53,3
DA:54,3
DA:55,3
DA:56,3
DA:57,3
DA:58,3
DA:59,3
DA:60,3
DA:61,3
DA:62,3
DA:63,3
DA:64,3
DA:65,1
DA:66,1
DA:67,1
DA:68,1
DA:69,1
DA:70,1
DA:71,1
DA:72,1
DA:73,1
DA:74,0
DA:75,0
DA:76,0
DA:77,0
DA:78,1
DA:79,1
DA:80,1
DA:81,1
DA:82,1
DA:83,0
DA:84,0
DA:85,0
DA:86,0
DA:87,0
DA:88,0
DA:89,0
DA:90,0
DA:91,0
DA:92,0
DA:93,0
DA:94,0
DA:95,0
DA:96,0
DA:97,0
DA:98,0
DA:99,0
DA:100,0
DA:101,0
DA:102,0
DA:103,0
DA:104,0
DA:105,0
DA:106,0
DA:107,1
DA:108,1
DA:109,1
DA:110,0
DA:111,0
DA:112,1
DA:113,1
DA:114,1
DA:115,1
DA:116,1
DA:117,1
DA:118,4
DA:119,4
DA:120,4
DA:121,4
DA:122,4
DA:123,4
DA:124,0
DA:125,0
DA:126,0
DA:127,0
DA:128,0
DA:129,0
DA:130,4
DA:131,4
DA:132,4
DA:133,4
DA:134,4
DA:135,0
DA:136,0
DA:137,0
DA:138,4
DA:139,1
LF:139
LH:92
BRDA:21,0,0,4
BRDA:39,1,0,3
BRDA:40,2,0,3
BRDA:43,3,0,0
BRDA:43,4,0,0
BRDA:48,5,0,0
BRDA:57,6,0,0
BRDA:65,7,0,1
BRDA:66,8,0,1
BRDA:71,9,0,0
BRDA:72,10,0,0
BRDA:73,11,0,0
BRDA:108,12,0,1
BRDA:109,13,0,0
BRDA:117,14,0,4
BRDA:123,15,0,0
BRDA:134,16,0,0
BRF:17
BRH:7
end_of_record
TN:
SF:src/services/account/AccountOrchestrationServiceBuilder.ts
FN:10,build
FNF:1
FNH:1
FNDA:4,build
DA:1,1
DA:2,1
DA:3,1
DA:4,1
DA:5,1
DA:6,1
DA:7,1
DA:8,1
DA:9,1
DA:10,1
DA:11,4
DA:12,4
DA:13,4
DA:14,4
DA:15,4
DA:16,4
DA:17,4
DA:18,4
DA:19,1
LF:19
LH:19
BRDA:10,0,0,4
BRDA:11,1,0,0
BRF:2
BRH:1
end_of_record
TN:
SF:src/services/account/AccountService.ts
FN:24,AccountService
FN:29,createAccount
FN:42,createAccounts
FN:45,patchAccount
FN:48,getAccount
FN:66,getAccounts
FN:69,deleteAccount
FNF:7
FNH:6
FNDA:16,AccountService
FNDA:3,createAccount
FNDA:16,createAccounts
FNDA:54,patchAccount
FNDA:102,getAccount
FNDA:17,getAccounts
FNDA:0,deleteAccount
DA:1,1
DA:2,1
DA:3,1
DA:4,1
DA:5,1
DA:6,1
DA:7,1
DA:8,1
DA:9,1
DA:10,1
DA:11,1
DA:12,1
DA:13,1
DA:14,1
DA:15,1
DA:16,1
DA:17,1
DA:18,1
DA:19,1
DA:20,1
DA:21,1
DA:22,1
DA:23,1
DA:24,1
DA:25,16
DA:26,16
DA:27,16
DA:28,1
DA:29,1
DA:30,3
DA:31,3
DA:32,3
DA:33,3
DA:34,3
DA:35,3
DA:36,3
DA:37,3
DA:38,3
DA:39,3
DA:40,0
DA:41,0
DA:42,1
DA:43,16
DA:44,16
DA:45,1
DA:46,54
DA:47,54
DA:48,1
DA:49,102
DA:50,102
DA:51,0
DA:52,0
DA:53,102
DA:54,0
DA:55,0
DA:56,102
DA:57,102
DA:58,102
DA:59,102
DA:60,102
DA:61,102
DA:62,0
DA:63,0
DA:64,0
DA:65,102
DA:66,1
DA:67,17
DA:68,17
DA:69,1
DA:70,0
DA:71,0
DA:72,1
LF:72
LH:61
BRDA:24,0,0,16
BRDA:29,1,0,3
BRDA:40,2,0,0
BRDA:42,3,0,16
BRDA:45,4,0,54
BRDA:48,5,0,102
BRDA:50,6,0,0
BRDA:53,7,0,0
BRDA:59,8,0,0
BRDA:61,9,0,0
BRDA:66,10,0,17
BRF:11
BRH:6
end_of_record
TN:
SF:src/services/account/AccountServiceBuilder.ts
FN:7,build
FNF:1
FNH:1
FNDA:16,build
DA:1,1
DA:2,1
DA:3,1
DA:4,1
DA:5,1
DA:6,1
DA:7,1
DA:8,16
DA:9,16
DA:10,16
DA:11,1
LF:11
LH:11
BRDA:7,0,0,16
BRDA:8,1,0,0
BRF:2
BRH:1
end_of_record
TN:
SF:src/services/auth/AuthService.ts
FN:23,AuthService
FN:27,refresh
FN:28,throwError
FN:47,logout
FN:62,login
FN:106,createJWToken
FN:131,decode
FNF:7
FNH:6
FNDA:7,AuthService
FNDA:1,refresh
FNDA:0,throwError
FNDA:4,logout
FNDA:3,login
FNDA:48,createJWToken
FNDA:4,decode
DA:1,1
DA:2,1
DA:3,1
DA:4,1
DA:5,1
DA:6,1
DA:7,1
DA:8,1
DA:9,1
DA:10,1
DA:11,1
DA:12,1
DA:13,1
DA:14,1
DA:15,1
DA:16,1
DA:17,1
DA:18,1
DA:19,1
DA:20,1
DA:21,1
DA:22,1
DA:23,1
DA:24,7
DA:25,7
DA:26,7
DA:27,1
DA:28,1
DA:29,0
DA:30,0
DA:31,0
DA:32,0
DA:33,0
DA:34,1
DA:35,1
DA:36,0
DA:37,0
DA:38,1
DA:39,0
DA:40,0
DA:41,1
DA:42,1
DA:43,0
DA:44,0
DA:45,1
DA:46,1
DA:47,1
DA:48,4
DA:49,4
DA:50,0
DA:51,0
DA:52,0
DA:53,0
DA:54,0
DA:55,0
DA:56,4
DA:57,4
DA:58,4
DA:59,4
DA:60,4
DA:61,1
DA:62,1
DA:63,3
DA:64,3
DA:65,3
DA:66,0
DA:67,0
DA:68,0
DA:69,0
DA:70,0
DA:71,0
DA:72,3
DA:73,3
DA:74,3
DA:75,3
DA:76,3
DA:77,1
DA:78,1
DA:79,1
DA:80,1
DA:81,1
DA:82,1
DA:83,2
DA:84,2
DA:85,2
DA:86,2
DA:87,2
DA:88,2
DA:89,2
DA:90,2
DA:91,2
DA:92,2
DA:93,2
DA:94,2
DA:95,2
DA:96,2
DA:97,2
DA:98,2
DA:99,2
DA:100,2
DA:101,3
DA:102,1
DA:103,1
DA:104,1
DA:105,3
DA:106,1
DA:107,48
DA:108,48
DA:109,48
DA:110,48
DA:111,48
DA:112,48
DA:113,48
DA:114,0
DA:115,0
DA:116,0
DA:117,0
DA:118,0
DA:119,0
DA:120,48
DA:121,48
DA:122,48
DA:123,48
DA:124,48
DA:125,48
DA:126,48
DA:127,48
DA:128,48
DA:129,48
DA:130,1
DA:131,1
DA:132,4
DA:133,4
DA:134,4
DA:135,4
DA:136,4
DA:137,4
DA:138,4
DA:139,4
DA:140,4
DA:141,4
DA:142,4
DA:143,4
DA:144,4
DA:145,1
LF:145
LH:116
BRDA:23,0,0,7
BRDA:27,1,0,1
BRDA:35,2,0,0
BRDA:38,3,0,0
BRDA:42,4,0,0
BRDA:42,5,0,0
BRDA:47,6,0,4
BRDA:49,7,0,0
BRDA:49,8,0,0
BRDA:62,9,0,3
BRDA:65,10,0,0
BRDA:76,11,0,1
BRDA:83,12,0,2
BRDA:101,13,0,1
BRDA:106,14,0,48
BRDA:113,15,0,0
BRDA:131,16,0,4
BRDA:135,17,0,0
BRDA:139,18,0,0
BRDA:141,19,0,0
BRF:20
BRH:9
end_of_record
TN:
SF:src/services/auth/AuthServiceBuilder.ts
FN:7,build
FNF:1
FNH:1
FNDA:7,build
DA:1,1
DA:2,1
DA:3,1
DA:4,1
DA:5,1
DA:6,1
DA:7,1
DA:8,7
DA:9,7
DA:10,7
DA:11,7
DA:12,7
DA:13,1
LF:13
LH:13
BRDA:7,0,0,7
BRF:1
BRH:1
end_of_record
TN:
SF:src/services/auth/TokenBlacklist.ts
FN:12,TokenBlacklist
FN:16,instance
FN:23,blacklistToken
FN:42,isBlacklisted
FN:47,keyFor
FNF:5
FNH:5
FNDA:1,TokenBlacklist
FNDA:104,instance
FNDA:4,blacklistToken
FNDA:100,isBlacklisted
FNDA:104,keyFor
DA:1,1
DA:2,1
DA:3,1
DA:4,1
DA:5,1
DA:6,1
DA:7,1
DA:8,1
DA:9,1
DA:10,1
DA:11,1
DA:12,1
DA:13,1
DA:14,1
DA:15,1
DA:16,1
DA:17,104
DA:18,1
DA:19,1
DA:20,104
DA:21,104
DA:22,1
DA:23,1
DA:24,4
DA:25,4
DA:26,4
DA:27,0
DA:28,0
DA:29,0
DA:30,0
DA:31,0
DA:32,0
DA:33,4
DA:34,4
DA:35,4
DA:36,4
DA:37,4
DA:38,4
DA:39,4
DA:40,4
DA:41,1
DA:42,1
DA:43,100
DA:44,100
DA:45,100
DA:46,1
DA:47,1
DA:48,104
DA:49,104
DA:50,104
DA:51,1
DA:52,1
DA:53,1
LF:53
LH:47
BRDA:12,0,0,1
BRDA:16,1,0,104
BRDA:17,2,0,1
BRDA:23,3,0,4
BRDA:26,4,0,0
BRDA:42,5,0,100
BRDA:47,6,0,104
BRF:7
BRH:6
end_of_record
TN:
SF:src/services/auth/TokenBlacklistBuilder.ts
FN:5,build
FNF:1
FNH:1
FNDA:104,build
DA:1,1
DA:2,1
DA:3,1
DA:4,1
DA:5,1
DA:6,104
DA:7,104
DA:8,1
LF:8
LH:8
BRDA:5,0,0,104
BRF:1
BRH:1
end_of_record
TN:
SF:src/services/auth/passport-setup.ts
FN:28,passportSetup
FNF:1
FNH:1
FNDA:1,passportSetup
DA:1,1
DA:2,1
DA:3,1
DA:4,1
DA:5,1
DA:6,1
DA:7,1
DA:8,1
DA:9,1
DA:10,1
DA:11,1
DA:12,1
DA:13,1
DA:14,1
DA:15,1
DA:16,1
DA:17,1
DA:18,1
DA:19,1
DA:20,1
DA:21,1
DA:22,1
DA:23,1
DA:24,1
DA:25,1
DA:26,1
DA:27,1
DA:28,1
DA:29,1
DA:30,1
DA:31,1
DA:32,0
DA:33,0
DA:34,0
DA:35,0
DA:36,0
DA:37,0
DA:38,0
DA:39,0
DA:40,0
DA:41,0
DA:42,0
DA:43,0
DA:44,1
DA:45,1
DA:46,1
DA:47,1
DA:48,1
LF:48
LH:36
BRDA:28,0,0,1
BRF:1
BRH:1
end_of_record
TN:
SF:src/services/balance/BalanceDataAccess.ts
FN:22,BalanceDataAccess
FN:26,get
FN:55,post
FN:90,patch
FNF:4
FNH:4
FNDA:16,BalanceDataAccess
FNDA:10,get
FNDA:16,post
FNDA:19,patch
DA:1,1
DA:2,1
DA:3,1
DA:4,1
DA:5,1
DA:6,1
DA:7,1
DA:8,1
DA:9,1
DA:10,1
DA:11,1
DA:12,1
DA:13,1
DA:14,1
DA:15,1
DA:16,1
DA:17,1
DA:18,1
DA:19,1
DA:20,1
DA:21,1
DA:22,1
DA:23,16
DA:24,16
DA:25,16
DA:26,1
DA:27,10
DA:28,10
DA:29,10
DA:30,10
DA:31,10
DA:32,10
DA:33,10
DA:34,10
DA:35,10
DA:36,10
DA:37,0
DA:38,0
DA:39,0
DA:40,0
DA:41,10
DA:42,10
DA:43,10
DA:44,10
DA:45,10
DA:46,10
DA:47,0
DA:48,0
DA:49,0
DA:50,0
DA:51,0
DA:52,0
DA:53,0
DA:54,10
DA:55,1
DA:56,16
DA:57,16
DA:58,16
DA:59,16
DA:60,16
DA:61,16
DA:62,16
DA:63,16
DA:64,16
DA:65,16
DA:66,16
DA:67,16
DA:68,16
DA:69,16
DA:70,16
DA:71,16
DA:72,0
DA:73,0
DA:74,0
DA:75,0
DA:76,16
DA:77,16
DA:78,16
DA:79,16
DA:80,16
DA:81,16
DA:82,0
DA:83,0
DA:84,0
DA:85,0
DA:86,0
DA:87,0
DA:88,0
DA:89,16
DA:90,1
DA:91,19
DA:92,19
DA:93,19
DA:94,19
DA:95,19
DA:96,19
DA:97,19
DA:98,19
DA:99,19
DA:100,19
DA:101,19
DA:102,19
DA:103,19
DA:104,19
DA:105,19
DA:106,19
DA:107,19
DA:108,19
DA:109,19
DA:110,19
DA:111,19
DA:112,0
DA:113,0
DA:114,0
DA:115,0
DA:116,19
DA:117,19
DA:118,19
DA:119,19
DA:120,19
DA:121,19
DA:122,0
DA:123,0
DA:124,0
DA:125,0
DA:126,0
DA:127,0
DA:128,0
DA:129,19
DA:130,1
LF:130
LH:97
BRDA:22,0,0,16
BRDA:26,1,0,10
BRDA:36,2,0,0
BRDA:46,3,0,0
BRDA:55,4,0,16
BRDA:62,5,0,0
BRDA:71,6,0,0
BRDA:81,7,0,0
BRDA:90,8,0,19
BRDA:98,9,0,0
BRDA:111,10,0,0
BRDA:121,11,0,0
BRDA:99,12,0,19
BRF:13
BRH:5
end_of_record
TN:
SF:src/services/balance/BalanceService.ts
FN:25,BalanceService
FN:37,get
FN:40,error
FN:48,post
FN:52,patch
FNF:5
FNH:4
FNDA:16,BalanceService
FNDA:10,get
FNDA:0,error
FNDA:16,post
FNDA:19,patch
DA:1,1
DA:2,1
DA:3,1
DA:4,1
DA:5,1
DA:6,1
DA:7,1
DA:8,1
DA:9,1
DA:10,1
DA:11,1
DA:12,1
DA:13,1
DA:14,1
DA:15,1
DA:16,1
DA:17,1
DA:18,1
DA:19,1
DA:20,1
DA:21,1
DA:22,1
DA:23,1
DA:24,1
DA:25,1
DA:26,16
DA:27,16
DA:28,16
DA:29,16
DA:30,16
DA:31,16
DA:32,16
DA:33,16
DA:34,16
DA:35,16
DA:36,16
DA:37,1
DA:38,10
DA:39,10
DA:40,1
DA:41,0
DA:42,0
DA:43,0
DA:44,0
DA:45,0
DA:46,0
DA:47,0
DA:48,1
DA:49,16
DA:50,16
DA:51,1
DA:52,1
DA:53,19
DA:54,19
DA:55,19
DA:56,19
DA:57,0
DA:58,0
DA:59,19
DA:60,19
DA:61,19
DA:62,19
DA:63,19
DA:64,19
DA:65,19
DA:66,19
DA:67,19
DA:68,0
DA:69,0
DA:70,0
DA:71,0
DA:72,0
DA:73,0
DA:74,0
DA:75,0
DA:76,0
DA:77,0
DA:78,0
DA:79,0
DA:80,0
DA:81,0
DA:82,0
DA:83,0
DA:84,0
DA:85,19
DA:86,1
LF:86
LH:60
BRDA:25,0,0,16
BRDA:37,1,0,10
BRDA:48,2,0,16
BRDA:52,3,0,19
BRDA:56,4,0,0
BRDA:56,5,0,0
BRDA:59,6,0,0
BRDA:60,7,0,0
BRDA:65,8,0,0
BRDA:65,9,0,0
BRDA:65,10,0,0
BRDA:67,11,0,0
BRDA:67,12,0,0
BRF:13
BRH:4
end_of_record
TN:
SF:src/services/balance/BalanceServiceBuilder.ts
FN:10,build
FNF:1
FNH:1
FNDA:16,build
DA:1,1
DA:2,1
DA:3,1
DA:4,1
DA:5,1
DA:6,1
DA:7,1
DA:8,1
DA:9,1
DA:10,1
DA:11,16
DA:12,16
DA:13,16
DA:14,16
DA:15,16
DA:16,16
DA:17,16
DA:18,16
DA:19,1
LF:19
LH:19
BRDA:10,0,0,16
BRDA:11,1,0,0
BRF:2
BRH:1
end_of_record
TN:
SF:src/services/category/CategoryDataAccess.ts
FN:23,CategoryDataAccess
FN:27,getStats
FN:72,create
FN:104,gets
FN:128,get
FN:163,patch
FN:198,delete
FN:223,getCategoryBaseQuery
FNF:8
FNH:7
FNDA:16,CategoryDataAccess
FNDA:0,getStats
FNDA:16,create
FNDA:17,gets
FNDA:1,get
FNDA:7,patch
FNDA:1,delete
FNDA:17,getCategoryBaseQuery
DA:1,1
DA:2,1
DA:3,1
DA:4,1
DA:5,1
DA:6,1
DA:7,1
DA:8,1
DA:9,1
DA:10,1
DA:11,1
DA:12,1
DA:13,1
DA:14,1
DA:15,1
DA:16,1
DA:17,1
DA:18,1
DA:19,1
DA:20,1
DA:21,1
DA:22,1
DA:23,1
DA:24,16
DA:25,16
DA:26,16
DA:27,1
DA:28,0
DA:29,0
DA:30,0
DA:31,0
DA:32,0
DA:33,0
DA:34,0
DA:35,0
DA:36,0
DA:37,0
DA:38,0
DA:39,0
DA:40,0
DA:41,0
DA:42,0
DA:43,0
DA:44,0
DA:45,0
DA:46,0
DA:47,0
DA:48,0
DA:49,0
DA:50,0
DA:51,0
DA:52,0
DA:53,0
DA:54,0
DA:55,0
DA:56,0
DA:57,0
DA:58,0
DA:59,0
DA:60,0
DA:61,0
DA:62,0
DA:63,0
DA:64,0
DA:65,0
DA:66,0
DA:67,0
DA:68,0
DA:69,0
DA:70,0
DA:71,1
DA:72,1
DA:73,16
DA:74,16
DA:75,16
DA:76,16
DA:77,16
DA:78,192
DA:79,192
DA:80,192
DA:81,192
DA:82,16
DA:83,16
DA:84,16
DA:85,16
DA:86,16
DA:87,16
DA:88,16
DA:89,16
DA:90,16
DA:91,16
DA:92,16
DA:93,16
DA:94,16
DA:95,0
DA:96,0
DA:97,0
DA:98,0
DA:99,0
DA:100,0
DA:101,0
DA:102,16
DA:103,1
DA:104,1
DA:105,17
DA:106,17
DA:107,17
DA:108,17
DA:109,17
DA:110,17
DA:111,17
DA:112,17
DA:113,17
DA:114,17
DA:115,0
DA:116,0
DA:117,17
DA:118,17
DA:119,0
DA:120,0
DA:121,0
DA:122,0
DA:123,0
DA:124,0
DA:125,0
DA:126,17
DA:127,1
DA:128,1
DA:129,1
DA:130,1
DA:131,1
DA:132,1
DA:133,1
DA:134,1
DA:135,1
DA:136,1
DA:137,1
DA:138,0
DA:139,1
DA:140,1
DA:141,1
DA:142,1
DA:143,1
DA:144,1
DA:145,0
DA:146,0
DA:147,0
DA:148,1
DA:149,1
DA:150,1
DA:151,1
DA:152,1
DA:153,1
DA:154,1
DA:155,1
DA:156,1
DA:157,1
DA:158,1
DA:159,1
DA:160,1
DA:161,1
DA:162,1
DA:163,1
DA:164,7
DA:165,7
DA:166,7
DA:167,7
DA:168,7
DA:169,7
DA:170,7
DA:171,7
DA:172,7
DA:173,7
DA:174,7
DA:175,7
DA:176,7
DA:177,7
DA:178,3
DA:179,3
DA:180,3
DA:181,3
DA:182,7
DA:183,4
DA:184,4
DA:185,4
DA:186,4
DA:187,7
DA:188,3
DA:189,3
DA:190,3
DA:191,3
DA:192,3
DA:193,3
DA:194,3
DA:195,3
DA:196,3
DA:197,7
DA:198,1
DA:199,1
DA:200,1
DA:201,1
DA:202,1
DA:203,1
DA:204,1
DA:205,0
DA:206,0
DA:207,0
DA:208,0
DA:209,0
DA:210,1
DA:211,1
DA:212,1
DA:213,0
DA:214,0
DA:215,0
DA:216,0
DA:217,0
DA:218,0
DA:219,0
DA:220,0
DA:221,0
DA:222,1
DA:223,1
DA:224,17
DA:225,17
DA:226,17
DA:227,17
DA:228,17
DA:229,17
DA:230,17
DA:231,17
DA:232,17
DA:233,17
DA:234,17
DA:235,17
DA:236,17
DA:237,17
DA:238,17
DA:239,1
LF:239
LH:162
BRDA:23,0,0,16
BRDA:72,1,0,16
BRDA:74,2,0,0
BRDA:94,3,0,0
BRDA:77,4,0,192
BRDA:104,5,0,17
BRDA:114,6,0,0
BRDA:118,7,0,0
BRDA:128,8,0,1
BRDA:137,9,0,0
BRDA:145,10,0,0
BRDA:148,11,0,0
BRDA:148,12,0,0
BRDA:148,13,0,0
BRDA:148,14,0,0
BRDA:149,15,0,0
BRDA:149,16,0,0
BRDA:149,17,0,0
BRDA:149,18,0,0
BRDA:149,19,0,0
BRDA:157,20,0,0
BRDA:157,21,0,0
BRDA:158,22,0,0
BRDA:158,23,0,0
BRDA:163,24,0,7
BRDA:177,25,0,3
BRDA:182,26,0,4
BRDA:187,27,0,3
BRDA:193,28,0,0
BRDA:193,29,0,0
BRDA:194,30,0,0
BRDA:194,31,0,0
BRDA:198,32,0,1
BRDA:202,33,0,0
BRDA:204,34,0,0
BRDA:212,35,0,0
BRDA:223,36,0,17
BRF:37
BRH:11
end_of_record
TN:
SF:src/services/category/CategoryService.ts
FN:23,CategoryService
FN:27,getStats
FN:39,create
FN:48,creates
FN:51,patch
FN:54,get
FN:68,gets
FN:71,delete
FNF:8
FNH:7
FNDA:16,CategoryService
FNDA:0,getStats
FNDA:1,create
FNDA:16,creates
FNDA:7,patch
FNDA:1,get
FNDA:17,gets
FNDA:1,delete
DA:1,1
DA:2,1
DA:3,1
DA:4,1
DA:5,1
DA:6,1
DA:7,1
DA:8,1
DA:9,1
DA:10,1
DA:11,1
DA:12,1
DA:13,1
DA:14,1
DA:15,1
DA:16,1
DA:17,1
DA:18,1
DA:19,1
DA:20,1
DA:21,1
DA:22,1
DA:23,1
DA:24,16
DA:25,16
DA:26,16
DA:27,1
DA:28,0
DA:29,0
DA:30,0
DA:31,0
DA:32,0
DA:33,0
DA:34,0
DA:35,0
DA:36,0
DA:37,0
DA:38,1
DA:39,1
DA:40,1
DA:41,1
DA:42,1
DA:43,1
DA:44,1
DA:45,1
DA:46,1
DA:47,1
DA:48,1
DA:49,16
DA:50,16
DA:51,1
DA:52,7
DA:53,7
DA:54,1
DA:55,1
DA:56,1
DA:57,0
DA:58,0
DA:59,1
DA:60,0
DA:61,0
DA:62,1
DA:63,1
DA:64,1
DA:65,1
DA:66,1
DA:67,1
DA:68,1
DA:69,17
DA:70,17
DA:71,1
DA:72,1
DA:73,1
DA:74,1
LF:74
LH:60
BRDA:23,0,0,16
BRDA:39,1,0,1
BRDA:48,2,0,16
BRDA:51,3,0,7
BRDA:54,4,0,1
BRDA:56,5,0,0
BRDA:59,6,0,0
BRDA:68,7,0,17
BRDA:71,8,0,1
BRF:9
BRH:7
end_of_record
TN:
SF:src/services/category/CategoryServiceBuilder.ts
FN:7,build
FNF:1
FNH:1
FNDA:16,build
DA:1,1
DA:2,1
DA:3,1
DA:4,1
DA:5,1
DA:6,1
DA:7,1
DA:8,16
DA:9,16
DA:10,1
LF:10
LH:10
BRDA:7,0,0,16
BRDA:8,1,0,0
BRF:2
BRH:1
end_of_record
TN:
SF:src/services/confirmation/ConfirmationHelper.ts
FN:8,generateCode
FN:14,createExpiresAt
FN:20,validateCode
FN:31,assertExists
FNF:4
FNH:3
FNDA:33,generateCode
FNDA:33,createExpiresAt
FNDA:30,validateCode
FNDA:0,assertExists
DA:1,1
DA:2,1
DA:3,1
DA:4,1
DA:5,1
DA:6,1
DA:7,1
DA:8,1
DA:9,33
DA:10,33
DA:11,33
DA:12,33
DA:13,1
DA:14,1
DA:15,33
DA:16,33
DA:17,33
DA:18,33
DA:19,1
DA:20,1
DA:21,30
DA:22,2
DA:23,2
DA:24,2
DA:25,2
DA:26,2
DA:27,2
DA:28,2
DA:29,30
DA:30,1
DA:31,1
DA:32,0
DA:33,0
DA:34,1
LF:34
LH:32
BRDA:8,0,0,33
BRDA:14,1,0,33
BRDA:20,2,0,30
BRDA:21,3,0,2
BRF:4
BRH:4
end_of_record
TN:
SF:src/services/currency/CurrencyDataAccess.ts
FN:22,CurrencyDataAccess
FN:27,gets
FN:41,genericGet
FN:90,getByCurrencyCode
FN:93,getById
FN:96,getBySymbol
FN:99,getByName
FNF:7
FNH:5
FNDA:48,CurrencyDataAccess
FNDA:1,gets
FNDA:16,genericGet
FNDA:16,getByCurrencyCode
FNDA:19,getById
FNDA:0,getBySymbol
FNDA:0,getByName
DA:1,1
DA:2,1
DA:3,1
DA:4,1
DA:5,1
DA:6,1
DA:7,1
DA:8,1
DA:9,1
DA:10,1
DA:11,1
DA:12,1
DA:13,1
DA:14,1
DA:15,1
DA:16,1
DA:17,1
DA:18,1
DA:19,1
DA:20,1
DA:21,1
DA:22,1
DA:23,48
DA:24,48
DA:25,48
DA:26,1
DA:27,1
DA:28,1
DA:29,1
DA:30,1
DA:31,1
DA:32,1
DA:33,1
DA:34,1
DA:35,1
DA:36,1
DA:37,0
DA:38,0
DA:39,0
DA:40,1
DA:41,1
DA:42,16
DA:43,16
DA:44,16
DA:45,16
DA:46,16
DA:47,16
DA:48,16
DA:49,16
DA:50,16
DA:51,0
DA:52,0
DA:53,0
DA:54,0
DA:55,16
DA:56,16
DA:57,16
DA:58,16
DA:59,16
DA:60,16
DA:61,0
DA:62,0
DA:63,0
DA:64,0
DA:65,16
DA:66,16
DA:67,16
DA:68,16
DA:69,16
DA:70,16
DA:71,16
DA:72,16
DA:73,16
DA:74,16
DA:75,0
DA:76,0
DA:77,0
DA:78,0
DA:79,0
DA:80,16
DA:81,0
DA:82,0
DA:83,0
DA:84,0
DA:85,0
DA:86,0
DA:87,0
DA:88,16
DA:89,1
DA:90,1
DA:91,16
DA:92,16
DA:93,1
DA:94,19
DA:95,19
DA:96,1
DA:97,0
DA:98,0
DA:99,1
DA:100,0
DA:101,0
DA:102,1
LF:102
LH:75
BRDA:22,0,0,48
BRDA:27,1,0,1
BRDA:36,2,0,0
BRDA:41,3,0,16
BRDA:50,4,0,0
BRDA:60,5,0,0
BRDA:74,6,0,0
BRDA:80,7,0,0
BRDA:90,8,0,16
BRDA:93,9,0,19
BRF:10
BRH:5
end_of_record
TN:
SF:src/services/currency/CurrencyService.ts
FN:17,CurrencyService
FN:22,gets
FN:26,getByCurrencyCode
FN:29,getById
FN:32,getByName
FN:35,getBySymbol
FNF:6
FNH:4
FNDA:48,CurrencyService
FNDA:1,gets
FNDA:16,getByCurrencyCode
FNDA:19,getById
FNDA:0,getByName
FNDA:0,getBySymbol
DA:1,1
DA:2,1
DA:3,1
DA:4,1
DA:5,1
DA:6,1
DA:7,1
DA:8,1
DA:9,1
DA:10,1
DA:11,1
DA:12,1
DA:13,1
DA:14,1
DA:15,1
DA:16,1
DA:17,1
DA:18,48
DA:19,48
DA:20,48
DA:21,1
DA:22,1
DA:23,1
DA:24,1
DA:25,1
DA:26,1
DA:27,16
DA:28,16
DA:29,1
DA:30,19
DA:31,19
DA:32,1
DA:33,0
DA:34,0
DA:35,1
DA:36,0
DA:37,0
DA:38,1
LF:38
LH:34
BRDA:17,0,0,48
BRDA:22,1,0,1
BRDA:26,2,0,16
BRDA:29,3,0,19
BRF:4
BRH:4
end_of_record
TN:
SF:src/services/currency/CurrencyServiceBuilder.ts
FN:6,build
FNF:1
FNH:1
FNDA:48,build
DA:1,1
DA:2,1
DA:3,1
DA:4,1
DA:5,1
DA:6,1
DA:7,48
DA:8,48
DA:9,1
LF:9
LH:9
BRDA:6,0,0,48
BRF:1
BRH:1
end_of_record
TN:
SF:src/services/dailyAccountStats/DailyAccountStatsDataAccess.ts
FN:42,DailyAccountStatsDataAccess
FN:46,summary
FN:78,addToScore
FN:117,subtractFromScore
FN:156,updateTotal
FNF:5
FNH:4
FNDA:24,DailyAccountStatsDataAccess
FNDA:0,summary
FNDA:6,addToScore
FNDA:6,subtractFromScore
FNDA:34,updateTotal
DA:1,1
DA:2,1
DA:3,1
DA:4,1
DA:5,1
DA:6,1
DA:7,1
DA:8,1
DA:9,1
DA:10,1
DA:11,1
DA:12,1
DA:13,1
DA:14,1
DA:15,1
DA:16,1
DA:17,1
DA:18,1
DA:19,1
DA:20,1
DA:21,1
DA:22,1
DA:23,1
DA:24,1
DA:25,1
DA:26,1
DA:27,1
DA:28,1
DA:29,1
DA:30,1
DA:31,1
DA:32,1
DA:33,1
DA:34,1
DA:35,1
DA:36,1
DA:37,1
DA:38,1
DA:39,1
DA:40,1
DA:41,1
DA:42,1
DA:43,24
DA:44,24
DA:45,1
DA:46,1
DA:47,0
DA:48,0
DA:49,0
DA:50,0
DA:51,0
DA:52,0
DA:53,0
DA:54,0
DA:55,0
DA:56,0
DA:57,0
DA:58,0
DA:59,0
DA:60,0
DA:61,0
DA:62,0
DA:63,0
DA:64,0
DA:65,0
DA:66,0
DA:67,0
DA:68,0
DA:69,0
DA:70,0
DA:71,0
DA:72,0
DA:73,0
DA:74,0
DA:75,0
DA:76,0
DA:77,1
DA:78,1
DA:79,6
DA:80,6
DA:81,6
DA:82,6
DA:83,6
DA:84,6
DA:85,6
DA:86,6
DA:87,6
DA:88,6
DA:89,6
DA:90,6
DA:91,6
DA:92,6
DA:93,6
DA:94,6
DA:95,6
DA:96,6
DA:97,6
DA:98,6
DA:99,6
DA:100,6
DA:101,6
DA:102,6
DA:103,6
DA:104,6
DA:105,6
DA:106,6
DA:107,6
DA:108,0
DA:109,0
DA:110,0
DA:111,0
DA:112,0
DA:113,0
DA:114,0
DA:115,6
DA:116,1
DA:117,1
DA:118,6
DA:119,6
DA:120,6
DA:121,6
DA:122,6
DA:123,6
DA:124,6
DA:125,6
DA:126,6
DA:127,6
DA:128,6
DA:129,6
DA:130,6
DA:131,6
DA:132,6
DA:133,6
DA:134,6
DA:135,6
DA:136,6
DA:137,6
DA:138,6
DA:139,6
DA:140,6
DA:141,6
DA:142,6
DA:143,6
DA:144,6
DA:145,6
DA:146,6
DA:147,0
DA:148,0
DA:149,0
DA:150,0
DA:151,0
DA:152,0
DA:153,0
DA:154,6
DA:155,1
DA:156,1
DA:157,34
DA:158,34
DA:159,34
DA:160,34
DA:161,34
DA:162,34
DA:163,34
DA:164,34
DA:165,34
DA:166,34
DA:167,34
DA:168,34
DA:169,34
DA:170,34
DA:171,34
DA:172,34
DA:173,34
DA:174,34
DA:175,34
DA:176,34
DA:177,34
DA:178,34
DA:179,34
DA:180,34
DA:181,34
DA:182,34
DA:183,34
DA:184,34
DA:185,34
DA:186,34
DA:187,34
DA:188,0
DA:189,0
DA:190,0
DA:191,0
DA:192,0
DA:193,0
DA:194,0
DA:195,34
DA:196,1
LF:196
LH:145
BRDA:42,0,0,24
BRDA:78,1,0,6
BRDA:88,2,0,0
BRDA:107,3,0,0
BRDA:117,4,0,6
BRDA:127,5,0,0
BRDA:146,6,0,0
BRDA:156,7,0,34
BRDA:165,8,0,0
BRDA:187,9,0,0
BRF:10
BRH:4
end_of_record
TN:
SF:src/services/dailyAccountStats/DailyAccountStatsService.ts
FN:41,DailyAccountStatsService
FN:44,summary
FN:55,updateTotal
FN:66,addToScore
FN:78,subtractFromScore
FNF:5
FNH:4
FNDA:24,DailyAccountStatsService
FNDA:0,summary
FNDA:34,updateTotal
FNDA:6,addToScore
FNDA:6,subtractFromScore
DA:1,1
DA:2,1
DA:3,1
DA:4,1
DA:5,1
DA:6,1
DA:7,1
DA:8,1
DA:9,1
DA:10,1
DA:11,1
DA:12,1
DA:13,1
DA:14,1
DA:15,1
DA:16,1
DA:17,1
DA:18,1
DA:19,1
DA:20,1
DA:21,1
DA:22,1
DA:23,1
DA:24,1
DA:25,1
DA:26,1
DA:27,1
DA:28,1
DA:29,1
DA:30,1
DA:31,1
DA:32,1
DA:33,1
DA:34,1
DA:35,1
DA:36,1
DA:37,1
DA:38,1
DA:39,1
DA:40,1
DA:41,1
DA:42,24
DA:43,24
DA:44,1
DA:45,0
DA:46,0
DA:47,0
DA:48,0
DA:49,0
DA:50,0
DA:51,0
DA:52,0
DA:53,0
DA:54,1
DA:55,1
DA:56,34
DA:57,34
DA:58,34
DA:59,34
DA:60,34
DA:61,34
DA:62,34
DA:63,34
DA:64,34
DA:65,34
DA:66,1
DA:67,6
DA:68,6
DA:69,6
DA:70,6
DA:71,6
DA:72,6
DA:73,6
DA:74,6
DA:75,6
DA:76,6
DA:77,1
DA:78,1
DA:79,6
DA:80,6
DA:81,6
DA:82,6
DA:83,6
DA:84,6
DA:85,6
DA:86,6
DA:87,6
DA:88,6
DA:89,1
LF:89
LH:80
BRDA:41,0,0,24
BRDA:55,1,0,34
BRDA:66,2,0,6
BRDA:78,3,0,6
BRF:4
BRH:4
end_of_record
TN:
SF:src/services/dailyAccountStats/DailyAccountStatsServiceBuilder.ts
FN:7,build
FNF:1
FNH:1
FNDA:24,build
DA:1,1
DA:2,1
DA:3,1
DA:4,1
DA:5,1
DA:6,1
DA:7,1
DA:8,24
DA:9,24
DA:10,24
DA:11,1
LF:11
LH:11
BRDA:7,0,0,24
BRDA:8,1,0,0
BRF:2
BRH:1
end_of_record
TN:
SF:src/services/dailyCategoryStats/DailyCategoryStatsDataAccess.ts
FN:21,DailyCategoryStatsDataAccess
FN:25,summary
FN:51,addToScore
FN:86,subtractFromScore
FN:121,updateTotal
FNF:5
FNH:4
FNDA:24,DailyCategoryStatsDataAccess
FNDA:0,summary
FNDA:4,addToScore
FNDA:4,subtractFromScore
FNDA:16,updateTotal
DA:1,1
DA:2,1
DA:3,1
DA:4,1
DA:5,1
DA:6,1
DA:7,1
DA:8,1
DA:9,1
DA:10,1
DA:11,1
DA:12,1
DA:13,1
DA:14,1
DA:15,1
DA:16,1
DA:17,1
DA:18,1
DA:19,1
DA:20,1
DA:21,1
DA:22,24
DA:23,24
DA:24,1
DA:25,1
DA:26,0
DA:27,0
DA:28,0
DA:29,0
DA:30,0
DA:31,0
DA:32,0
DA:33,0
DA:34,0
DA:35,0
DA:36,0
DA:37,0
DA:38,0
DA:39,0
DA:40,0
DA:41,0
DA:42,0
DA:43,0
DA:44,0
DA:45,0
DA:46,0
DA:47,0
DA:48,0
DA:49,0
DA:50,1
DA:51,1
DA:52,4
DA:53,4
DA:54,4
DA:55,4
DA:56,4
DA:57,4
DA:58,4
DA:59,4
DA:60,4
DA:61,4
DA:62,4
DA:63,4
DA:64,4
DA:65,4
DA:66,4
DA:67,4
DA:68,4
DA:69,4
DA:70,4
DA:71,4
DA:72,4
DA:73,4
DA:74,4
DA:75,4
DA:76,4
DA:77,0
DA:78,0
DA:79,0
DA:80,0
DA:81,0
DA:82,0
DA:83,0
DA:84,4
DA:85,1
DA:86,1
DA:87,4
DA:88,4
DA:89,4
DA:90,4
DA:91,4
DA:92,4
DA:93,4
DA:94,4
DA:95,4
DA:96,4
DA:97,4
DA:98,4
DA:99,4
DA:100,4
DA:101,4
DA:102,4
DA:103,4
DA:104,4
DA:105,4
DA:106,4
DA:107,4
DA:108,4
DA:109,4
DA:110,4
DA:111,4
DA:112,0
DA:113,0
DA:114,0
DA:115,0
DA:116,0
DA:117,0
DA:118,0
DA:119,4
DA:120,1
DA:121,1
DA:122,16
DA:123,16
DA:124,16
DA:125,16
DA:126,16
DA:127,16
DA:128,16
DA:129,16
DA:130,16
DA:131,16
DA:132,16
DA:133,16
DA:134,16
DA:135,16
DA:136,16
DA:137,16
DA:138,16
DA:139,16
DA:140,0
DA:141,0
DA:142,0
DA:143,0
DA:144,0
DA:145,0
DA:146,0
DA:147,16
DA:148,1
LF:148
LH:103
BRDA:21,0,0,24
BRDA:51,1,0,4
BRDA:60,2,0,0
BRDA:76,3,0,0
BRDA:86,4,0,4
BRDA:95,5,0,0
BRDA:111,6,0,0
BRDA:121,7,0,16
BRDA:123,8,0,0
BRDA:139,9,0,0
BRF:10
BRH:4
end_of_record
TN:
SF:src/services/dailyCategoryStats/DailyCategoryStatsService.ts
FN:20,DailyCategoryStatsService
FN:23,summary
FN:29,updateTotal
FN:33,addToScore
FN:44,subtractFromScore
FNF:5
FNH:4
FNDA:24,DailyCategoryStatsService
FNDA:0,summary
FNDA:16,updateTotal
FNDA:4,addToScore
FNDA:4,subtractFromScore
DA:1,1
DA:2,1
DA:3,1
DA:4,1
DA:5,1
DA:6,1
DA:7,1
DA:8,1
DA:9,1
DA:10,1
DA:11,1
DA:12,1
DA:13,1
DA:14,1
DA:15,1
DA:16,1
DA:17,1
DA:18,1
DA:19,1
DA:20,1
DA:21,24
DA:22,24
DA:23,1
DA:24,0
DA:25,0
DA:26,0
DA:27,0
DA:28,1
DA:29,1
DA:30,16
DA:31,16
DA:32,16
DA:33,1
DA:34,4
DA:35,4
DA:36,4
DA:37,4
DA:38,4
DA:39,4
DA:40,4
DA:41,4
DA:42,4
DA:43,1
DA:44,1
DA:45,4
DA:46,4
DA:47,4
DA:48,4
DA:49,4
DA:50,4
DA:51,4
DA:52,4
DA:53,4
DA:54,1
LF:54
LH:50
BRDA:20,0,0,24
BRDA:29,1,0,16
BRDA:33,2,0,4
BRDA:44,3,0,4
BRF:4
BRH:4
end_of_record
TN:
SF:src/services/dailyCategoryStats/DailyCategoryStatsServiceBuilder.ts
FN:7,build
FNF:1
FNH:1
FNDA:24,build
DA:1,1
DA:2,1
DA:3,1
DA:4,1
DA:5,1
DA:6,1
DA:7,1
DA:8,24
DA:9,24
DA:10,24
DA:11,1
LF:11
LH:11
BRDA:7,0,0,24
BRDA:8,1,0,0
BRF:2
BRH:1
end_of_record
TN:
SF:src/services/dailyIncomeStats/DailyIncomeStatsDataAccess.ts
FN:15,DailyIncomeStatsDataAccess
FN:19,summary
FN:45,addToScore
FN:80,subtractFromScore
FN:115,updateTotal
FNF:5
FNH:4
FNDA:24,DailyIncomeStatsDataAccess
FNDA:0,summary
FNDA:3,addToScore
FNDA:3,subtractFromScore
FNDA:17,updateTotal
DA:1,1
DA:2,1
DA:3,1
DA:4,1
DA:5,1
DA:6,1
DA:7,1
DA:8,1
DA:9,1
DA:10,1
DA:11,1
DA:12,1
DA:13,1
DA:14,1
DA:15,1
DA:16,24
DA:17,24
DA:18,1
DA:19,1
DA:20,0
DA:21,0
DA:22,0
DA:23,0
DA:24,0
DA:25,0
DA:26,0
DA:27,0
DA:28,0
DA:29,0
DA:30,0
DA:31,0
DA:32,0
DA:33,0
DA:34,0
DA:35,0
DA:36,0
DA:37,0
DA:38,0
DA:39,0
DA:40,0
DA:41,0
DA:42,0
DA:43,0
DA:44,1
DA:45,1
DA:46,3
DA:47,3
DA:48,3
DA:49,3
DA:50,3
DA:51,3
DA:52,3
DA:53,3
DA:54,3
DA:55,3
DA:56,3
DA:57,3
DA:58,3
DA:59,3
DA:60,3
DA:61,3
DA:62,3
DA:63,3
DA:64,3
DA:65,3
DA:66,3
DA:67,3
DA:68,3
DA:69,3
DA:70,3
DA:71,0
DA:72,0
DA:73,0
DA:74,0
DA:75,0
DA:76,0
DA:77,0
DA:78,3
DA:79,1
DA:80,1
DA:81,3
DA:82,3
DA:83,3
DA:84,3
DA:85,3
DA:86,3
DA:87,3
DA:88,3
DA:89,3
DA:90,3
DA:91,3
DA:92,3
DA:93,3
DA:94,3
DA:95,3
DA:96,3
DA:97,3
DA:98,3
DA:99,3
DA:100,3
DA:101,3
DA:102,3
DA:103,3
DA:104,3
DA:105,3
DA:106,0
DA:107,0
DA:108,0
DA:109,0
DA:110,0
DA:111,0
DA:112,0
DA:113,3
DA:114,1
DA:115,1
DA:116,17
DA:117,17
DA:118,17
DA:119,17
DA:120,17
DA:121,17
DA:122,17
DA:123,17
DA:124,17
DA:125,17
DA:126,17
DA:127,17
DA:128,17
DA:129,17
DA:130,17
DA:131,17
DA:132,17
DA:133,17
DA:134,0
DA:135,0
DA:136,0
DA:137,0
DA:138,0
DA:139,0
DA:140,0
DA:141,17
DA:142,1
LF:142
LH:97
BRDA:15,0,0,24
BRDA:45,1,0,3
BRDA:54,2,0,0
BRDA:70,3,0,0
BRDA:80,4,0,3
BRDA:89,5,0,0
BRDA:105,6,0,0
BRDA:115,7,0,17
BRDA:116,8,0,0
BRDA:133,9,0,0
BRF:10
BRH:4
end_of_record
TN:
SF:src/services/dailyIncomeStats/DailyIncomeStatsService.ts
FN:14,DailyIncomeStatsService
FN:18,summary
FN:24,updateTotal
FN:28,addToScore
FN:39,subtractFromScore
FNF:5
FNH:4
FNDA:24,DailyIncomeStatsService
FNDA:0,summary
FNDA:17,updateTotal
FNDA:3,addToScore
FNDA:3,subtractFromScore
DA:1,1
DA:2,1
DA:3,1
DA:4,1
DA:5,1
DA:6,1
DA:7,1
DA:8,1
DA:9,1
DA:10,1
DA:11,1
DA:12,1
DA:13,1
DA:14,1
DA:15,24
DA:16,24
DA:17,1
DA:18,1
DA:19,0
DA:20,0
DA:21,0
DA:22,0
DA:23,1
DA:24,1
DA:25,17
DA:26,17
DA:27,17
DA:28,1
DA:29,3
DA:30,3
DA:31,3
DA:32,3
DA:33,3
DA:34,3
DA:35,3
DA:36,3
DA:37,3
DA:38,1
DA:39,1
DA:40,3
DA:41,3
DA:42,3
DA:43,3
DA:44,3
DA:45,3
DA:46,3
DA:47,3
DA:48,3
DA:49,1
LF:49
LH:45
BRDA:14,0,0,24
BRDA:24,1,0,17
BRDA:28,2,0,3
BRDA:39,3,0,3
BRF:4
BRH:4
end_of_record
TN:
SF:src/services/dailyIncomeStats/DailyIncomeStatsServiceBuilder.ts
FN:7,build
FNF:1
FNH:1
FNDA:24,build
DA:1,1
DA:2,1
DA:3,1
DA:4,1
DA:5,1
DA:6,1
DA:7,1
DA:8,24
DA:9,24
DA:10,24
DA:11,1
LF:11
LH:11
BRDA:7,0,0,24
BRDA:8,1,0,0
BRF:2
BRH:1
end_of_record
TN:
SF:src/services/dailyStats/DailyStatsDataAccess.ts
FN:38,DailyStatsDataAccess
FN:43,addToScore
FN:80,subtractFromScore
FN:117,summary
FN:148,updateTotal
FNF:5
FNH:4
FNDA:24,DailyStatsDataAccess
FNDA:3,addToScore
FNDA:3,subtractFromScore
FNDA:0,summary
FNDA:17,updateTotal
DA:1,1
DA:2,1
DA:3,1
DA:4,1
DA:5,1
DA:6,1
DA:7,1
DA:8,1
DA:9,1
DA:10,1
DA:11,1
DA:12,1
DA:13,1
DA:14,1
DA:15,1
DA:16,1
DA:17,1
DA:18,1
DA:19,1
DA:20,1
DA:21,1
DA:22,1
DA:23,1
DA:24,1
DA:25,1
DA:26,1
DA:27,1
DA:28,1
DA:29,1
DA:30,1
DA:31,1
DA:32,1
DA:33,1
DA:34,1
DA:35,1
DA:36,1
DA:37,1
DA:38,1
DA:39,24
DA:40,24
DA:41,24
DA:42,1
DA:43,1
DA:44,3
DA:45,3
DA:46,3
DA:47,3
DA:48,3
DA:49,3
DA:50,3
DA:51,3
DA:52,3
DA:53,3
DA:54,3
DA:55,3
DA:56,3
DA:57,3
DA:58,3
DA:59,3
DA:60,3
DA:61,3
DA:62,3
DA:63,3
DA:64,3
DA:65,3
DA:66,3
DA:67,3
DA:68,3
DA:69,3
DA:70,3
DA:71,0
DA:72,0
DA:73,0
DA:74,0
DA:75,0
DA:76,0
DA:77,0
DA:78,3
DA:79,1
DA:80,1
DA:81,3
DA:82,3
DA:83,3
DA:84,3
DA:85,3
DA:86,3
DA:87,3
DA:88,3
DA:89,3
DA:90,3
DA:91,3
DA:92,3
DA:93,3
DA:94,3
DA:95,3
DA:96,3
DA:97,3
DA:98,3
DA:99,3
DA:100,3
DA:101,3
DA:102,3
DA:103,3
DA:104,3
DA:105,3
DA:106,3
DA:107,3
DA:108,0
DA:109,0
DA:110,0
DA:111,0
DA:112,0
DA:113,0
DA:114,0
DA:115,3
DA:116,1
DA:117,1
DA:118,0
DA:119,0
DA:120,0
DA:121,0
DA:122,0
DA:123,0
DA:124,0
DA:125,0
DA:126,0
DA:127,0
DA:128,0
DA:129,0
DA:130,0
DA:131,0
DA:132,0
DA:133,0
DA:134,0
DA:135,0
DA:136,0
DA:137,0
DA:138,0
DA:139,0
DA:140,0
DA:141,0
DA:142,0
DA:143,0
DA:144,0
DA:145,0
DA:146,0
DA:147,1
DA:148,1
DA:149,17
DA:150,17
DA:151,17
DA:152,17
DA:153,17
DA:154,17
DA:155,17
DA:156,17
DA:157,17
DA:158,17
DA:159,17
DA:160,17
DA:161,17
DA:162,17
DA:163,17
DA:164,17
DA:165,17
DA:166,17
DA:167,17
DA:168,17
DA:169,17
DA:170,17
DA:171,17
DA:172,17
DA:173,17
DA:174,17
DA:175,17
DA:176,17
DA:177,17
DA:178,0
DA:179,0
DA:180,0
DA:181,0
DA:182,0
DA:183,17
DA:184,1
LF:184
LH:136
BRDA:38,0,0,24
BRDA:43,1,0,3
BRDA:53,2,0,0
BRDA:70,3,0,0
BRDA:80,4,0,3
BRDA:90,5,0,0
BRDA:107,6,0,0
BRDA:148,7,0,17
BRDA:158,8,0,0
BRDA:177,9,0,0
BRF:10
BRH:4
end_of_record
TN:
SF:src/services/dailyStats/DailyStatsService.ts
FN:39,DailyStatsService
FN:44,updateTotal
FN:54,addToScore
FN:65,subtractFromScore
FN:76,summary
FNF:5
FNH:4
FNDA:24,DailyStatsService
FNDA:17,updateTotal
FNDA:3,addToScore
FNDA:3,subtractFromScore
FNDA:0,summary
DA:1,1
DA:2,1
DA:3,1
DA:4,1
DA:5,1
DA:6,1
DA:7,1
DA:8,1
DA:9,1
DA:10,1
DA:11,1
DA:12,1
DA:13,1
DA:14,1
DA:15,1
DA:16,1
DA:17,1
DA:18,1
DA:19,1
DA:20,1
DA:21,1
DA:22,1
DA:23,1
DA:24,1
DA:25,1
DA:26,1
DA:27,1
DA:28,1
DA:29,1
DA:30,1
DA:31,1
DA:32,1
DA:33,1
DA:34,1
DA:35,1
DA:36,1
DA:37,1
DA:38,1
DA:39,1
DA:40,24
DA:41,24
DA:42,24
DA:43,1
DA:44,1
DA:45,17
DA:46,17
DA:47,17
DA:48,17
DA:49,17
DA:50,17
DA:51,17
DA:52,17
DA:53,17
DA:54,1
DA:55,3
DA:56,3
DA:57,3
DA:58,3
DA:59,3
DA:60,3
DA:61,3
DA:62,3
DA:63,3
DA:64,3
DA:65,1
DA:66,3
DA:67,3
DA:68,3
DA:69,3
DA:70,3
DA:71,3
DA:72,3
DA:73,3
DA:74,3
DA:75,3
DA:76,1
DA:77,0
DA:78,0
DA:79,0
DA:80,0
DA:81,0
DA:82,0
DA:83,0
DA:84,0
DA:85,0
DA:86,1
LF:86
LH:77
BRDA:39,0,0,24
BRDA:44,1,0,17
BRDA:54,2,0,3
BRDA:65,3,0,3
BRF:4
BRH:4
end_of_record
TN:
SF:src/services/dailyStats/DailyStatsServiceBuilder.ts
FN:7,build
FNF:1
FNH:1
FNDA:24,build
DA:1,1
DA:2,1
DA:3,1
DA:4,1
DA:5,1
DA:6,1
DA:7,1
DA:8,24
DA:9,24
DA:10,24
DA:11,1
LF:11
LH:11
BRDA:7,0,0,24
BRDA:8,1,0,0
BRF:2
BRH:1
end_of_record
TN:
SF:src/services/dailyTransferStats/DailyTransferStatsDataAccess.ts
FN:16,DailyTransferStatsDataAccess
FN:20,updateTotal
FNF:2
FNH:2
FNDA:24,DailyTransferStatsDataAccess
FNDA:17,updateTotal
DA:1,1
DA:2,1
DA:3,1
DA:4,1
DA:5,1
DA:6,1
DA:7,1
DA:8,1
DA:9,1
DA:10,1
DA:11,1
DA:12,1
DA:13,1
DA:14,1
DA:15,1
DA:16,1
DA:17,24
DA:18,24
DA:19,1
DA:20,1
DA:21,17
DA:22,17
DA:23,17
DA:24,17
DA:25,17
DA:26,17
DA:27,17
DA:28,17
DA:29,17
DA:30,17
DA:31,17
DA:32,17
DA:33,17
DA:34,17
DA:35,17
DA:36,17
DA:37,17
DA:38,17
DA:39,17
DA:40,17
DA:41,17
DA:42,17
DA:43,17
DA:44,17
DA:45,17
DA:46,1
LF:46
LH:46
BRDA:16,0,0,24
BRDA:20,1,0,17
BRDA:28,2,0,0
BRF:3
BRH:2
end_of_record
TN:
SF:src/services/dailyTransferStats/DailyTransferStatsService.ts
FN:19,DailyTransferStatsService
FN:23,updateTotal
FNF:2
FNH:2
FNDA:24,DailyTransferStatsService
FNDA:17,updateTotal
DA:1,1
DA:2,1
DA:3,1
DA:4,1
DA:5,1
DA:6,1
DA:7,1
DA:8,1
DA:9,1
DA:10,1
DA:11,1
DA:12,1
DA:13,1
DA:14,1
DA:15,1
DA:16,1
DA:17,1
DA:18,1
DA:19,1
DA:20,24
DA:21,24
DA:22,1
DA:23,1
DA:24,17
DA:25,17
DA:26,17
DA:27,17
DA:28,17
DA:29,17
DA:30,17
DA:31,17
DA:32,17
DA:33,17
DA:34,1
LF:34
LH:34
BRDA:19,0,0,24
BRDA:23,1,0,17
BRF:2
BRH:2
end_of_record
TN:
SF:src/services/dailyTransferStats/DailyTransferStatsServiceBuilder.ts
FN:7,build
FNF:1
FNH:1
FNDA:24,build
DA:1,1
DA:2,1
DA:3,1
DA:4,1
DA:5,1
DA:6,1
DA:7,1
DA:8,24
DA:9,24
DA:10,24
DA:11,1
LF:11
LH:11
BRDA:7,0,0,24
BRDA:8,1,0,0
BRF:2
BRH:1
end_of_record
TN:
SF:src/services/emailChanging/EmailChangingDataAccess.ts
FN:27,EmailChangingDataAccess
FN:32,create
FN:56,getByUserId
FN:74,confirm
FN:100,refresh
FNF:5
FNH:5
FNDA:48,EmailChangingDataAccess
FNDA:7,create
FNDA:14,getByUserId
FNDA:2,confirm
FNDA:2,refresh
DA:1,1
DA:2,1
DA:3,1
DA:4,1
DA:5,1
DA:6,1
DA:7,1
DA:8,1
DA:9,1
DA:10,1
DA:11,1
DA:12,1
DA:13,1
DA:14,1
DA:15,1
DA:16,1
DA:17,1
DA:18,1
DA:19,1
DA:20,1
DA:21,1
DA:22,1
DA:23,1
DA:24,1
DA:25,1
DA:26,1
DA:27,1
DA:28,48
DA:29,48
DA:30,48
DA:31,1
DA:32,1
DA:33,7
DA:34,7
DA:35,7
DA:36,7
DA:37,7
DA:38,7
DA:39,7
DA:40,7
DA:41,7
DA:42,7
DA:43,7
DA:44,7
DA:45,7
DA:46,7
DA:47,7
DA:48,7
DA:49,0
DA:50,0
DA:51,0
DA:52,0
DA:53,0
DA:54,7
DA:55,1
DA:56,1
DA:57,14
DA:58,14
DA:59,14
DA:60,14
DA:61,14
DA:62,14
DA:63,14
DA:64,14
DA:65,14
DA:66,14
DA:67,0
DA:68,0
DA:69,0
DA:70,0
DA:71,0
DA:72,14
DA:73,1
DA:74,1
DA:75,2
DA:76,2
DA:77,2
DA:78,2
DA:79,2
DA:80,2
DA:81,2
DA:82,2
DA:83,0
DA:84,0
DA:85,0
DA:86,0
DA:87,0
DA:88,0
DA:89,2
DA:90,2
DA:91,2
DA:92,2
DA:93,0
DA:94,0
DA:95,0
DA:96,0
DA:97,0
DA:98,0
DA:99,2
DA:100,1
DA:101,2
DA:102,2
DA:103,2
DA:104,2
DA:105,2
DA:106,2
DA:107,2
DA:108,2
DA:109,0
DA:110,0
DA:111,0
DA:112,0
DA:113,0
DA:114,0
DA:115,2
DA:116,2
DA:117,2
DA:118,2
DA:119,0
DA:120,0
DA:121,0
DA:122,0
DA:123,0
DA:124,0
DA:125,0
DA:126,0
DA:127,2
DA:128,1
LF:128
LH:92
BRDA:27,0,0,48
BRDA:32,1,0,7
BRDA:48,2,0,0
BRDA:56,3,0,14
BRDA:65,4,0,9
BRDA:66,5,0,0
BRDA:74,6,0,2
BRDA:82,7,0,0
BRDA:92,8,0,0
BRDA:100,9,0,2
BRDA:108,10,0,0
BRDA:118,11,0,0
BRF:12
BRH:6
end_of_record
TN:
SF:src/services/emailChanging/EmailChangingService.ts
FN:26,EmailChangingService
FN:32,request
FN:65,confirm
FN:114,refresh
FNF:4
FNH:4
FNDA:48,EmailChangingService
FNDA:8,request
FNDA:4,confirm
FNDA:2,refresh
DA:1,1
DA:2,1
DA:3,1
DA:4,1
DA:5,1
DA:6,1
DA:7,1
DA:8,1
DA:9,1
DA:10,1
DA:11,1
DA:12,1
DA:13,1
DA:14,1
DA:15,1
DA:16,1
DA:17,1
DA:18,1
DA:19,1
DA:20,1
DA:21,1
DA:22,1
DA:23,1
DA:24,1
DA:25,1
DA:26,1
DA:27,48
DA:28,48
DA:29,48
DA:30,48
DA:31,1
DA:32,1
DA:33,8
DA:34,8
DA:35,8
DA:36,8
DA:37,8
DA:38,0
DA:39,0
DA:40,0
DA:41,0
DA:42,0
DA:43,0
DA:44,0
DA:45,0
DA:46,0
DA:47,0
DA:48,8
DA:49,8
DA:50,8
DA:51,7
DA:52,7
DA:53,7
DA:54,8
DA:55,1
DA:56,1
DA:57,1
DA:58,1
DA:59,8
DA:60,0
DA:61,0
DA:62,0
DA:63,8
DA:64,1
DA:65,1
DA:66,4
DA:67,4
DA:68,4
DA:69,4
DA:70,4
DA:71,4
DA:72,0
DA:73,0
DA:74,0
DA:75,0
DA:76,0
DA:77,0
DA:78,4
DA:79,1
DA:80,1
DA:81,1
DA:82,1
DA:83,1
DA:84,1
DA:85,1
DA:86,1
DA:87,1
DA:88,1
DA:89,3
DA:90,4
DA:91,0
DA:92,0
DA:93,0
DA:94,0
DA:95,0
DA:96,0
DA:97,0
DA:98,0
DA:99,0
DA:100,0
DA:101,3
DA:102,3
DA:103,3
DA:104,3
DA:105,2
DA:106,2
DA:107,2
DA:108,2
DA:109,2
DA:110,2
DA:111,2
DA:112,2
DA:113,4
DA:114,1
DA:115,2
DA:116,2
DA:117,2
DA:118,2
DA:119,2
DA:120,1
DA:121,1
DA:122,1
DA:123,1
DA:124,1
DA:125,1
DA:126,1
DA:127,1
DA:128,1
DA:129,1
DA:130,1
DA:131,1
DA:132,1
DA:133,1
DA:134,1
DA:135,1
DA:136,1
DA:137,1
DA:138,2
DA:139,1
LF:139
LH:110
BRDA:26,0,0,48
BRDA:32,1,0,8
BRDA:37,2,0,0
BRDA:50,3,0,7
BRDA:54,4,0,1
BRDA:59,5,0,0
BRDA:65,6,0,4
BRDA:71,7,0,0
BRDA:78,8,0,1
BRDA:89,9,0,3
BRDA:90,10,0,0
BRDA:101,11,0,3
BRDA:105,12,0,2
BRDA:114,13,0,2
BRDA:119,14,0,1
BRF:15
BRH:11
end_of_record
TN:
SF:src/services/emailChanging/EmailChangingServiceBuilder.ts
FN:7,build
FNF:1
[...]
BRDA:10,2,0,3
BRDA:13,3,0,7
BRDA:16,4,0,6
BRF:5
BRH:5
end_of_record
TN:
SF:src/utils/validation/forgetPasswordValidationRules.ts
FNF:0
FNH:0
DA:1,1
DA:2,1
DA:3,1
DA:4,1
DA:5,1
DA:6,1
DA:7,1
DA:8,1
DA:9,1
DA:10,1
DA:11,1
DA:12,1
DA:13,1
DA:14,1
LF:14
LH:14
BRF:0
BRH:0
end_of_record
TN:
SF:src/utils/validation/getOnlyNotEmptyProperties.ts
FN:1,getOnlyNotEmptyProperties
FNF:1
FNH:1
FNDA:16,getOnlyNotEmptyProperties
DA:1,1
DA:2,16
DA:3,16
DA:4,16
DA:5,16
DA:6,16
DA:7,48
DA:8,48
DA:9,48
DA:10,48
DA:11,48
DA:12,16
DA:13,16
DA:14,16
LF:14
LH:14
BRDA:1,0,0,16
BRDA:6,1,0,48
BRF:2
BRH:2
end_of_record
TN:
SF:src/utils/validation/incomeValidationRules.ts
FN:5,incomeConvertValidationMessageToErrorCode
FNF:1
FNH:1
FNDA:19,incomeConvertValidationMessageToErrorCode
DA:1,1
DA:2,1
DA:3,1
DA:4,1
DA:5,1
DA:6,19
DA:7,19
DA:8,3
DA:9,3
DA:10,19
DA:11,3
DA:12,3
DA:13,19
DA:14,7
DA:15,7
DA:16,19
DA:17,6
DA:18,6
DA:19,19
DA:20,19
DA:21,1
DA:22,1
DA:23,1
DA:24,1
DA:25,1
DA:26,1
DA:27,1
DA:28,1
DA:29,1
DA:30,1
DA:31,1
DA:32,1
DA:33,1
DA:34,1
DA:35,1
DA:36,1
DA:37,1
DA:38,1
DA:39,1
DA:40,1
DA:41,1
DA:42,1
DA:43,1
DA:44,1
DA:45,1
DA:46,1
DA:47,1
DA:48,1
DA:49,1
DA:50,1
DA:51,1
DA:52,1
LF:52
LH:52
BRDA:5,0,0,19
BRDA:7,1,0,3
BRDA:10,2,0,3
BRDA:13,3,0,7
BRDA:16,4,0,6
BRF:5
BRH:5
end_of_record
TN:
SF:src/utils/validation/loginValidationRules.ts
FNF:0
FNH:0
DA:1,1
DA:2,1
DA:3,1
DA:4,1
DA:5,1
DA:6,1
DA:7,1
DA:8,1
DA:9,1
DA:10,1
DA:11,1
LF:11
LH:11
BRF:0
BRH:0
end_of_record
TN:
SF:src/utils/validation/oauthValidationRules.ts
FNF:0
FNH:0
DA:1,1
DA:2,1
DA:3,1
DA:4,1
DA:5,1
DA:6,1
DA:7,1
DA:8,1
DA:9,1
DA:10,1
DA:11,1
DA:12,1
DA:13,1
LF:13
LH:13
BRF:0
BRH:0
end_of_record
TN:
SF:src/utils/validation/parseSortBy.ts
FN:12,parseSortBy
FNF:1
FNH:1
FNDA:9,parseSortBy
DA:1,1
DA:2,1
DA:3,1
DA:4,1
DA:5,1
DA:6,1
DA:7,1
DA:8,1
DA:9,1
DA:10,1
DA:11,1
DA:12,9
DA:13,9
DA:14,7
DA:15,7
DA:16,9
DA:17,7
DA:18,7
DA:19,8
DA:20,8
DA:21,8
DA:22,1
DA:23,1
DA:24,7
DA:25,7
DA:26,8
DA:27,1
DA:28,1
DA:29,1
DA:30,1
DA:31,1
DA:32,6
DA:33,6
DA:34,7
DA:35,7
DA:36,1
DA:37,1
LF:37
LH:37
BRDA:12,0,0,9
BRDA:13,1,0,2
BRDA:14,2,0,7
BRDA:16,3,0,0
BRDA:17,4,0,7
BRDA:18,5,0,8
BRDA:21,6,0,1
BRDA:24,7,0,7
BRDA:26,8,0,4
BRDA:26,9,0,1
BRDA:32,10,0,6
BRF:11
BRH:10
end_of_record
TN:
SF:src/utils/validation/profileValidationRules.ts
FNF:0
FNH:0
DA:1,1
DA:2,1
DA:3,1
DA:4,1
DA:5,1
DA:6,1
DA:7,1
DA:8,1
DA:9,1
DA:10,1
DA:11,1
DA:12,1
DA:13,1
DA:14,1
DA:15,1
DA:16,1
DA:17,1
DA:18,1
DA:19,1
DA:20,1
DA:21,1
DA:22,1
DA:23,1
DA:24,1
DA:25,1
DA:26,1
DA:27,1
DA:28,1
DA:29,1
DA:30,1
DA:31,1
DA:32,1
DA:33,1
DA:34,1
DA:35,1
DA:36,1
DA:37,1
DA:38,1
DA:39,1
DA:40,1
DA:41,1
DA:42,1
DA:43,1
DA:44,1
DA:45,1
LF:45
LH:45
BRF:0
BRH:0
end_of_record
TN:
SF:src/utils/validation/refreshTokenValidationRules.ts
FNF:0
FNH:0
DA:1,1
DA:2,1
DA:3,1
DA:4,1
DA:5,1
LF:5
LH:5
BRF:0
BRH:0
end_of_record
TN:
SF:src/utils/validation/routesInputValidation.ts
FN:17,createSignupValidationRules
FN:84,convertFieldToReason
FN:106,routesInputValidation
FN:136,convertErrorNameToErrorCode
FNF:4
FNH:4
FNDA:61,createSignupValidationRules
FNDA:11,convertFieldToReason
FNDA:57,routesInputValidation
FNDA:11,convertErrorNameToErrorCode
DA:1,1
DA:2,1
DA:3,1
DA:4,1
DA:5,1
DA:6,1
DA:7,1
DA:8,1
DA:9,1
DA:10,1
DA:11,1
DA:12,1
DA:13,1
DA:14,1
DA:15,1
DA:16,1
DA:17,61
DA:18,61
DA:19,61
DA:20,61
DA:21,33
DA:22,33
DA:23,61
DA:24,61
DA:25,4
DA:26,4
DA:27,61
DA:28,61
DA:29,2
DA:30,2
DA:31,61
DA:32,61
DA:33,2
DA:34,3
DA:35,3
DA:36,2
DA:37,2
DA:38,1
DA:39,2
DA:40,2
DA:41,61
DA:42,7
DA:43,61
DA:44,5
DA:45,54
DA:46,24
DA:47,24
DA:48,24
DA:49,24
DA:50,24
DA:51,24
DA:52,24
DA:53,24
DA:54,49
DA:55,23
DA:56,23
DA:57,3
DA:58,3
DA:59,3
DA:60,3
DA:61,23
DA:62,61
DA:63,61
DA:64,6
DA:65,6
DA:66,6
DA:67,6
DA:68,61
DA:69,61
DA:70,28
DA:71,28
DA:72,28
DA:73,28
DA:74,61
DA:75,61
DA:76,21
DA:77,21
DA:78,21
DA:79,21
DA:80,61
DA:81,61
DA:82,61
DA:83,1
DA:84,1
DA:85,11
DA:86,11
DA:87,4
DA:88,11
DA:89,11
DA:90,6
DA:91,11
DA:92,0
DA:93,11
DA:94,0
DA:95,11
DA:96,11
DA:97,11
DA:98,0
DA:99,11
DA:100,1
DA:101,11
DA:102,0
DA:103,11
DA:104,11
DA:105,1
DA:106,57
DA:107,57
DA:108,57
DA:109,57
DA:110,57
DA:111,131
DA:112,131
DA:113,131
DA:114,131
DA:115,123
DA:116,123
DA:117,8
DA:118,8
DA:119,11
DA:120,11
DA:121,11
DA:122,11
DA:123,11
DA:124,11
DA:125,11
DA:126,11
DA:127,11
DA:128,11
DA:129,8
DA:130,8
DA:131,8
DA:132,8
DA:133,57
DA:134,57
DA:135,1
DA:136,1
DA:137,11
DA:138,11
DA:139,0
DA:140,11
DA:141,0
DA:142,11
DA:143,0
DA:144,11
DA:145,0
DA:146,11
DA:147,4
DA:148,11
DA:149,11
DA:150,6
DA:151,11
DA:152,11
DA:153,1
DA:154,11
DA:155,0
DA:156,11
DA:157,11
LF:157
LH:148
BRDA:17,0,0,61
BRDA:20,1,0,33
BRDA:24,2,0,4
BRDA:28,3,0,2
BRDA:32,4,0,2
BRDA:41,5,0,7
BRDA:43,6,0,54
BRDA:43,7,0,5
BRDA:45,8,0,49
BRDA:45,9,0,24
BRDA:46,10,0,10
BRDA:46,11,0,14
BRDA:47,12,0,10
BRDA:47,13,0,14
BRDA:54,14,0,25
BRDA:54,15,0,23
BRDA:56,16,0,3
BRDA:63,17,0,6
BRDA:63,18,0,6
BRDA:69,19,0,38
BRDA:69,20,0,28
BRDA:75,21,0,30
BRDA:75,22,0,21
BRDA:33,23,0,3
BRDA:35,24,0,2
BRDA:38,25,0,1
BRDA:84,26,0,11
BRDA:86,27,0,4
BRDA:88,28,0,0
BRDA:89,29,0,6
BRDA:91,30,0,0
BRDA:93,31,0,0
BRDA:95,32,0,0
BRDA:96,33,0,0
BRDA:97,34,0,0
BRDA:99,35,0,1
BRDA:101,36,0,0
BRDA:106,37,0,57
BRDA:110,38,0,131
BRDA:114,39,0,123
BRDA:117,40,0,8
BRDA:111,41,0,215
BRDA:118,42,0,11
BRDA:136,43,0,11
BRDA:138,44,0,0
BRDA:140,45,0,0
BRDA:142,46,0,0
BRDA:144,47,0,0
BRDA:146,48,0,4
BRDA:148,49,0,0
BRDA:149,50,0,6
BRDA:151,51,0,1
BRDA:152,52,0,1
BRDA:154,53,0,0
BRF:54
BRH:41
end_of_record
TN:
SF:src/utils/validation/sanitizeRequestBody.ts
FN:7,sanitizeRequestBody
FNF:1
FNH:1
FNDA:27,sanitizeRequestBody
DA:1,1
DA:2,1
DA:3,1
DA:4,1
DA:5,1
DA:6,1
DA:7,1
DA:8,113
DA:9,113
DA:10,0
DA:11,0
DA:12,0
DA:13,0
DA:14,0
DA:15,0
DA:16,0
DA:17,0
DA:18,0
DA:19,0
DA:20,0
DA:21,0
DA:22,0
DA:23,113
DA:24,113
DA:25,113
LF:25
LH:12
BRDA:7,0,0,27
BRDA:7,1,0,113
BRDA:9,2,0,0
BRDA:8,3,0,161
BRF:4
BRH:3
end_of_record
TN:
SF:src/utils/validation/signupValidationRules.ts
FNF:0
FNH:0
DA:1,1
DA:2,1
DA:3,1
DA:4,1
DA:5,1
DA:6,1
DA:7,1
DA:8,1
DA:9,1
DA:10,1
DA:11,1
DA:12,1
DA:13,1
DA:14,1
DA:15,1
DA:16,1
DA:17,1
DA:18,1
DA:19,1
DA:20,1
DA:21,1
DA:22,1
DA:23,1
DA:24,1
DA:25,1
DA:26,1
DA:27,1
LF:27
LH:27
BRF:0
BRH:0
end_of_record
TN:
SF:src/utils/validation/transactionValidationRules.ts
FN:9,baseAtLeastOneFieldRequired
FN:175,transactionConvertValidationMessageToErrorCode
FNF:2
FNH:2
FNDA:21,baseAtLeastOneFieldRequired
FNDA:4,transactionConvertValidationMessageToErrorCode
DA:1,1
DA:2,1
DA:3,1
DA:4,1
DA:5,1
DA:6,1
DA:7,1
DA:8,1
DA:9,1
DA:10,21
DA:11,21
DA:12,21
DA:13,21
DA:14,21
DA:15,21
DA:16,21
DA:17,21
DA:18,21
DA:19,21
DA:20,21
DA:21,21
DA:22,21
DA:23,21
DA:24,21
DA:25,21
DA:26,21
DA:27,21
DA:28,21
DA:29,21
DA:30,21
DA:31,21
DA:32,21
DA:33,21
DA:34,21
DA:35,21
DA:36,21
DA:37,21
DA:38,21
DA:39,21
DA:40,21
DA:41,21
DA:42,21
DA:43,21
DA:44,21
DA:45,21
DA:46,21
DA:47,21
DA:48,21
DA:49,21
DA:50,21
DA:51,0
DA:52,0
DA:53,0
DA:54,0
DA:55,0
DA:56,21
DA:57,21
DA:58,40
DA:59,3
DA:60,3
DA:61,3
DA:62,3
DA:63,3
DA:64,40
DA:65,18
DA:66,21
DA:67,36
DA:68,0
DA:69,0
DA:70,0
DA:71,0
DA:72,0
DA:73,36
DA:74,18
DA:75,18
DA:76,18
DA:77,1
DA:78,1
DA:79,1
DA:80,1
DA:81,21
DA:82,21
DA:83,21
DA:84,21
DA:85,21
DA:86,21
DA:87,21
DA:88,21
DA:89,21
DA:90,1
DA:91,1
DA:92,1
DA:93,1
DA:94,1
DA:95,1
DA:96,1
DA:97,1
DA:98,1
DA:99,1
DA:100,1
DA:101,1
DA:102,1
DA:103,1
DA:104,1
DA:105,1
DA:106,1
DA:107,1
DA:108,1
DA:109,1
DA:110,1
DA:111,1
DA:112,1
DA:113,21
DA:114,21
DA:115,0
DA:116,0
DA:117,0
DA:118,0
DA:119,0
DA:120,0
DA:121,0
DA:122,0
DA:123,0
DA:124,1
DA:125,1
DA:126,1
DA:127,1
DA:128,1
DA:129,1
DA:130,1
DA:131,1
DA:132,1
DA:133,1
DA:134,1
DA:135,1
DA:136,1
DA:137,1
DA:138,1
DA:139,1
DA:140,1
DA:141,1
DA:142,1
DA:143,1
DA:144,1
DA:145,1
DA:146,1
DA:147,1
DA:148,1
DA:149,1
DA:150,1
DA:151,1
DA:152,1
DA:153,1
DA:154,1
DA:155,1
DA:156,1
DA:157,1
DA:158,1
DA:159,1
DA:160,7
DA:161,7
DA:162,0
DA:163,0
DA:164,0
DA:165,0
DA:166,0
DA:167,0
DA:168,0
DA:169,0
DA:170,0
DA:171,1
DA:172,1
DA:173,1
DA:174,1
DA:175,1
DA:176,4
DA:177,4
DA:178,0
DA:179,0
DA:180,4
DA:181,0
DA:182,0
DA:183,4
DA:184,0
DA:185,0
DA:186,4
DA:187,0
DA:188,0
DA:189,4
DA:190,0
DA:191,0
DA:192,4
DA:193,0
DA:194,0
DA:195,4
DA:196,1
DA:197,1
DA:198,4
DA:199,0
DA:200,0
DA:201,4
DA:202,0
DA:203,0
DA:204,4
DA:205,3
DA:206,3
DA:207,4
DA:208,4
DA:209,1
DA:210,1
LF:210
LH:166
BRDA:9,0,0,21
BRDA:50,1,0,0
BRDA:57,2,0,40
BRDA:58,3,0,3
BRDA:65,4,0,18
BRDA:66,5,0,36
BRDA:67,6,0,0
BRDA:74,7,0,18
BRDA:80,8,0,21
BRDA:112,9,0,21
BRDA:115,10,0,0
BRDA:159,11,0,7
BRDA:162,12,0,0
BRDA:175,13,0,4
BRDA:177,14,0,0
BRDA:180,15,0,0
BRDA:183,16,0,0
BRDA:186,17,0,0
BRDA:189,18,0,0
BRDA:192,19,0,0
BRDA:195,20,0,1
BRDA:198,21,0,0
BRDA:201,22,0,0
BRDA:204,23,0,3
BRF:24
BRH:12
end_of_record
TN:
SF:src/utils/validation/validateAllowedProperties.ts
FN:3,validateAllowedProperties
FNF:1
FNH:1
FNDA:64,validateAllowedProperties
DA:1,1
DA:2,1
DA:3,64
DA:4,64
DA:5,64
DA:6,64
DA:7,0
DA:8,0
DA:9,64
DA:10,1
DA:11,1
LF:11
LH:9
BRDA:3,0,0,64
BRDA:6,1,0,0
BRDA:4,2,0,192
BRF:3
BRH:2
end_of_record
TN:
SF:src/utils/validation/validateFromToDateQuery.ts
FN:9,validateFromToDateQuery
FNF:1
FNH:1
FNDA:4,validateFromToDateQuery
DA:1,1
DA:2,1
DA:3,1
DA:4,1
DA:5,1
DA:6,1
DA:7,1
DA:8,1
DA:9,1
DA:10,4
DA:11,4
DA:12,4
DA:13,4
DA:14,4
DA:15,4
DA:16,4
DA:17,4
DA:18,4
DA:19,0
DA:20,0
DA:21,0
DA:22,0
DA:23,0
DA:24,4
DA:25,4
DA:26,4
DA:27,4
DA:28,4
DA:29,0
DA:30,0
DA:31,0
DA:32,0
DA:33,0
DA:34,4
DA:35,4
DA:36,4
DA:37,3
DA:38,3
DA:39,3
DA:40,3
DA:41,4
DA:42,3
DA:43,3
DA:44,3
DA:45,3
DA:46,3
DA:47,3
DA:48,3
DA:49,3
DA:50,3
DA:51,3
DA:52,3
DA:53,3
DA:54,3
DA:55,1
DA:56,4
DA:57,4
DA:58,1
DA:59,1
LF:59
LH:49
BRDA:9,0,0,4
BRDA:10,1,0,4
BRDA:17,2,0,0
BRDA:18,3,0,0
BRDA:18,4,0,0
BRDA:18,5,0,0
BRDA:27,6,0,0
BRDA:28,7,0,0
BRDA:28,8,0,0
BRDA:28,9,0,0
BRDA:36,10,0,0
BRDA:36,11,0,0
BRDA:36,12,0,3
BRDA:38,13,0,0
BRDA:38,14,0,0
BRDA:41,15,0,3
BRDA:50,16,0,0
BRDA:55,17,0,1
BRF:18
BRH:5
end_of_record
TN:
SF:src/utils/validation/validatePathConfirmationCodeProperty.ts
FN:3,validatePathConfirmationCodeProperty
FNF:1
FNH:1
FNDA:3,validatePathConfirmationCodeProperty
DA:1,1
DA:2,1
DA:3,1
DA:4,3
DA:5,3
DA:6,3
DA:7,3
DA:8,3
DA:9,16
DA:10,0
DA:11,0
DA:12,16
DA:13,3
DA:14,3
DA:15,1
DA:16,1
LF:16
LH:14
BRDA:3,0,0,3
BRDA:8,1,0,16
BRDA:9,2,0,0
BRF:3
BRH:2
end_of_record
TN:
SF:src/utils/validation/validatePathQueryProperty.ts
FN:3,validatePathQueryProperty
FNF:1
FNH:1
FNDA:27,validatePathQueryProperty
DA:1,1
DA:2,1
DA:3,1
DA:4,27
DA:5,27
DA:6,27
DA:7,27
DA:8,27
DA:9,27
DA:10,27
DA:11,1
DA:12,1
LF:12
LH:12
BRDA:3,0,0,27
BRF:1
BRH:1
end_of_record
TN:
SF:src/utils/validation/validateQuery.ts
FN:7,validateQuery
FNF:1
FNH:1
FNDA:50,validateQuery
DA:1,1
DA:2,1
DA:3,1
DA:4,1
DA:5,1
DA:6,1
DA:7,1
DA:8,50
DA:9,118
DA:10,118
DA:11,2
DA:12,2
DA:13,2
DA:14,118
DA:15,118
DA:16,118
DA:17,30
DA:18,0
DA:19,0
DA:20,30
DA:21,30
DA:22,30
DA:23,30
DA:24,30
DA:25,1
DA:26,1
DA:27,1
DA:28,30
DA:29,6
DA:30,6
DA:31,2
DA:32,2
DA:33,6
DA:34,29
DA:35,29
DA:36,29
DA:37,30
DA:38,5
DA:39,30
DA:40,0
DA:41,0
DA:42,30
DA:43,0
DA:44,0
DA:45,0
DA:46,0
DA:47,0
DA:48,0
DA:49,118
DA:50,118
DA:51,2
DA:52,2
DA:53,2
DA:54,2
DA:55,2
DA:56,2
DA:57,2
DA:58,2
DA:59,2
DA:60,2
DA:61,2
DA:62,2
DA:63,2
DA:64,116
DA:65,116
DA:66,50
DA:67,50
DA:68,1
DA:69,1
LF:69
LH:59
BRDA:7,0,0,50
BRDA:8,1,0,118
BRDA:50,2,0,2
BRDA:64,3,0,116
BRDA:10,4,0,2
BRDA:16,5,0,30
BRDA:17,6,0,0
BRDA:24,7,0,23
BRDA:24,8,0,1
BRDA:28,9,0,29
BRDA:28,10,0,23
BRDA:28,11,0,6
BRDA:30,12,0,4
BRDA:30,13,0,4
BRDA:30,14,0,2
BRDA:34,15,0,29
BRDA:36,16,0,6
BRDA:37,17,0,5
BRDA:39,18,0,0
BRDA:42,19,0,29
BRDA:42,20,0,0
BRDA:56,21,0,2
BRF:22
BRH:19
end_of_record
TN:
SF:tests/TestsUtils..ts
FN:11,generateSecureRandom
FN:16,generateRandomString
FN:28,generateRandomEmail
FN:35,generateRandomNumber
FN:39,generateRandomName
FN:43,generateRandomPassword
FN:69,deleteUserAfterTest
FN:87,createUserBase
FN:117,createUser
FN:186,createUserNotVerify
FN:212,getOverview
FNF:11
FNH:10
FNDA:283,generateSecureRandom
FNDA:33,generateRandomString
FNDA:17,generateRandomEmail
FNDA:0,generateRandomNumber
FNDA:16,generateRandomName
FNDA:14,generateRandomPassword
FNDA:16,deleteUserAfterTest
FNDA:16,createUserBase
FNDA:16,createUser
FNDA:1,createUserNotVerify
FNDA:7,getOverview
DA:1,1
DA:2,1
DA:3,1
DA:4,1
DA:5,1
DA:6,1
DA:7,1
DA:8,1
DA:9,1
DA:10,1
DA:11,283
DA:12,283
DA:13,283
DA:14,283
DA:15,1
DA:16,33
DA:17,33
DA:18,33
DA:19,33
DA:20,33
DA:21,33
DA:22,266
DA:23,266
DA:24,33
DA:25,33
DA:26,33
DA:27,1
DA:28,17
DA:29,17
DA:30,17
DA:31,17
DA:32,17
DA:33,17
DA:34,1
DA:35,0
DA:36,0
DA:37,0
DA:38,1
DA:39,16
DA:40,16
DA:41,16
DA:42,1
DA:43,14
DA:44,14
DA:45,14
DA:46,14
DA:47,14
DA:48,14
DA:49,14
DA:50,14
DA:51,14
DA:52,14
DA:53,14
DA:54,14
DA:55,14
DA:56,14
DA:57,14
DA:58,115
DA:59,115
DA:60,14
DA:61,14
DA:62,14
DA:63,14
DA:64,14
DA:65,14
DA:66,14
DA:67,14
DA:68,1
DA:69,1
DA:70,16
DA:71,16
DA:72,16
DA:73,16
DA:74,16
DA:75,16
DA:76,16
DA:77,16
DA:78,16
DA:79,16
DA:80,16
DA:81,16
DA:82,16
DA:83,16
DA:84,16
DA:85,16
DA:86,1
DA:87,1
DA:88,16
DA:89,16
DA:90,16
DA:91,16
DA:92,16
DA:93,16
DA:94,16
DA:95,16
DA:96,16
DA:97,16
DA:98,16
DA:99,16
DA:100,16
DA:101,16
DA:102,16
DA:103,16
DA:104,16
DA:105,16
DA:106,16
DA:107,16
DA:108,16
DA:109,16
DA:110,16
DA:111,16
DA:112,16
DA:113,16
DA:114,16
DA:115,16
DA:116,1
DA:117,1
DA:118,16
DA:119,16
DA:120,16
DA:121,16
DA:122,16
DA:123,16
DA:124,16
DA:125,16
DA:126,16
DA:127,16
DA:128,16
DA:129,16
DA:130,16
DA:131,16
DA:132,16
DA:133,16
DA:134,16
DA:135,16
DA:136,16
DA:137,16
DA:138,16
DA:139,16
DA:140,16
DA:141,16
DA:142,16
DA:143,16
DA:144,16
DA:145,16
DA:146,16
DA:147,16
DA:148,16
DA:149,16
DA:150,16
DA:151,16
DA:152,16
DA:153,16
DA:154,16
DA:155,16
DA:156,16
DA:157,16
DA:158,16
DA:159,16
DA:160,16
DA:161,16
DA:162,16
DA:163,16
DA:164,16
DA:165,16
DA:166,16
DA:167,16
DA:168,16
DA:169,16
DA:170,16
DA:171,16
DA:172,16
DA:173,16
DA:174,16
DA:175,16
DA:176,16
DA:177,16
DA:178,16
DA:179,16
DA:180,16
DA:181,16
DA:182,16
DA:183,16
DA:184,16
DA:185,1
DA:186,1
DA:187,1
DA:188,1
DA:189,1
DA:190,1
DA:191,1
DA:192,1
DA:193,1
DA:194,1
DA:195,1
DA:196,1
DA:197,1
DA:198,1
DA:199,1
DA:200,1
DA:201,1
DA:202,1
DA:203,1
DA:204,1
DA:205,1
DA:206,1
DA:207,1
DA:208,1
DA:209,1
DA:210,1
DA:211,1
DA:212,1
DA:213,7
DA:214,7
DA:215,7
DA:216,7
DA:217,7
DA:218,7
DA:219,7
LF:219
LH:216
BRDA:11,0,0,283
BRDA:16,1,0,33
BRDA:21,2,0,266
BRDA:28,3,0,17
BRDA:39,4,0,16
BRDA:43,5,0,14
BRDA:57,6,0,115
BRDA:63,7,0,404
BRDA:69,8,0,16
BRDA:87,9,0,16
BRDA:117,10,0,16
BRDA:186,11,0,1
BRDA:212,12,0,7
BRF:13
BRH:13
end_of_record
TN:
SF:tests/account/AccountTestUtils.ts
FN:4,patchAccount
FN:17,deleteAccount
FN:28,getAccount
FN:44,postAccount
FNF:4
FNH:1
FNDA:0,patchAccount
FNDA:0,deleteAccount
FNDA:26,getAccount
FNDA:0,postAccount
DA:1,1
DA:2,1
DA:3,1
DA:4,0
DA:5,0
DA:6,0
DA:7,0
DA:8,0
DA:9,0
DA:10,0
DA:11,0
DA:12,0
DA:13,0
DA:14,0
DA:15,0
DA:16,0
DA:17,0
DA:18,0
DA:19,0
DA:20,0
DA:21,0
DA:22,0
DA:23,0
DA:24,0
DA:25,0
DA:26,0
DA:27,0
DA:28,26
DA:29,26
DA:30,26
DA:31,26
DA:32,26
DA:33,26
DA:34,26
DA:35,26
DA:36,26
DA:37,26
DA:38,26
DA:39,26
DA:40,26
DA:41,26
DA:42,26
DA:43,1
DA:44,0
DA:45,0
DA:46,0
DA:47,0
DA:48,0
DA:49,0
DA:50,0
DA:51,0
DA:52,0
DA:53,0
DA:54,0
DA:55,0
DA:56,1
DA:57,1
DA:58,1
DA:59,1
DA:60,1
DA:61,1
DA:62,1
LF:62
LH:26
BRDA:28,0,0,26
BRF:1
BRH:1
end_of_record
TN:
SF:tests/stats/StatsTestUtils.ts
FN:5,getSummary
FN:26,getIncomesWithStats
FN:52,getCategoriesWithStats
FNF:3
FNH:0
FNDA:0,getSummary
FNDA:0,getIncomesWithStats
FNDA:0,getCategoriesWithStats
DA:1,1
DA:2,1
DA:3,1
DA:4,1
DA:5,0
DA:6,0
DA:7,0
DA:8,0
DA:9,0
DA:10,0
DA:11,0
DA:12,0
DA:13,0
DA:14,0
DA:15,0
DA:16,0
DA:17,0
DA:18,0
DA:19,0
DA:20,0
DA:21,0
DA:22,0
DA:23,0
DA:24,0
DA:25,1
DA:26,0
DA:27,0
DA:28,0
DA:29,0
DA:30,0
DA:31,0
DA:32,0
DA:33,0
DA:34,0
DA:35,0
DA:36,0
DA:37,0
DA:38,0
DA:39,0
DA:40,0
DA:41,0
DA:42,0
DA:43,0
DA:44,0
DA:45,0
DA:46,0
DA:47,0
DA:48,0
DA:49,0
DA:50,0
DA:51,1
DA:52,0
DA:53,0
DA:54,0
DA:55,0
DA:56,0
DA:57,0
DA:58,0
DA:59,0
DA:60,0
DA:61,0
DA:62,0
DA:63,0
DA:64,0
DA:65,0
DA:66,0
DA:67,0
DA:68,0
DA:69,0
DA:70,0
DA:71,0
DA:72,0
DA:73,0
DA:74,0
DA:75,0
DA:76,0
DA:77,1
DA:78,1
LF:78
LH:8
BRF:0
BRH:0
end_of_record
TN:
SF:tests/transactions/TransactionsTestUtils.ts
FN:6,patchTransaction
FN:19,deleteTransaction
FN:30,getTransaction
FN:45,tryCreateTransaction
FN:57,tryPatchTransaction
FN:70,postTransaction
FN:87,createTransferTransaction
FN:109,createTransferTransactions
FN:136,createIncomeTransaction
FN:158,createIncomeTransactions
FN:185,createExpenseTransaction
FN:208,createExpenseTransactions
FN:235,createAllTransactions
FN:250,fetchTransactions
FN:270,fetchTransactionsAll
FN:281,fetchTransactionsBad
FNF:16
FNH:15
FNDA:5,patchTransaction
FNDA:0,deleteTransaction
FNDA:1,getTransaction
FNDA:15,tryCreateTransaction
FNDA:3,tryPatchTransaction
FNDA:7,postTransaction
FNDA:7,createTransferTransaction
FNDA:1,createTransferTransactions
FNDA:7,createIncomeTransaction
FNDA:1,createIncomeTransactions
FNDA:6,createExpenseTransaction
FNDA:1,createExpenseTransactions
FNDA:1,createAllTransactions
FNDA:3,fetchTransactions
FNDA:2,fetchTransactionsAll
FNDA:1,fetchTransactionsBad
DA:1,1
DA:2,1
DA:3,1
DA:4,1
DA:5,1
DA:6,5
DA:7,5
DA:8,5
DA:9,5
DA:10,5
DA:11,5
DA:12,5
DA:13,5
DA:14,5
DA:15,5
DA:16,5
DA:17,5
DA:18,5
DA:19,0
DA:20,0
DA:21,0
DA:22,0
DA:23,0
DA:24,0
DA:25,0
DA:26,0
DA:27,0
DA:28,0
DA:29,0
DA:30,1
DA:31,1
DA:32,1
DA:33,1
DA:34,1
DA:35,1
DA:36,1
DA:37,1
DA:38,1
DA:39,1
DA:40,1
DA:41,1
DA:42,1
DA:43,1
DA:44,1
DA:45,15
DA:46,15
DA:47,15
DA:48,15
DA:49,15
DA:50,15
DA:51,15
DA:52,15
DA:53,15
DA:54,15
DA:55,15
DA:56,1
DA:57,3
DA:58,3
DA:59,3
DA:60,3
DA:61,3
DA:62,3
DA:63,3
DA:64,3
DA:65,3
DA:66,3
DA:67,3
DA:68,3
DA:69,1
DA:70,7
DA:71,7
DA:72,7
DA:73,7
DA:74,7
DA:75,7
DA:76,7
DA:77,7
DA:78,7
DA:79,7
DA:80,7
DA:81,7
DA:82,7
DA:83,7
DA:84,7
DA:85,7
DA:86,1
DA:87,7
DA:88,7
DA:89,7
DA:90,7
DA:91,7
DA:92,7
DA:93,7
DA:94,7
DA:95,7
DA:96,7
DA:97,7
DA:98,7
DA:99,7
DA:100,7
DA:101,7
DA:102,7
DA:103,7
DA:104,7
DA:105,7
DA:106,7
DA:107,7
DA:108,1
DA:109,1
DA:110,1
DA:111,1
DA:112,1
DA:113,1
DA:114,1
DA:115,1
DA:116,1
DA:117,1
DA:118,1
DA:119,1
DA:120,1
DA:121,1
DA:122,9
DA:123,9
DA:124,9
DA:125,9
DA:126,9
DA:127,9
DA:128,9
DA:129,9
DA:130,9
DA:131,9
DA:132,9
DA:133,1
DA:134,1
DA:135,1
DA:136,7
DA:137,7
DA:138,7
DA:139,7
DA:140,7
DA:141,7
DA:142,7
DA:143,7
DA:144,7
DA:145,7
DA:146,7
DA:147,7
DA:148,7
DA:149,7
DA:150,7
DA:151,7
DA:152,7
DA:153,7
DA:154,7
DA:155,7
DA:156,7
DA:157,1
DA:158,1
DA:159,1
DA:160,1
DA:161,1
DA:162,1
DA:163,1
DA:164,1
DA:165,1
DA:166,1
DA:167,1
DA:168,1
DA:169,1
DA:170,1
DA:171,9
DA:172,9
DA:173,9
DA:174,9
DA:175,9
DA:176,9
DA:177,9
DA:178,9
DA:179,9
DA:180,9
DA:181,9
DA:182,1
DA:183,1
DA:184,1
DA:185,6
DA:186,6
DA:187,6
DA:188,6
DA:189,6
DA:190,6
DA:191,6
DA:192,6
DA:193,6
DA:194,6
DA:195,6
DA:196,6
DA:197,6
DA:198,6
DA:199,6
DA:200,6
DA:201,6
DA:202,6
DA:203,6
DA:204,6
DA:205,6
DA:206,6
DA:207,1
DA:208,1
DA:209,1
DA:210,1
DA:211,1
DA:212,1
DA:213,1
DA:214,1
DA:215,1
DA:216,1
DA:217,1
DA:218,1
DA:219,1
DA:220,1
DA:221,9
DA:222,9
DA:223,9
DA:224,9
DA:225,9
DA:226,9
DA:227,9
DA:228,9
DA:229,9
DA:230,9
DA:231,9
DA:232,1
DA:233,1
DA:234,1
DA:235,1
DA:236,1
DA:237,1
DA:238,1
DA:239,1
DA:240,1
DA:241,1
DA:242,1
DA:243,1
DA:244,1
DA:245,1
DA:246,1
DA:247,1
DA:248,1
DA:249,1
DA:250,3
DA:251,3
DA:252,3
DA:253,3
DA:254,3
DA:255,3
DA:256,3
DA:257,3
DA:258,3
DA:259,3
DA:260,3
DA:261,3
DA:262,3
DA:263,3
DA:264,3
DA:265,3
DA:266,3
DA:267,3
DA:268,3
DA:269,1
DA:270,2
DA:271,2
DA:272,2
DA:273,2
DA:274,2
DA:275,2
DA:276,2
DA:277,2
DA:278,2
DA:279,2
DA:280,1
DA:281,1
DA:282,1
DA:283,1
DA:284,1
DA:285,1
DA:286,1
DA:287,1
DA:288,1
DA:289,1
DA:290,1
DA:291,1
DA:292,1
DA:293,1
DA:294,1
DA:295,1
DA:296,1
DA:297,1
DA:298,1
DA:299,1
DA:300,1
DA:301,1
DA:302,1
DA:303,1
DA:304,1
LF:304
LH:293
BRDA:6,0,0,5
BRDA:30,1,0,1
BRDA:45,2,0,15
BRDA:57,3,0,3
BRDA:70,4,0,7
BRDA:87,5,0,7
BRDA:109,6,0,1
BRDA:121,7,0,9
BRDA:136,8,0,7
BRDA:158,9,0,1
BRDA:170,10,0,9
BRDA:185,11,0,6
BRDA:208,12,0,1
BRDA:220,13,0,9
BRDA:235,14,0,1
BRDA:250,15,0,3
BRDA:258,16,0,0
BRDA:270,17,0,2
BRDA:271,18,0,1
BRDA:271,19,0,1
BRDA:281,20,0,1
BRF:21
BRH:20
end_of_record
