TN:
SF:src\app.ts
FNF:0
FNH:0
DA:1,1
DA:2,1
DA:3,1
DA:4,1
DA:5,1
DA:6,1
DA:7,1
DA:8,1
DA:9,1
DA:10,1
DA:11,1
DA:12,1
DA:13,1
DA:14,1
DA:15,1
DA:16,1
DA:17,1
DA:18,1
DA:19,1
DA:20,1
DA:21,1
DA:22,1
DA:23,1
DA:24,1
DA:25,1
DA:26,1
DA:27,1
DA:28,1
DA:29,1
DA:30,1
DA:31,1
DA:32,1
DA:33,1
DA:34,1
DA:35,1
DA:36,1
DA:37,1
DA:38,1
DA:39,1
DA:40,1
DA:41,1
DA:42,5
DA:43,0
DA:44,0
DA:45,0
DA:46,0
DA:47,0
DA:48,0
DA:49,5
DA:50,5
DA:51,1
DA:52,1
DA:53,1
DA:54,1
DA:55,1
DA:56,1
DA:57,1
DA:58,1
DA:59,1
DA:60,1
DA:61,1
DA:62,1
DA:63,1
DA:64,1
DA:65,1
DA:66,1
DA:67,1
DA:68,0
DA:69,1
DA:70,1
DA:71,1
DA:72,1
DA:73,1
DA:74,0
DA:75,0
DA:76,0
DA:77,0
DA:78,1
DA:79,1
LF:79
LH:68
BRDA:26,0,0,0
BRDA:73,1,0,0
BRDA:41,2,0,5
BRF:3
BRH:1
end_of_record
TN:
SF:src\config\config.ts
FN:28,getConfig
FNF:1
FNH:1
FNDA:47,getConfig
DA:1,1
DA:2,1
DA:3,1
DA:4,1
DA:5,1
DA:6,1
DA:7,1
DA:8,1
DA:9,1
DA:10,1
DA:11,1
DA:12,1
DA:13,1
DA:14,1
DA:15,1
DA:16,1
DA:17,1
DA:18,1
DA:19,1
DA:20,1
DA:21,1
DA:22,1
DA:23,1
DA:24,1
DA:25,1
DA:26,1
DA:27,1
DA:28,47
DA:29,47
DA:30,47
DA:31,47
DA:32,47
DA:33,47
DA:34,47
DA:35,47
DA:36,47
DA:37,47
DA:38,47
DA:39,47
DA:40,47
DA:41,47
DA:42,47
DA:43,47
DA:44,47
DA:45,47
DA:46,47
DA:47,47
DA:48,47
LF:48
LH:48
BRDA:28,0,0,47
BRDA:31,1,0,0
BRDA:32,2,0,0
BRDA:33,3,0,0
BRDA:34,4,0,0
BRDA:35,5,0,0
BRDA:36,6,0,0
BRDA:37,7,0,0
BRDA:39,8,0,0
BRDA:40,9,0,0
BRDA:41,10,0,0
BRDA:42,11,0,0
BRDA:43,12,0,0
BRDA:44,13,0,0
BRDA:45,14,0,0
BRF:15
BRH:1
end_of_record
TN:
SF:src\config\currency_initial.ts
FNF:0
FNH:0
DA:1,1
DA:2,1
DA:3,1
DA:4,1
DA:5,1
DA:6,1
DA:7,1
DA:8,1
DA:9,1
DA:10,1
DA:11,1
DA:12,1
DA:13,1
DA:14,1
DA:15,1
DA:16,1
DA:17,1
DA:18,1
DA:19,1
DA:20,1
DA:21,1
DA:22,1
DA:23,1
DA:24,1
DA:25,1
DA:26,1
DA:27,1
DA:28,1
DA:29,1
DA:30,1
DA:31,1
DA:32,1
LF:32
LH:32
BRF:0
BRH:0
end_of_record
TN:
SF:src\config\dbConfig.ts
FNF:0
FNH:0
DA:1,1
DA:2,1
DA:3,1
DA:4,1
DA:5,1
DA:6,1
DA:7,1
DA:8,1
DA:9,1
DA:10,1
DA:11,1
LF:11
LH:11
BRF:0
BRH:0
end_of_record
TN:
SF:src\config\user_initial.ts
FNF:0
FNH:0
DA:1,1
DA:2,1
DA:3,1
DA:4,1
DA:5,1
DA:6,1
DA:7,1
DA:8,1
DA:9,1
DA:10,1
DA:11,1
DA:12,1
DA:13,1
DA:14,1
DA:15,1
DA:16,1
DA:17,1
DA:18,1
DA:19,1
DA:20,1
DA:21,1
DA:22,1
DA:23,1
DA:24,1
DA:25,1
DA:26,1
DA:27,1
DA:28,1
DA:29,1
DA:30,1
DA:31,1
DA:32,1
DA:33,1
DA:34,1
DA:35,1
DA:36,1
DA:37,1
DA:38,1
DA:39,1
DA:40,1
DA:41,1
DA:42,1
DA:43,1
DA:44,1
DA:45,1
DA:46,1
DA:47,1
DA:48,1
DA:49,1
DA:50,1
DA:51,1
DA:52,1
DA:53,1
DA:54,1
DA:55,1
DA:56,1
DA:57,1
DA:58,1
DA:59,1
DA:60,1
DA:61,1
DA:62,1
DA:63,1
DA:64,1
DA:65,1
DA:66,1
DA:67,1
DA:68,1
DA:69,1
DA:70,1
DA:71,1
DA:72,1
DA:73,1
DA:74,1
DA:75,1
DA:76,1
DA:77,1
DA:78,1
DA:79,1
DA:80,1
DA:81,1
DA:82,1
DA:83,1
DA:84,1
DA:85,1
DA:86,1
DA:87,1
DA:88,1
DA:89,1
DA:90,1
DA:91,1
DA:92,1
DA:93,1
DA:94,1
DA:95,1
DA:96,1
DA:97,1
DA:98,1
DA:99,1
DA:100,1
DA:101,1
DA:102,1
DA:103,1
DA:104,1
DA:105,1
DA:106,1
DA:107,1
DA:108,1
DA:109,1
DA:110,1
DA:111,1
DA:112,1
DA:113,1
DA:114,1
DA:115,1
DA:116,1
DA:117,1
DA:118,1
DA:119,1
DA:120,1
DA:121,1
DA:122,1
DA:123,1
DA:124,1
DA:125,1
DA:126,1
DA:127,1
DA:128,1
DA:129,1
DA:130,1
DA:131,1
DA:132,1
DA:133,1
DA:134,1
DA:135,1
DA:136,1
DA:137,1
DA:138,1
DA:139,1
DA:140,1
DA:141,1
DA:142,1
DA:143,1
DA:144,1
DA:145,1
DA:146,1
DA:147,1
DA:148,1
DA:149,1
DA:150,1
DA:151,1
DA:152,1
DA:153,1
DA:154,1
DA:155,1
DA:156,1
DA:157,1
DA:158,1
DA:159,1
DA:160,1
DA:161,1
DA:162,1
DA:163,1
DA:164,1
DA:165,1
DA:166,1
DA:167,1
DA:168,1
DA:169,1
DA:170,1
DA:171,1
DA:172,1
DA:173,1
DA:174,1
DA:175,1
DA:176,1
DA:177,1
DA:178,1
DA:179,1
DA:180,1
DA:181,1
DA:182,1
DA:183,1
DA:184,1
DA:185,1
DA:186,1
DA:187,1
DA:188,1
DA:189,1
DA:190,1
DA:191,1
DA:192,1
DA:193,1
DA:194,1
DA:195,1
DA:196,1
DA:197,1
DA:198,1
DA:199,1
DA:200,1
DA:201,1
DA:202,1
DA:203,1
DA:204,1
DA:205,1
DA:206,1
DA:207,1
DA:208,1
DA:209,1
DA:210,1
DA:211,1
DA:212,1
DA:213,1
DA:214,1
DA:215,1
DA:216,1
DA:217,1
DA:218,1
DA:219,1
DA:220,1
DA:221,1
DA:222,1
DA:223,1
DA:224,1
DA:225,1
DA:226,1
DA:227,1
DA:228,1
DA:229,1
DA:230,1
DA:231,1
DA:232,1
DA:233,1
DA:234,1
DA:235,1
DA:236,1
DA:237,1
DA:238,1
DA:239,1
DA:240,1
DA:241,1
DA:242,1
DA:243,1
DA:244,1
DA:245,1
DA:246,1
DA:247,1
DA:248,1
DA:249,1
DA:250,1
DA:251,1
DA:252,1
DA:253,1
DA:254,1
DA:255,1
DA:256,1
DA:257,1
DA:258,1
DA:259,1
DA:260,1
DA:261,1
DA:262,1
DA:263,1
DA:264,1
DA:265,1
DA:266,1
DA:267,1
DA:268,1
DA:269,1
DA:270,1
DA:271,1
DA:272,1
DA:273,1
DA:274,1
DA:275,1
DA:276,1
DA:277,1
DA:278,1
DA:279,1
DA:280,1
DA:281,1
DA:282,1
DA:283,1
DA:284,1
DA:285,1
DA:286,1
DA:287,1
DA:288,1
DA:289,1
DA:290,1
DA:291,1
DA:292,1
DA:293,1
DA:294,1
DA:295,1
DA:296,1
DA:297,1
DA:298,1
DA:299,1
DA:300,1
DA:301,1
DA:302,1
DA:303,1
DA:304,1
DA:305,1
DA:306,1
DA:307,1
DA:308,1
DA:309,1
DA:310,1
DA:311,1
DA:312,1
DA:313,1
DA:314,1
DA:315,1
DA:316,1
DA:317,1
DA:318,1
DA:319,1
DA:320,1
DA:321,1
DA:322,1
DA:323,1
DA:324,1
DA:325,1
DA:326,1
DA:327,1
DA:328,1
DA:329,1
DA:330,1
DA:331,1
DA:332,1
DA:333,1
DA:334,1
DA:335,1
DA:336,1
DA:337,1
DA:338,1
DA:339,1
DA:340,1
DA:341,1
DA:342,1
DA:343,1
DA:344,1
DA:345,1
DA:346,1
DA:347,1
DA:348,1
DA:349,1
DA:350,1
DA:351,1
DA:352,1
DA:353,1
DA:354,1
DA:355,1
DA:356,1
DA:357,1
DA:358,1
DA:359,1
DA:360,1
DA:361,1
DA:362,1
DA:363,1
DA:364,1
DA:365,1
DA:366,1
DA:367,1
DA:368,1
DA:369,1
DA:370,1
DA:371,1
DA:372,1
DA:373,1
DA:374,1
DA:375,1
DA:376,1
DA:377,1
DA:378,1
DA:379,1
DA:380,1
DA:381,1
DA:382,1
DA:383,1
DA:384,1
DA:385,1
DA:386,1
DA:387,1
DA:388,1
DA:389,1
DA:390,1
DA:391,1
DA:392,1
DA:393,1
DA:394,1
DA:395,1
DA:396,1
DA:397,1
DA:398,1
DA:399,1
DA:400,1
DA:401,1
DA:402,1
DA:403,1
DA:404,1
DA:405,1
DA:406,1
DA:407,1
DA:408,1
DA:409,1
DA:410,1
DA:411,1
DA:412,1
DA:413,1
DA:414,1
DA:415,1
DA:416,1
DA:417,1
DA:418,1
DA:419,1
DA:420,1
DA:421,1
DA:422,1
DA:423,1
DA:424,1
DA:425,1
DA:426,1
DA:427,1
DA:428,1
DA:429,1
DA:430,1
DA:431,1
DA:432,1
DA:433,1
DA:434,1
DA:435,1
DA:436,1
DA:437,1
DA:438,1
DA:439,1
DA:440,1
DA:441,1
DA:442,1
DA:443,1
DA:444,1
DA:445,1
DA:446,1
DA:447,1
DA:448,1
DA:449,1
DA:450,1
DA:451,1
DA:452,1
DA:453,1
DA:454,1
DA:455,1
DA:456,1
DA:457,1
DA:458,1
DA:459,1
DA:460,1
DA:461,1
DA:462,1
DA:463,1
DA:464,1
DA:465,1
DA:466,1
DA:467,1
DA:468,1
DA:469,1
DA:470,1
DA:471,1
DA:472,1
DA:473,1
DA:474,1
DA:475,1
DA:476,1
DA:477,1
DA:478,1
DA:479,1
DA:480,1
DA:481,1
DA:482,1
DA:483,1
DA:484,1
DA:485,1
DA:486,1
DA:487,1
DA:488,1
DA:489,1
DA:490,1
DA:491,1
DA:492,1
DA:493,1
DA:494,1
DA:495,1
DA:496,1
DA:497,1
DA:498,1
DA:499,1
DA:500,1
DA:501,1
DA:502,1
DA:503,1
DA:504,1
DA:505,1
DA:506,1
DA:507,1
DA:508,1
DA:509,1
DA:510,1
DA:511,1
DA:512,1
DA:513,1
DA:514,1
DA:515,1
DA:516,1
DA:517,1
DA:518,1
DA:519,1
DA:520,1
DA:521,1
DA:522,1
DA:523,1
DA:524,1
DA:525,1
DA:526,1
DA:527,1
DA:528,1
DA:529,1
DA:530,1
DA:531,1
DA:532,1
DA:533,1
DA:534,1
DA:535,1
LF:535
LH:535
BRF:0
BRH:0
end_of_record
TN:
SF:src\controllers\AuthController.ts
FN:17,logout
FN:23,login
FNF:2
FNH:0
FNDA:0,logout
FNDA:0,login
DA:1,1
DA:2,1
DA:3,1
DA:4,1
DA:5,1
DA:6,1
DA:7,1
DA:8,1
DA:9,1
DA:10,1
DA:11,1
DA:12,1
DA:13,1
DA:14,1
DA:15,1
DA:16,1
DA:17,1
DA:18,0
DA:19,0
DA:20,0
DA:21,0
DA:22,0
DA:23,1
DA:24,0
DA:25,0
DA:26,0
DA:27,0
DA:28,0
DA:29,0
DA:30,0
DA:31,0
DA:32,0
DA:33,0
DA:34,0
DA:35,0
DA:36,0
DA:37,0
DA:38,0
DA:39,0
DA:40,0
DA:41,0
DA:42,0
DA:43,0
DA:44,1
LF:44
LH:19
BRF:0
BRH:0
end_of_record
TN:
SF:src\controllers\OverviewController.ts
FN:13,overview
FNF:1
FNH:0
FNDA:0,overview
DA:1,1
DA:2,1
DA:3,1
DA:4,1
DA:5,1
DA:6,1
DA:7,1
DA:8,1
DA:9,1
DA:10,1
DA:11,1
DA:12,1
DA:13,1
DA:14,0
DA:15,0
DA:16,0
DA:17,0
DA:18,0
DA:19,0
DA:20,0
DA:21,0
DA:22,0
DA:23,1
LF:23
LH:14
BRF:0
BRH:0
end_of_record
TN:
SF:src\controllers\ProfileController.ts
FN:16,profile
FN:34,confirmEmail
FNF:2
FNH:0
FNDA:0,profile
FNDA:0,confirmEmail
DA:1,1
DA:2,1
DA:3,1
DA:4,1
DA:5,1
DA:6,1
DA:7,1
DA:8,1
DA:9,1
DA:10,1
DA:11,1
DA:12,1
DA:13,1
DA:14,1
DA:15,1
DA:16,1
DA:17,0
DA:18,0
DA:19,0
DA:20,0
DA:21,0
DA:22,0
DA:23,0
DA:24,0
DA:25,0
DA:26,0
DA:27,0
DA:28,0
DA:29,0
DA:30,0
DA:31,0
DA:32,0
DA:33,1
DA:34,1
DA:35,0
DA:36,0
DA:37,0
DA:38,0
DA:39,0
DA:40,0
DA:41,0
DA:42,0
DA:43,0
DA:44,0
DA:45,0
DA:46,0
DA:47,0
DA:48,1
LF:48
LH:19
BRF:0
BRH:0
end_of_record
TN:
SF:src\controllers\RegisterController.ts
FN:14,signup
FNF:1
FNH:1
FNDA:5,signup
DA:1,1
DA:2,1
DA:3,1
DA:4,1
DA:5,1
DA:6,1
DA:7,1
DA:8,1
DA:9,1
DA:10,1
DA:11,1
DA:12,1
DA:13,1
DA:14,1
DA:15,5
DA:16,5
DA:17,5
DA:18,5
DA:19,5
DA:20,5
DA:21,5
DA:22,5
DA:23,5
DA:24,5
DA:25,5
DA:26,5
DA:27,5
DA:28,5
DA:29,5
DA:30,5
DA:31,5
DA:32,5
DA:33,0
DA:34,0
DA:35,0
DA:36,5
DA:37,1
LF:37
LH:34
BRDA:14,0,0,5
BRDA:32,1,0,0
BRDA:24,2,0,5
BRF:3
BRH:2
end_of_record
TN:
SF:src\controllers\TransactionController.ts
FN:13,create
FNF:1
FNH:0
FNDA:0,create
DA:1,1
DA:2,1
DA:3,1
DA:4,1
DA:5,1
DA:6,1
DA:7,1
DA:8,1
DA:9,1
DA:10,1
DA:11,1
DA:12,1
DA:13,1
DA:14,0
DA:15,0
DA:16,0
DA:17,0
DA:18,0
DA:19,0
DA:20,0
DA:21,0
DA:22,0
DA:23,0
DA:24,0
DA:25,0
DA:26,0
DA:27,0
DA:28,0
DA:29,0
DA:30,0
DA:31,0
DA:32,0
DA:33,1
LF:33
LH:14
BRF:0
BRH:0
end_of_record
TN:
SF:src\helper\logger\Logger.ts
FN:10,deserialize
FN:32,Logger
FN:36,Of
FN:40,setLogLevel
FN:44,SetLogLevel
FN:50,debug
FN:60,info
FN:70,warn
FN:80,error
FN:90,format
FN:94,formatDate
FNF:11
FNH:6
FNDA:0,deserialize
FNDA:112,Logger
FNDA:112,Of
FNDA:0,setLogLevel
FNDA:0,SetLogLevel
FNDA:0,debug
FNDA:161,info
FNDA:5,warn
FNDA:0,error
FNDA:166,format
FNDA:166,formatDate
DA:1,1
DA:2,1
DA:3,1
DA:4,1
DA:5,1
DA:6,1
DA:7,1
DA:8,1
DA:9,1
DA:10,1
DA:11,0
DA:12,0
DA:13,0
DA:14,0
DA:15,0
DA:16,0
DA:17,0
DA:18,0
DA:19,0
DA:20,0
DA:21,0
DA:22,0
DA:23,0
DA:24,0
DA:25,0
DA:26,1
DA:27,1
DA:28,1
DA:29,1
DA:30,1
DA:31,1
DA:32,1
DA:33,112
DA:34,112
DA:35,1
DA:36,1
DA:37,112
DA:38,112
DA:39,1
DA:40,1
DA:41,0
DA:42,0
DA:43,1
DA:44,1
DA:45,0
DA:46,0
DA:47,0
DA:48,0
DA:49,1
DA:50,1
DA:51,0
DA:52,0
DA:53,0
DA:54,0
DA:55,0
DA:56,0
DA:57,0
DA:58,0
DA:59,1
DA:60,1
DA:61,161
DA:62,161
DA:63,0
DA:64,161
DA:65,161
DA:66,161
DA:67,161
DA:68,161
DA:69,1
DA:70,1
DA:71,5
DA:72,5
DA:73,0
DA:74,5
DA:75,5
DA:76,5
DA:77,5
DA:78,5
DA:79,1
DA:80,1
DA:81,0
DA:82,0
DA:83,0
DA:84,0
DA:85,0
DA:86,0
DA:87,0
DA:88,0
DA:89,1
DA:90,1
DA:91,166
DA:92,166
DA:93,1
DA:94,1
DA:95,166
DA:96,166
DA:97,166
DA:98,166
DA:99,166
DA:100,166
DA:101,166
DA:102,1
LF:102
LH:63
BRDA:3,0,0,1
BRDA:32,1,0,112
BRDA:36,2,0,112
BRDA:60,3,0,161
BRDA:62,4,0,0
BRDA:70,5,0,5
BRDA:72,6,0,0
BRDA:90,7,0,166
BRDA:94,8,0,166
BRF:9
BRH:7
end_of_record
TN:
SF:src\helper\logger\LoggerBase.ts
FN:6,LoggerBase
FNF:1
FNH:1
FNDA:100,LoggerBase
DA:1,1
DA:2,1
DA:3,1
DA:4,1
DA:5,1
DA:6,1
DA:7,100
DA:8,100
DA:9,100
DA:10,1
LF:10
LH:10
BRDA:6,0,0,100
BRDA:7,1,0,0
BRDA:7,2,0,0
BRF:3
BRH:1
end_of_record
TN:
SF:src\helper\responseBuilder\ResponseBuilder.ts
FN:17,ResponseBuilder
FN:21,reset
FN:29,setStatus
FN:34,setErrors
FN:39,setError
FN:44,setData
FN:49,build
FNF:7
FNH:5
FNDA:5,ResponseBuilder
FNDA:10,reset
FNDA:5,setStatus
FNDA:0,setErrors
FNDA:0,setError
FNDA:5,setData
FNDA:5,build
DA:1,1
DA:2,1
DA:3,1
DA:4,1
DA:5,1
DA:6,1
DA:7,1
DA:8,1
DA:9,1
DA:10,1
DA:11,1
DA:12,1
DA:13,1
DA:14,1
DA:15,1
DA:16,1
DA:17,1
DA:18,5
DA:19,5
DA:20,1
DA:21,1
DA:22,10
DA:23,10
DA:24,10
DA:25,10
DA:26,10
DA:27,10
DA:28,1
DA:29,1
DA:30,5
DA:31,5
DA:32,5
DA:33,1
DA:34,1
DA:35,0
DA:36,0
DA:37,0
DA:38,1
DA:39,1
DA:40,0
DA:41,0
DA:42,0
DA:43,1
DA:44,1
DA:45,5
DA:46,5
DA:47,5
DA:48,1
DA:49,1
DA:50,5
DA:51,5
DA:52,5
DA:53,5
DA:54,1
LF:54
LH:48
BRDA:17,0,0,5
BRDA:21,1,0,10
BRDA:29,2,0,5
BRDA:44,3,0,5
BRDA:49,4,0,5
BRF:5
BRH:5
end_of_record
TN:
SF:src\helper\responseBuilder\ResponseBuilderPreset.ts
FN:6,getSuccess
FN:10,getAuthError
FNF:2
FNH:0
FNDA:0,getSuccess
FNDA:0,getAuthError
DA:1,1
DA:2,1
DA:3,1
DA:4,1
DA:5,1
DA:6,1
DA:7,0
DA:8,0
DA:9,1
DA:10,1
DA:11,0
DA:12,0
DA:13,1
LF:13
LH:9
BRF:0
BRH:0
end_of_record
TN:
SF:src\interfaces\IUserStatus.ts
FNF:0
FNH:0
DA:1,1
DA:2,1
DA:3,1
DA:4,1
LF:4
LH:4
BRDA:1,0,0,1
BRF:1
BRH:1
end_of_record
TN:
SF:src\middleware\checkCors.ts
FN:8,checkCors
FNF:1
FNH:1
FNDA:1,checkCors
DA:1,1
DA:2,1
DA:3,1
DA:4,1
DA:5,1
DA:6,1
DA:7,1
DA:8,1
LF:8
LH:8
BRDA:8,0,0,1
BRF:1
BRH:1
end_of_record
TN:
SF:src\middleware\checkOriginReferer.ts
FN:8,checkOriginReferer
FNF:1
FNH:1
FNDA:5,checkOriginReferer
DA:1,1
DA:2,1
DA:3,1
DA:4,1
DA:5,1
DA:6,1
DA:7,1
DA:8,1
DA:9,5
DA:10,5
DA:11,5
DA:12,5
DA:13,5
DA:14,0
DA:15,0
DA:16,0
DA:17,0
DA:18,0
DA:19,0
DA:20,0
DA:21,0
DA:22,0
DA:23,5
DA:24,5
DA:25,0
DA:26,0
DA:27,0
DA:28,0
DA:29,0
DA:30,0
DA:31,0
DA:32,0
DA:33,0
DA:34,5
DA:35,5
DA:36,5
LF:36
LH:18
BRDA:8,0,0,5
BRDA:13,1,0,0
BRDA:13,2,0,0
BRDA:24,3,0,0
BRDA:24,4,0,0
BRF:5
BRH:1
end_of_record
TN:
SF:src\middleware\sessionVerify.ts
FN:10,errorHandler
FN:16,sessionVerifyHandler
FN:51,sessionVerify
FN:54,sessionVerifyLogout
FNF:4
FNH:0
FNDA:0,errorHandler
FNDA:0,sessionVerifyHandler
FNDA:0,sessionVerify
FNDA:0,sessionVerifyLogout
DA:1,1
DA:2,1
DA:3,1
DA:4,1
DA:5,1
DA:6,1
DA:7,1
DA:8,1
DA:9,1
DA:10,1
DA:11,0
DA:12,0
DA:13,0
DA:14,0
DA:15,0
DA:16,1
DA:17,0
DA:18,0
DA:19,0
DA:20,0
DA:21,0
DA:22,0
DA:23,0
DA:24,0
DA:25,0
DA:26,0
DA:27,0
DA:28,0
DA:29,0
DA:30,0
DA:31,0
DA:32,0
DA:33,0
DA:34,0
DA:35,0
DA:36,0
DA:37,0
DA:38,0
DA:39,0
DA:40,0
DA:41,0
DA:42,0
DA:43,0
DA:44,0
DA:45,0
DA:46,0
DA:47,0
DA:48,0
DA:49,0
DA:50,1
DA:51,1
DA:52,0
DA:53,0
DA:54,1
DA:55,0
DA:56,0
DA:57,0
DA:58,0
DA:59,0
DA:60,1
DA:61,1
LF:61
LH:16
BRF:0
BRH:0
end_of_record
TN:
SF:src\middleware\tokenVerify.ts
FN:13,errorHandler
FN:18,tokenVerifyHandler
FN:52,extractToken
FN:59,tokenVerifyLogout
FN:66,tokenVerify
FNF:5
FNH:0
FNDA:0,errorHandler
FNDA:0,tokenVerifyHandler
FNDA:0,extractToken
FNDA:0,tokenVerifyLogout
FNDA:0,tokenVerify
DA:1,1
DA:2,1
DA:3,1
DA:4,1
DA:5,1
DA:6,1
DA:7,1
DA:8,1
DA:9,1
DA:10,1
DA:11,1
DA:12,1
DA:13,1
DA:14,0
DA:15,0
DA:16,0
DA:17,1
DA:18,1
DA:19,0
DA:20,0
DA:21,0
DA:22,0
DA:23,0
DA:24,0
DA:25,0
DA:26,0
DA:27,0
DA:28,0
DA:29,0
DA:30,0
DA:31,0
DA:32,0
DA:33,0
DA:34,0
DA:35,0
DA:36,0
DA:37,0
DA:38,0
DA:39,0
DA:40,0
DA:41,0
DA:42,0
DA:43,0
DA:44,0
DA:45,0
DA:46,0
DA:47,0
DA:48,0
DA:49,0
DA:50,0
DA:51,1
DA:52,1
DA:53,0
DA:54,0
DA:55,0
DA:56,0
DA:57,0
DA:58,1
DA:59,1
DA:60,0
DA:61,0
DA:62,0
DA:63,0
DA:64,0
DA:65,1
DA:66,1
DA:67,0
DA:68,0
DA:69,1
DA:70,1
LF:70
LH:23
BRF:0
BRH:0
end_of_record
TN:
SF:src\middleware\userIdVerify.ts
FN:11,userIdVerify
FNF:1
FNH:0
FNDA:0,userIdVerify
DA:1,1
DA:2,1
DA:3,1
DA:4,1
DA:5,1
DA:6,1
DA:7,1
DA:8,1
DA:9,1
DA:10,1
DA:11,1
DA:12,0
DA:13,0
DA:14,0
DA:15,0
DA:16,0
DA:17,0
DA:18,0
DA:19,0
DA:20,0
DA:21,0
DA:22,0
DA:23,1
DA:24,1
LF:24
LH:13
BRF:0
BRH:0
end_of_record
TN:
SF:src\repositories\DatabaseConnection.ts
FN:9,DatabaseConnection
FN:39,engine
FN:47,close
FN:50,transaction
FNF:4
FNH:3
FNDA:55,DatabaseConnection
FNDA:50,engine
FNDA:0,close
FNDA:5,transaction
DA:1,1
DA:2,1
DA:3,1
DA:4,1
DA:5,1
DA:6,1
DA:7,1
DA:8,1
DA:9,1
DA:10,55
DA:11,55
DA:12,55
DA:13,55
DA:14,55
DA:15,55
DA:16,55
DA:17,55
DA:18,55
DA:19,55
DA:20,55
DA:21,55
DA:22,55
DA:23,55
DA:24,55
DA:25,55
DA:26,55
DA:27,55
DA:28,55
DA:29,55
DA:30,55
DA:31,55
DA:32,55
DA:33,55
DA:34,55
DA:35,55
DA:36,55
DA:37,55
DA:38,1
DA:39,1
DA:40,50
DA:41,50
DA:42,50
DA:43,0
DA:44,0
DA:45,50
DA:46,1
DA:47,1
DA:48,0
DA:49,0
DA:50,1
DA:51,5
DA:52,5
DA:53,1
LF:53
LH:49
BRDA:9,0,0,55
BRDA:39,1,0,50
BRDA:42,2,0,0
BRDA:50,3,0,5
BRF:4
BRH:3
end_of_record
TN:
SF:src\repositories\DatabaseConnectionBuilder.ts
FN:5,build
FNF:1
FNH:1
FNDA:50,build
DA:1,1
DA:2,1
DA:3,1
DA:4,1
DA:5,1
DA:6,50
DA:7,50
DA:8,1
LF:8
LH:8
BRDA:5,0,0,50
BRF:1
BRH:1
end_of_record
TN:
SF:src\repositories\UnitOfWork.ts
FN:9,UnitOfWork
FN:14,start
FN:19,commit
FN:28,rollback
FN:37,getTransaction
FNF:5
FNH:4
FNDA:5,UnitOfWork
FNDA:5,start
FNDA:5,commit
FNDA:0,rollback
FNDA:5,getTransaction
DA:1,1
DA:2,1
DA:3,1
DA:4,1
DA:5,1
DA:6,1
DA:7,1
DA:8,1
DA:9,1
DA:10,5
DA:11,5
DA:12,5
DA:13,1
DA:14,1
DA:15,5
DA:16,5
DA:17,5
DA:18,1
DA:19,1
DA:20,5
DA:21,5
DA:22,5
DA:23,5
DA:24,0
DA:25,0
DA:26,5
DA:27,1
DA:28,1
DA:29,0
DA:30,0
DA:31,0
DA:32,0
DA:33,0
DA:34,0
DA:35,0
DA:36,1
DA:37,1
DA:38,5
DA:39,5
DA:40,5
DA:41,5
DA:42,0
DA:43,0
DA:44,0
DA:45,5
DA:46,1
LF:46
LH:34
BRDA:9,0,0,5
BRDA:14,1,0,5
BRDA:19,2,0,5
BRDA:23,3,0,0
BRDA:37,4,0,5
BRDA:41,5,0,0
BRF:6
BRH:4
end_of_record
TN:
SF:src\routes\auth.ts
FNF:0
FNH:0
DA:1,1
DA:2,1
DA:3,1
DA:4,1
DA:5,1
DA:6,1
DA:7,1
DA:8,1
DA:9,1
DA:10,1
DA:11,1
DA:12,1
DA:13,1
DA:14,1
DA:15,1
DA:16,1
DA:17,1
DA:18,1
DA:19,1
DA:20,1
DA:21,1
DA:22,1
DA:23,1
DA:24,1
DA:25,1
DA:26,1
DA:27,1
DA:28,1
DA:29,1
DA:30,1
DA:31,1
DA:32,1
DA:33,1
DA:34,1
DA:35,1
DA:36,1
DA:37,1
DA:38,1
DA:39,1
DA:40,1
DA:41,1
DA:42,1
DA:43,1
DA:44,1
DA:45,1
DA:46,1
DA:47,1
DA:48,1
DA:49,1
DA:50,1
DA:51,1
DA:52,1
DA:53,1
DA:54,1
DA:55,1
DA:56,1
DA:57,1
DA:58,1
DA:59,1
DA:60,1
DA:61,1
DA:62,1
DA:63,1
DA:64,1
DA:65,1
DA:66,1
DA:67,1
DA:68,1
DA:69,1
DA:70,1
DA:71,1
DA:72,1
DA:73,1
DA:74,1
DA:75,1
DA:76,1
DA:77,1
DA:78,1
DA:79,1
DA:80,1
DA:81,1
DA:82,1
DA:83,1
DA:84,1
DA:85,1
DA:86,1
DA:87,1
DA:88,1
DA:89,1
DA:90,1
DA:91,1
DA:92,1
DA:93,1
DA:94,1
DA:95,1
DA:96,1
DA:97,1
DA:98,1
DA:99,1
DA:100,1
DA:101,1
DA:102,1
DA:103,1
DA:104,1
DA:105,1
LF:105
LH:105
BRF:0
BRH:0
end_of_record
TN:
SF:src\routes\overview.ts
FNF:0
FNH:0
DA:1,1
DA:2,1
DA:3,1
DA:4,1
DA:5,1
DA:6,1
DA:7,1
DA:8,1
DA:9,1
DA:10,1
DA:11,1
DA:12,1
DA:13,1
DA:14,1
DA:15,1
DA:16,1
DA:17,1
DA:18,1
DA:19,1
DA:20,1
DA:21,1
DA:22,1
DA:23,1
DA:24,1
DA:25,1
DA:26,1
DA:27,1
DA:28,1
DA:29,1
DA:30,1
DA:31,1
DA:32,1
DA:33,1
DA:34,1
DA:35,1
DA:36,1
DA:37,1
DA:38,1
DA:39,1
DA:40,1
DA:41,1
DA:42,1
DA:43,1
DA:44,1
DA:45,1
DA:46,1
DA:47,1
DA:48,1
LF:48
LH:48
BRF:0
BRH:0
end_of_record
TN:
SF:src\routes\profile.ts
FNF:0
FNH:0
DA:1,1
DA:2,1
DA:3,1
DA:4,1
DA:5,1
DA:6,1
DA:7,1
DA:8,1
DA:9,1
DA:10,1
DA:11,1
DA:12,1
DA:13,1
DA:14,1
DA:15,1
DA:16,1
DA:17,1
DA:18,1
DA:19,1
DA:20,1
DA:21,1
DA:22,1
DA:23,1
DA:24,1
DA:25,1
DA:26,1
DA:27,1
DA:28,1
DA:29,1
DA:30,1
DA:31,1
DA:32,1
DA:33,1
DA:34,1
DA:35,1
DA:36,1
DA:37,1
DA:38,1
DA:39,1
DA:40,1
DA:41,1
DA:42,1
DA:43,1
DA:44,1
DA:45,1
DA:46,1
DA:47,1
DA:48,1
DA:49,1
DA:50,1
DA:51,1
DA:52,1
DA:53,1
DA:54,1
LF:54
LH:54
BRF:0
BRH:0
end_of_record
TN:
SF:src\routes\register.ts
FNF:0
FNH:0
DA:1,1
DA:2,1
DA:3,1
DA:4,1
DA:5,1
DA:6,1
DA:7,1
DA:8,1
DA:9,1
DA:10,1
DA:11,1
LF:11
LH:11
BRF:0
BRH:0
end_of_record
TN:
SF:src\routes\transaction.ts
FNF:0
FNH:0
DA:1,1
DA:2,1
DA:3,1
DA:4,1
DA:5,1
DA:6,1
DA:7,1
DA:8,1
DA:9,1
DA:10,1
DA:11,1
DA:12,1
DA:13,1
DA:14,1
DA:15,1
DA:16,1
DA:17,1
DA:18,1
DA:19,1
DA:20,1
DA:21,1
DA:22,1
DA:23,1
DA:24,1
DA:25,1
DA:26,1
DA:27,1
DA:28,1
DA:29,1
DA:30,1
DA:31,1
DA:32,1
DA:33,1
DA:34,1
DA:35,1
DA:36,1
DA:37,1
DA:38,1
DA:39,1
DA:40,1
DA:41,1
DA:42,1
DA:43,1
DA:44,1
DA:45,1
DA:46,1
DA:47,1
DA:48,1
DA:49,1
DA:50,1
DA:51,1
DA:52,1
DA:53,1
DA:54,1
DA:55,1
DA:56,1
DA:57,1
DA:58,1
DA:59,1
DA:60,1
DA:61,1
DA:62,1
DA:63,1
DA:64,1
DA:65,1
DA:66,1
DA:67,1
DA:68,1
DA:69,1
DA:70,1
DA:71,1
DA:72,1
DA:73,1
DA:74,1
DA:75,1
DA:76,1
DA:77,1
DA:78,1
DA:79,1
DA:80,1
DA:81,1
DA:82,1
DA:83,1
DA:84,1
DA:85,1
DA:86,1
DA:87,1
DA:88,1
DA:89,1
DA:90,1
DA:91,1
DA:92,1
DA:93,1
DA:94,1
DA:95,1
DA:96,1
DA:97,1
LF:97
LH:97
BRF:0
BRH:0
end_of_record
TN:
SF:src\routes\user.ts
FNF:0
FNH:0
DA:1,1
DA:2,1
DA:3,1
DA:4,1
DA:5,1
DA:6,1
DA:7,1
DA:8,1
DA:9,1
DA:10,1
DA:11,1
DA:12,1
DA:13,1
DA:14,1
DA:15,1
DA:16,1
DA:17,1
DA:18,1
DA:19,1
DA:20,1
DA:21,1
DA:22,1
DA:23,1
DA:24,1
DA:25,1
DA:26,1
DA:27,1
DA:28,1
DA:29,1
DA:30,1
DA:31,1
DA:32,1
DA:33,1
DA:34,1
DA:35,1
DA:36,1
DA:37,1
DA:38,1
DA:39,1
DA:40,1
DA:41,1
DA:42,1
LF:42
LH:42
BRF:0
BRH:0
end_of_record
TN:
SF:src\services\account\AccountDataAccess.ts
FN:11,AccountDataAccess
FN:15,createAccounts
FN:40,getAccounts
FN:63,getAccount
FN:86,getAccountBaseQuery
FNF:5
FNH:2
FNDA:5,AccountDataAccess
FNDA:5,createAccounts
FNDA:0,getAccounts
FNDA:0,getAccount
FNDA:0,getAccountBaseQuery
DA:1,1
DA:2,1
DA:3,1
DA:4,1
DA:5,1
DA:6,1
DA:7,1
DA:8,1
DA:9,1
DA:10,1
DA:11,1
DA:12,5
DA:13,5
DA:14,5
DA:15,1
DA:16,5
DA:17,5
DA:18,5
DA:19,5
DA:20,5
DA:21,5
DA:22,10
DA:23,10
DA:24,10
DA:25,10
DA:26,5
DA:27,5
DA:28,5
DA:29,5
DA:30,5
DA:31,5
DA:32,5
DA:33,0
DA:34,0
DA:35,0
DA:36,0
DA:37,0
DA:38,5
DA:39,1
DA:40,1
DA:41,0
DA:42,0
DA:43,0
DA:44,0
DA:45,0
DA:46,0
DA:47,0
DA:48,0
DA:49,0
DA:50,0
DA:51,0
DA:52,0
DA:53,0
DA:54,0
DA:55,0
DA:56,0
DA:57,0
DA:58,0
DA:59,0
DA:60,0
DA:61,0
DA:62,1
DA:63,1
DA:64,0
DA:65,0
DA:66,0
DA:67,0
DA:68,0
DA:69,0
DA:70,0
DA:71,0
DA:72,0
DA:73,0
DA:74,0
DA:75,0
DA:76,0
DA:77,0
DA:78,0
DA:79,0
DA:80,0
DA:81,0
DA:82,0
DA:83,0
DA:84,0
DA:85,1
DA:86,1
DA:87,0
DA:88,0
DA:89,0
DA:90,0
DA:91,0
DA:92,0
DA:93,0
DA:94,0
DA:95,0
DA:96,0
DA:97,0
DA:98,0
DA:99,0
DA:100,1
LF:100
LH:40
BRDA:11,0,0,5
BRDA:15,1,0,5
BRDA:19,2,0,0
BRDA:32,3,0,0
BRDA:21,4,0,10
BRF:5
BRH:3
end_of_record
TN:
SF:src\services\account\AccountService.ts
FN:10,AccountService
FN:14,createAccounts
FN:17,getAccount
FN:20,getAccounts
FNF:4
FNH:2
FNDA:5,AccountService
FNDA:5,createAccounts
FNDA:0,getAccount
FNDA:0,getAccounts
DA:1,1
DA:2,1
DA:3,1
DA:4,1
DA:5,1
DA:6,1
DA:7,1
DA:8,1
DA:9,1
DA:10,1
DA:11,5
DA:12,5
DA:13,1
DA:14,1
DA:15,5
DA:16,5
DA:17,1
DA:18,0
DA:19,0
DA:20,1
DA:21,0
DA:22,0
DA:23,1
LF:23
LH:19
BRDA:10,0,0,5
BRDA:14,1,0,5
BRF:2
BRH:2
end_of_record
TN:
SF:src\services\account\AccountServiceBuilder.ts
FN:6,build
FNF:1
FNH:1
FNDA:5,build
DA:1,1
DA:2,1
DA:3,1
DA:4,1
DA:5,1
DA:6,1
DA:7,5
DA:8,5
DA:9,1
LF:9
LH:9
BRDA:6,0,0,5
BRF:1
BRH:1
end_of_record
TN:
SF:src\services\auth\AuthService.ts
FN:18,AuthService
FN:23,login
FN:48,createJWToken
FN:65,tokenNeedsRefresh
FNF:4
FNH:1
FNDA:0,AuthService
FNDA:0,login
FNDA:5,createJWToken
FNDA:0,tokenNeedsRefresh
DA:1,1
DA:2,1
DA:3,1
DA:4,1
DA:5,1
DA:6,1
DA:7,1
DA:8,1
DA:9,1
DA:10,1
DA:11,1
DA:12,1
DA:13,1
DA:14,1
DA:15,1
DA:16,1
DA:17,1
DA:18,1
DA:19,0
DA:20,0
DA:21,0
DA:22,1
DA:23,1
DA:24,0
DA:25,0
DA:26,0
DA:27,0
DA:28,0
DA:29,0
DA:30,0
DA:31,0
DA:32,0
DA:33,0
DA:34,0
DA:35,0
DA:36,0
DA:37,0
DA:38,0
DA:39,0
DA:40,0
DA:41,0
DA:42,0
DA:43,0
DA:44,0
DA:45,0
DA:46,0
DA:47,1
DA:48,1
DA:49,5
DA:50,5
DA:51,0
DA:52,0
DA:53,0
DA:54,0
DA:55,0
DA:56,0
DA:57,5
DA:58,5
DA:59,5
DA:60,5
DA:61,5
DA:62,5
DA:63,5
DA:64,1
DA:65,1
DA:66,0
DA:67,0
DA:68,0
DA:69,0
DA:70,1
LF:70
LH:34
BRDA:48,0,0,5
BRDA:50,1,0,0
BRF:2
BRH:1
end_of_record
TN:
SF:src\services\auth\AuthServiceBuilder.ts
FN:5,build
FNF:1
FNH:0
FNDA:0,build
DA:1,1
DA:2,1
DA:3,1
DA:4,1
DA:5,1
DA:6,0
DA:7,0
DA:8,0
DA:9,0
DA:10,1
LF:10
LH:6
BRF:0
BRH:0
end_of_record
TN:
SF:src\services\auth\passport-setup.ts
FN:19,passportSetup
FNF:1
FNH:1
FNDA:1,passportSetup
DA:1,1
DA:2,1
DA:3,1
DA:4,1
DA:5,1
DA:6,1
DA:7,1
DA:8,1
DA:9,1
DA:10,1
DA:11,1
DA:12,1
DA:13,1
DA:14,1
DA:15,1
DA:16,1
DA:17,1
DA:18,1
DA:19,1
DA:20,1
DA:21,1
DA:22,0
DA:23,0
DA:24,0
DA:25,0
DA:26,0
DA:27,0
DA:28,0
DA:29,0
DA:30,0
DA:31,0
DA:32,0
DA:33,0
DA:34,0
DA:35,1
DA:36,1
DA:37,1
DA:38,1
DA:39,1
LF:39
LH:26
BRDA:19,0,0,1
BRF:1
BRH:1
end_of_record
TN:
SF:src\services\category\CategoryDataAccess.ts
FN:11,CategoryDataAccess
FN:16,createCategories
FN:44,getCategories
FN:66,getCategory
FN:89,getCategoryBaseQuery
FNF:5
FNH:2
FNDA:5,CategoryDataAccess
FNDA:5,createCategories
FNDA:0,getCategories
FNDA:0,getCategory
FNDA:0,getCategoryBaseQuery
DA:1,1
DA:2,1
DA:3,1
DA:4,1
DA:5,1
DA:6,1
DA:7,1
DA:8,1
DA:9,1
DA:10,1
DA:11,1
DA:12,5
DA:13,5
DA:14,5
DA:15,1
DA:16,1
DA:17,5
DA:18,5
DA:19,5
DA:20,5
DA:21,5
DA:22,60
DA:23,60
DA:24,60
DA:25,5
DA:26,5
DA:27,5
DA:28,5
DA:29,5
DA:30,5
DA:31,5
DA:32,5
DA:33,5
DA:34,5
DA:35,5
DA:36,5
DA:37,0
DA:38,0
DA:39,0
DA:40,0
DA:41,0
DA:42,5
DA:43,1
DA:44,1
DA:45,0
DA:46,0
DA:47,0
DA:48,0
DA:49,0
DA:50,0
DA:51,0
DA:52,0
DA:53,0
DA:54,0
DA:55,0
DA:56,0
DA:57,0
DA:58,0
DA:59,0
DA:60,0
DA:61,0
DA:62,0
DA:63,0
DA:64,0
DA:65,1
DA:66,1
DA:67,0
DA:68,0
DA:69,0
DA:70,0
DA:71,0
DA:72,0
DA:73,0
DA:74,0
DA:75,0
DA:76,0
DA:77,0
DA:78,0
DA:79,0
DA:80,0
DA:81,0
DA:82,0
DA:83,0
DA:84,0
DA:85,0
DA:86,0
DA:87,0
DA:88,1
DA:89,1
DA:90,0
DA:91,0
DA:92,0
DA:93,0
DA:94,0
DA:95,0
DA:96,0
DA:97,0
DA:98,0
DA:99,0
DA:100,0
DA:101,1
LF:101
LH:44
BRDA:11,0,0,5
BRDA:16,1,0,5
BRDA:18,2,0,0
BRDA:36,3,0,0
BRDA:21,4,0,60
BRF:5
BRH:3
end_of_record
TN:
SF:src\services\category\CategoryService.ts
FN:10,CategoryService
FN:14,createCategories
FN:17,getCategory
FN:20,getCategories
FNF:4
FNH:2
FNDA:5,CategoryService
FNDA:5,createCategories
FNDA:0,getCategory
FNDA:0,getCategories
DA:1,1
DA:2,1
DA:3,1
DA:4,1
DA:5,1
DA:6,1
DA:7,1
DA:8,1
DA:9,1
DA:10,1
DA:11,5
DA:12,5
DA:13,1
DA:14,1
DA:15,5
DA:16,5
DA:17,1
DA:18,0
DA:19,0
DA:20,1
DA:21,0
DA:22,0
DA:23,1
LF:23
LH:19
BRDA:10,0,0,5
BRDA:14,1,0,5
BRF:2
BRH:2
end_of_record
TN:
SF:src\services\category\CategoryServiceBuilder.ts
FN:6,build
FNF:1
FNH:1
FNDA:5,build
DA:1,1
DA:2,1
DA:3,1
DA:4,1
DA:5,1
DA:6,1
DA:7,5
DA:8,5
DA:9,1
LF:9
LH:9
BRDA:6,0,0,5
BRF:1
BRH:1
end_of_record
TN:
SF:src\services\currency\CurrencyDataAccess.ts
FN:10,CurrencyDataAccess
FN:15,getCurrencies
FN:28,getCurrencyById
FN:53,getCurrencyByCurrencyCode
FNF:4
FNH:2
FNDA:5,CurrencyDataAccess
FNDA:0,getCurrencies
FNDA:0,getCurrencyById
FNDA:5,getCurrencyByCurrencyCode
DA:1,1
DA:2,1
DA:3,1
DA:4,1
DA:5,1
DA:6,1
DA:7,1
DA:8,1
DA:9,1
DA:10,1
DA:11,5
DA:12,5
DA:13,5
DA:14,1
DA:15,1
DA:16,0
DA:17,0
DA:18,0
DA:19,0
DA:20,0
DA:21,0
DA:22,0
DA:23,0
DA:24,0
DA:25,0
DA:26,0
DA:27,1
DA:28,1
DA:29,0
DA:30,0
DA:31,0
DA:32,0
DA:33,0
DA:34,0
DA:35,0
DA:36,0
DA:37,0
DA:38,0
DA:39,0
DA:40,0
DA:41,0
DA:42,0
DA:43,0
DA:44,0
DA:45,0
DA:46,0
DA:47,0
DA:48,0
DA:49,0
DA:50,0
DA:51,0
DA:52,1
DA:53,1
DA:54,5
DA:55,5
DA:56,5
DA:57,5
DA:58,5
DA:59,5
DA:60,5
DA:61,5
DA:62,5
DA:63,5
DA:64,5
DA:65,5
DA:66,5
DA:67,0
DA:68,0
DA:69,0
DA:70,5
DA:71,0
DA:72,0
DA:73,0
DA:74,0
DA:75,0
DA:76,5
DA:77,1
LF:77
LH:35
BRDA:10,0,0,5
BRDA:53,1,0,5
BRDA:66,2,0,0
BRDA:70,3,0,0
BRF:4
BRH:2
end_of_record
TN:
SF:src\services\currency\CurrencyService.ts
FN:8,CurrencyService
FN:12,getCurrencyByCurrencyCode
FN:16,getCurrencyById
FN:20,getCurrencies
FNF:4
FNH:2
FNDA:5,CurrencyService
FNDA:5,getCurrencyByCurrencyCode
FNDA:0,getCurrencyById
FNDA:0,getCurrencies
DA:1,1
DA:2,1
DA:3,1
DA:4,1
DA:5,1
DA:6,1
DA:7,1
DA:8,1
DA:9,5
DA:10,5
DA:11,1
DA:12,1
DA:13,5
DA:14,5
DA:15,1
DA:16,1
DA:17,0
DA:18,0
DA:19,1
DA:20,1
DA:21,0
DA:22,0
DA:23,1
LF:23
LH:19
BRDA:8,0,0,5
BRDA:12,1,0,5
BRF:2
BRH:2
end_of_record
TN:
SF:src\services\currency\CurrencyServiceBuilder.ts
FN:6,build
FNF:1
FNH:1
FNDA:5,build
DA:1,1
DA:2,1
DA:3,1
DA:4,1
DA:5,1
DA:6,1
DA:7,5
DA:8,5
DA:9,1
LF:9
LH:9
BRDA:6,0,0,5
BRF:1
BRH:1
end_of_record
TN:
SF:src\services\emailConfirmation\EmailConfirmationDataAccess.ts
FN:11,EmailConfirmationDataAccess
FN:16,deleteUserConfirmation
FN:41,getUserConfirmationWithEmail
FN:68,getUserConfirmationWithCode
FN:95,createUserConfirmation
FNF:5
FNH:4
FNDA:5,EmailConfirmationDataAccess
FNDA:0,deleteUserConfirmation
FNDA:5,getUserConfirmationWithEmail
FNDA:5,getUserConfirmationWithCode
FNDA:5,createUserConfirmation
DA:1,1
DA:2,1
DA:3,1
DA:4,1
DA:5,1
DA:6,1
DA:7,1
DA:8,1
DA:9,1
DA:10,1
DA:11,1
DA:12,5
DA:13,5
DA:14,5
DA:15,1
DA:16,1
DA:17,0
DA:18,0
DA:19,0
DA:20,0
DA:21,0
DA:22,0
DA:23,0
DA:24,0
DA:25,0
DA:26,0
DA:27,0
DA:28,0
DA:29,0
DA:30,0
DA:31,0
DA:32,0
DA:33,0
DA:34,0
DA:35,0
DA:36,0
DA:37,0
DA:38,0
DA:39,0
DA:40,1
DA:41,1
DA:42,5
DA:43,5
DA:44,5
DA:45,5
DA:46,5
DA:47,5
DA:48,5
DA:49,5
DA:50,5
DA:51,5
DA:52,5
DA:53,5
DA:54,0
DA:55,0
DA:56,5
DA:57,5
DA:58,5
DA:59,0
DA:60,0
DA:61,0
DA:62,0
DA:63,0
DA:64,0
DA:65,0
DA:66,5
DA:67,1
DA:68,1
DA:69,5
DA:70,5
DA:71,5
DA:72,5
DA:73,5
DA:74,5
DA:75,5
DA:76,5
DA:77,5
DA:78,5
DA:79,0
DA:80,5
DA:81,5
DA:82,5
DA:83,5
DA:84,5
DA:85,5
DA:86,0
DA:87,0
DA:88,0
DA:89,0
DA:90,0
DA:91,0
DA:92,0
DA:93,5
DA:94,1
DA:95,1
DA:96,5
DA:97,5
DA:98,5
DA:99,5
DA:100,5
DA:101,5
DA:102,5
DA:103,5
DA:104,5
DA:105,5
DA:106,5
DA:107,5
DA:108,5
DA:109,5
DA:110,5
DA:111,5
DA:112,5
DA:113,5
DA:114,5
DA:115,5
DA:116,5
DA:117,0
DA:118,0
DA:119,0
DA:120,0
DA:121,0
DA:122,0
DA:123,0
DA:124,5
DA:125,1
LF:125
LH:78
BRDA:11,0,0,5
BRDA:41,1,0,5
BRDA:53,2,0,0
BRDA:58,3,0,0
BRDA:68,4,0,5
BRDA:78,5,0,0
BRDA:85,6,0,0
BRDA:95,7,0,5
BRDA:108,8,0,0
BRDA:116,9,0,0
BRF:10
BRH:4
end_of_record
TN:
SF:src\services\emailConfirmation\EmailConfirmationService.ts
FN:31,EmailConfirmationService
FN:44,createConfirmationKey
FN:50,sendMail
FN:77,isConfirmationCodeAlreadySend
FN:82,createConfirmationMail
FN:117,sendConfirmationMailToUser
FN:130,deleteUserConfirmation
FN:134,getUserConfirmation
FNF:8
FNH:6
FNDA:5,EmailConfirmationService
FNDA:5,createConfirmationKey
FNDA:5,sendMail
FNDA:5,isConfirmationCodeAlreadySend
FNDA:5,createConfirmationMail
FNDA:5,sendConfirmationMailToUser
FNDA:0,deleteUserConfirmation
FNDA:0,getUserConfirmation
DA:1,1
DA:2,1
DA:3,1
DA:4,1
DA:5,1
DA:6,1
DA:7,1
DA:8,1
DA:9,1
DA:10,1
DA:11,1
DA:12,1
DA:13,1
DA:14,1
DA:15,1
DA:16,1
DA:17,1
DA:18,1
DA:19,1
DA:20,1
DA:21,1
DA:22,1
DA:23,1
DA:24,1
DA:25,1
DA:26,1
DA:27,1
DA:28,1
DA:29,1
DA:30,1
DA:31,1
DA:32,5
DA:33,5
DA:34,5
DA:35,5
DA:36,5
DA:37,5
DA:38,5
DA:39,5
DA:40,5
DA:41,5
DA:42,5
DA:43,1
DA:44,1
DA:45,5
DA:46,5
DA:47,5
DA:48,5
DA:49,1
DA:50,1
DA:51,5
DA:52,5
DA:53,5
DA:54,5
DA:55,5
DA:56,5
DA:57,5
DA:58,5
DA:59,5
DA:60,5
DA:61,5
DA:62,5
DA:63,5
DA:64,5
DA:65,5
DA:66,5
DA:67,5
DA:68,0
DA:69,5
DA:70,5
DA:71,5
DA:72,5
DA:73,5
DA:74,5
DA:75,5
DA:76,1
DA:77,1
DA:78,5
DA:79,5
DA:80,5
DA:81,1
DA:82,1
DA:83,5
DA:84,5
DA:85,5
DA:86,5
DA:87,5
DA:88,5
DA:89,5
DA:90,5
DA:91,5
DA:92,5
DA:93,5
DA:94,5
DA:95,5
DA:96,5
DA:97,5
DA:98,5
DA:99,5
DA:100,5
DA:101,5
DA:102,5
DA:103,5
DA:104,5
DA:105,5
DA:106,5
DA:107,0
DA:108,0
DA:109,0
DA:110,0
DA:111,0
DA:112,0
DA:113,0
DA:114,0
DA:115,5
DA:116,1
DA:117,1
DA:118,5
DA:119,5
DA:120,0
DA:121,0
DA:122,0
DA:123,0
DA:124,0
DA:125,5
DA:126,5
DA:127,0
DA:128,0
DA:129,1
DA:130,1
DA:131,0
DA:132,0
DA:133,1
DA:134,1
DA:135,0
DA:136,0
DA:137,1
LF:137
LH:117
BRDA:31,0,0,5
BRDA:44,1,0,5
BRDA:50,2,0,5
BRDA:68,3,0,0
BRDA:77,4,0,5
BRDA:79,5,0,0
BRDA:82,6,0,5
BRDA:107,7,0,0
BRDA:117,8,0,5
BRDA:119,9,0,0
BRDA:119,10,0,0
BRDA:127,11,0,0
BRF:12
BRH:6
end_of_record
TN:
SF:src\services\group\GroupDataAccess.ts
FN:10,GroupDataAccess
FN:15,createGroup
FNF:2
FNH:2
FNDA:5,GroupDataAccess
FNDA:5,createGroup
DA:1,1
DA:2,1
DA:3,1
DA:4,1
DA:5,1
DA:6,1
DA:7,1
DA:8,1
DA:9,1
DA:10,1
DA:11,5
DA:12,5
DA:13,5
DA:14,1
DA:15,1
DA:16,5
DA:17,5
DA:18,5
DA:19,5
DA:20,5
DA:21,5
DA:22,5
DA:23,0
DA:24,0
DA:25,0
DA:26,0
DA:27,0
DA:28,5
DA:29,1
LF:29
LH:24
BRDA:10,0,0,5
BRDA:15,1,0,5
BRDA:18,2,0,0
BRDA:22,3,0,0
BRF:4
BRH:2
end_of_record
TN:
SF:src\services\group\GroupService.ts
FN:9,GroupService
FN:13,createGroup
FNF:2
FNH:2
FNDA:5,GroupService
FNDA:5,createGroup
DA:1,1
DA:2,1
DA:3,1
DA:4,1
DA:5,1
DA:6,1
DA:7,1
DA:8,1
DA:9,1
DA:10,5
DA:11,5
DA:12,1
DA:13,1
DA:14,5
DA:15,5
DA:16,1
LF:16
LH:16
BRDA:9,0,0,5
BRDA:13,1,0,5
BRF:2
BRH:2
end_of_record
TN:
SF:src\services\group\GroupServiceBuilder.ts
FN:6,build
FNF:1
FNH:1
FNDA:5,build
DA:1,1
DA:2,1
DA:3,1
DA:4,1
DA:5,1
DA:6,1
DA:7,5
DA:8,5
DA:9,1
LF:9
LH:9
BRDA:6,0,0,5
BRF:1
BRH:1
end_of_record
TN:
SF:src\services\income\IncomeDataAccess.ts
FN:11,IncomeDataAccess
FN:16,createIncomes
FN:36,getIncomes
FN:54,getIncome
FN:77,getIncomeBaseQuery
FNF:5
FNH:2
FNDA:5,IncomeDataAccess
FNDA:5,createIncomes
FNDA:0,getIncomes
FNDA:0,getIncome
FNDA:0,getIncomeBaseQuery
DA:1,1
DA:2,1
DA:3,1
DA:4,1
DA:5,1
DA:6,1
DA:7,1
DA:8,1
DA:9,1
DA:10,1
DA:11,1
DA:12,5
DA:13,5
DA:14,5
DA:15,1
DA:16,1
DA:17,5
DA:18,5
DA:19,5
DA:20,5
DA:21,5
DA:22,5
DA:23,5
DA:24,5
DA:25,5
DA:26,5
DA:27,5
DA:28,5
DA:29,0
DA:30,0
DA:31,0
DA:32,0
DA:33,0
DA:34,5
DA:35,1
DA:36,1
DA:37,0
DA:38,0
DA:39,0
DA:40,0
DA:41,0
DA:42,0
DA:43,0
DA:44,0
DA:45,0
DA:46,0
DA:47,0
DA:48,0
DA:49,0
DA:50,0
DA:51,0
DA:52,0
DA:53,1
DA:54,1
DA:55,0
DA:56,0
DA:57,0
DA:58,0
DA:59,0
DA:60,0
DA:61,0
DA:62,0
DA:63,0
DA:64,0
DA:65,0
DA:66,0
DA:67,0
DA:68,0
DA:69,0
DA:70,0
DA:71,0
DA:72,0
DA:73,0
DA:74,0
DA:75,0
DA:76,1
DA:77,1
DA:78,0
DA:79,0
DA:80,0
DA:81,0
DA:82,0
DA:83,0
DA:84,0
DA:85,0
DA:86,0
DA:87,0
DA:88,0
DA:89,1
LF:89
LH:36
BRDA:11,0,0,5
BRDA:16,1,0,5
BRDA:20,2,0,0
BRDA:28,3,0,0
BRDA:22,4,0,10
BRF:5
BRH:3
end_of_record
TN:
SF:src\services\income\IncomeService.ts
FN:10,IncomeService
FN:14,createIncomes
FN:17,getIncome
FN:20,getIncomes
FNF:4
FNH:2
FNDA:5,IncomeService
FNDA:5,createIncomes
FNDA:0,getIncome
FNDA:0,getIncomes
DA:1,1
DA:2,1
DA:3,1
DA:4,1
DA:5,1
DA:6,1
DA:7,1
DA:8,1
DA:9,1
DA:10,1
DA:11,5
DA:12,5
DA:13,1
DA:14,1
DA:15,5
DA:16,5
DA:17,1
DA:18,0
DA:19,0
DA:20,1
DA:21,0
DA:22,0
DA:23,1
LF:23
LH:19
BRDA:10,0,0,5
BRDA:14,1,0,5
BRF:2
BRH:2
end_of_record
TN:
SF:src\services\income\IncomeServiceBuilder.ts
FN:6,build
FNF:1
FNH:1
FNDA:5,build
DA:1,1
DA:2,1
DA:3,1
DA:4,1
DA:5,1
DA:6,1
DA:7,5
DA:8,5
DA:9,1
LF:9
LH:9
BRDA:6,0,0,5
BRF:1
BRH:1
end_of_record
TN:
SF:src\services\mail\MailEngineBuilder.ts
FN:7,build
FNF:1
FNH:1
FNDA:10,build
DA:1,1
DA:2,1
DA:3,1
DA:4,1
DA:5,1
DA:6,1
DA:7,1
DA:8,10
DA:9,10
DA:10,1
LF:10
LH:10
BRDA:7,0,0,10
BRF:1
BRH:1
end_of_record
TN:
SF:src\services\mail\MailService.ts
FN:12,MailService
FN:17,sendMail
FNF:2
FNH:2
FNDA:10,MailService
FNDA:5,sendMail
DA:1,1
DA:2,1
DA:3,1
DA:4,1
DA:5,1
DA:6,1
DA:7,1
DA:8,1
DA:9,1
DA:10,1
DA:11,1
DA:12,1
DA:13,10
DA:14,10
DA:15,10
DA:16,1
DA:17,1
DA:18,5
DA:19,5
DA:20,0
DA:21,0
DA:22,0
DA:23,1
LF:23
LH:20
BRDA:12,0,0,10
BRDA:17,1,0,5
BRDA:20,2,0,0
BRF:3
BRH:2
end_of_record
TN:
SF:src\services\mail\Mailersend.ts
FN:15,MailerSend
FN:21,send
FNF:2
FNH:2
FNDA:10,MailerSend
FNDA:5,send
DA:1,1
DA:2,1
DA:3,1
DA:4,1
DA:5,1
DA:6,1
DA:7,1
DA:8,1
DA:9,1
DA:10,1
DA:11,1
DA:12,1
DA:13,1
DA:14,1
DA:15,1
DA:16,10
DA:17,10
DA:18,10
DA:19,10
DA:20,1
DA:21,1
DA:22,5
DA:23,5
DA:24,5
DA:25,5
DA:26,0
DA:27,0
DA:28,5
DA:29,5
DA:30,5
DA:31,5
DA:32,5
DA:33,5
DA:34,5
DA:35,5
DA:36,5
DA:37,5
DA:38,5
DA:39,5
DA:40,5
DA:41,0
DA:42,0
DA:43,0
DA:44,0
DA:45,0
DA:46,1
LF:46
LH:39
BRDA:15,0,0,10
BRDA:21,1,0,5
BRDA:25,2,0,0
BRDA:41,3,0,0
BRDA:23,4,0,5
BRDA:33,5,0,5
BRF:6
BRH:4
end_of_record
TN:
SF:src\services\mailTamplate\MailTemplateBuilder.ts
FN:6,build
FNF:1
FNH:1
FNDA:10,build
DA:1,1
DA:2,1
DA:3,1
DA:4,1
DA:5,1
DA:6,1
DA:7,10
DA:8,10
DA:9,1
LF:9
LH:9
BRDA:6,0,0,10
BRF:1
BRH:1
end_of_record
TN:
SF:src\services\mailTamplate\MailTemplateService.ts
FN:10,MailTemplateService
FN:15,getConfirmMailTemplate
FN:19,getForgetPasswordTemplate
FNF:3
FNH:2
FNDA:10,MailTemplateService
FNDA:5,getConfirmMailTemplate
FNDA:0,getForgetPasswordTemplate
DA:1,1
DA:2,1
DA:3,1
DA:4,1
DA:5,1
DA:6,1
DA:7,1
DA:8,1
DA:9,1
DA:10,1
DA:11,10
DA:12,10
DA:13,10
DA:14,1
DA:15,1
DA:16,5
DA:17,5
DA:18,1
DA:19,1
DA:20,0
DA:21,0
DA:22,1
LF:22
LH:20
BRDA:10,0,0,10
BRDA:15,1,0,5
BRF:2
BRH:2
end_of_record
TN:
SF:src\services\mailTamplate\MailersendTemplate.ts
FN:4,getConfirmMailTemplate
FN:8,getForgetPasswordTemplate
FNF:2
FNH:1
FNDA:5,getConfirmMailTemplate
FNDA:0,getForgetPasswordTemplate
DA:1,1
DA:2,1
DA:3,1
DA:4,1
DA:5,5
DA:6,5
DA:7,1
DA:8,1
DA:9,0
DA:10,0
DA:11,1
LF:11
LH:9
BRDA:4,0,0,5
BRF:1
BRH:1
end_of_record
TN:
SF:src\services\overview\OverviewService.ts
FN:21,OverviewService
FN:28,buildOverviewResponse
FN:44,overview
FNF:3
FNH:0
FNDA:0,OverviewService
FNDA:0,buildOverviewResponse
FNDA:0,overview
DA:1,1
DA:2,1
DA:3,1
DA:4,1
DA:5,1
DA:6,1
DA:7,1
DA:8,1
DA:9,1
DA:10,1
DA:11,1
DA:12,1
DA:13,1
DA:14,1
DA:15,1
DA:16,1
DA:17,1
DA:18,1
DA:19,1
DA:20,1
DA:21,1
DA:22,0
DA:23,0
DA:24,0
DA:25,0
DA:26,0
DA:27,1
DA:28,1
DA:29,0
DA:30,0
DA:31,0
DA:32,0
DA:33,0
DA:34,0
DA:35,0
DA:36,0
DA:37,0
DA:38,0
DA:39,0
DA:40,0
DA:41,0
DA:42,0
DA:43,1
DA:44,1
DA:45,0
DA:46,0
DA:47,0
DA:48,0
DA:49,0
DA:50,0
DA:51,0
DA:52,0
DA:53,0
DA:54,0
DA:55,0
DA:56,0
DA:57,0
DA:58,0
DA:59,0
DA:60,0
DA:61,0
DA:62,0
DA:63,0
DA:64,0
DA:65,0
DA:66,1
LF:66
LH:26
BRF:0
BRH:0
end_of_record
TN:
SF:src\services\overview\OverviewServiceBuilder.ts
FN:7,build
FNF:1
FNH:0
FNDA:0,build
DA:1,1
DA:2,1
DA:3,1
DA:4,1
DA:5,1
DA:6,1
DA:7,1
DA:8,0
DA:9,0
DA:10,0
DA:11,0
DA:12,0
DA:13,0
DA:14,1
LF:14
LH:8
BRF:0
BRH:0
end_of_record
TN:
SF:src\services\profile\ProfileDataAccess.ts
FN:11,ProfileDataService
FN:15,createProfile
FN:34,getProfile
FN:64,confirmationUserMail
FNF:4
FNH:2
FNDA:5,ProfileDataService
FNDA:5,createProfile
FNDA:0,getProfile
FNDA:0,confirmationUserMail
DA:1,1
DA:2,1
DA:3,1
DA:4,1
DA:5,1
DA:6,1
DA:7,1
DA:8,1
DA:9,1
DA:10,1
DA:11,1
DA:12,5
DA:13,5
DA:14,5
DA:15,1
DA:16,5
DA:17,5
DA:18,5
DA:19,5
DA:20,5
DA:21,5
DA:22,5
DA:23,0
DA:24,0
DA:25,5
DA:26,5
DA:27,5
DA:28,5
DA:29,0
DA:30,0
DA:31,0
DA:32,5
DA:33,1
DA:34,1
DA:35,0
DA:36,0
DA:37,0
DA:38,0
DA:39,0
DA:40,0
DA:41,0
DA:42,0
DA:43,0
DA:44,0
DA:45,0
DA:46,0
DA:47,0
DA:48,0
DA:49,0
DA:50,0
DA:51,0
DA:52,0
DA:53,0
DA:54,0
DA:55,0
DA:56,0
DA:57,0
DA:58,0
DA:59,0
DA:60,0
DA:61,0
DA:62,0
DA:63,1
DA:64,1
DA:65,0
DA:66,0
DA:67,0
DA:68,0
DA:69,0
DA:70,0
DA:71,0
DA:72,0
DA:73,0
DA:74,0
DA:75,0
DA:76,0
DA:77,0
DA:78,0
DA:79,0
DA:80,0
DA:81,0
DA:82,0
DA:83,0
DA:84,0
DA:85,1
LF:85
LH:32
BRDA:11,0,0,5
BRDA:15,1,0,5
BRDA:19,2,0,0
BRDA:22,3,0,0
BRDA:22,4,0,0
BRDA:28,5,0,0
BRF:6
BRH:2
end_of_record
TN:
SF:src\services\profile\ProfileService.ts
FN:11,ProfileService
FN:16,createProfile
FN:20,getProfile
FN:24,confirmationUserMail
FNF:4
FNH:2
FNDA:5,ProfileService
FNDA:5,createProfile
FNDA:0,getProfile
FNDA:0,confirmationUserMail
DA:1,1
DA:2,1
DA:3,1
DA:4,1
DA:5,1
DA:6,1
DA:7,1
DA:8,1
DA:9,1
DA:10,1
DA:11,1
DA:12,5
DA:13,5
DA:14,5
DA:15,1
DA:16,1
DA:17,5
DA:18,5
DA:19,1
DA:20,1
DA:21,0
DA:22,0
DA:23,1
DA:24,1
DA:25,0
DA:26,0
DA:27,1
LF:27
LH:23
BRDA:11,0,0,5
BRDA:16,1,0,5
BRF:2
BRH:2
end_of_record
TN:
SF:src\services\profile\ProfileServiceBuilder.ts
FN:6,build
FNF:1
FNH:1
FNDA:5,build
DA:1,1
DA:2,1
DA:3,1
DA:4,1
DA:5,1
DA:6,1
DA:7,5
DA:8,5
DA:9,1
LF:9
LH:9
BRDA:6,0,0,5
BRF:1
BRH:1
end_of_record
TN:
SF:src\services\profile\ProfileServiceUtils.ts
FN:5,convertServerUserToClientUser
FNF:1
FNH:0
FNDA:0,convertServerUserToClientUser
DA:1,1
DA:2,1
DA:3,1
DA:4,1
DA:5,1
DA:6,0
DA:7,0
DA:8,0
DA:9,0
DA:10,0
DA:11,0
DA:12,0
DA:13,0
DA:14,0
DA:15,0
DA:16,0
DA:17,1
LF:17
LH:6
BRF:0
BRH:0
end_of_record
TN:
SF:src\services\registration\UserRegistrationService.ts
FN:62,UserRegistrationService
FN:91,getTranslatedDefaultData
FN:95,createUser
FN:179,confirmUserMail
FN:198,createInitialDataForNewUser
FNF:5
FNH:4
FNDA:5,UserRegistrationService
FNDA:5,getTranslatedDefaultData
FNDA:5,createUser
FNDA:0,confirmUserMail
FNDA:5,createInitialDataForNewUser
DA:1,1
DA:2,1
DA:3,1
DA:4,1
DA:5,1
DA:6,1
DA:7,1
DA:8,1
DA:9,1
DA:10,1
DA:11,1
DA:12,1
DA:13,1
DA:14,1
DA:15,1
DA:16,1
DA:17,1
DA:18,1
DA:19,1
DA:20,1
DA:21,1
DA:22,1
DA:23,1
DA:24,1
DA:25,1
DA:26,1
DA:27,1
DA:28,1
DA:29,1
DA:30,1
DA:31,1
DA:32,1
DA:33,1
DA:34,1
DA:35,1
DA:36,1
DA:37,1
DA:38,1
DA:39,1
DA:40,1
DA:41,1
DA:42,1
DA:43,1
DA:44,1
DA:45,1
DA:46,1
DA:47,1
DA:48,1
DA:49,1
DA:50,1
DA:51,1
DA:52,1
DA:53,1
DA:54,1
DA:55,1
DA:56,1
DA:57,1
DA:58,1
DA:59,1
DA:60,1
DA:61,1
DA:62,1
DA:63,5
DA:64,5
DA:65,5
DA:66,5
DA:67,5
DA:68,5
DA:69,5
DA:70,5
DA:71,5
DA:72,5
DA:73,5
DA:74,5
DA:75,5
DA:76,5
DA:77,5
DA:78,5
DA:79,5
DA:80,5
DA:81,5
DA:82,5
DA:83,5
DA:84,5
DA:85,5
DA:86,5
DA:87,5
DA:88,5
DA:89,5
DA:90,1
DA:91,1
DA:92,5
DA:93,5
DA:94,1
DA:95,1
DA:96,5
DA:97,5
DA:98,5
DA:99,5
DA:100,5
DA:101,5
DA:102,5
DA:103,5
DA:104,5
DA:105,5
DA:106,5
DA:107,0
DA:108,0
DA:109,0
DA:110,0
DA:111,0
DA:112,5
DA:113,5
DA:114,0
DA:115,0
DA:116,0
DA:117,0
DA:118,0
DA:119,0
DA:120,5
DA:121,5
DA:122,5
DA:123,5
DA:124,5
DA:125,5
DA:126,0
DA:127,0
DA:128,0
DA:129,0
DA:130,0
DA:131,0
DA:132,5
DA:133,5
DA:134,5
DA:135,5
DA:136,5
DA:137,5
DA:138,5
DA:139,5
DA:140,5
DA:141,5
DA:142,5
DA:143,5
DA:144,5
DA:145,5
DA:146,5
DA:147,5
DA:148,5
DA:149,5
DA:150,0
DA:151,0
DA:152,0
DA:153,0
DA:154,0
DA:155,0
DA:156,5
DA:157,5
DA:158,5
DA:159,5
DA:160,5
DA:161,5
DA:162,5
DA:163,5
DA:164,5
DA:165,5
DA:166,5
DA:167,0
DA:168,0
DA:169,0
DA:170,0
DA:171,0
DA:172,0
DA:173,0
DA:174,0
DA:175,0
DA:176,0
DA:177,5
DA:178,1
DA:179,1
DA:180,0
DA:181,0
DA:182,0
DA:183,0
DA:184,0
DA:185,0
DA:186,0
DA:187,0
DA:188,0
DA:189,0
DA:190,0
DA:191,0
DA:192,0
DA:193,0
DA:194,0
DA:195,0
DA:196,0
DA:197,1
DA:198,1
DA:199,5
DA:200,5
DA:201,5
DA:202,5
DA:203,5
DA:204,5
DA:205,5
DA:206,10
DA:207,10
DA:208,5
DA:209,5
DA:210,5
DA:211,5
DA:212,5
DA:213,5
DA:214,10
DA:215,10
DA:216,10
DA:217,5
DA:218,5
DA:219,5
DA:220,5
DA:221,5
DA:222,5
DA:223,60
DA:224,60
DA:225,5
DA:226,5
DA:227,5
DA:228,5
DA:229,5
DA:230,5
DA:231,0
DA:232,0
DA:233,0
DA:234,5
DA:235,1
LF:235
LH:182
BRDA:62,0,0,5
BRDA:91,1,0,5
BRDA:92,2,0,0
BRDA:95,3,0,5
BRDA:106,4,0,0
BRDA:113,5,0,0
BRDA:123,6,0,0
BRDA:125,7,0,0
BRDA:149,8,0,0
BRDA:149,9,0,0
BRDA:167,10,0,0
BRDA:159,11,0,5
BRDA:198,12,0,5
BRDA:200,13,0,0
BRDA:230,14,0,0
BRDA:205,15,0,10
BRDA:213,16,0,10
BRDA:222,17,0,60
BRF:18
BRH:8
end_of_record
TN:
SF:src\services\registration\UserRegistrationServiceBuilder.ts
FN:18,build
FNF:1
FNH:1
FNDA:5,build
DA:1,1
DA:2,1
DA:3,1
DA:4,1
DA:5,1
DA:6,1
DA:7,1
DA:8,1
DA:9,1
DA:10,1
DA:11,1
DA:12,1
DA:13,1
DA:14,1
DA:15,1
DA:16,1
DA:17,1
DA:18,1
DA:19,5
DA:20,5
DA:21,5
DA:22,5
DA:23,5
DA:24,5
DA:25,5
DA:26,5
DA:27,5
DA:28,5
DA:29,5
DA:30,5
DA:31,5
DA:32,5
DA:33,5
DA:34,5
DA:35,5
DA:36,5
DA:37,5
DA:38,5
DA:39,5
DA:40,1
LF:40
LH:40
BRDA:18,0,0,5
BRF:1
BRH:1
end_of_record
TN:
SF:src\services\session\SessionService.ts
FN:17,extractSessionFromRequest
FN:21,deleteSession
FN:55,buildSessionObject
FN:73,getUserIP
FN:77,regenerateSession
FN:111,setup
FN:143,handleSessionRegeneration
FN:170,handleError
FN:182,handleSuccess
FNF:9
FNH:6
FNDA:0,extractSessionFromRequest
FNDA:0,deleteSession
FNDA:5,buildSessionObject
FNDA:5,getUserIP
FNDA:5,regenerateSession
FNDA:1,setup
FNDA:5,handleSessionRegeneration
FNDA:0,handleError
FNDA:5,handleSuccess
DA:1,1
DA:2,1
DA:3,1
DA:4,1
DA:5,1
DA:6,1
DA:7,1
DA:8,1
DA:9,1
DA:10,1
DA:11,1
DA:12,1
DA:13,1
DA:14,1
DA:15,1
DA:16,1
DA:17,1
DA:18,0
DA:19,0
DA:20,1
DA:21,1
DA:22,0
DA:23,0
DA:24,0
DA:25,0
DA:26,0
DA:27,0
DA:28,0
DA:29,0
DA:30,0
DA:31,0
DA:32,0
DA:33,0
DA:34,0
DA:35,0
DA:36,0
DA:37,0
DA:38,0
DA:39,0
DA:40,0
DA:41,0
DA:42,0
DA:43,0
DA:44,0
DA:45,0
DA:46,0
DA:47,0
DA:48,0
DA:49,0
DA:50,0
DA:51,0
DA:52,0
DA:53,0
DA:54,1
DA:55,1
DA:56,5
DA:57,5
DA:58,5
DA:59,5
DA:60,5
DA:61,5
DA:62,5
DA:63,5
DA:64,5
DA:65,5
DA:66,5
DA:67,5
DA:68,5
DA:69,5
DA:70,5
DA:71,5
DA:72,1
DA:73,1
DA:74,5
DA:75,5
DA:76,1
DA:77,1
DA:78,5
DA:79,5
DA:80,5
DA:81,5
DA:82,5
DA:83,5
DA:84,5
DA:85,5
DA:86,5
DA:87,5
DA:88,5
DA:89,5
DA:90,5
DA:91,5
DA:92,5
DA:93,0
DA:94,0
DA:95,5
DA:96,5
DA:97,5
DA:98,5
DA:99,5
DA:100,5
DA:101,5
DA:102,5
DA:103,5
DA:104,0
DA:105,5
DA:106,5
DA:107,5
DA:108,5
DA:109,5
DA:110,1
DA:111,1
DA:112,1
DA:113,1
DA:114,1
DA:115,1
DA:116,1
DA:117,1
DA:118,1
DA:119,1
DA:120,1
DA:121,1
DA:122,1
DA:123,1
DA:124,0
DA:125,1
DA:126,1
DA:127,1
DA:128,1
DA:129,1
DA:130,1
DA:131,1
DA:132,1
DA:133,1
DA:134,1
DA:135,1
DA:136,1
DA:137,1
DA:138,1
DA:139,1
DA:140,1
DA:141,1
DA:142,1
DA:143,1
DA:144,5
DA:145,5
DA:146,5
DA:147,5
DA:148,5
DA:149,5
DA:150,5
DA:151,5
DA:152,5
DA:153,5
DA:154,5
DA:155,0
DA:156,0
DA:157,0
DA:158,0
DA:159,0
DA:160,0
DA:161,0
DA:162,0
DA:163,0
DA:164,5
DA:165,5
DA:166,5
DA:167,5
DA:168,5
DA:169,5
DA:170,5
DA:171,0
DA:172,0
DA:173,0
DA:174,0
DA:175,0
DA:176,0
DA:177,0
DA:178,0
DA:179,0
DA:180,0
DA:181,5
DA:182,5
DA:183,5
DA:184,5
DA:185,5
DA:186,5
DA:187,5
DA:188,5
DA:189,5
DA:190,5
DA:191,5
DA:192,1
LF:192
LH:135
BRDA:55,0,0,5
BRDA:73,1,0,5
BRDA:74,2,0,0
BRDA:77,3,0,5
BRDA:92,4,0,0
BRDA:102,5,0,5
BRDA:103,6,0,0
BRDA:111,7,0,1
BRDA:126,8,0,1
BRDA:143,9,0,5
BRDA:153,10,0,5
BRDA:154,11,0,0
BRDA:182,12,0,5
BRF:13
BRH:9
end_of_record
TN:
SF:src\services\transaction\TransactionDataAccess.ts
FN:11,TransactionDataAccess
FN:15,createTransaction
FN:46,getTransactions
FN:71,getTransaction
FN:94,getTransactionBaseQuery
FNF:5
FNH:0
FNDA:0,TransactionDataAccess
FNDA:0,createTransaction
FNDA:0,getTransactions
FNDA:0,getTransaction
FNDA:0,getTransactionBaseQuery
DA:1,1
DA:2,1
DA:3,1
DA:4,1
DA:5,1
DA:6,1
DA:7,1
DA:8,1
DA:9,1
DA:10,1
DA:11,1
DA:12,0
DA:13,0
DA:14,0
DA:15,1
DA:16,0
DA:17,0
DA:18,0
DA:19,0
DA:20,0
DA:21,0
DA:22,0
DA:23,0
DA:24,0
DA:25,0
DA:26,0
DA:27,0
DA:28,0
DA:29,0
DA:30,0
DA:31,0
DA:32,0
DA:33,0
DA:34,0
DA:35,0
DA:36,0
DA:37,0
DA:38,0
DA:39,0
DA:40,0
DA:41,0
DA:42,0
DA:43,0
DA:44,0
DA:45,1
DA:46,1
DA:47,0
DA:48,0
DA:49,0
DA:50,0
DA:51,0
DA:52,0
DA:53,0
DA:54,0
DA:55,0
DA:56,0
DA:57,0
DA:58,0
DA:59,0
DA:60,0
DA:61,0
DA:62,0
DA:63,0
DA:64,0
DA:65,0
DA:66,0
DA:67,0
DA:68,0
DA:69,0
DA:70,1
DA:71,1
DA:72,0
DA:73,0
DA:74,0
DA:75,0
DA:76,0
DA:77,0
DA:78,0
DA:79,0
DA:80,0
DA:81,0
DA:82,0
DA:83,0
DA:84,0
DA:85,0
DA:86,0
DA:87,0
DA:88,0
DA:89,0
DA:90,0
DA:91,0
DA:92,0
DA:93,1
DA:94,1
DA:95,0
DA:96,0
DA:97,0
DA:98,0
DA:99,0
DA:100,0
DA:101,0
DA:102,0
DA:103,0
DA:104,0
DA:105,0
DA:106,0
DA:107,0
DA:108,1
LF:108
LH:19
BRF:0
BRH:0
end_of_record
TN:
SF:src\services\transaction\TransactionService.ts
FN:9,TransactionService
FN:13,createTransaction
FN:16,getTransaction
FN:19,getTransactions
FNF:4
FNH:0
FNDA:0,TransactionService
FNDA:0,createTransaction
FNDA:0,getTransaction
FNDA:0,getTransactions
DA:1,1
DA:2,1
DA:3,1
DA:4,1
DA:5,1
DA:6,1
DA:7,1
DA:8,1
DA:9,1
DA:10,0
DA:11,0
DA:12,1
DA:13,1
DA:14,0
DA:15,0
DA:16,1
DA:17,0
DA:18,0
DA:19,1
DA:20,0
DA:21,0
DA:22,1
LF:22
LH:14
BRF:0
BRH:0
end_of_record
TN:
SF:src\services\transaction\TransactionServiceBuilder.ts
FN:6,build
FNF:1
FNH:0
FNDA:0,build
DA:1,1
DA:2,1
DA:3,1
DA:4,1
DA:5,1
DA:6,1
DA:7,0
DA:8,0
DA:9,1
LF:9
LH:7
BRF:0
BRH:0
end_of_record
TN:
SF:src\services\translations\TranslationLoaderImpl.ts
FN:7,instance
FN:11,load
FNF:2
FNH:2
FNDA:5,instance
FNDA:10,load
DA:1,1
DA:2,1
DA:3,1
DA:4,1
DA:5,1
DA:6,1
DA:7,1
DA:8,5
DA:9,5
DA:10,1
DA:11,1
DA:12,10
DA:13,10
DA:14,10
DA:15,10
DA:16,10
DA:17,10
DA:18,10
DA:19,10
DA:20,10
DA:21,1
LF:21
LH:21
BRDA:7,0,0,5
BRDA:8,1,0,1
BRDA:11,2,0,10
BRDA:15,3,0,10
BRDA:17,4,0,10
BRDA:18,5,0,10
BRDA:18,6,0,10
BRF:7
BRH:7
end_of_record
TN:
SF:src\services\translations\Translations.ts
FN:19,load
FN:59,loadLanguage
FN:93,text
FN:97,Text
FN:104,textOrNull
FN:111,hasKey
FN:115,translationUnit
FN:122,replaceParameters
FNF:8
FNH:6
FNDA:5,load
FNDA:5,loadLanguage
FNDA:40,text
FNDA:40,Text
FNDA:40,textOrNull
FNDA:0,hasKey
FNDA:0,translationUnit
FNDA:40,replaceParameters
DA:1,1
DA:2,1
DA:3,1
DA:4,1
DA:5,1
DA:6,1
DA:7,1
DA:8,1
DA:9,1
DA:10,1
DA:11,1
DA:12,1
DA:13,1
DA:14,1
DA:15,1
DA:16,1
DA:17,1
DA:18,1
DA:19,1
DA:20,5
DA:21,5
DA:22,5
DA:23,5
DA:24,0
DA:25,0
DA:26,0
DA:27,0
DA:28,0
DA:29,5
DA:30,5
DA:31,5
DA:32,5
DA:33,5
DA:34,5
DA:35,5
DA:36,0
DA:37,0
DA:38,5
DA:39,5
DA:40,5
DA:41,0
DA:42,0
DA:43,0
DA:44,0
DA:45,0
DA:46,0
DA:47,0
DA:48,0
DA:49,0
DA:50,0
DA:51,0
DA:52,5
DA:53,5
DA:54,5
DA:55,5
DA:56,5
DA:57,5
DA:58,1
DA:59,1
DA:60,5
DA:61,5
DA:62,5
DA:63,5
DA:64,5
DA:65,5
DA:66,5
DA:67,5
DA:68,5
DA:69,5
DA:70,5
DA:71,0
DA:72,0
DA:73,5
DA:74,5
DA:75,5
DA:76,5
DA:77,5
DA:78,5
DA:79,5
DA:80,5
DA:81,30
DA:82,5
DA:83,5
DA:84,5
DA:85,5
DA:86,30
DA:87,5
DA:88,5
DA:89,5
DA:90,5
DA:91,5
DA:92,1
DA:93,1
DA:94,40
DA:95,40
DA:96,1
DA:97,1
DA:98,40
DA:99,0
DA:100,0
DA:101,40
DA:102,40
DA:103,1
DA:104,1
DA:105,40
DA:106,40
DA:107,0
DA:108,40
DA:109,40
DA:110,1
DA:111,1
DA:112,0
DA:113,0
DA:114,1
DA:115,1
DA:116,0
DA:117,0
DA:118,0
DA:119,0
DA:120,0
DA:121,1
DA:122,1
DA:123,40
DA:124,40
DA:125,0
DA:126,0
DA:127,0
DA:128,0
DA:129,40
DA:130,40
DA:131,1
LF:131
LH:97
BRDA:19,0,0,5
BRDA:23,1,0,0
BRDA:35,2,0,0
BRDA:40,3,0,0
BRDA:59,4,0,5
BRDA:70,5,0,0
BRDA:80,6,0,30
BRDA:85,7,0,30
BRDA:93,8,0,40
BRDA:97,9,0,40
BRDA:98,10,0,0
BRDA:101,11,0,0
BRDA:104,12,0,40
BRDA:106,13,0,0
BRDA:122,14,0,40
BRDA:124,15,0,0
BRF:16
BRH:8
end_of_record
TN:
SF:src\services\translations\TranslationsUtils.ts
FN:4,convertToSupportLocale
FNF:1
FNH:1
FNDA:5,convertToSupportLocale
DA:1,1
DA:2,1
DA:3,1
DA:4,1
DA:5,5
DA:6,5
DA:7,1
DA:8,5
DA:9,1
DA:10,5
DA:11,0
DA:12,5
DA:13,0
DA:14,5
DA:15,1
DA:16,5
DA:17,0
DA:18,5
DA:19,0
DA:20,5
DA:21,0
DA:22,5
DA:23,0
DA:24,5
DA:25,0
DA:26,5
DA:27,0
DA:28,5
DA:29,0
DA:30,5
DA:31,0
DA:32,5
DA:33,1
DA:34,5
DA:35,0
DA:36,5
DA:37,0
DA:38,5
DA:39,0
DA:40,5
DA:41,0
DA:42,5
DA:43,0
DA:44,5
DA:45,0
DA:46,5
DA:47,0
DA:48,5
DA:49,0
DA:50,5
DA:51,0
DA:52,5
DA:53,0
DA:54,5
DA:55,0
DA:56,5
DA:57,0
DA:58,5
DA:59,1
DA:60,5
DA:61,5
DA:62,1
LF:62
LH:40
BRDA:4,0,0,5
BRDA:6,1,0,1
BRDA:8,2,0,1
BRDA:10,3,0,0
BRDA:12,4,0,0
BRDA:14,5,0,1
BRDA:16,6,0,0
BRDA:18,7,0,0
BRDA:20,8,0,0
BRDA:22,9,0,0
BRDA:24,10,0,0
BRDA:26,11,0,0
BRDA:28,12,0,0
BRDA:30,13,0,0
BRDA:32,14,0,1
BRDA:34,15,0,0
BRDA:36,16,0,0
BRDA:38,17,0,0
BRDA:40,18,0,0
BRDA:42,19,0,0
BRDA:44,20,0,0
BRDA:46,21,0,0
BRDA:48,22,0,0
BRDA:50,23,0,0
BRDA:52,24,0,0
BRDA:54,25,0,0
BRDA:56,26,0,0
BRDA:58,27,0,1
BRF:28
BRH:6
end_of_record
TN:
SF:src\services\user\UserDataAccess.ts
FN:14,UserDataService
FN:18,fetchUserDetails
FN:51,getUserAuthenticationData
FN:71,getUser
FN:80,createUser
FN:101,getUserEmail
FN:115,updateUserEmail
FNF:7
FNH:5
FNDA:10,UserDataService
FNDA:5,fetchUserDetails
FNDA:5,getUserAuthenticationData
FNDA:5,getUser
FNDA:5,createUser
FNDA:0,getUserEmail
FNDA:0,updateUserEmail
DA:1,1
DA:2,1
DA:3,1
DA:4,1
DA:5,1
DA:6,1
DA:7,1
DA:8,1
DA:9,1
DA:10,1
DA:11,1
DA:12,1
DA:13,1
DA:14,1
DA:15,10
DA:16,10
DA:17,10
DA:18,1
DA:19,5
DA:20,5
DA:21,5
DA:22,5
DA:23,5
DA:24,5
DA:25,5
DA:26,5
DA:27,5
DA:28,5
DA:29,5
DA:30,5
DA:31,5
DA:32,5
DA:33,5
DA:34,5
DA:35,5
DA:36,5
DA:37,5
DA:38,5
DA:39,5
DA:40,5
DA:41,5
DA:42,5
DA:43,5
DA:44,0
DA:45,0
DA:46,0
DA:47,0
DA:48,0
DA:49,5
DA:50,1
DA:51,1
DA:52,5
DA:53,5
DA:54,5
DA:55,5
DA:56,5
DA:57,5
DA:58,5
DA:59,5
DA:60,5
DA:61,5
DA:62,0
DA:63,0
DA:64,0
DA:65,0
DA:66,0
DA:67,0
DA:68,0
DA:69,5
DA:70,1
DA:71,1
DA:72,5
DA:73,5
DA:74,5
DA:75,0
DA:76,0
DA:77,0
DA:78,5
DA:79,1
DA:80,1
DA:81,5
DA:82,5
DA:83,5
DA:84,5
DA:85,5
DA:86,5
DA:87,5
DA:88,5
DA:89,5
DA:90,5
DA:91,5
DA:92,5
DA:93,5
DA:94,5
DA:95,5
DA:96,0
DA:97,0
DA:98,0
DA:99,5
DA:100,1
DA:101,1
DA:102,0
DA:103,0
DA:104,0
DA:105,0
DA:106,0
DA:107,0
DA:108,0
DA:109,0
DA:110,0
DA:111,0
DA:112,0
DA:113,0
DA:114,1
DA:115,1
DA:116,0
DA:117,0
DA:118,0
DA:119,0
DA:120,0
DA:121,0
DA:122,0
DA:123,0
DA:124,0
DA:125,0
DA:126,0
DA:127,0
DA:128,0
DA:129,1
LF:129
LH:86
BRDA:14,0,0,10
BRDA:18,1,0,5
BRDA:43,2,0,0
BRDA:51,3,0,5
BRDA:61,4,0,0
BRDA:71,5,0,5
BRDA:74,6,0,0
BRDA:80,7,0,5
BRDA:83,8,0,0
BRDA:95,9,0,0
BRF:10
BRH:5
end_of_record
TN:
SF:src\services\user\UserService.ts
FN:13,UserService
FN:18,getUserAuthenticationData
FN:22,getUser
FN:26,createUser
FN:35,updateUserEmail
FNF:5
FNH:4
FNDA:10,UserService
FNDA:5,getUserAuthenticationData
FNDA:5,getUser
FNDA:5,createUser
FNDA:0,updateUserEmail
DA:1,1
DA:2,1
DA:3,1
DA:4,1
DA:5,1
DA:6,1
DA:7,1
DA:8,1
DA:9,1
DA:10,1
DA:11,1
DA:12,1
DA:13,1
DA:14,10
DA:15,10
DA:16,10
DA:17,1
DA:18,1
DA:19,5
DA:20,5
DA:21,1
DA:22,1
DA:23,5
DA:24,5
DA:25,1
DA:26,1
DA:27,5
DA:28,5
DA:29,5
DA:30,5
DA:31,5
DA:32,5
DA:33,5
DA:34,1
DA:35,1
DA:36,0
DA:37,0
DA:38,0
DA:39,0
DA:40,0
DA:41,0
DA:42,1
LF:42
LH:36
BRDA:13,0,0,10
BRDA:18,1,0,5
BRDA:22,2,0,5
BRDA:26,3,0,5
BRF:4
BRH:4
end_of_record
TN:
SF:src\services\user\UserServiceBuilder.ts
FN:6,build
FNF:1
FNH:1
FNDA:10,build
DA:1,1
DA:2,1
DA:3,1
DA:4,1
DA:5,1
DA:6,1
DA:7,10
DA:8,10
DA:9,1
LF:9
LH:9
BRDA:6,0,0,10
BRF:1
BRH:1
end_of_record
TN:
SF:src\services\user\UserServiceUtils.ts
FN:15,getRandomSalt
FN:19,verifyPassword
FN:31,hashPassword
FN:41,convertServerUserToClientUser
FN:52,formatUserDetails
FNF:5
FNH:4
FNDA:5,getRandomSalt
FNDA:0,verifyPassword
FNDA:5,hashPassword
FNDA:5,convertServerUserToClientUser
FNDA:5,formatUserDetails
DA:1,1
DA:2,1
DA:3,1
DA:4,1
DA:5,1
DA:6,1
DA:7,1
DA:8,1
DA:9,1
DA:10,1
DA:11,1
DA:12,1
DA:13,1
DA:14,1
DA:15,1
DA:16,5
DA:17,5
DA:18,1
DA:19,1
DA:20,0
DA:21,0
DA:22,0
DA:23,0
DA:24,0
DA:25,0
DA:26,0
DA:27,0
DA:28,0
DA:29,0
DA:30,0
DA:31,1
DA:32,5
DA:33,5
DA:34,5
DA:35,5
DA:36,5
DA:37,5
DA:38,5
DA:39,5
DA:40,1
DA:41,1
DA:42,5
DA:43,5
DA:44,5
DA:45,5
DA:46,5
DA:47,5
DA:48,5
DA:49,5
DA:50,5
DA:51,1
DA:52,1
DA:53,5
DA:54,5
DA:55,5
DA:56,5
DA:57,5
DA:58,5
DA:59,5
DA:60,5
DA:61,5
DA:62,5
DA:63,5
DA:64,5
DA:65,5
DA:66,5
DA:67,5
DA:68,5
DA:69,5
DA:70,5
DA:71,1
LF:71
LH:60
BRDA:15,0,0,5
BRDA:31,1,0,5
BRDA:41,2,0,5
BRDA:52,3,0,5
BRDA:60,4,0,0
BRDA:61,5,0,0
BRDA:62,6,0,0
BRDA:65,7,0,0
BRF:8
BRH:4
end_of_record
TN:
SF:src\services\userAgentService\UserAgentService.ts
FN:7,getUserAgent
FN:29,compareUserAgent
FNF:2
FNH:1
FNDA:5,getUserAgent
FNDA:0,compareUserAgent
DA:1,1
DA:2,1
DA:3,1
DA:4,1
DA:5,1
DA:6,1
DA:7,1
DA:8,5
DA:9,5
DA:10,5
DA:11,5
DA:12,5
DA:13,5
DA:14,5
DA:15,5
DA:16,5
DA:17,5
DA:18,5
DA:19,5
DA:20,5
DA:21,5
DA:22,5
DA:23,5
DA:24,5
DA:25,5
DA:26,5
DA:27,5
DA:28,5
DA:29,1
DA:30,0
DA:31,0
DA:32,0
DA:33,0
DA:34,0
DA:35,0
DA:36,0
DA:37,0
DA:38,0
DA:39,0
DA:40,0
DA:41,0
DA:42,0
DA:43,0
DA:44,0
DA:45,0
DA:46,0
DA:47,0
DA:48,0
DA:49,0
DA:50,0
DA:51,0
DA:52,0
DA:53,1
LF:53
LH:30
BRDA:7,0,0,5
BRDA:12,1,0,0
BRDA:14,2,0,0
BRDA:15,3,0,0
BRDA:18,4,0,0
BRDA:21,5,0,0
BRDA:24,6,0,0
BRDA:25,7,0,0
BRF:8
BRH:1
end_of_record
TN:
SF:src\services\userRole\UserRoleDataAccess.ts
FN:10,UserRoleDataAccess
FN:15,getUserRole
FN:34,updateUserRole
FN:56,createUserRole
FNF:4
FNH:2
FNDA:5,UserRoleDataAccess
FNDA:0,getUserRole
FNDA:0,updateUserRole
FNDA:5,createUserRole
DA:1,1
DA:2,1
DA:3,1
DA:4,1
DA:5,1
DA:6,1
DA:7,1
DA:8,1
DA:9,1
DA:10,1
DA:11,5
DA:12,5
DA:13,5
DA:14,1
DA:15,1
DA:16,0
DA:17,0
DA:18,0
DA:19,0
DA:20,0
DA:21,0
DA:22,0
DA:23,0
DA:24,0
DA:25,0
DA:26,0
DA:27,0
DA:28,0
DA:29,0
DA:30,0
DA:31,0
DA:32,0
DA:33,1
DA:34,1
DA:35,0
DA:36,0
DA:37,0
DA:38,0
DA:39,0
DA:40,0
DA:41,0
DA:42,0
DA:43,0
DA:44,0
DA:45,0
DA:46,0
DA:47,0
DA:48,0
DA:49,0
DA:50,0
DA:51,0
DA:52,0
DA:53,0
DA:54,0
DA:55,1
DA:56,1
DA:57,5
DA:58,5
DA:59,5
DA:60,5
DA:61,5
DA:62,5
DA:63,0
DA:64,0
DA:65,5
DA:66,5
DA:67,5
DA:68,5
DA:69,0
DA:70,0
DA:71,0
DA:72,0
DA:73,0
DA:74,5
DA:75,1
LF:75
LH:31
BRDA:10,0,0,5
BRDA:56,1,0,5
BRDA:59,2,0,0
BRDA:62,3,0,0
BRDA:68,4,0,0
BRF:5
BRH:2
end_of_record
TN:
SF:src\services\userRole\UserRoleService.ts
FN:9,UserRoleService
FN:13,getUserRole
FN:17,updateUserRole
FN:21,createUserRole
FNF:4
FNH:2
FNDA:5,UserRoleService
FNDA:0,getUserRole
FNDA:0,updateUserRole
FNDA:5,createUserRole
DA:1,1
DA:2,1
DA:3,1
DA:4,1
DA:5,1
DA:6,1
DA:7,1
DA:8,1
DA:9,1
DA:10,5
DA:11,5
DA:12,1
DA:13,1
DA:14,0
DA:15,0
DA:16,1
DA:17,1
DA:18,0
DA:19,0
DA:20,1
DA:21,1
DA:22,5
DA:23,5
DA:24,1
LF:24
LH:20
BRDA:9,0,0,5
BRDA:21,1,0,5
BRF:2
BRH:2
end_of_record
TN:
SF:src\services\userRole\UserRoleServiceBuilder.ts
FN:6,build
FNF:1
FNH:1
FNDA:5,build
DA:1,1
DA:2,1
DA:3,1
DA:4,1
DA:5,1
DA:6,1
DA:7,5
DA:8,5
DA:9,1
LF:9
LH:9
BRDA:6,0,0,5
BRF:1
BRH:1
end_of_record
TN:
SF:src\swagger\swagger.ts
FN:28,swaggerInit
FNF:1
FNH:1
FNDA:1,swaggerInit
DA:1,1
DA:2,1
DA:3,1
DA:4,1
DA:5,1
DA:6,1
DA:7,1
DA:8,1
DA:9,1
DA:10,1
DA:11,1
DA:12,1
DA:13,1
DA:14,1
DA:15,1
DA:16,1
DA:17,1
DA:18,1
DA:19,1
DA:20,1
DA:21,1
DA:22,1
DA:23,1
DA:24,1
DA:25,1
DA:26,1
DA:27,1
DA:28,1
DA:29,1
DA:30,1
LF:30
LH:30
BRDA:28,0,0,1
BRF:1
BRH:1
end_of_record
TN:
SF:src\types\ErrorCode.ts
FNF:0
FNH:0
DA:1,1
DA:2,1
DA:3,1
DA:4,1
DA:5,1
DA:6,1
DA:7,1
DA:8,1
DA:9,1
DA:10,1
DA:11,1
DA:12,1
DA:13,1
DA:14,1
DA:15,1
DA:16,1
DA:17,1
DA:18,1
DA:19,1
DA:20,1
DA:21,1
DA:22,1
DA:23,1
DA:24,1
DA:25,1
DA:26,1
DA:27,1
DA:28,1
DA:29,1
DA:30,1
DA:31,1
DA:32,1
DA:33,1
DA:34,1
DA:35,1
DA:36,1
DA:37,1
LF:37
LH:37
BRDA:1,0,0,1
BRF:1
BRH:1
end_of_record
TN:
SF:src\types\HttpCode.ts
FNF:0
FNH:0
DA:1,1
DA:2,1
DA:3,1
DA:4,1
DA:5,1
DA:6,1
DA:7,1
DA:8,1
DA:9,1
DA:10,1
DA:11,1
DA:12,1
DA:13,1
DA:14,1
DA:15,1
DA:16,1
DA:17,1
DA:18,1
DA:19,1
DA:20,1
DA:21,1
DA:22,1
DA:23,1
DA:24,1
DA:25,1
DA:26,1
DA:27,1
DA:28,1
DA:29,1
DA:30,1
DA:31,1
DA:32,1
DA:33,1
DA:34,1
DA:35,1
DA:36,1
DA:37,1
DA:38,1
DA:39,1
DA:40,1
DA:41,1
DA:42,1
DA:43,1
DA:44,1
DA:45,1
DA:46,1
DA:47,1
DA:48,1
DA:49,1
DA:50,1
DA:51,1
DA:52,1
LF:52
LH:52
BRDA:1,0,0,1
BRF:1
BRH:1
end_of_record
TN:
SF:src\types\LanguageType.ts
FNF:0
FNH:0
DA:1,1
DA:2,1
DA:3,1
DA:4,1
DA:5,1
DA:6,1
DA:7,1
DA:8,1
DA:9,1
DA:10,1
DA:11,1
DA:12,1
DA:13,1
DA:14,1
DA:15,1
DA:16,1
DA:17,1
DA:18,1
DA:19,1
DA:20,1
DA:21,1
DA:22,1
DA:23,1
DA:24,1
DA:25,1
DA:26,1
DA:27,1
DA:28,1
DA:29,1
DA:30,1
LF:30
LH:30
BRDA:1,0,0,1
BRF:1
BRH:1
end_of_record
TN:
SF:src\types\ResponseStatusType.ts
FNF:0
FNH:0
DA:1,1
DA:2,1
DA:3,1
DA:4,1
DA:5,1
LF:5
LH:5
BRDA:1,0,0,1
BRF:1
BRH:1
end_of_record
TN:
SF:src\types\RoleType.ts
FNF:0
FNH:0
DA:1,1
DA:2,1
DA:3,1
LF:3
LH:3
BRDA:1,0,0,1
BRF:1
BRH:1
end_of_record
TN:
SF:src\types\TransactionType.ts
FNF:0
FNH:0
DA:1,1
DA:2,1
DA:3,1
DA:4,1
DA:5,1
LF:5
LH:5
BRDA:1,0,0,1
BRF:1
BRH:1
end_of_record
TN:
SF:src\types\TranslationKey.ts
FNF:0
FNH:0
DA:1,1
DA:2,1
DA:3,1
DA:4,1
DA:5,1
DA:6,1
DA:7,1
LF:7
LH:7
BRDA:1,0,0,1
BRF:1
BRH:1
end_of_record
TN:
SF:src\utils\TimeManagerUTC.ts
FN:4,TimeManagerUTC
FN:8,getCurrentTime
FN:12,addTime
FN:18,subtractTime
FN:24,formatTime
FN:32,isFirstDateLessThanSecond
FNF:6
FNH:3
FNDA:10,TimeManagerUTC
FNDA:5,getCurrentTime
FNDA:5,addTime
FNDA:0,subtractTime
FNDA:0,formatTime
FNDA:0,isFirstDateLessThanSecond
DA:1,1
DA:2,1
DA:3,1
DA:4,1
DA:5,10
DA:6,10
DA:7,1
DA:8,1
DA:9,5
DA:10,5
DA:11,1
DA:12,1
DA:13,5
DA:14,5
DA:15,5
DA:16,5
DA:17,1
DA:18,1
DA:19,0
DA:20,0
DA:21,0
DA:22,0
DA:23,1
DA:24,1
DA:25,0
DA:26,0
DA:27,0
DA:28,0
DA:29,0
DA:30,0
DA:31,1
DA:32,1
DA:33,0
DA:34,0
DA:35,1
LF:35
LH:23
BRDA:4,0,0,10
BRDA:8,1,0,5
BRDA:12,2,0,5
BRF:3
BRH:3
end_of_record
TN:
SF:src\utils\Utils.ts
FN:2,isNumber
FN:6,parseNumber
FN:17,escapeRegExp
FN:24,parseBoolean
FN:33,parse
FN:45,nullToEmpty
FN:49,isNotEmpty
FN:53,isNotNull
FN:57,isNull
FN:61,isArrayNotEmpty
FN:65,isArrayEmpty
FN:69,isObjectEmpty
FN:73,greaterThen0
FN:77,not0
FN:81,lessThen0
FN:85,compareUndefined
FN:95,compareArrayLength
FN:105,compareObject
FN:119,compareArrays
FN:133,has
FN:144,isEmpty
FN:148,checkNotNull
FN:155,pad
FN:159,replaceAll
FN:166,to
FNF:25
FNH:6
FNDA:0,isNumber
FNDA:0,parseNumber
FNDA:0,escapeRegExp
FNDA:0,parseBoolean
FNDA:0,parse
FNDA:0,nullToEmpty
FNDA:0,isNotEmpty
FNDA:20,isNotNull
FNDA:55,isNull
FNDA:206,isArrayNotEmpty
FNDA:0,isArrayEmpty
FNDA:40,isObjectEmpty
FNDA:0,greaterThen0
FNDA:0,not0
FNDA:0,lessThen0
FNDA:0,compareUndefined
FNDA:0,compareArrayLength
FNDA:0,compareObject
FNDA:0,compareArrays
FNDA:0,has
FNDA:0,isEmpty
FNDA:0,checkNotNull
FNDA:830,pad
FNDA:0,replaceAll
FNDA:15,to
DA:1,1
DA:2,1
DA:3,0
DA:4,0
DA:5,1
DA:6,1
DA:7,0
DA:8,0
DA:9,0
DA:10,0
DA:11,0
DA:12,0
DA:13,0
DA:14,0
DA:15,0
DA:16,1
DA:17,1
DA:18,0
DA:19,0
DA:20,0
DA:21,0
DA:22,0
DA:23,1
DA:24,1
DA:25,0
DA:26,0
DA:27,0
DA:28,0
DA:29,0
DA:30,0
DA:31,0
DA:32,1
DA:33,1
DA:34,0
DA:35,0
DA:36,0
DA:37,0
DA:38,0
DA:39,0
DA:40,0
DA:41,0
DA:42,0
DA:43,0
DA:44,1
DA:45,1
DA:46,0
DA:47,0
DA:48,1
DA:49,1
DA:50,0
DA:51,0
DA:52,1
DA:53,1
DA:54,20
DA:55,20
DA:56,1
DA:57,1
DA:58,55
DA:59,55
DA:60,1
DA:61,1
DA:62,206
DA:63,206
DA:64,1
DA:65,1
DA:66,0
DA:67,0
DA:68,1
DA:69,1
DA:70,40
DA:71,40
DA:72,1
DA:73,1
DA:74,0
DA:75,0
DA:76,1
DA:77,1
DA:78,0
DA:79,0
DA:80,1
DA:81,1
DA:82,0
DA:83,0
DA:84,1
DA:85,1
DA:86,0
DA:87,0
DA:88,0
DA:89,0
DA:90,0
DA:91,0
DA:92,0
DA:93,0
DA:94,1
DA:95,1
DA:96,0
DA:97,0
DA:98,0
DA:99,0
DA:100,0
DA:101,0
DA:102,0
DA:103,0
DA:104,1
DA:105,1
DA:106,0
DA:107,0
DA:108,0
DA:109,0
DA:110,0
DA:111,0
DA:112,0
DA:113,0
DA:114,0
DA:115,0
DA:116,0
DA:117,0
DA:118,1
DA:119,1
DA:120,0
DA:121,0
DA:122,0
DA:123,0
DA:124,0
DA:125,0
DA:126,0
DA:127,0
DA:128,0
DA:129,0
DA:130,0
DA:131,0
DA:132,1
DA:133,1
DA:134,0
DA:135,0
DA:136,0
DA:137,0
DA:138,0
DA:139,0
DA:140,0
DA:141,0
DA:142,0
DA:143,1
DA:144,1
DA:145,0
DA:146,0
DA:147,1
DA:148,1
DA:149,0
DA:150,0
DA:151,0
DA:152,0
DA:153,0
DA:154,1
DA:155,1
DA:156,830
DA:157,830
DA:158,1
DA:159,1
DA:160,0
DA:161,0
DA:162,0
DA:163,0
DA:164,0
DA:165,1
DA:166,1
DA:167,15
DA:168,15
DA:169,15
DA:170,0
DA:171,0
DA:172,0
DA:173,0
DA:174,15
DA:175,15
DA:176,1
LF:176
LH:66
BRDA:53,0,0,20
BRDA:57,1,0,55
BRDA:58,2,0,50
BRDA:61,3,0,206
BRDA:69,4,0,40
BRDA:70,5,0,0
BRDA:155,6,0,830
BRDA:166,7,0,15
BRDA:168,8,0,15
BRF:9
BRH:8
end_of_record
TN:
SF:src\utils\generateErrorResponse.ts
FN:8,generateErrorResponse
FNF:1
FNH:0
FNDA:0,generateErrorResponse
DA:1,1
DA:2,1
DA:3,1
DA:4,1
DA:5,1
DA:6,1
DA:7,1
DA:8,0
DA:9,0
DA:10,0
DA:11,0
DA:12,0
DA:13,0
DA:14,0
DA:15,0
DA:16,0
DA:17,0
DA:18,0
LF:18
LH:7
BRF:0
BRH:0
end_of_record
TN:
SF:src\utils\errors\BaseError.ts
FN:9,BaseError
FN:17,BaseError.getStatusCode
FN:21,getErrorCode
FNF:3
FNH:1
FNDA:5,BaseError
FNDA:0,BaseError.getStatusCode
FNDA:0,getErrorCode
DA:1,1
DA:2,1
DA:3,1
DA:4,1
DA:5,1
DA:6,1
DA:7,1
DA:8,1
DA:9,1
DA:10,5
DA:11,5
DA:12,5
DA:13,5
DA:14,5
DA:15,5
DA:16,1
DA:17,1
DA:18,0
DA:19,1
DA:20,1
DA:21,1
DA:22,0
DA:23,0
DA:24,1
LF:24
LH:21
BRDA:9,0,0,5
BRF:1
BRH:1
end_of_record
TN:
SF:src\utils\errors\CustomError.ts
FN:5,CustomError
FNF:1
FNH:1
FNDA:5,CustomError
DA:1,1
DA:2,1
DA:3,1
DA:4,1
DA:5,1
DA:6,5
DA:7,5
DA:8,5
DA:9,5
DA:10,1
LF:10
LH:10
BRDA:5,0,0,5
BRF:1
BRH:1
end_of_record
TN:
SF:src\utils\errors\DBError.ts
FN:7,DBError
FNF:1
FNH:0
FNDA:0,DBError
DA:1,1
DA:2,1
DA:3,1
DA:4,1
DA:5,1
DA:6,1
DA:7,1
DA:8,0
DA:9,0
DA:10,0
DA:11,0
DA:12,1
LF:12
LH:8
BRF:0
BRH:0
end_of_record
TN:
SF:src\utils\errors\ValidationError.ts
FN:6,ValidationError
FNF:1
FNH:0
FNDA:0,ValidationError
DA:1,1
DA:2,1
DA:3,1
DA:4,1
DA:5,1
DA:6,1
DA:7,0
DA:8,0
DA:9,0
DA:10,0
DA:11,1
LF:11
LH:7
BRF:0
BRH:0
end_of_record
TN:
SF:src\utils\validation\createTransactionValidationRules.ts
FN:8,atLeastOneFieldRequired
FN:78,transactionConvertValidationMessageToErrorCode
FNF:2
FNH:0
FNDA:0,atLeastOneFieldRequired
FNDA:0,transactionConvertValidationMessageToErrorCode
DA:1,1
DA:2,1
DA:3,1
DA:4,1
DA:5,1
DA:6,1
DA:7,1
DA:8,1
DA:9,0
DA:10,0
DA:11,0
DA:12,0
DA:13,0
DA:14,0
DA:15,0
DA:16,0
DA:17,0
DA:18,0
DA:19,0
DA:20,0
DA:21,0
DA:22,0
DA:23,0
DA:24,0
DA:25,0
DA:26,0
DA:27,0
DA:28,0
DA:29,0
DA:30,0
DA:31,0
DA:32,0
DA:33,0
DA:34,0
DA:35,0
DA:36,0
DA:37,0
DA:38,0
DA:39,0
DA:40,0
DA:41,0
DA:42,0
DA:43,0
DA:44,0
DA:45,0
DA:46,0
DA:47,0
DA:48,0
DA:49,0
DA:50,0
DA:51,0
DA:52,0
DA:53,0
DA:54,0
DA:55,0
DA:56,0
DA:57,0
DA:58,0
DA:59,1
DA:60,1
DA:61,1
DA:62,1
DA:63,1
DA:64,1
DA:65,1
DA:66,1
DA:67,1
DA:68,1
DA:69,1
DA:70,1
DA:71,1
DA:72,1
DA:73,1
DA:74,1
DA:75,1
DA:76,1
DA:77,1
DA:78,1
DA:79,0
DA:80,0
DA:81,0
DA:82,0
DA:83,0
DA:84,0
DA:85,0
DA:86,0
DA:87,0
DA:88,0
DA:89,0
DA:90,0
DA:91,0
DA:92,0
DA:93,0
DA:94,0
DA:95,0
DA:96,0
DA:97,0
DA:98,0
DA:99,0
DA:100,0
DA:101,0
DA:102,0
DA:103,0
DA:104,0
DA:105,0
DA:106,0
DA:107,1
DA:108,1
LF:108
LH:30
BRF:0
BRH:0
end_of_record
TN:
SF:src\utils\validation\loginValidationRules.ts
FNF:0
FNH:0
DA:1,1
DA:2,1
DA:3,1
DA:4,1
DA:5,1
DA:6,1
DA:7,1
DA:8,1
DA:9,1
DA:10,1
DA:11,1
LF:11
LH:11
BRF:0
BRH:0
end_of_record
TN:
SF:src\utils\validation\routesInputValidation.ts
FN:16,createSignupValidationRules
FN:66,routesInputValidation
FN:94,convertErrorNameToErrorCode
FNF:3
FNH:2
FNDA:12,createSignupValidationRules
FNDA:6,routesInputValidation
FNDA:0,convertErrorNameToErrorCode
DA:1,1
DA:2,1
DA:3,1
DA:4,1
DA:5,1
DA:6,1
DA:7,1
DA:8,1
DA:9,1
DA:10,1
DA:11,1
DA:12,1
DA:13,1
DA:14,1
DA:15,1
DA:16,12
DA:17,12
DA:18,12
DA:19,12
DA:20,4
DA:21,4
DA:22,12
DA:23,12
DA:24,1
DA:25,1
DA:26,12
DA:27,12
DA:28,1
DA:29,1
DA:30,12
DA:31,12
DA:32,2
DA:33,12
DA:34,2
DA:35,10
DA:36,6
DA:37,6
DA:38,6
DA:39,6
DA:40,6
DA:41,6
DA:42,8
DA:43,2
DA:44,2
DA:45,1
DA:46,1
DA:47,1
DA:48,1
DA:49,2
DA:50,12
DA:51,12
DA:52,6
DA:53,6
DA:54,6
DA:55,6
DA:56,12
DA:57,12
DA:58,3
DA:59,3
DA:60,3
DA:61,3
DA:62,12
DA:63,12
DA:64,12
DA:65,1
DA:66,6
DA:67,6
DA:68,6
DA:69,6
DA:70,6
DA:71,5
DA:72,5
DA:73,5
DA:74,5
DA:75,5
DA:76,5
DA:77,0
DA:78,0
DA:79,0
DA:80,0
DA:81,0
DA:82,0
DA:83,0
DA:84,0
DA:85,0
DA:86,0
DA:87,0
DA:88,0
DA:89,0
DA:90,0
DA:91,6
DA:92,6
DA:93,1
DA:94,1
DA:95,0
DA:96,0
DA:97,0
DA:98,0
DA:99,0
DA:100,0
DA:101,0
DA:102,0
DA:103,0
DA:104,0
DA:105,0
DA:106,0
DA:107,0
DA:108,0
DA:109,0
LF:109
LH:80
BRDA:16,0,0,12
BRDA:19,1,0,4
BRDA:23,2,0,1
BRDA:27,3,0,1
BRDA:31,4,0,2
BRDA:33,5,0,10
BRDA:33,6,0,2
BRDA:35,7,0,8
BRDA:35,8,0,6
BRDA:42,9,0,2
BRDA:44,10,0,1
BRDA:51,11,0,6
BRDA:51,12,0,6
BRDA:57,13,0,3
BRDA:57,14,0,3
BRDA:66,15,0,6
BRDA:70,16,0,5
BRDA:77,17,0,0
BRDA:71,18,0,15
BRF:19
BRH:18
end_of_record
TN:
SF:src\utils\validation\sanitizeRequestBody.ts
FN:9,sanitizeRequestBody
FNF:1
FNH:1
FNDA:3,sanitizeRequestBody
DA:1,1
DA:2,1
DA:3,1
DA:4,1
DA:5,1
DA:6,1
DA:7,1
DA:8,1
DA:9,1
DA:10,5
DA:11,5
DA:12,0
DA:13,0
DA:14,0
DA:15,0
DA:16,0
DA:17,0
DA:18,0
DA:19,5
DA:20,5
DA:21,5
LF:21
LH:14
BRDA:9,0,0,3
BRDA:9,1,0,5
BRDA:11,2,0,0
BRDA:10,3,0,15
BRF:4
BRH:3
end_of_record
TN:
SF:src\utils\validation\signupValidationRules.ts
FNF:0
FNH:0
DA:1,1
DA:2,1
DA:3,1
DA:4,1
DA:5,1
DA:6,1
DA:7,1
DA:8,1
DA:9,1
DA:10,1
DA:11,1
DA:12,1
DA:13,1
DA:14,1
DA:15,1
DA:16,1
DA:17,1
DA:18,1
LF:18
LH:18
BRF:0
BRH:0
end_of_record
TN:
SF:tests\TestsUtils..ts
FN:3,generateSecureRandom
FN:8,generateRandomString
FN:20,generateRandomEmail
FN:27,generateRandomPassword
FNF:4
FNH:4
FNDA:264,generateSecureRandom
FNDA:5,generateRandomString
FNDA:5,generateRandomEmail
FNDA:5,generateRandomPassword
DA:1,1
DA:2,1
DA:3,264
DA:4,264
DA:5,264
DA:6,264
DA:7,1
DA:8,5
DA:9,5
DA:10,5
DA:11,5
DA:12,5
DA:13,5
DA:14,52
DA:15,52
DA:16,5
DA:17,5
DA:18,5
DA:19,1
DA:20,5
DA:21,5
DA:22,5
DA:23,5
DA:24,5
DA:25,5
DA:26,1
DA:27,5
DA:28,5
DA:29,5
DA:30,5
DA:31,5
DA:32,5
DA:33,5
DA:34,5
DA:35,5
DA:36,5
DA:37,5
DA:38,5
DA:39,5
DA:40,5
DA:41,5
DA:42,38
DA:43,38
DA:44,5
DA:45,5
DA:46,5
DA:47,5
DA:48,5
DA:49,5
DA:50,5
DA:51,5
LF:51
LH:51
BRDA:3,0,0,264
BRDA:8,1,0,5
BRDA:13,2,0,52
BRDA:20,3,0,5
BRDA:27,4,0,5
BRDA:41,5,0,38
BRDA:47,6,0,138
BRF:7
BRH:7
end_of_record
