TN:
SF:src/app.ts
FNF:0
FNH:0
DA:1,1
DA:2,1
DA:3,1
DA:4,1
DA:5,1
DA:6,1
DA:7,1
DA:8,1
DA:9,1
DA:10,1
DA:11,1
DA:12,1
DA:13,1
DA:14,1
DA:15,1
DA:16,1
DA:17,1
DA:18,1
DA:19,1
DA:20,1
DA:21,1
DA:22,1
DA:23,1
DA:24,1
DA:25,1
DA:26,1
DA:27,1
DA:28,1
DA:29,1
DA:30,1
DA:31,1
DA:32,1
DA:33,1
DA:34,1
DA:35,1
DA:36,1
DA:37,1
DA:38,29
DA:39,0
DA:40,0
DA:41,0
DA:42,0
DA:43,0
DA:44,0
DA:45,29
DA:46,29
DA:47,1
DA:48,1
DA:49,1
DA:50,1
DA:51,1
DA:52,1
DA:53,1
DA:54,1
DA:55,1
DA:56,1
DA:57,1
DA:58,1
DA:59,1
DA:60,1
DA:61,0
DA:62,1
DA:63,1
DA:64,1
DA:65,1
DA:66,1
DA:67,0
DA:68,0
DA:69,0
DA:70,0
DA:71,1
DA:72,1
LF:72
LH:61
BRDA:23,0,0,0
BRDA:66,1,0,0
BRDA:37,2,0,29
BRF:3
BRH:1
end_of_record
TN:
SF:src/config/config.ts
FN:27,getConfig
FNF:1
FNH:1
FNDA:141,getConfig
DA:1,1
DA:2,1
DA:3,1
DA:4,1
DA:5,1
DA:6,1
DA:7,1
DA:8,1
DA:9,1
DA:10,1
DA:11,1
DA:12,1
DA:13,1
DA:14,1
DA:15,1
DA:16,1
DA:17,1
DA:18,1
DA:19,1
DA:20,1
DA:21,1
DA:22,1
DA:23,1
DA:24,1
DA:25,1
DA:26,1
DA:27,141
DA:28,141
DA:29,141
DA:30,141
DA:31,141
DA:32,141
DA:33,141
DA:34,141
DA:35,141
DA:36,141
DA:37,141
DA:38,141
DA:39,141
DA:40,141
DA:41,141
DA:42,141
DA:43,141
DA:44,141
DA:45,141
DA:46,141
LF:46
LH:46
BRDA:27,0,0,141
BRDA:29,1,0,0
BRDA:30,2,0,0
BRDA:31,3,0,0
BRDA:32,4,0,0
BRDA:33,5,0,0
BRDA:34,6,0,0
BRDA:35,7,0,0
BRDA:37,8,0,0
BRDA:38,9,0,0
BRDA:39,10,0,0
BRDA:40,11,0,0
BRDA:41,12,0,0
BRDA:42,13,0,0
BRDA:43,14,0,0
BRF:15
BRH:1
end_of_record
TN:
SF:src/config/currency_initial.ts
FNF:0
FNH:0
DA:1,1
DA:2,1
DA:3,1
DA:4,1
DA:5,1
DA:6,1
DA:7,1
DA:8,1
DA:9,1
DA:10,1
DA:11,1
DA:12,1
DA:13,1
DA:14,1
DA:15,1
DA:16,1
DA:17,1
DA:18,1
DA:19,1
DA:20,1
DA:21,1
DA:22,1
DA:23,1
DA:24,1
DA:25,1
DA:26,1
DA:27,1
DA:28,1
DA:29,1
DA:30,1
DA:31,1
DA:32,1
LF:32
LH:32
BRF:0
BRH:0
end_of_record
TN:
SF:src/config/dbConfig.ts
FNF:0
FNH:0
DA:1,1
DA:2,1
DA:3,1
DA:4,1
DA:5,1
DA:6,1
DA:7,1
DA:8,1
DA:9,1
DA:10,1
DA:11,1
LF:11
LH:11
BRF:0
BRH:0
end_of_record
TN:
SF:src/config/user_initial.ts
FNF:0
FNH:0
DA:1,1
DA:2,1
DA:3,1
DA:4,1
DA:5,1
DA:6,1
DA:7,1
DA:8,1
DA:9,1
DA:10,1
DA:11,1
DA:12,1
DA:13,1
DA:14,1
DA:15,1
DA:16,1
DA:17,1
DA:18,1
DA:19,1
DA:20,1
DA:21,1
DA:22,1
DA:23,1
DA:24,1
DA:25,1
DA:26,1
DA:27,1
DA:28,1
DA:29,1
DA:30,1
DA:31,1
DA:32,1
DA:33,1
DA:34,1
DA:35,1
DA:36,1
DA:37,1
DA:38,1
DA:39,1
DA:40,1
DA:41,1
DA:42,1
DA:43,1
DA:44,1
DA:45,1
DA:46,1
DA:47,1
DA:48,1
DA:49,1
DA:50,1
DA:51,1
DA:52,1
DA:53,1
DA:54,1
DA:55,1
DA:56,1
DA:57,1
DA:58,1
DA:59,1
DA:60,1
DA:61,1
DA:62,1
DA:63,1
DA:64,1
DA:65,1
DA:66,1
DA:67,1
DA:68,1
DA:69,1
DA:70,1
DA:71,1
DA:72,1
DA:73,1
DA:74,1
DA:75,1
DA:76,1
DA:77,1
DA:78,1
DA:79,1
DA:80,1
DA:81,1
DA:82,1
DA:83,1
DA:84,1
DA:85,1
DA:86,1
DA:87,1
DA:88,1
DA:89,1
DA:90,1
DA:91,1
DA:92,1
DA:93,1
DA:94,1
DA:95,1
DA:96,1
DA:97,1
DA:98,1
DA:99,1
DA:100,1
DA:101,1
DA:102,1
DA:103,1
DA:104,1
DA:105,1
DA:106,1
DA:107,1
DA:108,1
DA:109,1
DA:110,1
DA:111,1
DA:112,1
DA:113,1
DA:114,1
DA:115,1
DA:116,1
DA:117,1
DA:118,1
DA:119,1
DA:120,1
DA:121,1
DA:122,1
DA:123,1
DA:124,1
DA:125,1
DA:126,1
DA:127,1
DA:128,1
DA:129,1
DA:130,1
DA:131,1
DA:132,1
DA:133,1
DA:134,1
DA:135,1
DA:136,1
DA:137,1
DA:138,1
DA:139,1
DA:140,1
DA:141,1
DA:142,1
DA:143,1
DA:144,1
DA:145,1
DA:146,1
DA:147,1
DA:148,1
DA:149,1
DA:150,1
DA:151,1
DA:152,1
DA:153,1
DA:154,1
DA:155,1
DA:156,1
DA:157,1
DA:158,1
DA:159,1
DA:160,1
DA:161,1
DA:162,1
DA:163,1
DA:164,1
DA:165,1
DA:166,1
DA:167,1
DA:168,1
DA:169,1
DA:170,1
DA:171,1
DA:172,1
DA:173,1
DA:174,1
DA:175,1
DA:176,1
DA:177,1
DA:178,1
DA:179,1
DA:180,1
DA:181,1
DA:182,1
DA:183,1
DA:184,1
DA:185,1
DA:186,1
DA:187,1
DA:188,1
DA:189,1
DA:190,1
DA:191,1
DA:192,1
DA:193,1
DA:194,1
DA:195,1
DA:196,1
DA:197,1
DA:198,1
DA:199,1
DA:200,1
DA:201,1
DA:202,1
DA:203,1
DA:204,1
DA:205,1
DA:206,1
DA:207,1
DA:208,1
DA:209,1
DA:210,1
DA:211,1
DA:212,1
DA:213,1
DA:214,1
DA:215,1
DA:216,1
DA:217,1
DA:218,1
DA:219,1
DA:220,1
DA:221,1
DA:222,1
DA:223,1
DA:224,1
DA:225,1
DA:226,1
DA:227,1
DA:228,1
DA:229,1
DA:230,1
DA:231,1
DA:232,1
DA:233,1
DA:234,1
DA:235,1
DA:236,1
DA:237,1
DA:238,1
DA:239,1
DA:240,1
DA:241,1
DA:242,1
DA:243,1
DA:244,1
DA:245,1
DA:246,1
DA:247,1
DA:248,1
DA:249,1
DA:250,1
DA:251,1
DA:252,1
DA:253,1
DA:254,1
DA:255,1
DA:256,1
DA:257,1
DA:258,1
DA:259,1
DA:260,1
DA:261,1
DA:262,1
DA:263,1
DA:264,1
DA:265,1
DA:266,1
DA:267,1
DA:268,1
DA:269,1
DA:270,1
DA:271,1
DA:272,1
DA:273,1
DA:274,1
DA:275,1
DA:276,1
DA:277,1
DA:278,1
DA:279,1
DA:280,1
DA:281,1
DA:282,1
DA:283,1
DA:284,1
DA:285,1
DA:286,1
DA:287,1
DA:288,1
DA:289,1
DA:290,1
DA:291,1
DA:292,1
DA:293,1
DA:294,1
DA:295,1
DA:296,1
DA:297,1
DA:298,1
DA:299,1
DA:300,1
DA:301,1
DA:302,1
DA:303,1
DA:304,1
DA:305,1
DA:306,1
DA:307,1
DA:308,1
DA:309,1
DA:310,1
DA:311,1
DA:312,1
DA:313,1
DA:314,1
DA:315,1
DA:316,1
DA:317,1
DA:318,1
DA:319,1
DA:320,1
DA:321,1
DA:322,1
DA:323,1
DA:324,1
DA:325,1
DA:326,1
DA:327,1
DA:328,1
DA:329,1
DA:330,1
DA:331,1
DA:332,1
DA:333,1
DA:334,1
DA:335,1
DA:336,1
DA:337,1
DA:338,1
DA:339,1
DA:340,1
DA:341,1
DA:342,1
DA:343,1
DA:344,1
DA:345,1
DA:346,1
DA:347,1
DA:348,1
DA:349,1
DA:350,1
DA:351,1
DA:352,1
DA:353,1
DA:354,1
DA:355,1
DA:356,1
DA:357,1
DA:358,1
DA:359,1
DA:360,1
DA:361,1
DA:362,1
DA:363,1
DA:364,1
DA:365,1
DA:366,1
DA:367,1
DA:368,1
DA:369,1
DA:370,1
DA:371,1
DA:372,1
DA:373,1
DA:374,1
DA:375,1
DA:376,1
DA:377,1
DA:378,1
DA:379,1
DA:380,1
DA:381,1
DA:382,1
DA:383,1
DA:384,1
DA:385,1
DA:386,1
DA:387,1
DA:388,1
DA:389,1
DA:390,1
DA:391,1
DA:392,1
DA:393,1
DA:394,1
DA:395,1
DA:396,1
DA:397,1
DA:398,1
DA:399,1
DA:400,1
DA:401,1
DA:402,1
DA:403,1
DA:404,1
DA:405,1
DA:406,1
DA:407,1
DA:408,1
DA:409,1
DA:410,1
DA:411,1
DA:412,1
DA:413,1
DA:414,1
DA:415,1
DA:416,1
DA:417,1
DA:418,1
DA:419,1
DA:420,1
DA:421,1
DA:422,1
DA:423,1
DA:424,1
DA:425,1
DA:426,1
DA:427,1
DA:428,1
DA:429,1
DA:430,1
DA:431,1
DA:432,1
DA:433,1
DA:434,1
DA:435,1
DA:436,1
DA:437,1
DA:438,1
DA:439,1
DA:440,1
DA:441,1
DA:442,1
DA:443,1
DA:444,1
DA:445,1
DA:446,1
DA:447,1
DA:448,1
DA:449,1
DA:450,1
DA:451,1
DA:452,1
DA:453,1
DA:454,1
DA:455,1
DA:456,1
DA:457,1
DA:458,1
DA:459,1
DA:460,1
DA:461,1
DA:462,1
DA:463,1
DA:464,1
DA:465,1
DA:466,1
DA:467,1
DA:468,1
DA:469,1
DA:470,1
DA:471,1
DA:472,1
DA:473,1
DA:474,1
DA:475,1
DA:476,1
DA:477,1
DA:478,1
DA:479,1
DA:480,1
DA:481,1
DA:482,1
DA:483,1
DA:484,1
DA:485,1
DA:486,1
DA:487,1
DA:488,1
DA:489,1
DA:490,1
DA:491,1
DA:492,1
DA:493,1
DA:494,1
DA:495,1
DA:496,1
DA:497,1
DA:498,1
DA:499,1
DA:500,1
DA:501,1
DA:502,1
DA:503,1
DA:504,1
DA:505,1
DA:506,1
DA:507,1
DA:508,1
DA:509,1
DA:510,1
DA:511,1
DA:512,1
DA:513,1
DA:514,1
DA:515,1
DA:516,1
DA:517,1
DA:518,1
DA:519,1
DA:520,1
DA:521,1
DA:522,1
DA:523,1
DA:524,1
DA:525,1
DA:526,1
DA:527,1
DA:528,1
DA:529,1
DA:530,1
DA:531,1
DA:532,1
DA:533,1
DA:534,1
DA:535,1
LF:535
LH:535
BRF:0
BRH:0
end_of_record
TN:
SF:src/controllers/AuthController.ts
FN:15,logout
FN:21,login
FNF:2
FNH:0
FNDA:0,logout
FNDA:0,login
DA:1,1
DA:2,1
DA:3,1
DA:4,1
DA:5,1
DA:6,1
DA:7,1
DA:8,1
DA:9,1
DA:10,1
DA:11,1
DA:12,1
DA:13,1
DA:14,1
DA:15,1
DA:16,0
DA:17,0
DA:18,0
DA:19,0
DA:20,0
DA:21,1
DA:22,0
DA:23,0
DA:24,0
DA:25,0
DA:26,0
DA:27,0
DA:28,0
DA:29,0
DA:30,0
DA:31,0
DA:32,0
DA:33,0
DA:34,0
DA:35,0
DA:36,0
DA:37,0
DA:38,0
DA:39,0
DA:40,0
DA:41,0
DA:42,0
DA:43,0
DA:44,0
DA:45,0
DA:46,0
DA:47,0
DA:48,0
DA:49,1
LF:49
LH:17
BRF:0
BRH:0
end_of_record
TN:
SF:src/controllers/OverviewController.ts
FN:12,overview
FNF:1
FNH:0
FNDA:0,overview
DA:1,1
DA:2,1
DA:3,1
DA:4,1
DA:5,1
DA:6,1
DA:7,1
DA:8,1
DA:9,1
DA:10,1
DA:11,1
DA:12,1
DA:13,0
DA:14,0
DA:15,0
DA:16,0
DA:17,0
DA:18,0
DA:19,0
DA:20,0
DA:21,0
DA:22,0
DA:23,0
DA:24,0
DA:25,0
DA:26,0
DA:27,0
DA:28,0
DA:29,1
LF:29
LH:13
BRF:0
BRH:0
end_of_record
TN:
SF:src/controllers/ProfileController.ts
FN:15,profile
FN:38,confirmEmail
FNF:2
FNH:0
FNDA:0,profile
FNDA:0,confirmEmail
DA:1,1
DA:2,1
DA:3,1
DA:4,1
DA:5,1
DA:6,1
DA:7,1
DA:8,1
DA:9,1
DA:10,1
DA:11,1
DA:12,1
DA:13,1
DA:14,1
DA:15,1
DA:16,0
DA:17,0
DA:18,0
DA:19,0
DA:20,0
DA:21,0
DA:22,0
DA:23,0
DA:24,0
DA:25,0
DA:26,0
DA:27,0
DA:28,0
DA:29,0
DA:30,0
DA:31,0
DA:32,0
DA:33,0
DA:34,0
DA:35,0
DA:36,0
DA:37,1
DA:38,1
DA:39,0
DA:40,0
DA:41,0
DA:42,0
DA:43,0
DA:44,0
DA:45,0
DA:46,0
DA:47,0
DA:48,0
DA:49,0
DA:50,0
DA:51,0
DA:52,0
DA:53,0
DA:54,0
DA:55,0
DA:56,0
DA:57,0
DA:58,0
DA:59,0
DA:60,0
DA:61,0
DA:62,0
DA:63,0
DA:64,1
LF:64
LH:18
BRF:0
BRH:0
end_of_record
TN:
SF:src/controllers/RegisterController.ts
FN:13,signup
FNF:1
FNH:1
FNDA:15,signup
DA:1,1
DA:2,1
DA:3,1
DA:4,1
DA:5,1
DA:6,1
DA:7,1
DA:8,1
DA:9,1
DA:10,1
DA:11,1
DA:12,1
DA:13,1
DA:14,15
DA:15,15
DA:16,15
DA:17,15
DA:18,15
DA:19,15
DA:20,15
DA:21,15
DA:22,15
DA:23,5
DA:24,5
DA:25,5
DA:26,5
DA:27,5
DA:28,10
DA:29,10
DA:30,10
DA:31,10
DA:32,10
DA:33,10
DA:34,10
DA:35,10
DA:36,10
DA:37,10
DA:38,10
DA:39,10
DA:40,10
DA:41,10
DA:42,10
DA:43,10
DA:44,10
DA:45,10
DA:46,10
DA:47,10
DA:48,15
DA:49,0
DA:50,0
DA:51,0
DA:52,0
DA:53,0
DA:54,15
DA:55,1
LF:55
LH:50
BRDA:13,0,0,15
BRDA:22,1,0,5
BRDA:28,2,0,10
BRDA:48,3,0,0
BRDA:38,4,0,10
BRF:5
BRH:4
end_of_record
TN:
SF:src/helper/logger/Logger.ts
FN:10,deserialize
FN:32,Logger
FN:36,Of
FN:40,setLogLevel
FN:44,SetLogLevel
FN:50,debug
FN:60,info
FN:70,warn
FN:80,error
FN:90,format
FN:94,formatDate
FNF:11
FNH:11
FNDA:16,deserialize
FNDA:351,Logger
FNDA:351,Of
FNDA:10,setLogLevel
FNDA:10,SetLogLevel
FNDA:3,debug
FNDA:392,info
FNDA:2,warn
FNDA:30,error
FNDA:426,format
FNDA:426,formatDate
DA:1,1
DA:2,1
DA:3,6
DA:4,6
DA:5,6
DA:6,6
DA:7,6
DA:8,6
DA:9,6
DA:10,1
DA:11,16
DA:12,16
DA:13,1
DA:14,16
DA:15,4
DA:16,16
DA:17,3
DA:18,16
DA:19,4
DA:20,16
DA:21,2
DA:22,16
DA:23,2
DA:24,16
DA:25,16
DA:26,1
DA:27,1
DA:28,1
DA:29,1
DA:30,1
DA:31,1
DA:32,1
DA:33,351
DA:34,351
DA:35,1
DA:36,1
DA:37,351
DA:38,351
DA:39,1
DA:40,1
DA:41,10
DA:42,10
DA:43,1
DA:44,1
DA:45,10
DA:46,10
DA:47,10
DA:48,10
DA:49,1
DA:50,1
DA:51,3
DA:52,1
DA:53,0
DA:54,1
DA:55,1
DA:56,1
DA:57,1
DA:58,3
DA:59,1
DA:60,1
DA:61,392
DA:62,392
DA:63,0
DA:64,392
DA:65,392
DA:66,392
DA:67,392
DA:68,392
DA:69,1
DA:70,1
DA:71,2
DA:72,2
DA:73,1
DA:74,1
DA:75,1
DA:76,1
DA:77,2
DA:78,2
DA:79,1
DA:80,1
DA:81,30
DA:82,30
DA:83,1
DA:84,29
DA:85,29
DA:86,29
DA:87,30
DA:88,30
DA:89,1
DA:90,1
DA:91,426
DA:92,426
DA:93,1
DA:94,1
DA:95,426
DA:96,426
DA:97,426
DA:98,426
DA:99,426
DA:100,426
DA:101,426
DA:102,1
LF:102
LH:100
BRDA:3,0,0,6
BRDA:10,1,0,16
BRDA:12,2,0,1
BRDA:14,3,0,4
BRDA:16,4,0,3
BRDA:18,5,0,4
BRDA:20,6,0,2
BRDA:22,7,0,2
BRDA:32,8,0,351
BRDA:36,9,0,351
BRDA:40,10,0,10
BRDA:44,11,0,10
BRDA:50,12,0,3
BRDA:51,13,0,1
BRDA:52,14,0,0
BRDA:60,15,0,392
BRDA:62,16,0,0
BRDA:70,17,0,2
BRDA:72,18,0,1
BRDA:80,19,0,30
BRDA:82,20,0,29
BRDA:82,21,0,1
BRDA:90,22,0,426
BRDA:94,23,0,426
BRF:24
BRH:22
end_of_record
TN:
SF:src/helper/logger/LoggerBase.ts
FN:6,LoggerBase
FNF:1
FNH:1
FNDA:298,LoggerBase
DA:1,1
DA:2,1
DA:3,1
DA:4,1
DA:5,1
DA:6,1
DA:7,298
DA:8,298
DA:9,298
DA:10,1
LF:10
LH:10
BRDA:6,0,0,298
BRDA:7,1,0,0
BRDA:7,2,0,0
BRF:3
BRH:1
end_of_record
TN:
SF:src/helper/responseBuilder/ResponseBuilder.ts
FN:17,ResponseBuilder
FN:21,reset
FN:29,setStatus
FN:34,setErrors
FN:39,setError
FN:44,setData
FN:49,build
FNF:7
FNH:7
FNDA:27,ResponseBuilder
FNDA:54,reset
FNDA:27,setStatus
FNDA:12,setErrors
FNDA:5,setError
FNDA:10,setData
FNDA:27,build
DA:1,1
DA:2,1
DA:3,1
DA:4,1
DA:5,1
DA:6,1
DA:7,1
DA:8,1
DA:9,1
DA:10,1
DA:11,1
DA:12,1
DA:13,1
DA:14,1
DA:15,1
DA:16,1
DA:17,1
DA:18,27
DA:19,27
DA:20,1
DA:21,1
DA:22,54
DA:23,54
DA:24,54
DA:25,54
DA:26,54
DA:27,54
DA:28,1
DA:29,1
DA:30,27
DA:31,27
DA:32,27
DA:33,1
DA:34,1
DA:35,12
DA:36,12
DA:37,12
DA:38,1
DA:39,1
DA:40,5
DA:41,5
DA:42,5
DA:43,1
DA:44,1
DA:45,10
DA:46,10
DA:47,10
DA:48,1
DA:49,1
DA:50,27
DA:51,27
DA:52,27
DA:53,27
DA:54,1
LF:54
LH:54
BRDA:17,0,0,27
BRDA:21,1,0,54
BRDA:29,2,0,27
BRDA:34,3,0,12
BRDA:39,4,0,5
BRDA:40,5,0,0
BRDA:44,6,0,10
BRDA:49,7,0,27
BRF:8
BRH:7
end_of_record
TN:
SF:src/interfaces/IUserStatus.ts
FNF:0
FNH:0
DA:1,6
DA:2,6
DA:3,6
DA:4,6
LF:4
LH:4
BRDA:1,0,0,6
BRF:1
BRH:1
end_of_record
TN:
SF:src/middleware/ensureGuest.ts
FN:10,ensureGuest
FNF:1
FNH:1
FNDA:27,ensureGuest
DA:1,1
DA:2,1
DA:3,1
DA:4,1
DA:5,1
DA:6,1
DA:7,1
DA:8,1
DA:9,1
DA:10,1
DA:11,27
DA:12,27
DA:13,0
DA:14,0
DA:15,0
DA:16,0
DA:17,27
DA:18,27
DA:19,27
DA:20,27
DA:21,27
DA:22,1
DA:23,1
LF:23
LH:19
BRDA:10,0,0,27
BRDA:12,1,0,0
BRDA:12,2,0,0
BRF:3
BRH:1
end_of_record
TN:
SF:src/middleware/sessionVerify.ts
FN:12,sessionVerify
FNF:1
FNH:0
FNDA:0,sessionVerify
DA:1,1
DA:2,1
DA:3,1
DA:4,1
DA:5,1
DA:6,1
DA:7,1
DA:8,1
DA:9,1
DA:10,1
DA:11,1
DA:12,1
DA:13,0
DA:14,0
DA:15,0
DA:16,0
DA:17,0
DA:18,0
DA:19,0
DA:20,0
DA:21,0
DA:22,0
DA:23,0
DA:24,0
DA:25,0
DA:26,0
DA:27,0
DA:28,0
DA:29,0
DA:30,0
DA:31,0
DA:32,0
DA:33,0
DA:34,0
DA:35,0
DA:36,0
DA:37,1
DA:38,1
LF:38
LH:14
BRF:0
BRH:0
end_of_record
TN:
SF:src/middleware/tokenVerify.ts
FN:15,extractToken
FN:22,tokenVerify
FNF:2
FNH:0
FNDA:0,extractToken
FNDA:0,tokenVerify
DA:1,1
DA:2,1
DA:3,1
DA:4,1
DA:5,1
DA:6,1
DA:7,1
DA:8,1
DA:9,1
DA:10,1
DA:11,1
DA:12,1
DA:13,1
DA:14,1
DA:15,1
DA:16,0
DA:17,0
DA:18,0
DA:19,0
DA:20,0
DA:21,1
DA:22,1
DA:23,0
DA:24,0
DA:25,0
DA:26,0
DA:27,0
DA:28,0
DA:29,0
DA:30,0
DA:31,0
DA:32,0
DA:33,0
DA:34,0
DA:35,0
DA:36,0
DA:37,0
DA:38,0
DA:39,0
DA:40,0
DA:41,0
DA:42,0
DA:43,0
DA:44,0
DA:45,0
DA:46,0
DA:47,0
DA:48,0
DA:49,0
DA:50,0
DA:51,0
DA:52,0
DA:53,0
DA:54,0
DA:55,0
DA:56,0
DA:57,0
DA:58,0
DA:59,0
DA:60,0
DA:61,0
DA:62,0
DA:63,0
DA:64,0
DA:65,1
DA:66,1
LF:66
LH:19
BRF:0
BRH:0
end_of_record
TN:
SF:src/repositories/DatabaseConnection.ts
FN:9,DatabaseConnection
FN:39,engine
FN:47,close
FN:50,transaction
FNF:4
FNH:3
FNDA:158,DatabaseConnection
FNDA:86,engine
FNDA:0,close
FNDA:15,transaction
DA:1,1
DA:2,1
DA:3,1
DA:4,1
DA:5,1
DA:6,1
DA:7,1
DA:8,1
DA:9,1
DA:10,158
DA:11,158
DA:12,158
DA:13,158
DA:14,158
DA:15,158
DA:16,158
DA:17,158
DA:18,158
DA:19,158
DA:20,158
DA:21,158
DA:22,158
DA:23,158
DA:24,158
DA:25,158
DA:26,158
DA:27,158
DA:28,158
DA:29,158
DA:30,158
DA:31,158
DA:32,158
DA:33,158
DA:34,158
DA:35,158
DA:36,158
DA:37,158
DA:38,1
DA:39,1
DA:40,86
DA:41,86
DA:42,86
DA:43,0
DA:44,0
DA:45,86
DA:46,1
DA:47,1
DA:48,0
DA:49,0
DA:50,1
DA:51,15
DA:52,15
DA:53,1
LF:53
LH:49
BRDA:9,0,0,158
BRDA:39,1,0,86
BRDA:42,2,0,0
BRDA:50,3,0,15
BRF:4
BRH:3
end_of_record
TN:
SF:src/repositories/DatabaseConnectionBuilder.ts
FN:5,build
FNF:1
FNH:1
FNDA:150,build
DA:1,1
DA:2,1
DA:3,1
DA:4,1
DA:5,1
DA:6,150
DA:7,150
DA:8,1
LF:8
LH:8
BRDA:5,0,0,150
BRF:1
BRH:1
end_of_record
TN:
SF:src/repositories/UnitOfWork.ts
FN:9,UnitOfWork
FN:14,start
FN:19,commit
FN:28,rollback
FN:37,getTransaction
FNF:5
FNH:5
FNDA:15,UnitOfWork
FNDA:15,start
FNDA:10,commit
FNDA:4,rollback
FNDA:14,getTransaction
DA:1,1
DA:2,1
DA:3,1
DA:4,1
DA:5,1
DA:6,1
DA:7,1
DA:8,1
DA:9,1
DA:10,15
DA:11,15
DA:12,15
DA:13,1
DA:14,1
DA:15,15
DA:16,15
DA:17,15
DA:18,1
DA:19,1
DA:20,10
DA:21,10
DA:22,10
DA:23,10
DA:24,0
DA:25,0
DA:26,10
DA:27,1
DA:28,1
DA:29,4
DA:30,4
DA:31,4
DA:32,4
DA:33,0
DA:34,0
DA:35,4
DA:36,1
DA:37,1
DA:38,14
DA:39,14
DA:40,14
DA:41,14
DA:42,0
DA:43,0
DA:44,0
DA:45,14
DA:46,1
LF:46
LH:39
BRDA:9,0,0,15
BRDA:14,1,0,15
BRDA:19,2,0,10
BRDA:23,3,0,0
BRDA:28,4,0,4
BRDA:32,5,0,0
BRDA:37,6,0,14
BRDA:41,7,0,0
BRF:8
BRH:5
end_of_record
TN:
SF:src/routes/auth.ts
FNF:0
FNH:0
DA:1,1
DA:2,1
DA:3,1
DA:4,1
DA:5,1
DA:6,1
DA:7,1
DA:8,1
DA:9,1
DA:10,1
DA:11,1
DA:12,1
DA:13,1
DA:14,1
DA:15,1
DA:16,1
DA:17,1
DA:18,1
DA:19,1
DA:20,1
DA:21,1
LF:21
LH:21
BRF:0
BRH:0
end_of_record
TN:
SF:src/routes/overview.ts
FNF:0
FNH:0
DA:1,1
DA:2,1
DA:3,1
DA:4,1
DA:5,1
DA:6,1
DA:7,1
DA:8,1
DA:9,1
DA:10,1
DA:11,1
DA:12,1
LF:12
LH:12
BRF:0
BRH:0
end_of_record
TN:
SF:src/routes/profile.ts
FNF:0
FNH:0
DA:1,1
DA:2,1
DA:3,1
DA:4,1
DA:5,1
DA:6,1
DA:7,1
DA:8,1
DA:9,1
DA:10,1
DA:11,1
DA:12,1
DA:13,1
DA:14,1
DA:15,1
DA:16,1
DA:17,1
DA:18,1
DA:19,1
DA:20,1
DA:21,1
DA:22,1
DA:23,1
DA:24,1
DA:25,1
DA:26,1
DA:27,1
DA:28,1
DA:29,1
DA:30,1
DA:31,1
DA:32,1
DA:33,1
LF:33
LH:33
BRF:0
BRH:0
end_of_record
TN:
SF:src/routes/register.ts
FNF:0
FNH:0
DA:1,1
DA:2,1
DA:3,1
DA:4,1
DA:5,1
DA:6,1
DA:7,1
DA:8,1
DA:9,1
DA:10,1
DA:11,1
LF:11
LH:11
BRF:0
BRH:0
end_of_record
TN:
SF:src/routes/user.ts
FNF:0
FNH:0
DA:1,1
DA:2,1
DA:3,1
DA:4,1
DA:5,1
DA:6,1
DA:7,1
DA:8,1
DA:9,1
DA:10,1
DA:11,1
DA:12,1
DA:13,1
DA:14,1
DA:15,1
DA:16,1
DA:17,1
DA:18,1
DA:19,1
DA:20,1
DA:21,1
LF:21
LH:21
BRF:0
BRH:0
end_of_record
TN:
SF:src/services/account/AccountDataAccess.ts
FN:10,AccountDataAccess
FN:15,createAccounts
FN:30,getAccounts
FN:44,getAccount
FN:55,getAccountBaseQuery
FNF:5
FNH:2
FNDA:15,AccountDataAccess
FNDA:10,createAccounts
FNDA:0,getAccounts
FNDA:0,getAccount
FNDA:0,getAccountBaseQuery
DA:1,1
DA:2,1
DA:3,1
DA:4,1
DA:5,1
DA:6,1
DA:7,1
DA:8,1
DA:9,1
DA:10,1
DA:11,15
DA:12,15
DA:13,15
DA:14,1
DA:15,1
DA:16,10
DA:17,10
DA:18,10
DA:19,10
DA:20,10
DA:21,10
DA:22,10
DA:23,10
DA:24,10
DA:25,10
DA:26,0
DA:27,0
DA:28,0
DA:29,10
DA:30,1
DA:31,0
DA:32,0
DA:33,0
DA:34,0
DA:35,0
DA:36,0
DA:37,0
DA:38,0
DA:39,0
DA:40,0
DA:41,0
DA:42,0
DA:43,0
DA:44,1
DA:45,0
DA:46,0
DA:47,0
DA:48,0
DA:49,0
DA:50,0
DA:51,0
DA:52,0
DA:53,0
DA:54,0
DA:55,1
DA:56,0
DA:57,0
DA:58,0
DA:59,0
DA:60,0
DA:61,0
DA:62,0
DA:63,0
DA:64,0
DA:65,0
DA:66,0
DA:67,0
DA:68,0
DA:69,1
LF:69
LH:30
BRDA:10,0,0,15
BRDA:15,1,0,10
BRDA:18,2,0,0
BRDA:25,3,0,0
BRDA:20,4,0,20
BRF:5
BRH:3
end_of_record
TN:
SF:src/services/account/AccountService.ts
FN:10,AccountService
FN:14,createAccounts
FN:17,getAccount
FN:20,getAccounts
FNF:4
FNH:2
FNDA:15,AccountService
FNDA:10,createAccounts
FNDA:0,getAccount
FNDA:0,getAccounts
DA:1,1
DA:2,1
DA:3,1
DA:4,1
DA:5,1
DA:6,1
DA:7,1
DA:8,1
DA:9,1
DA:10,1
DA:11,15
DA:12,15
DA:13,1
DA:14,1
DA:15,10
DA:16,10
DA:17,1
DA:18,0
DA:19,0
DA:20,1
DA:21,0
DA:22,0
DA:23,1
LF:23
LH:19
BRDA:10,0,0,15
BRDA:14,1,0,10
BRF:2
BRH:2
end_of_record
TN:
SF:src/services/account/AccountServiceBuilder.ts
FN:6,build
FNF:1
FNH:1
FNDA:15,build
DA:1,1
DA:2,1
DA:3,1
DA:4,1
DA:5,1
DA:6,1
DA:7,15
DA:8,15
DA:9,1
LF:9
LH:9
BRDA:6,0,0,15
BRF:1
BRH:1
end_of_record
TN:
SF:src/services/auth/AuthService.ts
FN:20,AuthService
FN:25,login
FN:44,createJWToken
FN:57,tokenNeedsRefresh
FNF:4
FNH:1
FNDA:0,AuthService
FNDA:0,login
FNDA:13,createJWToken
FNDA:0,tokenNeedsRefresh
DA:1,1
DA:2,1
DA:3,1
DA:4,1
DA:5,1
DA:6,1
DA:7,1
DA:8,1
DA:9,1
DA:10,1
DA:11,1
DA:12,1
DA:13,1
DA:14,1
DA:15,1
DA:16,1
DA:17,1
DA:18,1
DA:19,1
DA:20,1
DA:21,0
DA:22,0
DA:23,0
DA:24,1
DA:25,1
DA:26,0
DA:27,0
DA:28,0
DA:29,0
DA:30,0
DA:31,0
DA:32,0
DA:33,0
DA:34,0
DA:35,0
DA:36,0
DA:37,0
DA:38,0
DA:39,0
DA:40,0
DA:41,0
DA:42,0
DA:43,1
DA:44,1
DA:45,13
DA:46,13
DA:47,0
DA:48,0
DA:49,13
DA:50,13
DA:51,13
DA:52,13
DA:53,13
DA:54,13
DA:55,13
DA:56,1
DA:57,1
DA:58,0
DA:59,0
DA:60,0
DA:61,0
DA:62,1
LF:62
LH:36
BRDA:44,0,0,13
BRDA:46,1,0,0
BRF:2
BRH:1
end_of_record
TN:
SF:src/services/auth/AuthServiceBuilder.ts
FN:5,build
FNF:1
FNH:0
FNDA:0,build
DA:1,1
DA:2,1
DA:3,1
DA:4,1
DA:5,1
DA:6,0
DA:7,0
DA:8,0
DA:9,0
DA:10,1
LF:10
LH:6
BRF:0
BRH:0
end_of_record
TN:
SF:src/services/auth/passport-setup.ts
FN:19,passportSetup
FNF:1
FNH:1
FNDA:6,passportSetup
DA:1,1
DA:2,1
DA:3,1
DA:4,1
DA:5,1
DA:6,1
DA:7,1
DA:8,1
DA:9,1
DA:10,1
DA:11,1
DA:12,1
DA:13,1
DA:14,1
DA:15,1
DA:16,1
DA:17,1
DA:18,1
DA:19,1
DA:20,6
DA:21,6
DA:22,0
DA:23,0
DA:24,0
DA:25,0
DA:26,0
DA:27,0
DA:28,0
DA:29,0
DA:30,0
DA:31,0
DA:32,0
DA:33,0
DA:34,0
DA:35,6
DA:36,6
DA:37,6
DA:38,1
DA:39,1
LF:39
LH:26
BRDA:19,0,0,6
BRF:1
BRH:1
end_of_record
TN:
SF:src/services/category/CategoryDataAccess.ts
FN:10,CategoryDataAccess
FN:15,createCategories
FN:30,getCategories
FN:44,getCategory
FN:55,getCategoryBaseQuery
FNF:5
FNH:2
FNDA:15,CategoryDataAccess
FNDA:10,createCategories
FNDA:0,getCategories
FNDA:0,getCategory
FNDA:0,getCategoryBaseQuery
DA:1,1
DA:2,1
DA:3,1
DA:4,1
DA:5,1
DA:6,1
DA:7,1
DA:8,1
DA:9,1
DA:10,1
DA:11,15
DA:12,15
DA:13,15
DA:14,1
DA:15,1
DA:16,10
DA:17,10
DA:18,10
DA:19,10
DA:20,10
DA:21,10
DA:22,10
DA:23,10
DA:24,10
DA:25,10
DA:26,0
DA:27,0
DA:28,0
DA:29,10
DA:30,1
DA:31,0
DA:32,0
DA:33,0
DA:34,0
DA:35,0
DA:36,0
DA:37,0
DA:38,0
DA:39,0
DA:40,0
DA:41,0
DA:42,0
DA:43,0
DA:44,1
DA:45,0
DA:46,0
DA:47,0
DA:48,0
DA:49,0
DA:50,0
DA:51,0
DA:52,0
DA:53,0
DA:54,0
DA:55,1
DA:56,0
DA:57,0
DA:58,0
DA:59,0
DA:60,0
DA:61,0
DA:62,0
DA:63,0
DA:64,0
DA:65,0
DA:66,0
DA:67,1
LF:67
LH:30
BRDA:10,0,0,15
BRDA:15,1,0,10
BRDA:18,2,0,0
BRDA:25,3,0,0
BRDA:20,4,0,120
BRF:5
BRH:3
end_of_record
TN:
SF:src/services/category/CategoryService.ts
FN:10,CategoryService
FN:14,createCategories
FN:17,getCategory
FN:20,getCategories
FNF:4
FNH:2
FNDA:15,CategoryService
FNDA:10,createCategories
FNDA:0,getCategory
FNDA:0,getCategories
DA:1,1
DA:2,1
DA:3,1
DA:4,1
DA:5,1
DA:6,1
DA:7,1
DA:8,1
DA:9,1
DA:10,1
DA:11,15
DA:12,15
DA:13,1
DA:14,1
DA:15,10
DA:16,10
DA:17,1
DA:18,0
DA:19,0
DA:20,1
DA:21,0
DA:22,0
DA:23,1
LF:23
LH:19
BRDA:10,0,0,15
BRDA:14,1,0,10
BRF:2
BRH:2
end_of_record
TN:
SF:src/services/category/CategoryServiceBuilder.ts
FN:6,build
FNF:1
FNH:1
FNDA:15,build
DA:1,1
DA:2,1
DA:3,1
DA:4,1
DA:5,1
DA:6,1
DA:7,15
DA:8,15
DA:9,1
LF:9
LH:9
BRDA:6,0,0,15
BRF:1
BRH:1
end_of_record
TN:
SF:src/services/currency/CurrencyDataAccess.ts
FN:9,CurrencyDataAccess
FN:14,getCurrencies
FN:26,getCurrencyById
FN:45,getCurrencyByCurrencyCode
FNF:4
FNH:2
FNDA:15,CurrencyDataAccess
FNDA:0,getCurrencies
FNDA:0,getCurrencyById
FNDA:13,getCurrencyByCurrencyCode
DA:1,1
DA:2,1
DA:3,1
DA:4,1
DA:5,1
DA:6,1
DA:7,1
DA:8,1
DA:9,1
DA:10,15
DA:11,15
DA:12,15
DA:13,1
DA:14,1
DA:15,0
DA:16,0
DA:17,0
DA:18,0
DA:19,0
DA:20,0
DA:21,0
DA:22,0
DA:23,0
DA:24,0
DA:25,1
DA:26,1
DA:27,0
DA:28,0
DA:29,0
DA:30,0
DA:31,0
DA:32,0
DA:33,0
DA:34,0
DA:35,0
DA:36,0
DA:37,0
DA:38,0
DA:39,0
DA:40,0
DA:41,0
DA:42,0
DA:43,0
DA:44,1
DA:45,1
DA:46,13
DA:47,13
DA:48,13
DA:49,13
DA:50,13
DA:51,13
DA:52,13
DA:53,13
DA:54,13
DA:55,13
DA:56,13
DA:57,0
DA:58,0
DA:59,0
DA:60,0
DA:61,0
DA:62,13
DA:63,1
LF:63
LH:31
BRDA:9,0,0,15
BRDA:45,1,0,13
BRDA:57,2,0,0
BRF:3
BRH:2
end_of_record
TN:
SF:src/services/currency/CurrencyService.ts
FN:8,CurrencyService
FN:12,getCurrencyByCurrencyCode
FN:16,getCurrencyById
FN:20,getCurrencies
FNF:4
FNH:2
FNDA:15,CurrencyService
FNDA:13,getCurrencyByCurrencyCode
FNDA:0,getCurrencyById
FNDA:0,getCurrencies
DA:1,1
DA:2,1
DA:3,1
DA:4,1
DA:5,1
DA:6,1
DA:7,1
DA:8,1
DA:9,15
DA:10,15
DA:11,1
DA:12,1
DA:13,13
DA:14,13
DA:15,1
DA:16,1
DA:17,0
DA:18,0
DA:19,1
DA:20,1
DA:21,0
DA:22,0
DA:23,1
LF:23
LH:19
BRDA:8,0,0,15
BRDA:12,1,0,13
BRF:2
BRH:2
end_of_record
TN:
SF:src/services/currency/CurrencyServiceBuilder.ts
FN:6,build
FNF:1
FNH:1
FNDA:15,build
DA:1,1
DA:2,1
DA:3,1
DA:4,1
DA:5,1
DA:6,1
DA:7,15
DA:8,15
DA:9,1
LF:9
LH:9
BRDA:6,0,0,15
BRF:1
BRH:1
end_of_record
TN:
SF:src/services/emailConfirmation/EmailConfirmationDataAccess.ts
FN:10,EmailConfirmationDataAccess
FN:15,deleteUserConfirmation
FN:30,getUserConfirmationWithEmail
FN:46,getUserConfirmationWithCode
FN:62,createUserConfirmation
FNF:5
FNH:4
FNDA:15,EmailConfirmationDataAccess
FNDA:0,deleteUserConfirmation
FNDA:10,getUserConfirmationWithEmail
FNDA:10,getUserConfirmationWithCode
FNDA:10,createUserConfirmation
DA:1,1
DA:2,1
DA:3,1
DA:4,1
DA:5,1
DA:6,1
DA:7,1
DA:8,1
DA:9,1
DA:10,1
DA:11,15
DA:12,15
DA:13,15
DA:14,1
DA:15,1
DA:16,0
DA:17,0
DA:18,0
DA:19,0
DA:20,0
DA:21,0
DA:22,0
DA:23,0
DA:24,0
DA:25,0
DA:26,0
DA:27,0
DA:28,0
DA:29,1
DA:30,1
DA:31,10
DA:32,10
DA:33,10
DA:34,10
DA:35,10
DA:36,10
DA:37,10
DA:38,10
DA:39,10
DA:40,10
DA:41,0
DA:42,0
DA:43,0
DA:44,10
DA:45,1
DA:46,1
DA:47,10
DA:48,10
DA:49,10
DA:50,10
DA:51,10
DA:52,10
DA:53,10
DA:54,10
DA:55,10
DA:56,10
DA:57,0
DA:58,0
DA:59,0
DA:60,10
DA:61,1
DA:62,1
DA:63,10
DA:64,10
DA:65,10
DA:66,10
DA:67,10
DA:68,10
DA:69,10
DA:70,10
DA:71,10
DA:72,10
DA:73,10
DA:74,10
DA:75,10
DA:76,10
DA:77,10
DA:78,10
DA:79,10
DA:80,10
DA:81,10
DA:82,10
DA:83,10
DA:84,10
DA:85,10
DA:86,10
DA:87,0
DA:88,0
DA:89,0
DA:90,10
DA:91,1
LF:91
LH:69
BRDA:10,0,0,15
BRDA:30,1,0,10
BRDA:40,2,0,0
BRDA:46,3,0,10
BRDA:56,4,0,0
BRDA:62,5,0,10
BRDA:73,6,0,0
BRDA:86,7,0,0
BRF:8
BRH:4
end_of_record
TN:
SF:src/services/emailConfirmation/EmailConfirmationService.ts
FN:33,EmailConfirmationService
FN:46,createConfirmationKey
FN:52,sendMail
FN:76,isConfirmationCodeAlreadySend
FN:81,createConfirmationMail
FN:116,sendConfirmationMailToUser
FN:135,deleteUserConfirmation
FN:139,getUserConfirmation
FNF:8
FNH:6
FNDA:14,EmailConfirmationService
FNDA:10,createConfirmationKey
FNDA:10,sendMail
FNDA:10,isConfirmationCodeAlreadySend
FNDA:10,createConfirmationMail
FNDA:10,sendConfirmationMailToUser
FNDA:0,deleteUserConfirmation
FNDA:0,getUserConfirmation
DA:1,1
DA:2,1
DA:3,1
DA:4,1
DA:5,1
DA:6,1
DA:7,1
DA:8,1
DA:9,1
DA:10,1
DA:11,1
DA:12,1
DA:13,1
DA:14,1
DA:15,1
DA:16,1
DA:17,1
DA:18,1
DA:19,1
DA:20,1
DA:21,1
DA:22,1
DA:23,1
DA:24,1
DA:25,1
DA:26,1
DA:27,1
DA:28,1
DA:29,1
DA:30,1
DA:31,1
DA:32,1
DA:33,1
DA:34,14
DA:35,14
DA:36,14
DA:37,14
DA:38,14
DA:39,14
DA:40,14
DA:41,14
DA:42,14
DA:43,14
DA:44,14
DA:45,1
DA:46,1
DA:47,10
DA:48,10
DA:49,10
DA:50,10
DA:51,1
DA:52,1
DA:53,10
DA:54,10
DA:55,10
DA:56,10
DA:57,10
DA:58,10
DA:59,10
DA:60,10
DA:61,10
DA:62,10
DA:63,10
DA:64,10
DA:65,10
DA:66,10
DA:67,10
DA:68,10
DA:69,10
DA:70,0
DA:71,10
DA:72,10
DA:73,10
DA:74,10
DA:75,1
DA:76,1
DA:77,10
DA:78,10
DA:79,10
DA:80,1
DA:81,1
DA:82,10
DA:83,10
DA:84,10
DA:85,10
DA:86,10
DA:87,10
DA:88,10
DA:89,10
DA:90,10
DA:91,10
DA:92,10
DA:93,10
DA:94,10
DA:95,10
DA:96,10
DA:97,10
DA:98,10
DA:99,10
DA:100,10
DA:101,10
DA:102,10
DA:103,10
DA:104,10
DA:105,10
DA:106,10
DA:107,10
DA:108,10
DA:109,10
DA:110,0
DA:111,0
DA:112,0
DA:113,0
DA:114,10
DA:115,1
DA:116,1
DA:117,10
DA:118,10
DA:119,0
DA:120,0
DA:121,10
DA:122,10
DA:123,10
DA:124,10
DA:125,10
DA:126,10
DA:127,10
DA:128,0
DA:129,0
DA:130,0
DA:131,10
DA:132,10
DA:133,10
DA:134,1
DA:135,1
DA:136,0
DA:137,0
DA:138,1
DA:139,1
DA:140,0
DA:141,0
DA:142,1
LF:142
LH:128
BRDA:33,0,0,14
BRDA:46,1,0,10
BRDA:52,2,0,10
BRDA:70,3,0,0
BRDA:76,4,0,10
BRDA:78,5,0,0
BRDA:81,6,0,10
BRDA:110,7,0,0
BRDA:116,8,0,10
BRDA:118,9,0,0
BRDA:118,10,0,0
BRDA:127,11,0,0
BRF:12
BRH:6
end_of_record
TN:
SF:src/services/group/GroupDataAccess.ts
FN:9,GroupDataAccess
FN:14,createGroup
FNF:2
FNH:2
FNDA:15,GroupDataAccess
FNDA:10,createGroup
DA:1,1
DA:2,1
DA:3,1
DA:4,1
DA:5,1
DA:6,1
DA:7,1
DA:8,1
DA:9,1
DA:10,15
DA:11,15
DA:12,15
DA:13,1
DA:14,1
DA:15,10
DA:16,10
DA:17,10
DA:18,10
DA:19,10
DA:20,10
DA:21,10
DA:22,0
DA:23,0
DA:24,0
DA:25,10
DA:26,1
LF:26
LH:23
BRDA:9,0,0,15
BRDA:14,1,0,10
BRDA:17,2,0,0
BRDA:21,3,0,0
BRF:4
BRH:2
end_of_record
TN:
SF:src/services/group/GroupService.ts
FN:9,GroupService
FN:13,createGroup
FNF:2
FNH:2
FNDA:15,GroupService
FNDA:10,createGroup
DA:1,1
DA:2,1
DA:3,1
DA:4,1
DA:5,1
DA:6,1
DA:7,1
DA:8,1
DA:9,1
DA:10,15
DA:11,15
DA:12,1
DA:13,1
DA:14,10
DA:15,10
DA:16,1
LF:16
LH:16
BRDA:9,0,0,15
BRDA:13,1,0,10
BRF:2
BRH:2
end_of_record
TN:
SF:src/services/group/GroupServiceBuilder.ts
FN:6,build
FNF:1
FNH:1
FNDA:15,build
DA:1,1
DA:2,1
DA:3,1
DA:4,1
DA:5,1
DA:6,1
DA:7,15
DA:8,15
DA:9,1
LF:9
LH:9
BRDA:6,0,0,15
BRF:1
BRH:1
end_of_record
TN:
SF:src/services/income/IncomeDataAccess.ts
FN:10,IncomeDataAccess
FN:15,createIncomes
FN:30,getIncomes
FN:44,getIncome
FN:55,getIncomeBaseQuery
FNF:5
FNH:2
FNDA:15,IncomeDataAccess
FNDA:10,createIncomes
FNDA:0,getIncomes
FNDA:0,getIncome
FNDA:0,getIncomeBaseQuery
DA:1,1
DA:2,1
DA:3,1
DA:4,1
DA:5,1
DA:6,1
DA:7,1
DA:8,1
DA:9,1
DA:10,1
DA:11,15
DA:12,15
DA:13,15
DA:14,1
DA:15,1
DA:16,10
DA:17,10
DA:18,10
DA:19,10
DA:20,10
DA:21,10
DA:22,10
DA:23,10
DA:24,10
DA:25,10
DA:26,0
DA:27,0
DA:28,0
DA:29,10
DA:30,1
DA:31,0
DA:32,0
DA:33,0
DA:34,0
DA:35,0
DA:36,0
DA:37,0
DA:38,0
DA:39,0
DA:40,0
DA:41,0
DA:42,0
DA:43,0
DA:44,1
DA:45,0
DA:46,0
DA:47,0
DA:48,0
DA:49,0
DA:50,0
DA:51,0
DA:52,0
DA:53,0
DA:54,0
DA:55,1
DA:56,0
DA:57,0
DA:58,0
DA:59,0
DA:60,0
DA:61,0
DA:62,0
DA:63,0
DA:64,0
DA:65,0
DA:66,0
DA:67,1
LF:67
LH:30
BRDA:10,0,0,15
BRDA:15,1,0,10
BRDA:18,2,0,0
BRDA:25,3,0,0
BRDA:20,4,0,20
BRF:5
BRH:3
end_of_record
TN:
SF:src/services/income/IncomeService.ts
FN:10,IncomeService
FN:14,createIncomes
FN:17,getIncome
FN:20,getIncomes
FNF:4
FNH:2
FNDA:15,IncomeService
FNDA:10,createIncomes
FNDA:0,getIncome
FNDA:0,getIncomes
DA:1,1
DA:2,1
DA:3,1
DA:4,1
DA:5,1
DA:6,1
DA:7,1
DA:8,1
DA:9,1
DA:10,1
DA:11,15
DA:12,15
DA:13,1
DA:14,1
DA:15,10
DA:16,10
DA:17,1
DA:18,0
DA:19,0
DA:20,1
DA:21,0
DA:22,0
DA:23,1
LF:23
LH:19
BRDA:10,0,0,15
BRDA:14,1,0,10
BRF:2
BRH:2
end_of_record
TN:
SF:src/services/income/IncomeServiceBuilder.ts
FN:6,build
FNF:1
FNH:1
FNDA:15,build
DA:1,1
DA:2,1
DA:3,1
DA:4,1
DA:5,1
DA:6,1
DA:7,15
DA:8,15
DA:9,1
LF:9
LH:9
BRDA:6,0,0,15
BRF:1
BRH:1
end_of_record
TN:
SF:src/services/mail/MailEngineBuilder.ts
FN:7,build
FNF:1
FNH:1
FNDA:30,build
DA:1,1
DA:2,1
DA:3,1
DA:4,1
DA:5,1
DA:6,1
DA:7,1
DA:8,30
DA:9,30
DA:10,1
LF:10
LH:10
BRDA:7,0,0,30
BRF:1
BRH:1
end_of_record
TN:
SF:src/services/mail/MailService.ts
FN:12,MailService
FN:17,sendMail
FNF:2
FNH:2
FNDA:30,MailService
FNDA:10,sendMail
DA:1,1
DA:2,1
DA:3,1
DA:4,1
DA:5,1
DA:6,1
DA:7,1
DA:8,1
DA:9,1
DA:10,1
DA:11,1
DA:12,1
DA:13,30
DA:14,30
DA:15,30
DA:16,1
DA:17,1
DA:18,10
DA:19,10
DA:20,0
DA:21,0
DA:22,0
DA:23,1
LF:23
LH:20
BRDA:12,0,0,30
BRDA:17,1,0,10
BRDA:20,2,0,0
BRF:3
BRH:2
end_of_record
TN:
SF:src/services/mail/Mailersend.ts
FN:15,MailerSend
FN:21,send
FNF:2
FNH:2
FNDA:30,MailerSend
FNDA:10,send
DA:1,1
DA:2,1
DA:3,1
DA:4,1
DA:5,1
DA:6,1
DA:7,1
DA:8,1
DA:9,1
DA:10,1
DA:11,1
DA:12,1
DA:13,1
DA:14,1
DA:15,1
DA:16,30
DA:17,30
DA:18,30
DA:19,30
DA:20,1
DA:21,1
DA:22,10
DA:23,10
DA:24,10
DA:25,10
DA:26,0
DA:27,0
DA:28,10
DA:29,10
DA:30,10
DA:31,10
DA:32,10
DA:33,10
DA:34,10
DA:35,10
DA:36,10
DA:37,10
DA:38,10
DA:39,10
DA:40,10
DA:41,0
DA:42,0
DA:43,0
DA:44,0
DA:45,0
DA:46,1
LF:46
LH:39
BRDA:15,0,0,30
BRDA:21,1,0,10
BRDA:25,2,0,0
BRDA:41,3,0,0
BRDA:23,4,0,10
BRDA:33,5,0,10
BRF:6
BRH:4
end_of_record
TN:
SF:src/services/mailTamplate/MailTemplateBuilder.ts
FN:6,build
FNF:1
FNH:1
FNDA:30,build
DA:1,1
DA:2,1
DA:3,1
DA:4,1
DA:5,1
DA:6,1
DA:7,30
DA:8,30
DA:9,1
LF:9
LH:9
BRDA:6,0,0,30
BRF:1
BRH:1
end_of_record
TN:
SF:src/services/mailTamplate/MailTemplateService.ts
FN:10,MailTemplateService
FN:15,getConfirmMailTemplate
FN:19,getForgetPasswordTemplate
FNF:3
FNH:2
FNDA:30,MailTemplateService
FNDA:10,getConfirmMailTemplate
FNDA:0,getForgetPasswordTemplate
DA:1,1
DA:2,1
DA:3,1
DA:4,1
DA:5,1
DA:6,1
DA:7,1
DA:8,1
DA:9,1
DA:10,1
DA:11,30
DA:12,30
DA:13,30
DA:14,1
DA:15,1
DA:16,10
DA:17,10
DA:18,1
DA:19,1
DA:20,0
DA:21,0
DA:22,1
LF:22
LH:20
BRDA:10,0,0,30
BRDA:15,1,0,10
BRF:2
BRH:2
end_of_record
TN:
SF:src/services/mailTamplate/MailersendTemplate.ts
FN:4,getConfirmMailTemplate
FN:8,getForgetPasswordTemplate
FNF:2
FNH:1
FNDA:10,getConfirmMailTemplate
FNDA:0,getForgetPasswordTemplate
DA:1,1
DA:2,1
DA:3,1
DA:4,1
DA:5,10
DA:6,10
DA:7,1
DA:8,1
DA:9,0
DA:10,0
DA:11,1
LF:11
LH:9
BRDA:4,0,0,10
BRF:1
BRH:1
end_of_record
TN:
SF:src/services/overview/OverviewService.ts
FN:23,OverviewService
FN:30,buildOverviewResponse
FN:46,overview
FNF:3
FNH:0
FNDA:0,OverviewService
FNDA:0,buildOverviewResponse
FNDA:0,overview
DA:1,1
DA:2,1
DA:3,1
DA:4,1
DA:5,1
DA:6,1
DA:7,1
DA:8,1
DA:9,1
DA:10,1
DA:11,1
DA:12,1
DA:13,1
DA:14,1
DA:15,1
DA:16,1
DA:17,1
DA:18,1
DA:19,1
DA:20,1
DA:21,1
DA:22,1
DA:23,1
DA:24,0
DA:25,0
DA:26,0
DA:27,0
DA:28,0
DA:29,1
DA:30,1
DA:31,0
DA:32,0
DA:33,0
DA:34,0
DA:35,0
DA:36,0
DA:37,0
DA:38,0
DA:39,0
DA:40,0
DA:41,0
DA:42,0
DA:43,0
DA:44,0
DA:45,1
DA:46,1
DA:47,0
DA:48,0
DA:49,0
DA:50,0
DA:51,0
DA:52,0
DA:53,0
DA:54,0
DA:55,0
DA:56,0
DA:57,0
DA:58,0
DA:59,0
DA:60,0
DA:61,0
DA:62,0
DA:63,0
DA:64,1
LF:64
LH:28
BRF:0
BRH:0
end_of_record
TN:
SF:src/services/overview/OverviewServiceBuilder.ts
FN:7,build
FNF:1
FNH:0
FNDA:0,build
DA:1,1
DA:2,1
DA:3,1
DA:4,1
DA:5,1
DA:6,1
DA:7,1
DA:8,0
DA:9,0
DA:10,0
DA:11,0
DA:12,0
DA:13,0
DA:14,1
LF:14
LH:8
BRF:0
BRH:0
end_of_record
TN:
SF:src/services/profile/ProfileDataAccess.ts
FN:10,ProfileDataService
FN:15,createProfile
FN:32,getProfile
FN:63,confirmationUserMail
FNF:4
FNH:2
FNDA:15,ProfileDataService
FNDA:11,createProfile
FNDA:0,getProfile
FNDA:0,confirmationUserMail
DA:1,1
DA:2,1
DA:3,1
DA:4,1
DA:5,1
DA:6,1
DA:7,1
DA:8,1
DA:9,1
DA:10,1
DA:11,15
DA:12,15
DA:13,15
DA:14,1
DA:15,1
DA:16,11
DA:17,11
DA:18,11
DA:19,11
DA:20,11
DA:21,11
DA:22,11
DA:23,11
DA:24,11
DA:25,0
DA:26,0
DA:27,0
DA:28,0
DA:29,0
DA:30,11
DA:31,1
DA:32,1
DA:33,0
DA:34,0
DA:35,0
DA:36,0
DA:37,0
DA:38,0
DA:39,0
DA:40,0
DA:41,0
DA:42,0
DA:43,0
DA:44,0
DA:45,0
DA:46,0
DA:47,0
DA:48,0
DA:49,0
DA:50,0
DA:51,0
DA:52,0
DA:53,0
DA:54,0
DA:55,0
DA:56,0
DA:57,0
DA:58,0
DA:59,0
DA:60,0
DA:61,0
DA:62,1
DA:63,1
DA:64,0
DA:65,0
DA:66,0
DA:67,0
DA:68,0
DA:69,0
DA:70,0
DA:71,0
DA:72,0
DA:73,0
DA:74,0
DA:75,0
DA:76,0
DA:77,1
LF:77
LH:30
BRDA:10,0,0,15
BRDA:15,1,0,11
BRDA:19,2,0,0
BRDA:22,3,0,0
BRDA:25,4,0,0
BRF:5
BRH:2
end_of_record
TN:
SF:src/services/profile/ProfileService.ts
FN:11,ProfileService
FN:16,createProfile
FN:20,getProfile
FN:24,confirmationUserMail
FNF:4
FNH:2
FNDA:14,ProfileService
FNDA:11,createProfile
FNDA:0,getProfile
FNDA:0,confirmationUserMail
DA:1,1
DA:2,1
DA:3,1
DA:4,1
DA:5,1
DA:6,1
DA:7,1
DA:8,1
DA:9,1
DA:10,1
DA:11,1
DA:12,14
DA:13,14
DA:14,14
DA:15,1
DA:16,1
DA:17,11
DA:18,11
DA:19,1
DA:20,1
DA:21,0
DA:22,0
DA:23,1
DA:24,1
DA:25,0
DA:26,0
DA:27,1
LF:27
LH:23
BRDA:11,0,0,14
BRDA:16,1,0,11
BRF:2
BRH:2
end_of_record
TN:
SF:src/services/profile/ProfileServiceBuilder.ts
FN:6,build
FNF:1
FNH:1
FNDA:15,build
DA:1,1
DA:2,1
DA:3,1
DA:4,1
DA:5,1
DA:6,1
DA:7,15
DA:8,15
DA:9,1
LF:9
LH:9
BRDA:6,0,0,15
BRF:1
BRH:1
end_of_record
TN:
SF:src/services/profile/ProfileServiceUtils.ts
FN:5,convertServerUserToClientUser
FNF:1
FNH:0
FNDA:0,convertServerUserToClientUser
DA:1,1
DA:2,1
DA:3,1
DA:4,1
DA:5,1
DA:6,0
DA:7,0
DA:8,0
DA:9,0
DA:10,0
DA:11,0
DA:12,0
DA:13,0
DA:14,0
DA:15,0
DA:16,0
DA:17,1
LF:17
LH:6
BRF:0
BRH:0
end_of_record
TN:
SF:src/services/registration/UserRegistrationService.ts
FN:64,UserRegistrationService
FN:93,getTranslatedDefaultData
FN:97,createUser
FN:161,confirmUserMail
FN:176,createInitialDataForNewUser
FNF:5
FNH:4
FNDA:15,UserRegistrationService
FNDA:10,getTranslatedDefaultData
FNDA:15,createUser
FNDA:0,confirmUserMail
FNDA:10,createInitialDataForNewUser
DA:1,1
DA:2,1
DA:3,1
DA:4,1
DA:5,1
DA:6,1
DA:7,1
DA:8,1
DA:9,1
DA:10,1
DA:11,1
DA:12,1
DA:13,1
DA:14,1
DA:15,1
DA:16,1
DA:17,1
DA:18,1
DA:19,1
DA:20,1
DA:21,1
DA:22,1
DA:23,1
DA:24,1
DA:25,1
DA:26,1
DA:27,1
DA:28,1
DA:29,1
DA:30,1
DA:31,1
DA:32,1
DA:33,1
DA:34,1
DA:35,1
DA:36,1
DA:37,1
DA:38,1
DA:39,1
DA:40,1
DA:41,1
DA:42,1
DA:43,1
DA:44,1
DA:45,1
DA:46,1
DA:47,1
DA:48,1
DA:49,1
DA:50,1
DA:51,1
DA:52,1
DA:53,1
DA:54,1
DA:55,1
DA:56,1
DA:57,1
DA:58,1
DA:59,1
DA:60,1
DA:61,1
DA:62,1
DA:63,1
DA:64,1
DA:65,15
DA:66,15
DA:67,15
DA:68,15
DA:69,15
DA:70,15
DA:71,15
DA:72,15
DA:73,15
DA:74,15
DA:75,15
DA:76,15
DA:77,15
DA:78,15
DA:79,15
DA:80,15
DA:81,15
DA:82,15
DA:83,15
DA:84,15
DA:85,15
DA:86,15
DA:87,15
DA:88,15
DA:89,15
DA:90,15
DA:91,15
DA:92,1
DA:93,1
DA:94,10
DA:95,10
DA:96,1
DA:97,1
DA:98,15
DA:99,15
DA:100,15
DA:101,15
DA:102,15
DA:103,15
DA:104,15
DA:105,15
DA:106,15
DA:107,15
DA:108,15
DA:109,1
DA:110,1
DA:111,14
DA:112,15
DA:113,0
DA:114,0
DA:115,14
DA:116,14
DA:117,15
DA:118,1
DA:119,1
DA:120,13
DA:121,13
DA:122,13
DA:123,13
DA:124,13
DA:125,0
DA:126,0
DA:127,13
DA:128,13
DA:129,13
DA:130,13
DA:131,13
DA:132,13
DA:133,13
DA:134,12
DA:135,12
DA:136,12
DA:137,12
DA:138,12
DA:139,12
DA:140,12
DA:141,12
DA:142,11
DA:143,10
DA:144,13
DA:145,0
DA:146,0
DA:147,10
DA:148,10
DA:149,10
DA:150,10
DA:151,10
DA:152,10
DA:153,10
DA:154,0
DA:155,15
DA:156,4
DA:157,4
DA:158,4
DA:159,15
DA:160,1
DA:161,1
DA:162,0
DA:163,0
DA:164,0
DA:165,0
DA:166,0
DA:167,0
DA:168,0
DA:169,0
DA:170,0
DA:171,0
DA:172,0
DA:173,0
DA:174,0
DA:175,1
DA:176,1
DA:177,10
DA:178,10
DA:179,10
DA:180,10
DA:181,10
DA:182,10
DA:183,10
DA:184,10
DA:185,10
DA:186,10
DA:187,10
DA:188,20
DA:189,20
DA:190,10
DA:191,10
DA:192,10
DA:193,10
DA:194,10
DA:195,10
DA:196,20
DA:197,20
DA:198,20
DA:199,10
DA:200,10
DA:201,10
DA:202,10
DA:203,10
DA:204,10
DA:205,120
DA:206,120
DA:207,10
DA:208,10
DA:209,10
DA:210,10
DA:211,10
DA:212,10
DA:213,0
DA:214,0
DA:215,0
DA:216,10
DA:217,1
LF:217
LH:194
BRDA:64,0,0,15
BRDA:93,1,0,10
BRDA:94,2,0,0
BRDA:97,3,0,15
BRDA:108,4,0,1
BRDA:111,5,0,14
BRDA:112,6,0,0
BRDA:115,7,0,14
BRDA:117,8,0,1
BRDA:120,9,0,14
BRDA:120,10,0,13
BRDA:122,11,0,0
BRDA:124,12,0,0
BRDA:133,13,0,12
BRDA:141,14,0,11
BRDA:142,15,0,10
BRDA:144,16,0,0
BRDA:144,17,0,10
BRDA:144,18,0,10
BRDA:144,19,0,0
BRDA:154,20,0,0
BRDA:155,21,0,4
BRDA:176,22,0,10
BRDA:182,23,0,0
BRDA:212,24,0,0
BRDA:187,25,0,20
BRDA:195,26,0,20
BRDA:204,27,0,120
BRF:28
BRH:19
end_of_record
TN:
SF:src/services/registration/UserRegistrationServiceBuilder.ts
FN:18,build
FNF:1
FNH:1
FNDA:15,build
DA:1,1
DA:2,1
DA:3,1
DA:4,1
DA:5,1
DA:6,1
DA:7,1
DA:8,1
DA:9,1
DA:10,1
DA:11,1
DA:12,1
DA:13,1
DA:14,1
DA:15,1
DA:16,1
DA:17,1
DA:18,1
DA:19,15
DA:20,15
DA:21,15
DA:22,15
DA:23,15
DA:24,15
DA:25,15
DA:26,15
DA:27,15
DA:28,15
DA:29,15
DA:30,15
DA:31,15
DA:32,15
DA:33,15
DA:34,15
DA:35,15
DA:36,15
DA:37,15
DA:38,15
DA:39,15
DA:40,1
LF:40
LH:40
BRDA:18,0,0,15
BRF:1
BRH:1
end_of_record
TN:
SF:src/services/session/SessionService.ts
FN:17,extractSessionFromRequest
FN:21,deleteSession
FN:45,buildSessionObject
FN:63,getUserIP
FN:67,regenerateSession
FN:101,setup
FN:133,handleSessionRegeneration
FN:160,handleError
FN:172,handleSuccess
FNF:9
FNH:7
FNDA:27,extractSessionFromRequest
FNDA:0,deleteSession
FNDA:10,buildSessionObject
FNDA:10,getUserIP
FNDA:10,regenerateSession
FNDA:6,setup
FNDA:10,handleSessionRegeneration
FNDA:0,handleError
FNDA:10,handleSuccess
DA:1,1
DA:2,1
DA:3,1
DA:4,1
DA:5,1
DA:6,1
DA:7,1
DA:8,1
DA:9,1
DA:10,1
DA:11,1
DA:12,1
DA:13,1
DA:14,1
DA:15,1
DA:16,1
DA:17,1
DA:18,27
DA:19,27
DA:20,1
DA:21,1
DA:22,0
DA:23,0
DA:24,0
DA:25,0
DA:26,0
DA:27,0
DA:28,0
DA:29,0
DA:30,0
DA:31,0
DA:32,0
DA:33,0
DA:34,0
DA:35,0
DA:36,0
DA:37,0
DA:38,0
DA:39,0
DA:40,0
DA:41,0
DA:42,0
DA:43,0
DA:44,1
DA:45,1
DA:46,10
DA:47,10
DA:48,10
DA:49,10
DA:50,10
DA:51,10
DA:52,10
DA:53,10
DA:54,10
DA:55,10
DA:56,10
DA:57,10
DA:58,10
DA:59,10
DA:60,10
DA:61,10
DA:62,1
DA:63,1
DA:64,10
DA:65,10
DA:66,1
DA:67,1
DA:68,10
DA:69,10
DA:70,10
DA:71,10
DA:72,10
DA:73,10
DA:74,10
DA:75,10
DA:76,10
DA:77,10
DA:78,10
DA:79,10
DA:80,10
DA:81,10
DA:82,10
DA:83,0
DA:84,0
DA:85,10
DA:86,10
DA:87,10
DA:88,10
DA:89,10
DA:90,10
DA:91,10
DA:92,10
DA:93,10
DA:94,0
DA:95,10
DA:96,10
DA:97,10
DA:98,10
DA:99,10
DA:100,1
DA:101,1
DA:102,6
DA:103,6
DA:104,6
DA:105,6
DA:106,6
DA:107,6
DA:108,6
DA:109,6
DA:110,6
DA:111,6
DA:112,6
DA:113,6
DA:114,0
DA:115,6
DA:116,6
DA:117,6
DA:118,6
DA:119,6
DA:120,6
DA:121,6
DA:122,6
DA:123,6
DA:124,6
DA:125,6
DA:126,6
DA:127,6
DA:128,6
DA:129,6
DA:130,6
DA:131,6
DA:132,1
DA:133,1
DA:134,10
DA:135,10
DA:136,10
DA:137,10
DA:138,10
DA:139,10
DA:140,10
DA:141,10
DA:142,10
DA:143,10
DA:144,10
DA:145,0
DA:146,0
DA:147,0
DA:148,0
DA:149,0
DA:150,0
DA:151,0
DA:152,0
DA:153,0
DA:154,10
DA:155,10
DA:156,10
DA:157,10
DA:158,10
DA:159,10
DA:160,10
DA:161,0
DA:162,0
DA:163,0
DA:164,0
DA:165,0
DA:166,0
DA:167,0
DA:168,0
DA:169,0
DA:170,0
DA:171,10
DA:172,10
DA:173,10
DA:174,10
DA:175,10
DA:176,10
DA:177,10
DA:178,10
DA:179,10
DA:180,10
DA:181,10
DA:182,1
LF:182
LH:137
BRDA:17,0,0,27
BRDA:18,1,0,0
BRDA:45,2,0,10
BRDA:63,3,0,10
BRDA:64,4,0,0
BRDA:67,5,0,10
BRDA:82,6,0,0
BRDA:92,7,0,10
BRDA:93,8,0,0
BRDA:101,9,0,6
BRDA:116,10,0,6
BRDA:133,11,0,10
BRDA:143,12,0,10
BRDA:144,13,0,0
BRDA:172,14,0,10
BRF:15
BRH:10
end_of_record
TN:
SF:src/services/translations/TranslationLoaderImpl.ts
FN:7,instance
FN:11,load
FNF:2
FNH:2
FNDA:13,instance
FNDA:18,load
DA:1,1
DA:2,1
DA:3,1
DA:4,1
DA:5,1
DA:6,1
DA:7,1
DA:8,13
DA:9,13
DA:10,1
DA:11,1
DA:12,18
DA:13,18
DA:14,18
DA:15,18
DA:16,18
DA:17,18
DA:18,18
DA:19,18
DA:20,18
DA:21,1
LF:21
LH:21
BRDA:7,0,0,13
BRDA:8,1,0,5
BRDA:11,2,0,18
BRDA:15,3,0,18
BRDA:17,4,0,18
BRDA:18,5,0,18
BRDA:18,6,0,18
BRF:7
BRH:7
end_of_record
TN:
SF:src/services/translations/Translations.ts
FN:19,load
FN:59,loadLanguage
FN:93,text
FN:97,Text
FN:104,textOrNull
FN:111,hasKey
FN:115,translationUnit
FN:122,replaceParameters
FNF:8
FNH:6
FNDA:13,load
FNDA:9,loadLanguage
FNDA:80,text
FNDA:80,Text
FNDA:80,textOrNull
FNDA:0,hasKey
FNDA:0,translationUnit
FNDA:80,replaceParameters
DA:1,1
DA:2,1
DA:3,1
DA:4,1
DA:5,1
DA:6,1
DA:7,1
DA:8,1
DA:9,1
DA:10,1
DA:11,1
DA:12,1
DA:13,1
DA:14,1
DA:15,1
DA:16,1
DA:17,1
DA:18,1
DA:19,1
DA:20,13
DA:21,13
DA:22,13
DA:23,13
DA:24,4
DA:25,4
DA:26,4
DA:27,4
DA:28,4
DA:29,9
DA:30,9
DA:31,9
DA:32,9
DA:33,9
DA:34,9
DA:35,13
DA:36,0
DA:37,0
DA:38,9
DA:39,9
DA:40,13
DA:41,0
DA:42,0
DA:43,0
DA:44,0
DA:45,0
DA:46,0
DA:47,0
DA:48,0
DA:49,0
DA:50,0
DA:51,0
DA:52,9
DA:53,9
DA:54,9
DA:55,9
DA:56,9
DA:57,9
DA:58,1
DA:59,1
DA:60,9
DA:61,9
DA:62,9
DA:63,9
DA:64,9
DA:65,9
DA:66,9
DA:67,9
DA:68,9
DA:69,9
DA:70,9
DA:71,0
DA:72,0
DA:73,9
DA:74,9
DA:75,9
DA:76,9
DA:77,9
DA:78,9
DA:79,9
DA:80,9
DA:81,54
DA:82,9
DA:83,9
DA:84,9
DA:85,9
DA:86,54
DA:87,9
DA:88,9
DA:89,9
DA:90,9
DA:91,9
DA:92,1
DA:93,1
DA:94,80
DA:95,80
DA:96,1
DA:97,1
DA:98,80
DA:99,0
DA:100,0
DA:101,80
DA:102,80
DA:103,1
DA:104,1
DA:105,80
DA:106,80
DA:107,0
DA:108,80
DA:109,80
DA:110,1
DA:111,1
DA:112,0
DA:113,0
DA:114,1
DA:115,1
DA:116,0
DA:117,0
DA:118,0
DA:119,0
DA:120,0
DA:121,1
DA:122,1
DA:123,80
DA:124,80
DA:125,0
DA:126,0
DA:127,0
DA:128,0
DA:129,80
DA:130,80
DA:131,1
LF:131
LH:102
BRDA:19,0,0,13
BRDA:23,1,0,4
BRDA:29,2,0,9
BRDA:35,3,0,0
BRDA:38,4,0,9
BRDA:40,5,0,0
BRDA:52,6,0,9
BRDA:59,7,0,9
BRDA:70,8,0,0
BRDA:80,9,0,54
BRDA:85,10,0,54
BRDA:93,11,0,80
BRDA:97,12,0,80
BRDA:98,13,0,0
BRDA:101,14,0,0
BRDA:104,15,0,80
BRDA:106,16,0,0
BRDA:122,17,0,80
BRDA:124,18,0,0
BRF:19
BRH:12
end_of_record
TN:
SF:src/services/translations/TranslationsUtils.ts
FN:4,convertToSupportLocale
FNF:1
FNH:1
FNDA:15,convertToSupportLocale
DA:1,1
DA:2,1
DA:3,1
DA:4,1
DA:5,15
DA:6,15
DA:7,1
DA:8,15
DA:9,1
DA:10,15
DA:11,0
DA:12,15
DA:13,0
DA:14,15
DA:15,1
DA:16,15
DA:17,0
DA:18,15
DA:19,0
DA:20,15
DA:21,0
DA:22,15
DA:23,0
DA:24,15
DA:25,0
DA:26,15
DA:27,0
DA:28,15
DA:29,0
DA:30,15
DA:31,0
DA:32,15
DA:33,11
DA:34,15
DA:35,0
DA:36,15
DA:37,0
DA:38,15
DA:39,0
DA:40,15
DA:41,0
DA:42,15
DA:43,0
DA:44,15
DA:45,0
DA:46,15
DA:47,0
DA:48,15
DA:49,0
DA:50,15
DA:51,0
DA:52,15
DA:53,0
DA:54,15
DA:55,0
DA:56,15
DA:57,0
DA:58,15
DA:59,1
DA:60,15
DA:61,15
DA:62,1
LF:62
LH:40
BRDA:4,0,0,15
BRDA:6,1,0,1
BRDA:8,2,0,1
BRDA:10,3,0,0
BRDA:12,4,0,0
BRDA:14,5,0,1
BRDA:16,6,0,0
BRDA:18,7,0,0
BRDA:20,8,0,0
BRDA:22,9,0,0
BRDA:24,10,0,0
BRDA:26,11,0,0
BRDA:28,12,0,0
BRDA:30,13,0,0
BRDA:32,14,0,11
BRDA:34,15,0,0
BRDA:36,16,0,0
BRDA:38,17,0,0
BRDA:40,18,0,0
BRDA:42,19,0,0
BRDA:44,20,0,0
BRDA:46,21,0,0
BRDA:48,22,0,0
BRDA:50,23,0,0
BRDA:52,24,0,0
BRDA:54,25,0,0
BRDA:56,26,0,0
BRDA:58,27,0,1
BRF:28
BRH:6
end_of_record
TN:
SF:src/services/user/UserDataAccess.ts
FN:13,UserDataService
FN:18,fetchUserDetails
FN:49,getUserAuthenticationData
FN:68,getUser
FN:77,createUser
FN:98,getUserEmail
FN:113,updateUserEmail
FNF:7
FNH:5
FNDA:30,UserDataService
FNDA:10,fetchUserDetails
FNDA:15,getUserAuthenticationData
FNDA:10,getUser
FNDA:13,createUser
FNDA:0,getUserEmail
FNDA:0,updateUserEmail
DA:1,1
DA:2,1
DA:3,1
DA:4,1
DA:5,1
DA:6,1
DA:7,1
DA:8,1
DA:9,1
DA:10,1
DA:11,1
DA:12,1
DA:13,1
DA:14,30
DA:15,30
DA:16,30
DA:17,1
DA:18,1
DA:19,10
DA:20,10
DA:21,10
DA:22,10
DA:23,10
DA:24,10
DA:25,10
DA:26,10
DA:27,10
DA:28,10
DA:29,10
DA:30,10
DA:31,10
DA:32,10
DA:33,10
DA:34,10
DA:35,10
DA:36,10
DA:37,10
DA:38,10
DA:39,10
DA:40,10
DA:41,10
DA:42,10
DA:43,10
DA:44,0
DA:45,0
DA:46,0
DA:47,10
DA:48,1
DA:49,1
DA:50,15
DA:51,15
DA:52,15
DA:53,15
DA:54,15
DA:55,15
DA:56,15
DA:57,15
DA:58,15
DA:59,1
DA:60,1
DA:61,14
DA:62,15
DA:63,0
DA:64,0
DA:65,0
DA:66,15
DA:67,1
DA:68,1
DA:69,10
DA:70,10
DA:71,10
DA:72,0
DA:73,0
DA:74,0
DA:75,10
DA:76,1
DA:77,1
DA:78,13
DA:79,13
DA:80,13
DA:81,13
DA:82,13
DA:83,13
DA:84,13
DA:85,13
DA:86,13
DA:87,13
DA:88,13
DA:89,13
DA:90,13
DA:91,13
DA:92,13
DA:93,0
DA:94,0
DA:95,0
DA:96,13
DA:97,1
DA:98,1
DA:99,0
DA:100,0
DA:101,0
DA:102,0
DA:103,0
DA:104,0
DA:105,0
DA:106,0
DA:107,0
DA:108,0
DA:109,0
DA:110,0
DA:111,0
DA:112,1
DA:113,1
DA:114,0
DA:115,0
DA:116,0
DA:117,0
DA:118,0
DA:119,0
DA:120,0
DA:121,0
DA:122,0
DA:123,0
DA:124,0
DA:125,0
DA:126,1
LF:126
LH:89
BRDA:13,0,0,30
BRDA:18,1,0,10
BRDA:43,2,0,0
BRDA:49,3,0,15
BRDA:58,4,0,1
BRDA:61,5,0,14
BRDA:62,6,0,0
BRDA:68,7,0,10
BRDA:71,8,0,0
BRDA:77,9,0,13
BRDA:80,10,0,0
BRDA:92,11,0,0
BRF:12
BRH:7
end_of_record
TN:
SF:src/services/user/UserService.ts
FN:18,UserService
FN:23,getUserAuthenticationData
FN:27,getUser
FN:31,createUser
FN:47,updateUserEmail
FNF:5
FNH:4
FNDA:30,UserService
FNDA:15,getUserAuthenticationData
FNDA:10,getUser
FNDA:14,createUser
FNDA:0,updateUserEmail
DA:1,1
DA:2,1
DA:3,1
DA:4,1
DA:5,1
DA:6,1
DA:7,1
DA:8,1
DA:9,1
DA:10,1
DA:11,1
DA:12,1
DA:13,1
DA:14,1
DA:15,1
DA:16,1
DA:17,1
DA:18,1
DA:19,30
DA:20,30
DA:21,30
DA:22,1
DA:23,1
DA:24,15
DA:25,15
DA:26,1
DA:27,1
DA:28,10
DA:29,10
DA:30,1
DA:31,1
DA:32,14
DA:33,14
DA:34,14
DA:35,13
DA:36,0
DA:37,0
DA:38,13
DA:39,13
DA:40,13
DA:41,13
DA:42,14
DA:43,1
DA:44,1
DA:45,14
DA:46,1
DA:47,1
DA:48,0
DA:49,0
DA:50,0
DA:51,0
DA:52,0
DA:53,0
DA:54,0
DA:55,0
DA:56,0
DA:57,1
LF:57
LH:46
BRDA:18,0,0,30
BRDA:23,1,0,15
BRDA:27,2,0,10
BRDA:31,3,0,14
BRDA:35,4,0,13
BRDA:35,5,0,0
BRDA:42,6,0,1
BRF:7
BRH:6
end_of_record
TN:
SF:src/services/user/UserServiceBuilder.ts
FN:6,build
FNF:1
FNH:1
FNDA:30,build
DA:1,1
DA:2,1
DA:3,1
DA:4,1
DA:5,1
DA:6,1
DA:7,30
DA:8,30
DA:9,1
LF:9
LH:9
BRDA:6,0,0,30
BRF:1
BRH:1
end_of_record
TN:
SF:src/services/user/UserServiceUtils.ts
FN:14,getRandomSalt
FN:18,verifyPassword
FN:26,hashPassword
FN:36,convertServerUserToClientUser
FN:47,formatUserDetails
FNF:5
FNH:4
FNDA:14,getRandomSalt
FNDA:0,verifyPassword
FNDA:14,hashPassword
FNDA:10,convertServerUserToClientUser
FNDA:10,formatUserDetails
DA:1,1
DA:2,1
DA:3,1
DA:4,1
DA:5,1
DA:6,1
DA:7,1
DA:8,1
DA:9,1
DA:10,1
DA:11,1
DA:12,1
DA:13,1
DA:14,1
DA:15,14
DA:16,14
DA:17,1
DA:18,1
DA:19,0
DA:20,0
DA:21,0
DA:22,0
DA:23,0
DA:24,0
DA:25,0
DA:26,1
DA:27,14
DA:28,14
DA:29,14
DA:30,14
DA:31,14
DA:32,14
DA:33,13
DA:34,13
DA:35,1
DA:36,1
DA:37,10
DA:38,10
DA:39,10
DA:40,10
DA:41,10
DA:42,10
DA:43,10
DA:44,10
DA:45,10
DA:46,1
DA:47,1
DA:48,10
DA:49,10
DA:50,10
DA:51,10
DA:52,10
DA:53,10
DA:54,10
DA:55,10
DA:56,10
DA:57,10
DA:58,10
DA:59,10
DA:60,10
DA:61,10
DA:62,10
DA:63,10
DA:64,10
DA:65,10
DA:66,1
LF:66
LH:59
BRDA:14,0,0,14
BRDA:26,1,0,14
BRDA:33,2,0,13
BRDA:36,3,0,10
BRDA:47,4,0,10
BRDA:55,5,0,0
BRDA:56,6,0,0
BRDA:57,7,0,0
BRDA:60,8,0,0
BRF:9
BRH:5
end_of_record
TN:
SF:src/services/userAgentService/UserAgentService.ts
FN:7,getUserAgent
FN:29,compareUserAgent
FNF:2
FNH:1
FNDA:10,getUserAgent
FNDA:0,compareUserAgent
DA:1,1
DA:2,1
DA:3,1
DA:4,1
DA:5,1
DA:6,1
DA:7,1
DA:8,10
DA:9,10
DA:10,10
DA:11,10
DA:12,10
DA:13,10
DA:14,10
DA:15,10
DA:16,10
DA:17,10
DA:18,10
DA:19,10
DA:20,10
DA:21,10
DA:22,10
DA:23,10
DA:24,10
DA:25,10
DA:26,10
DA:27,10
DA:28,10
DA:29,1
DA:30,0
DA:31,0
DA:32,0
DA:33,0
DA:34,0
DA:35,0
DA:36,0
DA:37,0
DA:38,0
DA:39,0
DA:40,0
DA:41,0
DA:42,0
DA:43,0
DA:44,0
DA:45,0
DA:46,0
DA:47,0
DA:48,0
DA:49,0
DA:50,0
DA:51,0
DA:52,0
DA:53,1
LF:53
LH:30
BRDA:7,0,0,10
BRDA:12,1,0,2
BRDA:12,2,0,8
BRDA:14,3,0,2
BRDA:14,4,0,8
BRDA:15,5,0,2
BRDA:15,6,0,8
BRDA:18,7,0,1
BRDA:18,8,0,9
BRDA:21,9,0,0
BRDA:24,10,0,2
BRDA:24,11,0,8
BRDA:25,12,0,2
BRDA:25,13,0,8
BRF:14
BRH:13
end_of_record
TN:
SF:src/services/userRole/UserRoleDataAccess.ts
FN:9,UserRoleDataAccess
FN:14,getUserRole
FN:26,updateUserRole
FN:44,createUserRole
FNF:4
FNH:2
FNDA:15,UserRoleDataAccess
FNDA:0,getUserRole
FNDA:0,updateUserRole
FNDA:12,createUserRole
DA:1,1
DA:2,1
DA:3,1
DA:4,1
DA:5,1
DA:6,1
DA:7,1
DA:8,1
DA:9,1
DA:10,15
DA:11,15
DA:12,15
DA:13,1
DA:14,1
DA:15,0
DA:16,0
DA:17,0
DA:18,0
DA:19,0
DA:20,0
DA:21,0
DA:22,0
DA:23,0
DA:24,0
DA:25,1
DA:26,1
DA:27,0
DA:28,0
DA:29,0
DA:30,0
DA:31,0
DA:32,0
DA:33,0
DA:34,0
DA:35,0
DA:36,0
DA:37,0
DA:38,0
DA:39,0
DA:40,0
DA:41,0
DA:42,0
DA:43,1
DA:44,1
DA:45,12
DA:46,12
DA:47,12
DA:48,12
DA:49,12
DA:50,12
DA:51,12
DA:52,12
DA:53,12
DA:54,12
DA:55,12
DA:56,12
DA:57,12
DA:58,12
DA:59,0
DA:60,0
DA:61,0
DA:62,0
DA:63,0
DA:64,12
DA:65,1
LF:65
LH:34
BRDA:9,0,0,15
BRDA:44,1,0,12
BRDA:47,2,0,0
BRDA:59,3,0,0
BRF:4
BRH:2
end_of_record
TN:
SF:src/services/userRole/UserRoleService.ts
FN:9,UserRoleService
FN:13,getUserRole
FN:17,updateUserRole
FN:21,createUserRole
FNF:4
FNH:2
FNDA:14,UserRoleService
FNDA:0,getUserRole
FNDA:0,updateUserRole
FNDA:12,createUserRole
DA:1,1
DA:2,1
DA:3,1
DA:4,1
DA:5,1
DA:6,1
DA:7,1
DA:8,1
DA:9,1
DA:10,14
DA:11,14
DA:12,1
DA:13,1
DA:14,0
DA:15,0
DA:16,1
DA:17,1
DA:18,0
DA:19,0
DA:20,1
DA:21,1
DA:22,12
DA:23,12
DA:24,1
LF:24
LH:20
BRDA:9,0,0,14
BRDA:21,1,0,12
BRF:2
BRH:2
end_of_record
TN:
SF:src/services/userRole/UserRoleServiceBuilder.ts
FN:6,build
FNF:1
FNH:1
FNDA:15,build
DA:1,1
DA:2,1
DA:3,1
DA:4,1
DA:5,1
DA:6,1
DA:7,15
DA:8,15
DA:9,1
LF:9
LH:9
BRDA:6,0,0,15
BRF:1
BRH:1
end_of_record
TN:
SF:src/types/ErrorCode.ts
FNF:0
FNH:0
DA:1,6
DA:2,6
DA:3,6
DA:4,6
DA:5,6
DA:6,6
DA:7,6
DA:8,6
DA:9,6
DA:10,6
DA:11,6
DA:12,6
DA:13,6
DA:14,6
DA:15,6
DA:16,6
DA:17,6
DA:18,6
DA:19,6
DA:20,6
DA:21,6
DA:22,6
LF:22
LH:22
BRDA:1,0,0,6
BRF:1
BRH:1
end_of_record
TN:
SF:src/types/LanguageType.ts
FNF:0
FNH:0
DA:1,6
DA:2,6
DA:3,6
DA:4,6
DA:5,6
DA:6,6
DA:7,6
DA:8,6
DA:9,6
DA:10,6
DA:11,6
DA:12,6
DA:13,6
DA:14,6
DA:15,6
DA:16,6
DA:17,6
DA:18,6
DA:19,6
DA:20,6
DA:21,6
DA:22,6
DA:23,6
DA:24,6
DA:25,6
DA:26,6
DA:27,6
DA:28,6
DA:29,6
DA:30,6
LF:30
LH:30
BRDA:1,0,0,6
BRF:1
BRH:1
end_of_record
TN:
SF:src/types/ResponseStatusType.ts
FNF:0
FNH:0
DA:1,6
DA:2,6
DA:3,6
DA:4,6
DA:5,6
LF:5
LH:5
BRDA:1,0,0,6
BRF:1
BRH:1
end_of_record
TN:
SF:src/types/RoleType.ts
FNF:0
FNH:0
DA:1,6
DA:2,6
DA:3,6
LF:3
LH:3
BRDA:1,0,0,6
BRF:1
BRH:1
end_of_record
TN:
SF:src/types/TranslationKey.ts
FNF:0
FNH:0
DA:1,5
DA:2,5
DA:3,5
DA:4,5
DA:5,5
DA:6,5
DA:7,5
LF:7
LH:7
BRDA:1,0,0,5
BRF:1
BRH:1
end_of_record
TN:
SF:src/utils/TimeManagerUTC.ts
FN:4,TimeManagerUTC
FN:8,getCurrentTime
FN:12,addTime
FN:18,subtractTime
FN:24,formatTime
FN:32,isFirstDateLessThanSecond
FNF:6
FNH:3
FNDA:20,TimeManagerUTC
FNDA:10,getCurrentTime
FNDA:10,addTime
FNDA:0,subtractTime
FNDA:0,formatTime
FNDA:0,isFirstDateLessThanSecond
DA:1,1
DA:2,1
DA:3,1
DA:4,1
DA:5,20
DA:6,20
DA:7,1
DA:8,1
DA:9,10
DA:10,10
DA:11,1
DA:12,1
DA:13,10
DA:14,10
DA:15,10
DA:16,10
DA:17,1
DA:18,1
DA:19,0
DA:20,0
DA:21,0
DA:22,0
DA:23,1
DA:24,1
DA:25,0
DA:26,0
DA:27,0
DA:28,0
DA:29,0
DA:30,0
DA:31,1
DA:32,1
DA:33,0
DA:34,0
DA:35,1
LF:35
LH:23
BRDA:4,0,0,20
BRDA:8,1,0,10
BRDA:12,2,0,10
BRF:3
BRH:3
end_of_record
TN:
SF:src/utils/Utils.ts
FN:2,isNumber
FN:6,parseNumber
FN:17,escapeRegExp
FN:24,parseBoolean
FN:33,parse
FN:45,nullToEmpty
FN:49,isNotEmpty
FN:53,isNotNull
FN:57,isNull
FN:61,isArrayNotEmpty
FN:65,isArrayEmpty
FN:69,isObjectEmpty
FN:73,greaterThen0
FN:77,not0
FN:81,lessThen0
FN:85,compareUndefined
FN:95,compareArrayLength
FN:105,compareObject
FN:119,compareArrays
FN:133,has
FN:144,isEmpty
FN:148,checkNotNull
FN:155,pad
FN:159,replaceAll
FN:166,to
FNF:25
FNH:7
FNDA:0,isNumber
FNDA:0,parseNumber
FNDA:0,escapeRegExp
FNDA:0,parseBoolean
FNDA:0,parse
FNDA:0,nullToEmpty
FNDA:0,isNotEmpty
FNDA:54,isNotNull
FNDA:114,isNull
FNDA:505,isArrayNotEmpty
FNDA:0,isArrayEmpty
FNDA:80,isObjectEmpty
FNDA:0,greaterThen0
FNDA:0,not0
FNDA:0,lessThen0
FNDA:0,compareUndefined
FNDA:0,compareArrayLength
FNDA:0,compareObject
FNDA:0,compareArrays
FNDA:0,has
FNDA:26,isEmpty
FNDA:0,checkNotNull
FNDA:2130,pad
FNDA:0,replaceAll
FNDA:27,to
DA:1,1
DA:2,1
DA:3,0
DA:4,0
DA:5,1
DA:6,1
DA:7,0
DA:8,0
DA:9,0
DA:10,0
DA:11,0
DA:12,0
DA:13,0
DA:14,0
DA:15,0
DA:16,1
DA:17,1
DA:18,0
DA:19,0
DA:20,0
DA:21,0
DA:22,0
DA:23,1
DA:24,1
DA:25,0
DA:26,0
DA:27,0
DA:28,0
DA:29,0
DA:30,0
DA:31,0
DA:32,1
DA:33,1
DA:34,0
DA:35,0
DA:36,0
DA:37,0
DA:38,0
DA:39,0
DA:40,0
DA:41,0
DA:42,0
DA:43,0
DA:44,1
DA:45,1
DA:46,0
DA:47,0
DA:48,1
DA:49,1
DA:50,0
DA:51,0
DA:52,1
DA:53,1
DA:54,54
DA:55,54
DA:56,1
DA:57,1
DA:58,114
DA:59,114
DA:60,1
DA:61,1
DA:62,505
DA:63,505
DA:64,1
DA:65,1
DA:66,0
DA:67,0
DA:68,1
DA:69,1
DA:70,80
DA:71,80
DA:72,1
DA:73,1
DA:74,0
DA:75,0
DA:76,1
DA:77,1
DA:78,0
DA:79,0
DA:80,1
DA:81,1
DA:82,0
DA:83,0
DA:84,1
DA:85,1
DA:86,0
DA:87,0
DA:88,0
DA:89,0
DA:90,0
DA:91,0
DA:92,0
DA:93,0
DA:94,1
DA:95,1
DA:96,0
DA:97,0
DA:98,0
DA:99,0
DA:100,0
DA:101,0
DA:102,0
DA:103,0
DA:104,1
DA:105,1
DA:106,0
DA:107,0
DA:108,0
DA:109,0
DA:110,0
DA:111,0
DA:112,0
DA:113,0
DA:114,0
DA:115,0
DA:116,0
DA:117,0
DA:118,1
DA:119,1
DA:120,0
DA:121,0
DA:122,0
DA:123,0
DA:124,0
DA:125,0
DA:126,0
DA:127,0
DA:128,0
DA:129,0
DA:130,0
DA:131,0
DA:132,1
DA:133,1
DA:134,0
DA:135,0
DA:136,0
DA:137,0
DA:138,0
DA:139,0
DA:140,0
DA:141,0
DA:142,0
DA:143,1
DA:144,1
DA:145,26
DA:146,26
DA:147,1
DA:148,1
DA:149,0
DA:150,0
DA:151,0
DA:152,0
DA:153,0
DA:154,1
DA:155,1
DA:156,2130
DA:157,2130
DA:158,1
DA:159,1
DA:160,0
DA:161,0
DA:162,0
DA:163,0
DA:164,0
DA:165,1
DA:166,1
DA:167,27
DA:168,27
DA:169,27
DA:170,0
DA:171,0
DA:172,0
DA:173,0
DA:174,27
DA:175,27
DA:176,1
LF:176
LH:68
BRDA:53,0,0,54
BRDA:57,1,0,114
BRDA:58,2,0,104
BRDA:61,3,0,505
BRDA:69,4,0,80
BRDA:70,5,0,0
BRDA:144,6,0,26
BRDA:155,7,0,2130
BRDA:166,8,0,27
BRDA:168,9,0,27
BRF:10
BRH:9
end_of_record
TN:
SF:src/utils/failure/Failure.ts
FN:4,Failure
FNF:1
FNH:1
FNDA:26,Failure
DA:1,1
DA:2,1
DA:3,1
DA:4,1
DA:5,26
DA:6,26
DA:7,26
DA:8,26
DA:9,1
LF:9
LH:9
BRDA:4,0,0,26
BRF:1
BRH:1
end_of_record
TN:
SF:src/utils/success/Success.ts
FN:4,Success
FNF:1
FNH:1
FNDA:43,Success
DA:1,1
DA:2,1
DA:3,1
DA:4,1
DA:5,1
LF:5
LH:5
BRDA:4,0,0,43
BRF:1
BRH:1
end_of_record
TN:
SF:src/utils/validation/routesInputValidation.ts
FN:16,createSignupValidationRules
FN:57,routesInputValidation
FN:80,convertErrorNameToErrorCode
FNF:3
FNH:3
FNDA:18,createSignupValidationRules
FNDA:30,routesInputValidation
FNDA:14,convertErrorNameToErrorCode
DA:1,1
DA:2,1
DA:3,1
DA:4,1
DA:5,1
DA:6,1
DA:7,1
DA:8,1
DA:9,1
DA:10,1
DA:11,1
DA:12,1
DA:13,1
DA:14,1
DA:15,1
DA:16,18
DA:17,18
DA:18,18
DA:19,18
DA:20,6
DA:21,6
DA:22,18
DA:23,18
DA:24,6
DA:25,6
DA:26,18
DA:27,18
DA:28,6
DA:29,6
DA:30,18
DA:31,18
DA:32,6
DA:33,18
DA:34,6
DA:35,6
DA:36,0
DA:37,6
DA:38,6
DA:39,6
DA:40,6
DA:41,6
DA:42,6
DA:43,6
DA:44,6
DA:45,18
DA:46,18
DA:47,18
DA:48,18
DA:49,18
DA:50,18
DA:51,12
DA:52,12
DA:53,18
DA:54,18
DA:55,18
DA:56,1
DA:57,30
DA:58,30
DA:59,27
DA:60,27
DA:61,27
DA:62,27
DA:63,15
DA:64,15
DA:65,12
DA:66,12
DA:67,12
DA:68,14
DA:69,14
DA:70,14
DA:71,14
DA:72,14
DA:73,12
DA:74,12
DA:75,12
DA:76,12
DA:77,30
DA:78,30
DA:79,1
DA:80,1
DA:81,14
DA:82,14
DA:83,0
DA:84,14
DA:85,1
DA:86,14
DA:87,0
DA:88,14
DA:89,7
DA:90,14
DA:91,6
DA:92,14
DA:93,0
DA:94,14
DA:95,14
LF:95
LH:91
BRDA:16,0,0,18
BRDA:19,1,0,6
BRDA:23,2,0,6
BRDA:27,3,0,6
BRDA:31,4,0,6
BRDA:33,5,0,12
BRDA:33,6,0,6
BRDA:35,7,0,0
BRDA:50,8,0,12
BRDA:50,9,0,12
BRDA:57,10,0,30
BRDA:58,11,0,27
BRDA:62,12,0,15
BRDA:65,13,0,12
BRDA:59,14,0,81
BRDA:67,15,0,14
BRDA:80,16,0,14
BRDA:82,17,0,0
BRDA:84,18,0,1
BRDA:86,19,0,0
BRDA:88,20,0,7
BRDA:90,21,0,6
BRDA:92,22,0,0
BRF:23
BRH:19
end_of_record
TN:
SF:src/utils/validation/signupValidationRules.ts
FNF:0
FNH:0
DA:1,1
DA:2,1
DA:3,1
DA:4,1
DA:5,1
DA:6,1
DA:7,1
DA:8,1
DA:9,1
DA:10,1
DA:11,1
DA:12,1
DA:13,1
DA:14,1
DA:15,1
DA:16,1
DA:17,1
DA:18,1
LF:18
LH:18
BRF:0
BRH:0
end_of_record
TN:
SF:tests/TestsUtils..ts
FN:3,generateSecureRandom
FN:8,generateRandomString
FN:20,generateRandomEmail
FN:27,generateRandomPassword
FNF:4
FNH:4
FNDA:1337,generateSecureRandom
FNDA:22,generateRandomString
FNDA:21,generateRandomEmail
FNDA:24,generateRandomPassword
DA:1,1
DA:2,1
DA:3,1337
DA:4,1337
DA:5,1337
DA:6,1337
DA:7,1
DA:8,22
DA:9,22
DA:10,22
DA:11,22
DA:12,22
DA:13,22
DA:14,224
DA:15,224
DA:16,22
DA:17,22
DA:18,22
DA:19,1
DA:20,21
DA:21,21
DA:22,21
DA:23,21
DA:24,21
DA:25,21
DA:26,1
DA:27,24
DA:28,24
DA:29,24
DA:30,24
DA:31,24
DA:32,24
DA:33,24
DA:34,24
DA:35,24
DA:36,24
DA:37,24
DA:38,24
DA:39,24
DA:40,24
DA:41,24
DA:42,201
DA:43,201
DA:44,24
DA:45,24
DA:46,24
DA:47,24
DA:48,24
DA:49,24
DA:50,24
DA:51,24
LF:51
LH:51
BRDA:3,0,0,1337
BRDA:8,1,0,22
BRDA:13,2,0,224
BRDA:20,3,0,21
BRDA:27,4,0,24
BRDA:41,5,0,201
BRDA:47,6,0,746
BRF:7
BRH:7
end_of_record
